Copyright 1986-2019 Xilinx, Inc. All Rights Reserved.
-------------------------------------------------------------------------------------------------------------------------------------------------------------------------------
| Tool Version     : Vivado v.2019.2 (lin64) Build 2708876 Wed Nov  6 21:39:14 MST 2019
| Date             : Tue May 10 22:08:58 2022
| Host             : aperture-ubuntu running 64-bit Ubuntu 22.04 LTS
| Command          : report_power -file ultranet_bd_wrapper_power_routed.rpt -pb ultranet_bd_wrapper_power_summary_routed.pb -rpx ultranet_bd_wrapper_power_routed.rpx
| Design           : ultranet_bd_wrapper
| Device           : xczu3eg-sbva484-1-e
| Design State     : routed
| Grade            : extended
| Process          : typical
| Characterization : Production
-------------------------------------------------------------------------------------------------------------------------------------------------------------------------------

Power Report

Table of Contents
-----------------
1. Summary
1.1 On-Chip Components
1.2 Power Supply Summary
1.3 Confidence Level
2. Settings
2.1 Environment
2.2 Clock Constraints
3. Detailed Reports
3.1 By Hierarchy

1. Summary
----------

+--------------------------+--------------+
| Total On-Chip Power (W)  | 3.593        |
| Design Power Budget (W)  | Unspecified* |
| Power Budget Margin (W)  | NA           |
| Dynamic (W)              | 3.264        |
| Device Static (W)        | 0.329        |
| Effective TJA (C/W)      | 2.7          |
| Max Ambient (C)          | 90.2         |
| Junction Temperature (C) | 34.8         |
| Confidence Level         | Medium       |
| Setting File             | ---          |
| Simulation Activity File | ---          |
| Design Nets Matched      | NA           |
+--------------------------+--------------+
* Specify Design Power Budget using, set_operating_conditions -design_power_budget <value in Watts>


1.1 On-Chip Components
----------------------

+--------------------------+-----------+----------+-----------+-----------------+
| On-Chip                  | Power (W) | Used     | Available | Utilization (%) |
+--------------------------+-----------+----------+-----------+-----------------+
| Clocks                   |     0.136 |        3 |       --- |             --- |
| CLB Logic                |     0.496 |   111081 |       --- |             --- |
|   LUT as Logic           |     0.393 |    51596 |     70560 |           73.12 |
|   CARRY8                 |     0.047 |     5366 |      8820 |           60.84 |
|   LUT as Distributed RAM |     0.033 |      706 |     28800 |            2.45 |
|   Register               |     0.013 |    38612 |    141120 |           27.36 |
|   LUT as Shift Register  |     0.011 |     1047 |     28800 |            3.64 |
|   BUFG                   |    <0.001 |        1 |        24 |            4.17 |
|   Others                 |     0.000 |     2057 |       --- |             --- |
|   F7/F8 Muxes            |     0.000 |        5 |     70560 |           <0.01 |
| Signals                  |     0.549 |    96310 |       --- |             --- |
| Block RAM                |     0.132 |      101 |       216 |           46.76 |
| DSPs                     |     0.171 |      328 |       360 |           91.11 |
| PS8                      |     1.779 |        1 |       --- |             --- |
| Static Power             |     0.329 |          |           |                 |
|   PS Static              |     0.106 |          |           |                 |
|   PL Static              |     0.224 |          |           |                 |
| Total                    |     3.593 |          |           |                 |
+--------------------------+-----------+----------+-----------+-----------------+


1.2 Power Supply Summary
------------------------

+-----------------+-------------+-----------+-------------+------------+
| Source          | Voltage (V) | Total (A) | Dynamic (A) | Static (A) |
+-----------------+-------------+-----------+-------------+------------+
| Vccint          |       0.850 |     1.801 |       1.737 |      0.064 |
| Vccint_io       |       0.850 |     0.028 |       0.000 |      0.028 |
| Vccbram         |       0.850 |     0.011 |       0.010 |      0.001 |
| Vccaux          |       1.800 |     0.047 |       0.000 |      0.047 |
| Vccaux_io       |       1.800 |     0.025 |       0.000 |      0.025 |
| Vcco33          |       3.300 |     0.000 |       0.000 |      0.000 |
| Vcco25          |       2.500 |     0.000 |       0.000 |      0.000 |
| Vcco18          |       1.800 |     0.000 |       0.000 |      0.000 |
| Vcco15          |       1.500 |     0.000 |       0.000 |      0.000 |
| Vcco135         |       1.350 |     0.000 |       0.000 |      0.000 |
| Vcco12          |       1.200 |     0.000 |       0.000 |      0.000 |
| Vcco10          |       1.000 |     0.000 |       0.000 |      0.000 |
| Vccadc          |       1.800 |     0.008 |       0.000 |      0.008 |
| VCC_PSINTFP     |       0.850 |     0.983 |       0.942 |      0.042 |
| VCC_PSINTLP     |       0.850 |     0.317 |       0.309 |      0.008 |
| VPS_MGTRAVCC    |       0.850 |     0.135 |       0.134 |      0.001 |
| VCC_PSINTFP_DDR |       0.850 |     0.268 |       0.263 |      0.005 |
| VCC_PSPLL       |       1.200 |     0.051 |       0.049 |      0.002 |
| VPS_MGTRAVTT    |       1.800 |     0.034 |       0.033 |      0.001 |
| VCCO_PSDDR_504  |       1.200 |     0.249 |       0.215 |      0.034 |
| VCC_PSAUX       |       1.800 |     0.002 |       0.000 |      0.002 |
| VCC_PSBATT      |       1.200 |     0.000 |       0.000 |      0.000 |
| VCC_PSDDR_PLL   |       1.800 |     0.001 |       0.000 |      0.001 |
| VCCO_PSIO0_500  |       1.800 |     0.001 |       0.001 |      0.001 |
| VCCO_PSIO1_501  |       1.800 |     0.001 |       0.000 |      0.001 |
| VCCO_PSIO2_502  |       1.800 |     0.001 |       0.000 |      0.001 |
| VCCO_PSIO3_503  |       1.800 |     0.001 |       0.000 |      0.001 |
| VCC_PSADC       |       1.800 |     0.002 |       0.000 |      0.002 |
+-----------------+-------------+-----------+-------------+------------+


1.3 Confidence Level
--------------------

+-----------------------------+------------+------------------------------------------------+------------------------------------------------------------------------------------------------------------+
| User Input Data             | Confidence | Details                                        | Action                                                                                                     |
+-----------------------------+------------+------------------------------------------------+------------------------------------------------------------------------------------------------------------+
| Design implementation state | High       | Design is routed                               |                                                                                                            |
| Clock nodes activity        | High       | User specified more than 95% of clocks         |                                                                                                            |
| I/O nodes activity          | High       | User specified more than 95% of inputs         |                                                                                                            |
| Internal nodes activity     | Medium     | User specified less than 25% of internal nodes | Provide missing internal nodes activity with simulation results or by editing the "By Resource Type" views |
| Device models               | High       | Device models are Production                   |                                                                                                            |
|                             |            |                                                |                                                                                                            |
| Overall confidence level    | Medium     |                                                |                                                                                                            |
+-----------------------------+------------+------------------------------------------------+------------------------------------------------------------------------------------------------------------+


2. Settings
-----------

2.1 Environment
---------------

+-----------------------+--------------------------+
| Ambient Temp (C)      | 25.0                     |
| ThetaJA (C/W)         | 2.7                      |
| Airflow (LFM)         | 250                      |
| Heat Sink             | medium (Medium Profile)  |
| ThetaSA (C/W)         | 8.8                      |
| Board Selection       | medium (10"x10")         |
| # of Board Layers     | 12to15 (12 to 15 Layers) |
| Board Temperature (C) | 25.0                     |
+-----------------------+--------------------------+


2.2 Clock Constraints
---------------------

+----------+-----------------------------------------------------------+-----------------+
| Clock    | Domain                                                    | Constraint (ns) |
+----------+-----------------------------------------------------------+-----------------+
| clk_pl_0 | ultranet_bd_i/zynq_ultra_ps_e_0/inst/pl_clk_unbuffered[0] |             6.0 |
+----------+-----------------------------------------------------------+-----------------+


3. Detailed Reports
-------------------

3.1 By Hierarchy
----------------

+-----------------------+-----------+
| Name                  | Power (W) |
+-----------------------+-----------+
| ultranet_bd_wrapper   |     3.264 |
|   ultranet_bd_i       |     3.264 |
|     axi_dma_0         |     0.018 |
|       U0              |     0.018 |
|     axi_smc           |     0.073 |
|       inst            |     0.073 |
|     ps8_0_axi_periph  |     0.026 |
|       s00_couplers    |     0.011 |
|       s01_couplers    |     0.011 |
|       xbar            |     0.004 |
|     ultra_net_0       |     1.361 |
|       inst            |     1.361 |
|     zynq_ultra_ps_e_0 |     1.785 |
|       inst            |     1.785 |
+-----------------------+-----------+


