Copyright 1986-2019 Xilinx, Inc. All Rights Reserved.
---------------------------------------------------------------------------------------------------------------------------
| Tool Version : Vivado v.2019.2.1 (win64) Build 2729669 Thu Dec  5 04:49:17 MST 2019
| Date         : Sun Sep  6 13:48:11 2020
| Host         : DESKTOP-APERTURE running 64-bit major release  (build 9200)
| Command      : report_utilization -file design_1_wrapper_utilization_synth.rpt -pb design_1_wrapper_utilization_synth.pb
| Design       : design_1_wrapper
| Device       : xczu3egsbva484-1
| Design State : Synthesized
---------------------------------------------------------------------------------------------------------------------------

Utilization Design Information

Table of Contents
-----------------
1. CLB Logic
1.1 Summary of Registers by Type
2. BLOCKRAM
3. ARITHMETIC
4. I/O
5. CLOCK
6. ADVANCED
7. CONFIGURATION
8. Primitives
9. Black Boxes
10. Instantiated Netlists

1. CLB Logic
------------

+----------------------------+-------+-------+-----------+-------+
|          Site Type         |  Used | Fixed | Available | Util% |
+----------------------------+-------+-------+-----------+-------+
| CLB LUTs*                  | 61758 |     0 |     70560 | 87.53 |
|   LUT as Logic             | 56691 |     0 |     70560 | 80.34 |
|   LUT as Memory            |  5067 |     0 |     28800 | 17.59 |
|     LUT as Distributed RAM |  4096 |     0 |           |       |
|     LUT as Shift Register  |   971 |     0 |           |       |
| CLB Registers              | 57885 |     0 |    141120 | 41.02 |
|   Register as Flip Flop    | 57885 |     0 |    141120 | 41.02 |
|   Register as Latch        |     0 |     0 |    141120 |  0.00 |
| CARRY8                     |  2337 |     0 |      8820 | 26.50 |
| F7 Muxes                   |    62 |     0 |     35280 |  0.18 |
| F8 Muxes                   |    12 |     0 |     17640 |  0.07 |
| F9 Muxes                   |     0 |     0 |      8820 |  0.00 |
+----------------------------+-------+-------+-----------+-------+
* Warning! The Final LUT count, after physical optimizations and full implementation, is typically lower. Run opt_design after synthesis, if not already completed, for a more realistic count.


1.1 Summary of Registers by Type
--------------------------------

+-------+--------------+-------------+--------------+
| Total | Clock Enable | Synchronous | Asynchronous |
+-------+--------------+-------------+--------------+
| 0     |            _ |           - |            - |
| 0     |            _ |           - |          Set |
| 0     |            _ |           - |        Reset |
| 0     |            _ |         Set |            - |
| 0     |            _ |       Reset |            - |
| 0     |          Yes |           - |            - |
| 33    |          Yes |           - |          Set |
| 69    |          Yes |           - |        Reset |
| 1763  |          Yes |         Set |            - |
| 56020 |          Yes |       Reset |            - |
+-------+--------------+-------------+--------------+


2. BLOCKRAM
-----------

+-------------------+------+-------+-----------+-------+
|     Site Type     | Used | Fixed | Available | Util% |
+-------------------+------+-------+-----------+-------+
| Block RAM Tile    |  209 |     0 |       216 | 96.76 |
|   RAMB36/FIFO*    |  175 |     0 |       216 | 81.02 |
|     RAMB36E2 only |  175 |       |           |       |
|   RAMB18          |   68 |     0 |       432 | 15.74 |
|     RAMB18E2 only |   68 |       |           |       |
+-------------------+------+-------+-----------+-------+
* Note: Each Block RAM Tile only has one FIFO logic available and therefore can accommodate only one FIFO36E2 or one FIFO18E2. However, if a FIFO18E2 occupies a Block RAM Tile, that tile can still accommodate a RAMB18E2


3. ARITHMETIC
-------------

+----------------+------+-------+-----------+--------+
|    Site Type   | Used | Fixed | Available |  Util% |
+----------------+------+-------+-----------+--------+
| DSPs           |  360 |     0 |       360 | 100.00 |
|   DSP48E2 only |  360 |       |           |        |
+----------------+------+-------+-----------+--------+


4. I/O
------

+------------+------+-------+-----------+-------+
|  Site Type | Used | Fixed | Available | Util% |
+------------+------+-------+-----------+-------+
| Bonded IOB |    0 |     0 |        82 |  0.00 |
+------------+------+-------+-----------+-------+


5. CLOCK
--------

+----------------------+------+-------+-----------+-------+
|       Site Type      | Used | Fixed | Available | Util% |
+----------------------+------+-------+-----------+-------+
| GLOBAL CLOCK BUFFERs |    1 |     0 |       196 |  0.51 |
|   BUFGCE             |    0 |     0 |        88 |  0.00 |
|   BUFGCE_DIV         |    0 |     0 |        12 |  0.00 |
|   BUFG_PS            |    1 |     0 |        72 |  1.39 |
|   BUFGCTRL*          |    0 |     0 |        24 |  0.00 |
| PLL                  |    0 |     0 |         6 |  0.00 |
| MMCM                 |    0 |     0 |         3 |  0.00 |
+----------------------+------+-------+-----------+-------+
* Note: Each used BUFGCTRL counts as two GLOBAL CLOCK BUFFERs. This table does not include global clocking resources, only buffer cell usage. See the Clock Utilization Report (report_clock_utilization) for detailed accounting of global clocking resource availability.


6. ADVANCED
-----------

+-----------+------+-------+-----------+--------+
| Site Type | Used | Fixed | Available |  Util% |
+-----------+------+-------+-----------+--------+
| PS8       |    1 |     0 |         1 | 100.00 |
| SYSMONE4  |    0 |     0 |         1 |   0.00 |
+-----------+------+-------+-----------+--------+


7. CONFIGURATION
----------------

+-------------+------+-------+-----------+-------+
|  Site Type  | Used | Fixed | Available | Util% |
+-------------+------+-------+-----------+-------+
| BSCANE2     |    0 |     0 |         4 |  0.00 |
| DNA_PORTE2  |    0 |     0 |         1 |  0.00 |
| EFUSE_USR   |    0 |     0 |         1 |  0.00 |
| FRAME_ECCE4 |    0 |     0 |         1 |  0.00 |
| ICAPE3      |    0 |     0 |         2 |  0.00 |
| MASTER_JTAG |    0 |     0 |         1 |  0.00 |
| STARTUPE3   |    0 |     0 |         1 |  0.00 |
+-------------+------+-------+-----------+-------+


8. Primitives
-------------

+----------+-------+---------------------+
| Ref Name |  Used | Functional Category |
+----------+-------+---------------------+
| FDRE     | 56020 |            Register |
| LUT6     | 16778 |                 CLB |
| LUT5     | 14176 |                 CLB |
| LUT4     | 12201 |                 CLB |
| LUT3     | 10484 |                 CLB |
| LUT2     |  8170 |                 CLB |
| RAMD32   |  5496 |                 CLB |
| LUT1     |  3658 |                 CLB |
| CARRY8   |  2337 |                 CLB |
| FDSE     |  1763 |            Register |
| RAMS32   |   936 |                 CLB |
| SRL16E   |   923 |                 CLB |
| DSP48E2  |   360 |          Arithmetic |
| RAMB36E2 |   175 |           Block Ram |
| FDCE     |    69 |            Register |
| RAMB18E2 |    68 |           Block Ram |
| MUXF7    |    62 |                 CLB |
| SRLC32E  |    48 |                 CLB |
| FDPE     |    33 |            Register |
| MUXF8    |    12 |                 CLB |
| PS8      |     1 |            Advanced |
| BUFG_PS  |     1 |               Clock |
+----------+-------+---------------------+


9. Black Boxes
--------------

+----------+------+
| Ref Name | Used |
+----------+------+


10. Instantiated Netlists
-------------------------

+----------+------+
| Ref Name | Used |
+----------+------+


