

================================================================
== Vivado HLS Report for 'AddLast_3600u_s'
================================================================
* Date:           Tue May 10 21:15:31 2022

* Version:        2019.2 (Build 2704478 on Wed Nov 06 22:10:23 MST 2019)
* Project:        ultra_core
* Solution:       ultracore_125
* Product family: zynquplus
* Target device:  xczu3eg-sbva484-1-e


================================================================
== Performance Estimates
================================================================
+ Timing: 
    * Summary: 
    +--------+---------+----------+------------+
    |  Clock |  Target | Estimated| Uncertainty|
    +--------+---------+----------+------------+
    |ap_clk  | 4.00 ns | 2.960 ns |   0.50 ns  |
    +--------+---------+----------+------------+

+ Latency: 
    * Summary: 
    +---------+---------+----------+----------+-----+-----+---------+
    |  Latency (cycles) |  Latency (absolute) |  Interval | Pipeline|
    |   min   |   max   |    min   |    max   | min | max |   Type  |
    +---------+---------+----------+----------+-----+-----+---------+
    |        ?|        ?|         ?|         ?|    ?|    ?|   none  |
    +---------+---------+----------+----------+-----+-----+---------+

    + Detail: 
        * Instance: 
        N/A

        * Loop: 
        +----------+---------+---------+----------+-----------+-----------+------+----------+
        |          |  Latency (cycles) | Iteration|  Initiation Interval  | Trip |          |
        | Loop Name|   min   |   max   |  Latency |  achieved |   target  | Count| Pipelined|
        +----------+---------+---------+----------+-----------+-----------+------+----------+
        |- Loop 1  |        ?|        ?|         1|          -|          -|     ?|    no    |
        +----------+---------+---------+----------+-----------+-----------+------+----------+

============================================================
+ Verbose Summary: Synthesis Manager
============================================================
InlineROM: 1
ExposeGlobal: 0
============================================================
+ Verbose Summary: CDFG Model
============================================================
IsTopModel: 0
ResetActiveHigh: 1
IsCombinational: 2
IsDatapathOnly: 0
HasWiredReturn: 1
HasMFsm: 0
HasVarLatency: 1
IsPipeline: 0
IsRtlPipelined: 0
IsInstanceOverlapped: 0
IsDontTouch: 0
HasImplIP: 0
IsGatedGlobalClock: 0


============================================================
+ Verbose Summary: Schedule
============================================================
* Number of FSM states : 5
* Pipeline : 0
* Dataflow Pipeline: 0

* FSM state transitions: 
1 --> 2 
2 --> 3 
3 --> 4 
4 --> 5 
5 --> 5 

* FSM state operations: 

State 1 <SV = 0> <Delay = 1.75>
ST_1 : Operation 6 [1/1] (1.75ns)   --->   "%reps_read = call i32 @_ssdm_op_Read.ap_fifo.i32P(i32* %reps)" [./src/stream_tools.h:17]   --->   Operation 6 'read' 'reps_read' <Predicate = true> <Delay = 1.75> <Core = "FIFO">   --->   Core 32 'FIFO' <Latency = 0> <II = 1> <Delay = 2.16> <Storage> <Opcode : 'read' 'write' 'nbread' 'nbwrite'> <Ports = 0> <Width = 64> <Depth = 2> <FIFO>

State 2 <SV = 1> <Delay = 2.96>
ST_2 : Operation 7 [2/2] (2.96ns)   --->   "%mul_ln21 = mul i32 %reps_read, 3600" [./src/stream_tools.h:21->./src/ultranet.cpp:90]   --->   Operation 7 'mul' 'mul_ln21' <Predicate = true> <Delay = 2.96> <Core = "MulnS">   --->   Core 17 'MulnS' <Latency = 1> <II = 1> <Delay = 2.96> <FuncUnit> <Opcode : 'mul'> <InPorts = 2> <OutPorts = 1>

State 3 <SV = 2> <Delay = 2.96>
ST_3 : Operation 8 [1/2] (2.96ns)   --->   "%mul_ln21 = mul i32 %reps_read, 3600" [./src/stream_tools.h:21->./src/ultranet.cpp:90]   --->   Operation 8 'mul' 'mul_ln21' <Predicate = true> <Delay = 2.96> <Core = "MulnS">   --->   Core 17 'MulnS' <Latency = 1> <II = 1> <Delay = 2.96> <FuncUnit> <Opcode : 'mul'> <InPorts = 2> <OutPorts = 1>

State 4 <SV = 3> <Delay = 1.20>
ST_4 : Operation 9 [1/1] (0.00ns)   --->   "call void (...)* @_ssdm_op_SpecInterface(i64* %in_V_V, [8 x i8]* @ap_fifo_str, i32 0, i32 0, [1 x i8]* @p_str, i32 0, i32 0, [1 x i8]* @p_str, [1 x i8]* @p_str, [1 x i8]* @p_str, i32 2, i32 2, i32 16, i32 16, [1 x i8]* @p_str, [1 x i8]* @p_str)"   --->   Operation 9 'specinterface' <Predicate = true> <Delay = 0.00>
ST_4 : Operation 10 [1/1] (0.00ns)   --->   "call void (...)* @_ssdm_op_SpecInterface(i64* %out_V_data_V, i1* %out_V_last_V, i8* %out_V_keep_V, [5 x i8]* @p_str49961, i32 0, i32 0, [5 x i8]* @p_str49962, i32 0, i32 0, [1 x i8]* @p_str49942, [1 x i8]* @p_str49942, [1 x i8]* @p_str49942, i32 0, i32 0, i32 0, i32 0, [1 x i8]* @p_str49942, [1 x i8]* @p_str49942) nounwind"   --->   Operation 10 'specinterface' <Predicate = true> <Delay = 0.00>
ST_4 : Operation 11 [1/1] (0.00ns)   --->   "call void (...)* @_ssdm_op_SpecInterface(i64* %out_V_data_V, i1* %out_V_last_V, i8* %out_V_keep_V, [5 x i8]* @p_str49961, i32 0, i32 0, [5 x i8]* @p_str49962, i32 0, i32 0, [1 x i8]* @p_str49942, [1 x i8]* @p_str49942, [1 x i8]* @p_str49942, i32 0, i32 0, i32 0, i32 0, [1 x i8]* @p_str49942, [1 x i8]* @p_str49942) nounwind"   --->   Operation 11 'specinterface' <Predicate = true> <Delay = 0.00>
ST_4 : Operation 12 [1/1] (0.00ns)   --->   "call void (...)* @_ssdm_op_SpecInterface(i64* %out_V_data_V, i1* %out_V_last_V, i8* %out_V_keep_V, [5 x i8]* @p_str49961, i32 0, i32 0, [5 x i8]* @p_str49962, i32 0, i32 0, [1 x i8]* @p_str49942, [1 x i8]* @p_str49942, [1 x i8]* @p_str49942, i32 0, i32 0, i32 0, i32 0, [1 x i8]* @p_str49942, [1 x i8]* @p_str49942) nounwind"   --->   Operation 12 'specinterface' <Predicate = true> <Delay = 0.00>
ST_4 : Operation 13 [1/1] (0.00ns)   --->   "call void (...)* @_ssdm_op_SpecInterface(i32* %reps, [8 x i8]* @ap_fifo_str, i32 0, i32 0, [1 x i8]* @p_str, i32 0, i32 0, [1 x i8]* @p_str, [1 x i8]* @p_str, [1 x i8]* @p_str, i32 2, i32 2, i32 16, i32 16, [1 x i8]* @p_str, [11 x i8]* @ScalarProp_str)"   --->   Operation 13 'specinterface' <Predicate = true> <Delay = 0.00>
ST_4 : Operation 14 [1/1] (0.00ns)   --->   "call void (...)* @_ssdm_op_SpecInterface(i64* %out_V_data_V, i1* %out_V_last_V, i8* %out_V_keep_V, [5 x i8]* @p_str49961, i32 0, i32 0, [5 x i8]* @p_str49962, i32 0, i32 0, [1 x i8]* @p_str49942, [1 x i8]* @p_str49942, [1 x i8]* @p_str49942, i32 0, i32 0, i32 0, i32 0, [1 x i8]* @p_str49942, [1 x i8]* @p_str49942) nounwind"   --->   Operation 14 'specinterface' <Predicate = true> <Delay = 0.00>
ST_4 : Operation 15 [1/1] (1.20ns)   --->   "%add_ln21 = add i32 %mul_ln21, -1" [./src/stream_tools.h:21->./src/ultranet.cpp:90]   --->   Operation 15 'add' 'add_ln21' <Predicate = true> <Delay = 1.20> <Core = "AddSub">   --->   Core 14 'AddSub' <Latency = 0> <II = 1> <Delay = 1.20> <FuncUnit> <Opcode : 'add' 'sub'> <InPorts = 2> <OutPorts = 1>
ST_4 : Operation 16 [1/1] (0.75ns)   --->   "br label %0" [./src/stream_tools.h:21->./src/ultranet.cpp:90]   --->   Operation 16 'br' <Predicate = true> <Delay = 0.75>

State 5 <SV = 4> <Delay = 1.75>
ST_5 : Operation 17 [1/1] (0.00ns)   --->   "%i_0_i = phi i32 [ 0, %entry ], [ %i, %1 ]"   --->   Operation 17 'phi' 'i_0_i' <Predicate = true> <Delay = 0.00>
ST_5 : Operation 18 [1/1] (1.11ns)   --->   "%icmp_ln21 = icmp eq i32 %i_0_i, %add_ln21" [./src/stream_tools.h:21->./src/ultranet.cpp:90]   --->   Operation 18 'icmp' 'icmp_ln21' <Predicate = true> <Delay = 1.11> <Core = "Cmp">   --->   Core 25 'Cmp' <Latency = 0> <II = 1> <Delay = 1.11> <FuncUnit> <Opcode : 'icmp'> <InPorts = 2> <OutPorts = 1>
ST_5 : Operation 19 [1/1] (1.20ns)   --->   "%i = add i32 %i_0_i, 1" [./src/stream_tools.h:21->./src/ultranet.cpp:90]   --->   Operation 19 'add' 'i' <Predicate = true> <Delay = 1.20> <Core = "AddSub">   --->   Core 14 'AddSub' <Latency = 0> <II = 1> <Delay = 1.20> <FuncUnit> <Opcode : 'add' 'sub'> <InPorts = 2> <OutPorts = 1>
ST_5 : Operation 20 [1/1] (0.00ns)   --->   "br i1 %icmp_ln21, label %.exit, label %1" [./src/stream_tools.h:21->./src/ultranet.cpp:90]   --->   Operation 20 'br' <Predicate = true> <Delay = 0.00>
ST_5 : Operation 21 [1/1] (1.75ns)   --->   "%tmp_V = call i64 @_ssdm_op_Read.ap_fifo.volatile.i64P(i64* %in_V_V)" [./src/stream_tools.h:22->./src/ultranet.cpp:90]   --->   Operation 21 'read' 'tmp_V' <Predicate = (!icmp_ln21)> <Delay = 1.75> <Core = "FIFO">   --->   Core 32 'FIFO' <Latency = 0> <II = 1> <Delay = 2.16> <Storage> <Opcode : 'read' 'write' 'nbread' 'nbwrite'> <Ports = 0> <Width = 64> <Depth = 2> <FIFO>
ST_5 : Operation 22 [1/1] (0.00ns)   --->   "call void @_ssdm_op_Write.axis.volatile.i64P.i1P.i8P(i64* %out_V_data_V, i1* %out_V_last_V, i8* %out_V_keep_V, i64 %tmp_V, i1 false, i8 -1)" [./src/stream_tools.h:24->./src/ultranet.cpp:90]   --->   Operation 22 'write' <Predicate = (!icmp_ln21)> <Delay = 0.00> <Core = "AXI4Stream">   --->   Core 5 'AXI4Stream' <Latency = 0> <II = 1> <Delay = 1.00> <Adapter> <Opcode : >
ST_5 : Operation 23 [1/1] (0.00ns)   --->   "br label %0" [./src/stream_tools.h:21->./src/ultranet.cpp:90]   --->   Operation 23 'br' <Predicate = (!icmp_ln21)> <Delay = 0.00>
ST_5 : Operation 24 [1/1] (1.75ns)   --->   "%tmp_V_10 = call i64 @_ssdm_op_Read.ap_fifo.volatile.i64P(i64* %in_V_V)" [./src/stream_tools.h:27->./src/ultranet.cpp:90]   --->   Operation 24 'read' 'tmp_V_10' <Predicate = (icmp_ln21)> <Delay = 1.75> <Core = "FIFO">   --->   Core 32 'FIFO' <Latency = 0> <II = 1> <Delay = 2.16> <Storage> <Opcode : 'read' 'write' 'nbread' 'nbwrite'> <Ports = 0> <Width = 64> <Depth = 2> <FIFO>
ST_5 : Operation 25 [1/1] (0.00ns)   --->   "call void @_ssdm_op_Write.axis.volatile.i64P.i1P.i8P(i64* %out_V_data_V, i1* %out_V_last_V, i8* %out_V_keep_V, i64 %tmp_V_10, i1 true, i8 -1)" [./src/stream_tools.h:29->./src/ultranet.cpp:90]   --->   Operation 25 'write' <Predicate = (icmp_ln21)> <Delay = 0.00> <Core = "AXI4Stream">   --->   Core 5 'AXI4Stream' <Latency = 0> <II = 1> <Delay = 1.00> <Adapter> <Opcode : >
ST_5 : Operation 26 [1/1] (0.00ns)   --->   "ret void" [./src/ultranet.cpp:90]   --->   Operation 26 'ret' <Predicate = (icmp_ln21)> <Delay = 0.00>


============================================================
+ Verbose Summary: Binding
============================================================
STG Binding: 
---------------- STG Properties BEGIN ----------------
- Is combinational: 0
- Is one-state seq: 0
- Is datapath-only: 0
- Is pipelined: 0
- Is top level: 0
Port [ Return ] is wired: 1; IO mode=ap_ctrl_hs:ce=0
Port [ in_V_V]:  wired=1; compound=1; hidden=0; nouse=0; global=0; static=0; extern=0; dir=0; type=3; pingpong=0; private_global=0; IO mode=ap_fifo:ce=0
Port [ out_V_data_V]:  wired=1; compound=1; hidden=0; nouse=0; global=0; static=0; extern=0; dir=1; type=0; pingpong=0; private_global=0; IO mode=axis:ce=0
Port [ out_V_last_V]:  wired=1; compound=1; hidden=0; nouse=0; global=0; static=0; extern=0; dir=1; type=0; pingpong=0; private_global=0; IO mode=axis:ce=0
Port [ out_V_keep_V]:  wired=1; compound=1; hidden=0; nouse=0; global=0; static=0; extern=0; dir=1; type=0; pingpong=0; private_global=0; IO mode=axis:ce=0
Port [ reps]:  wired=1; compound=1; hidden=0; nouse=0; global=0; static=0; extern=0; dir=0; type=3; pingpong=0; private_global=0; IO mode=ap_fifo:ce=0
---------------- STG Properties END ------------------

---------------- Datapath Model BEGIN ----------------

<LifeTime>
<method=bitvector/>
reps_read         (read         ) [ 001100]
mul_ln21          (mul          ) [ 000010]
specinterface_ln0 (specinterface) [ 000000]
specinterface_ln0 (specinterface) [ 000000]
specinterface_ln0 (specinterface) [ 000000]
specinterface_ln0 (specinterface) [ 000000]
specinterface_ln0 (specinterface) [ 000000]
specinterface_ln0 (specinterface) [ 000000]
add_ln21          (add          ) [ 000001]
br_ln21           (br           ) [ 000011]
i_0_i             (phi          ) [ 000001]
icmp_ln21         (icmp         ) [ 000001]
i                 (add          ) [ 000011]
br_ln21           (br           ) [ 000000]
tmp_V             (read         ) [ 000000]
write_ln24        (write        ) [ 000000]
br_ln21           (br           ) [ 000011]
tmp_V_10          (read         ) [ 000000]
write_ln29        (write        ) [ 000000]
ret_ln90          (ret          ) [ 000000]
</LifeTime>

<model>

<comp_list>
<comp id="0" class="1000" name="in_V_V">
<pin_list>
<pin id="1" dir="1" index="0" bw="1" slack="0"/>
</pin_list>
<bind>
<StgValue><ssdm name="in_V_V"/></StgValue>
</bind>
</comp>

<comp id="2" class="1000" name="out_V_data_V">
<pin_list>
<pin id="3" dir="1" index="0" bw="1" slack="0"/>
</pin_list>
<bind>
<StgValue><ssdm name="out_V_data_V"/></StgValue>
</bind>
</comp>

<comp id="4" class="1000" name="out_V_last_V">
<pin_list>
<pin id="5" dir="1" index="0" bw="1" slack="0"/>
</pin_list>
<bind>
<StgValue><ssdm name="out_V_last_V"/></StgValue>
</bind>
</comp>

<comp id="6" class="1000" name="out_V_keep_V">
<pin_list>
<pin id="7" dir="1" index="0" bw="1" slack="0"/>
</pin_list>
<bind>
<StgValue><ssdm name="out_V_keep_V"/></StgValue>
</bind>
</comp>

<comp id="8" class="1000" name="reps">
<pin_list>
<pin id="9" dir="1" index="0" bw="1" slack="0"/>
</pin_list>
<bind>
<StgValue><ssdm name="reps"/></StgValue>
</bind>
</comp>

<comp id="10" class="1001" name="const_10">
<pin_list>
<pin id="11" dir="1" index="0" bw="1" slack="0"/>
</pin_list>
<bind>
<StgValue><ssdm name="_ssdm_op_Read.ap_fifo.i32P"/></StgValue>
</bind>
</comp>

<comp id="12" class="1001" name="const_12">
<pin_list>
<pin id="13" dir="1" index="0" bw="1" slack="0"/>
</pin_list>
<bind>
<StgValue><ssdm name=""/></StgValue>
</bind>
</comp>

<comp id="14" class="1001" name="const_14">
<pin_list>
<pin id="15" dir="1" index="0" bw="1" slack="2147483647"/>
</pin_list>
<bind>
<StgValue><ssdm name="_ssdm_op_SpecInterface"/></StgValue>
</bind>
</comp>

<comp id="16" class="1001" name="const_16">
<pin_list>
<pin id="17" dir="1" index="0" bw="1" slack="2147483647"/>
</pin_list>
<bind>
<StgValue><ssdm name="ap_fifo_str"/></StgValue>
</bind>
</comp>

<comp id="18" class="1001" name="const_18">
<pin_list>
<pin id="19" dir="1" index="0" bw="1" slack="1"/>
</pin_list>
<bind>
<StgValue><ssdm name=""/></StgValue>
</bind>
</comp>

<comp id="20" class="1001" name="const_20">
<pin_list>
<pin id="21" dir="1" index="0" bw="1" slack="2147483647"/>
</pin_list>
<bind>
<StgValue><ssdm name="p_str"/></StgValue>
</bind>
</comp>

<comp id="22" class="1001" name="const_22">
<pin_list>
<pin id="23" dir="1" index="0" bw="1" slack="2147483647"/>
</pin_list>
<bind>
<StgValue><ssdm name=""/></StgValue>
</bind>
</comp>

<comp id="24" class="1001" name="const_24">
<pin_list>
<pin id="25" dir="1" index="0" bw="1" slack="2147483647"/>
</pin_list>
<bind>
<StgValue><ssdm name=""/></StgValue>
</bind>
</comp>

<comp id="26" class="1001" name="const_26">
<pin_list>
<pin id="27" dir="1" index="0" bw="1" slack="2147483647"/>
</pin_list>
<bind>
<StgValue><ssdm name="p_str49961"/></StgValue>
</bind>
</comp>

<comp id="28" class="1001" name="const_28">
<pin_list>
<pin id="29" dir="1" index="0" bw="1" slack="2147483647"/>
</pin_list>
<bind>
<StgValue><ssdm name="p_str49962"/></StgValue>
</bind>
</comp>

<comp id="30" class="1001" name="const_30">
<pin_list>
<pin id="31" dir="1" index="0" bw="1" slack="2147483647"/>
</pin_list>
<bind>
<StgValue><ssdm name="p_str49942"/></StgValue>
</bind>
</comp>

<comp id="32" class="1001" name="const_32">
<pin_list>
<pin id="33" dir="1" index="0" bw="1" slack="2147483647"/>
</pin_list>
<bind>
<StgValue><ssdm name="ScalarProp_str"/></StgValue>
</bind>
</comp>

<comp id="34" class="1001" name="const_34">
<pin_list>
<pin id="35" dir="1" index="0" bw="1" slack="0"/>
</pin_list>
<bind>
<StgValue><ssdm name=""/></StgValue>
</bind>
</comp>

<comp id="36" class="1001" name="const_36">
<pin_list>
<pin id="37" dir="1" index="0" bw="1" slack="0"/>
</pin_list>
<bind>
<StgValue><ssdm name=""/></StgValue>
</bind>
</comp>

<comp id="38" class="1001" name="const_38">
<pin_list>
<pin id="39" dir="1" index="0" bw="1" slack="0"/>
</pin_list>
<bind>
<StgValue><ssdm name="_ssdm_op_Read.ap_fifo.volatile.i64P"/></StgValue>
</bind>
</comp>

<comp id="40" class="1001" name="const_40">
<pin_list>
<pin id="41" dir="1" index="0" bw="1" slack="0"/>
</pin_list>
<bind>
<StgValue><ssdm name="_ssdm_op_Write.axis.volatile.i64P.i1P.i8P"/></StgValue>
</bind>
</comp>

<comp id="42" class="1001" name="const_42">
<pin_list>
<pin id="43" dir="1" index="0" bw="1" slack="0"/>
</pin_list>
<bind>
<StgValue><ssdm name=""/></StgValue>
</bind>
</comp>

<comp id="44" class="1001" name="const_44">
<pin_list>
<pin id="45" dir="1" index="0" bw="1" slack="0"/>
</pin_list>
<bind>
<StgValue><ssdm name=""/></StgValue>
</bind>
</comp>

<comp id="46" class="1001" name="const_46">
<pin_list>
<pin id="47" dir="1" index="0" bw="1" slack="0"/>
</pin_list>
<bind>
<StgValue><ssdm name=""/></StgValue>
</bind>
</comp>

<comp id="48" class="1004" name="reps_read_read_fu_48">
<pin_list>
<pin id="49" dir="0" index="0" bw="32" slack="0"/>
<pin id="50" dir="0" index="1" bw="32" slack="0"/>
<pin id="51" dir="1" index="2" bw="32" slack="1"/>
</pin_list>
<bind>
<opcode="read(1150) " fcode="read"/>
<opset="reps_read/1 "/>
</bind>
</comp>

<comp id="54" class="1004" name="grp_read_fu_54">
<pin_list>
<pin id="55" dir="0" index="0" bw="64" slack="0"/>
<pin id="56" dir="0" index="1" bw="64" slack="0"/>
<pin id="57" dir="1" index="2" bw="64" slack="0"/>
</pin_list>
<bind>
<opcode="read(1150) " fcode="read"/>
<opset="tmp_V/5 tmp_V_10/5 "/>
</bind>
</comp>

<comp id="60" class="1004" name="grp_write_fu_60">
<pin_list>
<pin id="61" dir="0" index="0" bw="0" slack="0"/>
<pin id="62" dir="0" index="1" bw="64" slack="0"/>
<pin id="63" dir="0" index="2" bw="1" slack="0"/>
<pin id="64" dir="0" index="3" bw="8" slack="0"/>
<pin id="65" dir="0" index="4" bw="64" slack="0"/>
<pin id="66" dir="0" index="5" bw="1" slack="0"/>
<pin id="67" dir="0" index="6" bw="1" slack="0"/>
<pin id="68" dir="1" index="7" bw="0" slack="2147483647"/>
</pin_list>
<bind>
<opcode="write(1151) " fcode="write"/>
<opset="write_ln24/5 write_ln29/5 "/>
</bind>
</comp>

<comp id="77" class="1005" name="i_0_i_reg_77">
<pin_list>
<pin id="78" dir="0" index="0" bw="32" slack="1"/>
<pin id="79" dir="1" index="1" bw="32" slack="1"/>
</pin_list>
<bind>
<opset="i_0_i (phireg) "/>
</bind>
</comp>

<comp id="81" class="1004" name="i_0_i_phi_fu_81">
<pin_list>
<pin id="82" dir="0" index="0" bw="1" slack="1"/>
<pin id="83" dir="0" index="1" bw="0" slack="2147483647"/>
<pin id="84" dir="0" index="2" bw="32" slack="0"/>
<pin id="85" dir="0" index="3" bw="0" slack="2147483647"/>
<pin id="86" dir="1" index="4" bw="32" slack="0"/>
</pin_list>
<bind>
<opcode="phi(47) " fcode="phi"/>
<opset="i_0_i/5 "/>
</bind>
</comp>

<comp id="88" class="1004" name="grp_fu_88">
<pin_list>
<pin id="89" dir="0" index="0" bw="32" slack="1"/>
<pin id="90" dir="0" index="1" bw="13" slack="0"/>
<pin id="91" dir="1" index="2" bw="32" slack="1"/>
</pin_list>
<bind>
<opcode="mul(12) " fcode="mul"/>
<opset="mul_ln21/2 "/>
</bind>
</comp>

<comp id="93" class="1004" name="add_ln21_fu_93">
<pin_list>
<pin id="94" dir="0" index="0" bw="32" slack="1"/>
<pin id="95" dir="0" index="1" bw="1" slack="0"/>
<pin id="96" dir="1" index="2" bw="32" slack="1"/>
</pin_list>
<bind>
<opcode="add(8) " fcode="add"/>
<opset="add_ln21/4 "/>
</bind>
</comp>

<comp id="98" class="1004" name="icmp_ln21_fu_98">
<pin_list>
<pin id="99" dir="0" index="0" bw="32" slack="0"/>
<pin id="100" dir="0" index="1" bw="32" slack="1"/>
<pin id="101" dir="1" index="2" bw="1" slack="2147483647"/>
</pin_list>
<bind>
<opcode="icmp(45) " fcode="icmp"/>
<opset="icmp_ln21/5 "/>
</bind>
</comp>

<comp id="103" class="1004" name="i_fu_103">
<pin_list>
<pin id="104" dir="0" index="0" bw="32" slack="0"/>
<pin id="105" dir="0" index="1" bw="1" slack="0"/>
<pin id="106" dir="1" index="2" bw="32" slack="0"/>
</pin_list>
<bind>
<opcode="add(8) " fcode="add"/>
<opset="i/5 "/>
</bind>
</comp>

<comp id="109" class="1005" name="reps_read_reg_109">
<pin_list>
<pin id="110" dir="0" index="0" bw="32" slack="1"/>
<pin id="111" dir="1" index="1" bw="32" slack="1"/>
</pin_list>
<bind>
<opset="reps_read "/>
</bind>
</comp>

<comp id="114" class="1005" name="mul_ln21_reg_114">
<pin_list>
<pin id="115" dir="0" index="0" bw="32" slack="1"/>
<pin id="116" dir="1" index="1" bw="32" slack="1"/>
</pin_list>
<bind>
<opset="mul_ln21 "/>
</bind>
</comp>

<comp id="119" class="1005" name="add_ln21_reg_119">
<pin_list>
<pin id="120" dir="0" index="0" bw="32" slack="1"/>
<pin id="121" dir="1" index="1" bw="32" slack="1"/>
</pin_list>
<bind>
<opset="add_ln21 "/>
</bind>
</comp>

<comp id="127" class="1005" name="i_reg_127">
<pin_list>
<pin id="128" dir="0" index="0" bw="32" slack="0"/>
<pin id="129" dir="1" index="1" bw="32" slack="0"/>
</pin_list>
<bind>
<opset="i "/>
</bind>
</comp>

</comp_list>

<net_list>
<net id="52"><net_src comp="10" pin="0"/><net_sink comp="48" pin=0"/></net>

<net id="53"><net_src comp="8" pin="0"/><net_sink comp="48" pin=1"/></net>

<net id="58"><net_src comp="38" pin="0"/><net_sink comp="54" pin=0"/></net>

<net id="59"><net_src comp="0" pin="0"/><net_sink comp="54" pin=1"/></net>

<net id="69"><net_src comp="40" pin="0"/><net_sink comp="60" pin=0"/></net>

<net id="70"><net_src comp="2" pin="0"/><net_sink comp="60" pin=1"/></net>

<net id="71"><net_src comp="4" pin="0"/><net_sink comp="60" pin=2"/></net>

<net id="72"><net_src comp="6" pin="0"/><net_sink comp="60" pin=3"/></net>

<net id="73"><net_src comp="54" pin="2"/><net_sink comp="60" pin=4"/></net>

<net id="74"><net_src comp="42" pin="0"/><net_sink comp="60" pin=5"/></net>

<net id="75"><net_src comp="44" pin="0"/><net_sink comp="60" pin=6"/></net>

<net id="76"><net_src comp="46" pin="0"/><net_sink comp="60" pin=5"/></net>

<net id="80"><net_src comp="18" pin="0"/><net_sink comp="77" pin=0"/></net>

<net id="87"><net_src comp="77" pin="1"/><net_sink comp="81" pin=0"/></net>

<net id="92"><net_src comp="12" pin="0"/><net_sink comp="88" pin=1"/></net>

<net id="97"><net_src comp="34" pin="0"/><net_sink comp="93" pin=1"/></net>

<net id="102"><net_src comp="81" pin="4"/><net_sink comp="98" pin=0"/></net>

<net id="107"><net_src comp="81" pin="4"/><net_sink comp="103" pin=0"/></net>

<net id="108"><net_src comp="36" pin="0"/><net_sink comp="103" pin=1"/></net>

<net id="112"><net_src comp="48" pin="2"/><net_sink comp="109" pin=0"/></net>

<net id="113"><net_src comp="109" pin="1"/><net_sink comp="88" pin=0"/></net>

<net id="117"><net_src comp="88" pin="2"/><net_sink comp="114" pin=0"/></net>

<net id="118"><net_src comp="114" pin="1"/><net_sink comp="93" pin=0"/></net>

<net id="122"><net_src comp="93" pin="2"/><net_sink comp="119" pin=0"/></net>

<net id="123"><net_src comp="119" pin="1"/><net_sink comp="98" pin=1"/></net>

<net id="130"><net_src comp="103" pin="2"/><net_sink comp="127" pin=0"/></net>

<net id="131"><net_src comp="127" pin="1"/><net_sink comp="81" pin=2"/></net>

</net_list>

</model> 
---------------- Datapath Model END ------------------

* FSMD analyzer results:
  - Output states:
	Port: out_V_data_V | {5 }
	Port: out_V_last_V | {5 }
	Port: out_V_keep_V | {5 }
 - Input state : 
	Port: AddLast<3600u> : in_V_V | {5 }
	Port: AddLast<3600u> : reps | {1 }
  - Chain level:
	State 1
	State 2
	State 3
	State 4
	State 5
		icmp_ln21 : 1
		i : 1
		br_ln21 : 2


============================================================
+ Verbose Summary: Datapath Resource usage 
============================================================

* Functional unit list:
|----------|----------------------|---------|---------|---------|
| Operation|    Functional Unit   |  DSP48E |    FF   |   LUT   |
|----------|----------------------|---------|---------|---------|
|    mul   |       grp_fu_88      |    2    |   165   |    49   |
|----------|----------------------|---------|---------|---------|
|    add   |    add_ln21_fu_93    |    0    |    0    |    39   |
|          |       i_fu_103       |    0    |    0    |    39   |
|----------|----------------------|---------|---------|---------|
|   icmp   |    icmp_ln21_fu_98   |    0    |    0    |    20   |
|----------|----------------------|---------|---------|---------|
|   read   | reps_read_read_fu_48 |    0    |    0    |    0    |
|          |    grp_read_fu_54    |    0    |    0    |    0    |
|----------|----------------------|---------|---------|---------|
|   write  |    grp_write_fu_60   |    0    |    0    |    0    |
|----------|----------------------|---------|---------|---------|
|   Total  |                      |    2    |   165   |   147   |
|----------|----------------------|---------|---------|---------|

Memories:
N/A

* Register list:
+-----------------+--------+
|                 |   FF   |
+-----------------+--------+
| add_ln21_reg_119|   32   |
|   i_0_i_reg_77  |   32   |
|    i_reg_127    |   32   |
| mul_ln21_reg_114|   32   |
|reps_read_reg_109|   32   |
+-----------------+--------+
|      Total      |   160  |
+-----------------+--------+

* Multiplexer (MUX) list: 
|-----------------|------|------|------|--------||---------|
|       Comp      |  Pin | Size |  BW  | S x BW ||  Delay  |
|-----------------|------|------|------|--------||---------|
| grp_write_fu_60 |  p5  |   2  |   1  |    2   |
|-----------------|------|------|------|--------||---------|
|      Total      |      |      |      |    2   ||  0.755  |
|-----------------|------|------|------|--------||---------|



* Summary:
+-----------+--------+--------+--------+--------+
|           | DSP48E |  Delay |   FF   |   LUT  |
+-----------+--------+--------+--------+--------+
|  Function |    2   |    -   |   165  |   147  |
|   Memory  |    -   |    -   |    -   |    -   |
|Multiplexer|    -   |    0   |    -   |    -   |
|  Register |    -   |    -   |   160  |    -   |
+-----------+--------+--------+--------+--------+
|   Total   |    2   |    0   |   325  |   147  |
+-----------+--------+--------+--------+--------+
