

================================================================
== Vivado HLS Report for 'conv3padding711'
================================================================
* Date:           Tue May 10 21:15:01 2022

* Version:        2019.2 (Build 2704478 on Wed Nov 06 22:10:23 MST 2019)
* Project:        ultra_core
* Solution:       ultracore_125
* Product family: zynquplus
* Target device:  xczu3eg-sbva484-1-e


================================================================
== Performance Estimates
================================================================
+ Timing: 
    * Summary: 
    +--------+---------+----------+------------+
    |  Clock |  Target | Estimated| Uncertainty|
    +--------+---------+----------+------------+
    |ap_clk  | 4.00 ns | 3.500 ns |   0.50 ns  |
    +--------+---------+----------+------------+

+ Latency: 
    * Summary: 
    +---------+---------+----------+----------+-----+-----+---------+
    |  Latency (cycles) |  Latency (absolute) |  Interval | Pipeline|
    |   min   |   max   |    min   |    max   | min | max |   Type  |
    +---------+---------+----------+----------+-----+-----+---------+
    |        ?|        ?|         ?|         ?|    ?|    ?|   none  |
    +---------+---------+----------+----------+-----+-----+---------+

    + Detail: 
        * Instance: 
        +----------------------------+-----------------+---------+---------+----------+----------+-----+------+---------+
        |                            |                 |  Latency (cycles) |  Latency (absolute) |  Interval  | Pipeline|
        |          Instance          |      Module     |   min   |   max   |    min   |    max   | min |  max |   Type  |
        +----------------------------+-----------------+---------+---------+----------+----------+-----+------+---------+
        |grp_stream_out_data_fu_147  |stream_out_data  |        1|     1948| 4.000 ns | 7.792 us |    1|  1948|   none  |
        |grp_stream_in_row_4_fu_159  |stream_in_row_4  |        1|       84| 4.000 ns | 0.336 us |    1|    84|   none  |
        +----------------------------+-----------------+---------+---------+----------+----------+-----+------+---------+

        * Loop: 
        +----------+---------+---------+----------+-----------+-----------+------+----------+
        |          |  Latency (cycles) | Iteration|  Initiation Interval  | Trip |          |
        | Loop Name|   min   |   max   |  Latency |  achieved |   target  | Count| Pipelined|
        +----------+---------+---------+----------+-----------+-----------+------+----------+
        |- Loop 1  |        ?|        ?| 4 ~ 1951 |          -|          -|     ?|    no    |
        +----------+---------+---------+----------+-----------+-----------+------+----------+

============================================================
+ Verbose Summary: Synthesis Manager
============================================================
InlineROM: 1
ExposeGlobal: 0
============================================================
+ Verbose Summary: CDFG Model
============================================================
IsTopModel: 0
ResetActiveHigh: 1
IsCombinational: 2
IsDatapathOnly: 0
HasWiredReturn: 1
HasMFsm: 0
HasVarLatency: 1
IsPipeline: 0
IsRtlPipelined: 0
IsInstanceOverlapped: 0
IsDontTouch: 0
HasImplIP: 0
IsGatedGlobalClock: 0


============================================================
+ Verbose Summary: Schedule
============================================================
* Number of FSM states : 4
* Pipeline : 0
* Dataflow Pipeline: 0

* FSM state transitions: 
1 --> 2 
2 --> 3 
3 --> 4 
4 --> 2 

* FSM state operations: 

State 1 <SV = 0> <Delay = 3.50>
ST_1 : Operation 5 [1/1] (0.00ns)   --->   "call void (...)* @_ssdm_op_SpecInterface(i32* %reps, [8 x i8]* @ap_fifo_str, i32 0, i32 0, [1 x i8]* @p_str, i32 0, i32 0, [1 x i8]* @p_str, [1 x i8]* @p_str, [1 x i8]* @p_str, i32 2, i32 2, i32 16, i32 16, [1 x i8]* @p_str, [11 x i8]* @ScalarProp_str)"   --->   Operation 5 'specinterface' <Predicate = true> <Delay = 0.00>
ST_1 : Operation 6 [1/1] (1.35ns)   --->   "%row_buffer_0_V = alloca [324 x i128], align 8" [./src/conv2d_DSPopt.hpp:119->./src/conv2d_DSPopt.hpp:504->./src/conv2d_DSPopt.hpp:503->./src/ultranet.cpp:90]   --->   Operation 6 'alloca' 'row_buffer_0_V' <Predicate = true> <Delay = 1.35> <Core = "RAM_S2P_BRAM">   --->   Core 48 'RAM_S2P_BRAM' <Latency = 1> <II = 1> <Delay = 1.35> <Storage> <Opcode : 'load' 'store'> <Ports = 2> <Width = 128> <Depth = 324> <RAM>
ST_1 : Operation 7 [1/1] (1.75ns)   --->   "%reps_read = call i32 @_ssdm_op_Read.ap_fifo.i32P(i32* %reps)" [./src/conv2d_DSPopt.hpp:503->./src/ultranet.cpp:90]   --->   Operation 7 'read' 'reps_read' <Predicate = true> <Delay = 1.75> <Core = "FIFO">   --->   Core 32 'FIFO' <Latency = 0> <II = 1> <Delay = 2.16> <Storage> <Opcode : 'read' 'write' 'nbread' 'nbwrite'> <Ports = 0> <Width = 32> <Depth = 2> <FIFO>
ST_1 : Operation 8 [1/1] (0.00ns)   --->   "call void (...)* @_ssdm_op_SpecInterface(i128* %padding_out_V_V, [8 x i8]* @ap_fifo_str, i32 0, i32 0, [1 x i8]* @p_str, i32 0, i32 0, [1 x i8]* @p_str, [1 x i8]* @p_str, [1 x i8]* @p_str, i32 2, i32 2, i32 16, i32 16, [1 x i8]* @p_str, [1 x i8]* @p_str)"   --->   Operation 8 'specinterface' <Predicate = true> <Delay = 0.00>
ST_1 : Operation 9 [1/1] (0.00ns)   --->   "call void (...)* @_ssdm_op_SpecInterface(i128* %in_V_V, [8 x i8]* @ap_fifo_str, i32 0, i32 0, [1 x i8]* @p_str, i32 0, i32 0, [1 x i8]* @p_str, [1 x i8]* @p_str, [1 x i8]* @p_str, i32 2, i32 2, i32 16, i32 16, [1 x i8]* @p_str, [1 x i8]* @p_str)"   --->   Operation 9 'specinterface' <Predicate = true> <Delay = 0.00>
ST_1 : Operation 10 [1/1] (0.00ns)   --->   "call void (...)* @_ssdm_op_SpecInterface(i32* %reps_c_i, [8 x i8]* @ap_fifo_str, i32 0, i32 0, [1 x i8]* @p_str, i32 0, i32 0, [1 x i8]* @p_str, [1 x i8]* @p_str, [1 x i8]* @p_str, i32 2, i32 2, i32 16, i32 16, [1 x i8]* @p_str, [11 x i8]* @ScalarProp_str)"   --->   Operation 10 'specinterface' <Predicate = true> <Delay = 0.00>
ST_1 : Operation 11 [1/1] (0.00ns)   --->   "call void (...)* @_ssdm_op_SpecInterface(i32* %reps_out, [8 x i8]* @ap_fifo_str, i32 0, i32 0, [1 x i8]* @p_str, i32 0, i32 0, [1 x i8]* @p_str, [1 x i8]* @p_str, [1 x i8]* @p_str, i32 2, i32 2, i32 16, i32 16, [1 x i8]* @p_str, [11 x i8]* @ScalarProp_str)"   --->   Operation 11 'specinterface' <Predicate = true> <Delay = 0.00>
ST_1 : Operation 12 [1/1] (0.00ns)   --->   "call void (...)* @_ssdm_op_SpecInterface(i32* %reps_out, [8 x i8]* @ap_fifo_str, i32 0, i32 0, [1 x i8]* @p_str, i32 0, i32 0, [1 x i8]* @p_str, [1 x i8]* @p_str, [1 x i8]* @p_str, i32 2, i32 2, i32 16, i32 16, [1 x i8]* @p_str, [11 x i8]* @ScalarProp_str)"   --->   Operation 12 'specinterface' <Predicate = true> <Delay = 0.00>
ST_1 : Operation 13 [1/1] (1.75ns)   --->   "call void @_ssdm_op_Write.ap_fifo.i32P(i32* %reps_out, i32 %reps_read)" [./src/ultranet.cpp:90->./src/conv2d_DSPopt.hpp:503->./src/ultranet.cpp:90]   --->   Operation 13 'write' <Predicate = true> <Delay = 1.75> <Core = "FIFO">   --->   Core 32 'FIFO' <Latency = 0> <II = 1> <Delay = 2.16> <Storage> <Opcode : 'read' 'write' 'nbread' 'nbwrite'> <Ports = 0> <Width = 32> <Depth = 2> <FIFO>
ST_1 : Operation 14 [1/1] (0.00ns)   --->   "call void (...)* @_ssdm_op_SpecInterface(i32* %reps_c_i, [8 x i8]* @ap_fifo_str, i32 0, i32 0, [1 x i8]* @p_str, i32 0, i32 0, [1 x i8]* @p_str, [1 x i8]* @p_str, [1 x i8]* @p_str, i32 2, i32 2, i32 16, i32 16, [1 x i8]* @p_str, [11 x i8]* @ScalarProp_str)"   --->   Operation 14 'specinterface' <Predicate = true> <Delay = 0.00>
ST_1 : Operation 15 [1/1] (1.75ns)   --->   "call void @_ssdm_op_Write.ap_fifo.i32P(i32* %reps_c_i, i32 %reps_read)" [./src/conv2d_DSPopt.hpp:504->./src/conv2d_DSPopt.hpp:503->./src/ultranet.cpp:90]   --->   Operation 15 'write' <Predicate = true> <Delay = 1.75> <Core = "FIFO">   --->   Core 32 'FIFO' <Latency = 0> <II = 1> <Delay = 2.16> <Storage> <Opcode : 'read' 'write' 'nbread' 'nbwrite'> <Ports = 0> <Width = 32> <Depth = 2> <FIFO>
ST_1 : Operation 16 [1/1] (0.00ns)   --->   "call void (...)* @_ssdm_op_SpecMemCore([324 x i128]* %row_buffer_0_V, [1 x i8]* @p_str49942, [13 x i8]* @p_str49978, [1 x i8]* @p_str49942, i32 -1, [1 x i8]* @p_str49942, [1 x i8]* @p_str49942, [1 x i8]* @p_str49942, [1 x i8]* @p_str49942, [1 x i8]* @p_str49942)" [./src/conv2d_DSPopt.hpp:122->./src/conv2d_DSPopt.hpp:504->./src/conv2d_DSPopt.hpp:503->./src/ultranet.cpp:90]   --->   Operation 16 'specmemcore' <Predicate = true> <Delay = 0.00>
ST_1 : Operation 17 [1/1] (0.00ns) (grouped into LUT with out node add_ln130)   --->   "%shl_ln130 = shl i32 %reps_read, 6" [./src/conv2d_DSPopt.hpp:130->./src/conv2d_DSPopt.hpp:504->./src/conv2d_DSPopt.hpp:503->./src/ultranet.cpp:90]   --->   Operation 17 'shl' 'shl_ln130' <Predicate = true> <Delay = 0.00>
ST_1 : Operation 18 [1/1] (0.00ns) (grouped into LUT with out node add_ln130)   --->   "%shl_ln130_5 = shl i32 %reps_read, 4" [./src/conv2d_DSPopt.hpp:130->./src/conv2d_DSPopt.hpp:504->./src/conv2d_DSPopt.hpp:503->./src/ultranet.cpp:90]   --->   Operation 18 'shl' 'shl_ln130_5' <Predicate = true> <Delay = 0.00>
ST_1 : Operation 19 [1/1] (1.20ns) (out node of the LUT)   --->   "%add_ln130 = add i32 %shl_ln130, %shl_ln130_5" [./src/conv2d_DSPopt.hpp:130->./src/conv2d_DSPopt.hpp:504->./src/conv2d_DSPopt.hpp:503->./src/ultranet.cpp:90]   --->   Operation 19 'add' 'add_ln130' <Predicate = true> <Delay = 1.20> <Core = "AddSub">   --->   Core 14 'AddSub' <Latency = 0> <II = 1> <Delay = 0.93> <FuncUnit> <Opcode : 'add' 'sub'> <InPorts = 2> <OutPorts = 1>
ST_1 : Operation 20 [1/1] (0.00ns)   --->   "%or_ln130 = or i32 %add_ln130, 2" [./src/conv2d_DSPopt.hpp:130->./src/conv2d_DSPopt.hpp:504->./src/conv2d_DSPopt.hpp:503->./src/ultranet.cpp:90]   --->   Operation 20 'or' 'or_ln130' <Predicate = true> <Delay = 0.00>
ST_1 : Operation 21 [1/1] (0.75ns)   --->   "br label %0" [./src/conv2d_DSPopt.hpp:130->./src/conv2d_DSPopt.hpp:504->./src/conv2d_DSPopt.hpp:503->./src/ultranet.cpp:90]   --->   Operation 21 'br' <Predicate = true> <Delay = 0.75>

State 2 <SV = 1> <Delay = 1.20>
ST_2 : Operation 22 [1/1] (0.00ns)   --->   "%t_V_15 = phi i2 [ 0, %entry ], [ %storeBufferIdx_V, %hls_label_25 ]"   --->   Operation 22 'phi' 't_V_15' <Predicate = true> <Delay = 0.00>
ST_2 : Operation 23 [1/1] (0.00ns)   --->   "%t_V = phi i2 [ 1, %entry ], [ %loadBufferIdx_V, %hls_label_25 ]"   --->   Operation 23 'phi' 't_V' <Predicate = true> <Delay = 0.00>
ST_2 : Operation 24 [1/1] (0.00ns)   --->   "%t_V_16 = phi i10 [ -2, %entry ], [ %rowIdx_V_6, %hls_label_25 ]"   --->   Operation 24 'phi' 't_V_16' <Predicate = true> <Delay = 0.00>
ST_2 : Operation 25 [1/1] (0.00ns)   --->   "%rep_0_i_i_i = phi i32 [ 0, %entry ], [ %rep, %hls_label_25 ]"   --->   Operation 25 'phi' 'rep_0_i_i_i' <Predicate = true> <Delay = 0.00>
ST_2 : Operation 26 [1/1] (1.11ns)   --->   "%icmp_ln130 = icmp eq i32 %rep_0_i_i_i, %or_ln130" [./src/conv2d_DSPopt.hpp:130->./src/conv2d_DSPopt.hpp:504->./src/conv2d_DSPopt.hpp:503->./src/ultranet.cpp:90]   --->   Operation 26 'icmp' 'icmp_ln130' <Predicate = true> <Delay = 1.11> <Core = "Cmp">   --->   Core 25 'Cmp' <Latency = 0> <II = 1> <Delay = 0.85> <FuncUnit> <Opcode : 'icmp'> <InPorts = 2> <OutPorts = 1>
ST_2 : Operation 27 [1/1] (0.62ns)   --->   "%storeBufferIdx_V = add i2 %t_V_15, 1" [./src/conv2d_DSPopt.hpp:137->./src/conv2d_DSPopt.hpp:504->./src/conv2d_DSPopt.hpp:503->./src/ultranet.cpp:90]   --->   Operation 27 'add' 'storeBufferIdx_V' <Predicate = true> <Delay = 0.62> <Core = "AddSub">   --->   Core 14 'AddSub' <Latency = 0> <II = 1> <Delay = 0.93> <FuncUnit> <Opcode : 'add' 'sub'> <InPorts = 2> <OutPorts = 1>
ST_2 : Operation 28 [1/1] (0.00ns)   --->   "br i1 %icmp_ln130, label %conv3padding711.exit, label %hls_label_25" [./src/conv2d_DSPopt.hpp:130->./src/conv2d_DSPopt.hpp:504->./src/conv2d_DSPopt.hpp:503->./src/ultranet.cpp:90]   --->   Operation 28 'br' <Predicate = true> <Delay = 0.00>
ST_2 : Operation 29 [1/1] (1.11ns)   --->   "%icmp_ln132 = icmp ult i32 %rep_0_i_i_i, %add_ln130" [./src/conv2d_DSPopt.hpp:132->./src/conv2d_DSPopt.hpp:504->./src/conv2d_DSPopt.hpp:503->./src/ultranet.cpp:90]   --->   Operation 29 'icmp' 'icmp_ln132' <Predicate = (!icmp_ln130)> <Delay = 1.11> <Core = "Cmp">   --->   Core 25 'Cmp' <Latency = 0> <II = 1> <Delay = 0.85> <FuncUnit> <Opcode : 'icmp'> <InPorts = 2> <OutPorts = 1>
ST_2 : Operation 30 [1/1] (0.00ns)   --->   "%tmp = call i31 @_ssdm_op_PartSelect.i31.i32.i32.i32(i32 %rep_0_i_i_i, i32 1, i32 31)" [./src/conv2d_DSPopt.hpp:134->./src/conv2d_DSPopt.hpp:504->./src/conv2d_DSPopt.hpp:503->./src/ultranet.cpp:90]   --->   Operation 30 'partselect' 'tmp' <Predicate = (!icmp_ln130)> <Delay = 0.00>
ST_2 : Operation 31 [1/1] (1.09ns)   --->   "%icmp_ln134 = icmp eq i31 %tmp, 0" [./src/conv2d_DSPopt.hpp:134->./src/conv2d_DSPopt.hpp:504->./src/conv2d_DSPopt.hpp:503->./src/ultranet.cpp:90]   --->   Operation 31 'icmp' 'icmp_ln134' <Predicate = (!icmp_ln130)> <Delay = 1.09> <Core = "Cmp">   --->   Core 25 'Cmp' <Latency = 0> <II = 1> <Delay = 0.85> <FuncUnit> <Opcode : 'icmp'> <InPorts = 2> <OutPorts = 1>
ST_2 : Operation 32 [1/1] (1.20ns)   --->   "%rep = add i32 %rep_0_i_i_i, 1" [./src/conv2d_DSPopt.hpp:130->./src/conv2d_DSPopt.hpp:504->./src/conv2d_DSPopt.hpp:503->./src/ultranet.cpp:90]   --->   Operation 32 'add' 'rep' <Predicate = (!icmp_ln130)> <Delay = 1.20> <Core = "AddSub">   --->   Core 14 'AddSub' <Latency = 0> <II = 1> <Delay = 0.93> <FuncUnit> <Opcode : 'add' 'sub'> <InPorts = 2> <OutPorts = 1>
ST_2 : Operation 33 [1/1] (0.00ns)   --->   "ret void" [./src/conv2d_DSPopt.hpp:503->./src/ultranet.cpp:90]   --->   Operation 33 'ret' <Predicate = (icmp_ln130)> <Delay = 0.00>

State 3 <SV = 2> <Delay = 2.50>
ST_3 : Operation 34 [1/1] (0.33ns)   --->   "%xor_ln132 = xor i1 %icmp_ln132, true" [./src/conv2d_DSPopt.hpp:132->./src/conv2d_DSPopt.hpp:504->./src/conv2d_DSPopt.hpp:503->./src/ultranet.cpp:90]   --->   Operation 34 'xor' 'xor_ln132' <Predicate = true> <Delay = 0.33> <Core = "LogicGate">   --->   Core 27 'LogicGate' <Latency = 0> <II = 1> <Delay = 0.33> <FuncUnit> <Opcode : 'and' 'or' 'xor'> <InPorts = 2> <OutPorts = 1>
ST_3 : Operation 35 [2/2] (2.17ns)   --->   "call fastcc void @stream_in_row.4(i128* %in_V_V, [324 x i128]* %row_buffer_0_V, i1 %xor_ln132, i2 %t_V_15)" [./src/conv2d_DSPopt.hpp:132->./src/conv2d_DSPopt.hpp:504->./src/conv2d_DSPopt.hpp:503->./src/ultranet.cpp:90]   --->   Operation 35 'call' <Predicate = true> <Delay = 2.17> <CoreType = "Generic">   --->   Core 0 '' <Latency = 0> <II = 1> <Delay = 1.00> <Generic> <Opcode : >
ST_3 : Operation 36 [2/2] (0.93ns)   --->   "call fastcc void @stream_out_data(i128* %padding_out_V_V, [324 x i128]* %row_buffer_0_V, i1 %icmp_ln134, i10 %t_V_16, i2 %t_V)" [./src/conv2d_DSPopt.hpp:134->./src/conv2d_DSPopt.hpp:504->./src/conv2d_DSPopt.hpp:503->./src/ultranet.cpp:90]   --->   Operation 36 'call' <Predicate = true> <Delay = 0.93> <CoreType = "Generic">   --->   Core 0 '' <Latency = 0> <II = 1> <Delay = 1.00> <Generic> <Opcode : >
ST_3 : Operation 37 [1/1] (0.62ns)   --->   "%loadBufferIdx_V = add i2 %t_V, 1" [./src/conv2d_DSPopt.hpp:136->./src/conv2d_DSPopt.hpp:504->./src/conv2d_DSPopt.hpp:503->./src/ultranet.cpp:90]   --->   Operation 37 'add' 'loadBufferIdx_V' <Predicate = true> <Delay = 0.62> <Core = "AddSub">   --->   Core 14 'AddSub' <Latency = 0> <II = 1> <Delay = 0.93> <FuncUnit> <Opcode : 'add' 'sub'> <InPorts = 2> <OutPorts = 1>
ST_3 : Operation 38 [1/1] (0.85ns)   --->   "%icmp_ln879 = icmp eq i10 %t_V_16, 79" [./src/conv2d_DSPopt.hpp:139->./src/conv2d_DSPopt.hpp:504->./src/conv2d_DSPopt.hpp:503->./src/ultranet.cpp:90]   --->   Operation 38 'icmp' 'icmp_ln879' <Predicate = true> <Delay = 0.85> <Core = "Cmp">   --->   Core 25 'Cmp' <Latency = 0> <II = 1> <Delay = 0.85> <FuncUnit> <Opcode : 'icmp'> <InPorts = 2> <OutPorts = 1>
ST_3 : Operation 39 [1/1] (0.93ns)   --->   "%rowIdx_V = add i10 %t_V_16, 1" [./src/conv2d_DSPopt.hpp:142->./src/conv2d_DSPopt.hpp:504->./src/conv2d_DSPopt.hpp:503->./src/ultranet.cpp:90]   --->   Operation 39 'add' 'rowIdx_V' <Predicate = true> <Delay = 0.93> <Core = "AddSub">   --->   Core 14 'AddSub' <Latency = 0> <II = 1> <Delay = 0.93> <FuncUnit> <Opcode : 'add' 'sub'> <InPorts = 2> <OutPorts = 1>
ST_3 : Operation 40 [1/1] (0.47ns)   --->   "%rowIdx_V_6 = select i1 %icmp_ln879, i10 0, i10 %rowIdx_V" [./src/conv2d_DSPopt.hpp:139->./src/conv2d_DSPopt.hpp:504->./src/conv2d_DSPopt.hpp:503->./src/ultranet.cpp:90]   --->   Operation 40 'select' 'rowIdx_V_6' <Predicate = true> <Delay = 0.47> <Core = "Sel">   --->   Core 26 'Sel' <Latency = 0> <II = 1> <Delay = 0.47> <FuncUnit> <Opcode : 'select'> <InPorts = 3> <OutPorts = 1>

State 4 <SV = 3> <Delay = 0.00>
ST_4 : Operation 41 [1/1] (0.00ns)   --->   "%tmp_i_i_i = call i32 (...)* @_ssdm_op_SpecRegionBegin([13 x i8]* @p_str50015)" [./src/conv2d_DSPopt.hpp:130->./src/conv2d_DSPopt.hpp:504->./src/conv2d_DSPopt.hpp:503->./src/ultranet.cpp:90]   --->   Operation 41 'specregionbegin' 'tmp_i_i_i' <Predicate = true> <Delay = 0.00>
ST_4 : Operation 42 [1/2] (0.00ns)   --->   "call fastcc void @stream_in_row.4(i128* %in_V_V, [324 x i128]* %row_buffer_0_V, i1 %xor_ln132, i2 %t_V_15)" [./src/conv2d_DSPopt.hpp:132->./src/conv2d_DSPopt.hpp:504->./src/conv2d_DSPopt.hpp:503->./src/ultranet.cpp:90]   --->   Operation 42 'call' <Predicate = true> <Delay = 0.00> <CoreType = "Generic">   --->   Core 0 '' <Latency = 0> <II = 1> <Delay = 1.00> <Generic> <Opcode : >
ST_4 : Operation 43 [1/2] (0.00ns)   --->   "call fastcc void @stream_out_data(i128* %padding_out_V_V, [324 x i128]* %row_buffer_0_V, i1 %icmp_ln134, i10 %t_V_16, i2 %t_V)" [./src/conv2d_DSPopt.hpp:134->./src/conv2d_DSPopt.hpp:504->./src/conv2d_DSPopt.hpp:503->./src/ultranet.cpp:90]   --->   Operation 43 'call' <Predicate = true> <Delay = 0.00> <CoreType = "Generic">   --->   Core 0 '' <Latency = 0> <II = 1> <Delay = 1.00> <Generic> <Opcode : >
ST_4 : Operation 44 [1/1] (0.00ns)   --->   "%empty = call i32 (...)* @_ssdm_op_SpecRegionEnd([13 x i8]* @p_str50015, i32 %tmp_i_i_i)" [./src/conv2d_DSPopt.hpp:144->./src/conv2d_DSPopt.hpp:504->./src/conv2d_DSPopt.hpp:503->./src/ultranet.cpp:90]   --->   Operation 44 'specregionend' 'empty' <Predicate = true> <Delay = 0.00>
ST_4 : Operation 45 [1/1] (0.00ns)   --->   "br label %0" [./src/conv2d_DSPopt.hpp:130->./src/conv2d_DSPopt.hpp:504->./src/conv2d_DSPopt.hpp:503->./src/ultranet.cpp:90]   --->   Operation 45 'br' <Predicate = true> <Delay = 0.00>


============================================================
+ Verbose Summary: Binding
============================================================
STG Binding: 
---------------- STG Properties BEGIN ----------------
- Is combinational: 0
- Is one-state seq: 0
- Is datapath-only: 0
- Is pipelined: 0
- Is top level: 0
Port [ Return ] is wired: 1; IO mode=ap_ctrl_hs:ce=0
Port [ reps]:  wired=1; compound=1; hidden=0; nouse=0; global=0; static=0; extern=0; dir=0; type=3; pingpong=0; private_global=0; IO mode=ap_fifo:ce=0
Port [ reps_out]:  wired=1; compound=1; hidden=0; nouse=0; global=0; static=0; extern=0; dir=1; type=3; pingpong=0; private_global=0; IO mode=ap_fifo:ce=0
Port [ in_V_V]:  wired=1; compound=1; hidden=0; nouse=0; global=0; static=0; extern=0; dir=0; type=3; pingpong=0; private_global=0; IO mode=ap_fifo:ce=0
Port [ padding_out_V_V]:  wired=1; compound=1; hidden=0; nouse=0; global=0; static=0; extern=0; dir=1; type=3; pingpong=0; private_global=0; IO mode=ap_fifo:ce=0
Port [ reps_c_i]:  wired=1; compound=1; hidden=0; nouse=0; global=0; static=0; extern=0; dir=1; type=3; pingpong=0; private_global=0; IO mode=ap_fifo:ce=0
---------------- STG Properties END ------------------

---------------- Datapath Model BEGIN ----------------

<LifeTime>
<method=bitvector/>
specinterface_ln0 (specinterface  ) [ 00000]
row_buffer_0_V    (alloca         ) [ 00111]
reps_read         (read           ) [ 00000]
specinterface_ln0 (specinterface  ) [ 00000]
specinterface_ln0 (specinterface  ) [ 00000]
specinterface_ln0 (specinterface  ) [ 00000]
specinterface_ln0 (specinterface  ) [ 00000]
specinterface_ln0 (specinterface  ) [ 00000]
write_ln90        (write          ) [ 00000]
specinterface_ln0 (specinterface  ) [ 00000]
write_ln504       (write          ) [ 00000]
specmemcore_ln122 (specmemcore    ) [ 00000]
shl_ln130         (shl            ) [ 00000]
shl_ln130_5       (shl            ) [ 00000]
add_ln130         (add            ) [ 00111]
or_ln130          (or             ) [ 00111]
br_ln130          (br             ) [ 01111]
t_V_15            (phi            ) [ 00111]
t_V               (phi            ) [ 00111]
t_V_16            (phi            ) [ 00111]
rep_0_i_i_i       (phi            ) [ 00100]
icmp_ln130        (icmp           ) [ 00111]
storeBufferIdx_V  (add            ) [ 01111]
br_ln130          (br             ) [ 00000]
icmp_ln132        (icmp           ) [ 00010]
tmp               (partselect     ) [ 00000]
icmp_ln134        (icmp           ) [ 00011]
rep               (add            ) [ 01111]
ret_ln503         (ret            ) [ 00000]
xor_ln132         (xor            ) [ 00001]
loadBufferIdx_V   (add            ) [ 01101]
icmp_ln879        (icmp           ) [ 00000]
rowIdx_V          (add            ) [ 00000]
rowIdx_V_6        (select         ) [ 01101]
tmp_i_i_i         (specregionbegin) [ 00000]
call_ln132        (call           ) [ 00000]
call_ln134        (call           ) [ 00000]
empty             (specregionend  ) [ 00000]
br_ln130          (br             ) [ 01111]
</LifeTime>

<model>

<comp_list>
<comp id="0" class="1000" name="reps">
<pin_list>
<pin id="1" dir="1" index="0" bw="1" slack="0"/>
</pin_list>
<bind>
<StgValue><ssdm name="reps"/></StgValue>
</bind>
</comp>

<comp id="2" class="1000" name="reps_out">
<pin_list>
<pin id="3" dir="1" index="0" bw="1" slack="0"/>
</pin_list>
<bind>
<StgValue><ssdm name="reps_out"/></StgValue>
</bind>
</comp>

<comp id="4" class="1000" name="in_V_V">
<pin_list>
<pin id="5" dir="1" index="0" bw="1" slack="0"/>
</pin_list>
<bind>
<StgValue><ssdm name="in_V_V"/></StgValue>
</bind>
</comp>

<comp id="6" class="1000" name="padding_out_V_V">
<pin_list>
<pin id="7" dir="1" index="0" bw="1" slack="0"/>
</pin_list>
<bind>
<StgValue><ssdm name="padding_out_V_V"/></StgValue>
</bind>
</comp>

<comp id="8" class="1000" name="reps_c_i">
<pin_list>
<pin id="9" dir="1" index="0" bw="1" slack="0"/>
</pin_list>
<bind>
<StgValue><ssdm name="reps_c_i"/></StgValue>
</bind>
</comp>

<comp id="10" class="1001" name="const_10">
<pin_list>
<pin id="11" dir="1" index="0" bw="1" slack="2147483647"/>
</pin_list>
<bind>
<StgValue><ssdm name="_ssdm_op_SpecInterface"/></StgValue>
</bind>
</comp>

<comp id="12" class="1001" name="const_12">
<pin_list>
<pin id="13" dir="1" index="0" bw="1" slack="2147483647"/>
</pin_list>
<bind>
<StgValue><ssdm name="ap_fifo_str"/></StgValue>
</bind>
</comp>

<comp id="14" class="1001" name="const_14">
<pin_list>
<pin id="15" dir="1" index="0" bw="1" slack="1"/>
</pin_list>
<bind>
<StgValue><ssdm name=""/></StgValue>
</bind>
</comp>

<comp id="16" class="1001" name="const_16">
<pin_list>
<pin id="17" dir="1" index="0" bw="1" slack="2147483647"/>
</pin_list>
<bind>
<StgValue><ssdm name="p_str"/></StgValue>
</bind>
</comp>

<comp id="18" class="1001" name="const_18">
<pin_list>
<pin id="19" dir="1" index="0" bw="1" slack="0"/>
</pin_list>
<bind>
<StgValue><ssdm name=""/></StgValue>
</bind>
</comp>

<comp id="20" class="1001" name="const_20">
<pin_list>
<pin id="21" dir="1" index="0" bw="1" slack="2147483647"/>
</pin_list>
<bind>
<StgValue><ssdm name=""/></StgValue>
</bind>
</comp>

<comp id="22" class="1001" name="const_22">
<pin_list>
<pin id="23" dir="1" index="0" bw="1" slack="2147483647"/>
</pin_list>
<bind>
<StgValue><ssdm name="ScalarProp_str"/></StgValue>
</bind>
</comp>

<comp id="24" class="1001" name="const_24">
<pin_list>
<pin id="25" dir="1" index="0" bw="1" slack="0"/>
</pin_list>
<bind>
<StgValue><ssdm name=""/></StgValue>
</bind>
</comp>

<comp id="26" class="1001" name="const_26">
<pin_list>
<pin id="27" dir="1" index="0" bw="1" slack="0"/>
</pin_list>
<bind>
<StgValue><ssdm name="_ssdm_op_Read.ap_fifo.i32P"/></StgValue>
</bind>
</comp>

<comp id="28" class="1001" name="const_28">
<pin_list>
<pin id="29" dir="1" index="0" bw="1" slack="0"/>
</pin_list>
<bind>
<StgValue><ssdm name="_ssdm_op_Write.ap_fifo.i32P"/></StgValue>
</bind>
</comp>

<comp id="30" class="1001" name="const_30">
<pin_list>
<pin id="31" dir="1" index="0" bw="1" slack="2147483647"/>
</pin_list>
<bind>
<StgValue><ssdm name="_ssdm_op_SpecMemCore"/></StgValue>
</bind>
</comp>

<comp id="32" class="1001" name="const_32">
<pin_list>
<pin id="33" dir="1" index="0" bw="1" slack="2147483647"/>
</pin_list>
<bind>
<StgValue><ssdm name="p_str49942"/></StgValue>
</bind>
</comp>

<comp id="34" class="1001" name="const_34">
<pin_list>
<pin id="35" dir="1" index="0" bw="1" slack="2147483647"/>
</pin_list>
<bind>
<StgValue><ssdm name="p_str49978"/></StgValue>
</bind>
</comp>

<comp id="36" class="1001" name="const_36">
<pin_list>
<pin id="37" dir="1" index="0" bw="1" slack="2147483647"/>
</pin_list>
<bind>
<StgValue><ssdm name=""/></StgValue>
</bind>
</comp>

<comp id="38" class="1001" name="const_38">
<pin_list>
<pin id="39" dir="1" index="0" bw="1" slack="0"/>
</pin_list>
<bind>
<StgValue><ssdm name=""/></StgValue>
</bind>
</comp>

<comp id="40" class="1001" name="const_40">
<pin_list>
<pin id="41" dir="1" index="0" bw="1" slack="0"/>
</pin_list>
<bind>
<StgValue><ssdm name=""/></StgValue>
</bind>
</comp>

<comp id="42" class="1001" name="const_42">
<pin_list>
<pin id="43" dir="1" index="0" bw="1" slack="1"/>
</pin_list>
<bind>
<StgValue><ssdm name=""/></StgValue>
</bind>
</comp>

<comp id="44" class="1001" name="const_44">
<pin_list>
<pin id="45" dir="1" index="0" bw="1" slack="0"/>
</pin_list>
<bind>
<StgValue><ssdm name=""/></StgValue>
</bind>
</comp>

<comp id="46" class="1001" name="const_46">
<pin_list>
<pin id="47" dir="1" index="0" bw="1" slack="1"/>
</pin_list>
<bind>
<StgValue><ssdm name=""/></StgValue>
</bind>
</comp>

<comp id="48" class="1001" name="const_48">
<pin_list>
<pin id="49" dir="1" index="0" bw="1" slack="0"/>
</pin_list>
<bind>
<StgValue><ssdm name="_ssdm_op_PartSelect.i31.i32.i32.i32"/></StgValue>
</bind>
</comp>

<comp id="50" class="1001" name="const_50">
<pin_list>
<pin id="51" dir="1" index="0" bw="1" slack="0"/>
</pin_list>
<bind>
<StgValue><ssdm name=""/></StgValue>
</bind>
</comp>

<comp id="52" class="1001" name="const_52">
<pin_list>
<pin id="53" dir="1" index="0" bw="1" slack="0"/>
</pin_list>
<bind>
<StgValue><ssdm name=""/></StgValue>
</bind>
</comp>

<comp id="54" class="1001" name="const_54">
<pin_list>
<pin id="55" dir="1" index="0" bw="1" slack="0"/>
</pin_list>
<bind>
<StgValue><ssdm name=""/></StgValue>
</bind>
</comp>

<comp id="56" class="1001" name="const_56">
<pin_list>
<pin id="57" dir="1" index="0" bw="1" slack="0"/>
</pin_list>
<bind>
<StgValue><ssdm name=""/></StgValue>
</bind>
</comp>

<comp id="58" class="1001" name="const_58">
<pin_list>
<pin id="59" dir="1" index="0" bw="1" slack="0"/>
</pin_list>
<bind>
<StgValue><ssdm name="stream_in_row.4"/></StgValue>
</bind>
</comp>

<comp id="60" class="1001" name="const_60">
<pin_list>
<pin id="61" dir="1" index="0" bw="1" slack="0"/>
</pin_list>
<bind>
<StgValue><ssdm name="stream_out_data"/></StgValue>
</bind>
</comp>

<comp id="62" class="1001" name="const_62">
<pin_list>
<pin id="63" dir="1" index="0" bw="1" slack="0"/>
</pin_list>
<bind>
<StgValue><ssdm name=""/></StgValue>
</bind>
</comp>

<comp id="64" class="1001" name="const_64">
<pin_list>
<pin id="65" dir="1" index="0" bw="1" slack="0"/>
</pin_list>
<bind>
<StgValue><ssdm name=""/></StgValue>
</bind>
</comp>

<comp id="66" class="1001" name="const_66">
<pin_list>
<pin id="67" dir="1" index="0" bw="1" slack="0"/>
</pin_list>
<bind>
<StgValue><ssdm name=""/></StgValue>
</bind>
</comp>

<comp id="68" class="1001" name="const_68">
<pin_list>
<pin id="69" dir="1" index="0" bw="1" slack="2147483647"/>
</pin_list>
<bind>
<StgValue><ssdm name="_ssdm_op_SpecRegionBegin"/></StgValue>
</bind>
</comp>

<comp id="70" class="1001" name="const_70">
<pin_list>
<pin id="71" dir="1" index="0" bw="1" slack="2147483647"/>
</pin_list>
<bind>
<StgValue><ssdm name="p_str50015"/></StgValue>
</bind>
</comp>

<comp id="72" class="1001" name="const_72">
<pin_list>
<pin id="73" dir="1" index="0" bw="1" slack="2147483647"/>
</pin_list>
<bind>
<StgValue><ssdm name="_ssdm_op_SpecRegionEnd"/></StgValue>
</bind>
</comp>

<comp id="74" class="1004" name="row_buffer_0_V_alloca_fu_74">
<pin_list>
<pin id="75" dir="0" index="0" bw="1" slack="0"/>
<pin id="76" dir="1" index="1" bw="128" slack="2147483647"/>
</pin_list>
<bind>
<opcode="alloca(26) " fcode="alloca"/>
<opset="row_buffer_0_V/1 "/>
</bind>
</comp>

<comp id="78" class="1004" name="reps_read_read_fu_78">
<pin_list>
<pin id="79" dir="0" index="0" bw="32" slack="0"/>
<pin id="80" dir="0" index="1" bw="32" slack="0"/>
<pin id="81" dir="1" index="2" bw="32" slack="0"/>
</pin_list>
<bind>
<opcode="read(1150) " fcode="read"/>
<opset="reps_read/1 "/>
</bind>
</comp>

<comp id="84" class="1004" name="write_ln90_write_fu_84">
<pin_list>
<pin id="85" dir="0" index="0" bw="0" slack="0"/>
<pin id="86" dir="0" index="1" bw="32" slack="0"/>
<pin id="87" dir="0" index="2" bw="32" slack="0"/>
<pin id="88" dir="1" index="3" bw="0" slack="2147483647"/>
</pin_list>
<bind>
<opcode="write(1151) " fcode="write"/>
<opset="write_ln90/1 "/>
</bind>
</comp>

<comp id="92" class="1004" name="write_ln504_write_fu_92">
<pin_list>
<pin id="93" dir="0" index="0" bw="0" slack="0"/>
<pin id="94" dir="0" index="1" bw="32" slack="0"/>
<pin id="95" dir="0" index="2" bw="32" slack="0"/>
<pin id="96" dir="1" index="3" bw="0" slack="2147483647"/>
</pin_list>
<bind>
<opcode="write(1151) " fcode="write"/>
<opset="write_ln504/1 "/>
</bind>
</comp>

<comp id="100" class="1005" name="t_V_15_reg_100">
<pin_list>
<pin id="101" dir="0" index="0" bw="2" slack="1"/>
<pin id="102" dir="1" index="1" bw="2" slack="1"/>
</pin_list>
<bind>
<opset="t_V_15 (phireg) "/>
</bind>
</comp>

<comp id="104" class="1004" name="t_V_15_phi_fu_104">
<pin_list>
<pin id="105" dir="0" index="0" bw="1" slack="1"/>
<pin id="106" dir="0" index="1" bw="0" slack="2147483647"/>
<pin id="107" dir="0" index="2" bw="2" slack="0"/>
<pin id="108" dir="0" index="3" bw="0" slack="2147483647"/>
<pin id="109" dir="1" index="4" bw="2" slack="0"/>
</pin_list>
<bind>
<opcode="phi(47) " fcode="phi"/>
<opset="t_V_15/2 "/>
</bind>
</comp>

<comp id="112" class="1005" name="t_V_reg_112">
<pin_list>
<pin id="113" dir="0" index="0" bw="2" slack="1"/>
<pin id="114" dir="1" index="1" bw="2" slack="1"/>
</pin_list>
<bind>
<opset="t_V (phireg) "/>
</bind>
</comp>

<comp id="116" class="1004" name="t_V_phi_fu_116">
<pin_list>
<pin id="117" dir="0" index="0" bw="1" slack="1"/>
<pin id="118" dir="0" index="1" bw="0" slack="2147483647"/>
<pin id="119" dir="0" index="2" bw="2" slack="1"/>
<pin id="120" dir="0" index="3" bw="0" slack="2147483647"/>
<pin id="121" dir="1" index="4" bw="2" slack="1"/>
</pin_list>
<bind>
<opcode="phi(47) " fcode="phi"/>
<opset="t_V/2 "/>
</bind>
</comp>

<comp id="124" class="1005" name="t_V_16_reg_124">
<pin_list>
<pin id="125" dir="0" index="0" bw="10" slack="1"/>
<pin id="126" dir="1" index="1" bw="10" slack="1"/>
</pin_list>
<bind>
<opset="t_V_16 (phireg) "/>
</bind>
</comp>

<comp id="128" class="1004" name="t_V_16_phi_fu_128">
<pin_list>
<pin id="129" dir="0" index="0" bw="2" slack="1"/>
<pin id="130" dir="0" index="1" bw="0" slack="2147483647"/>
<pin id="131" dir="0" index="2" bw="10" slack="1"/>
<pin id="132" dir="0" index="3" bw="0" slack="2147483647"/>
<pin id="133" dir="1" index="4" bw="10" slack="1"/>
</pin_list>
<bind>
<opcode="phi(47) " fcode="phi"/>
<opset="t_V_16/2 "/>
</bind>
</comp>

<comp id="136" class="1005" name="rep_0_i_i_i_reg_136">
<pin_list>
<pin id="137" dir="0" index="0" bw="32" slack="1"/>
<pin id="138" dir="1" index="1" bw="32" slack="1"/>
</pin_list>
<bind>
<opset="rep_0_i_i_i (phireg) "/>
</bind>
</comp>

<comp id="140" class="1004" name="rep_0_i_i_i_phi_fu_140">
<pin_list>
<pin id="141" dir="0" index="0" bw="1" slack="1"/>
<pin id="142" dir="0" index="1" bw="0" slack="2147483647"/>
<pin id="143" dir="0" index="2" bw="32" slack="0"/>
<pin id="144" dir="0" index="3" bw="0" slack="2147483647"/>
<pin id="145" dir="1" index="4" bw="32" slack="0"/>
</pin_list>
<bind>
<opcode="phi(47) " fcode="phi"/>
<opset="rep_0_i_i_i/2 "/>
</bind>
</comp>

<comp id="147" class="1004" name="grp_stream_out_data_fu_147">
<pin_list>
<pin id="148" dir="0" index="0" bw="0" slack="0"/>
<pin id="149" dir="0" index="1" bw="128" slack="0"/>
<pin id="150" dir="0" index="2" bw="128" slack="2147483647"/>
<pin id="151" dir="0" index="3" bw="1" slack="1"/>
<pin id="152" dir="0" index="4" bw="10" slack="1"/>
<pin id="153" dir="0" index="5" bw="2" slack="1"/>
<pin id="154" dir="1" index="6" bw="0" slack="2147483647"/>
</pin_list>
<bind>
<opcode="call(48) " fcode="call"/>
<opset="call_ln134/3 "/>
</bind>
</comp>

<comp id="159" class="1004" name="grp_stream_in_row_4_fu_159">
<pin_list>
<pin id="160" dir="0" index="0" bw="0" slack="0"/>
<pin id="161" dir="0" index="1" bw="128" slack="0"/>
<pin id="162" dir="0" index="2" bw="128" slack="2147483647"/>
<pin id="163" dir="0" index="3" bw="1" slack="0"/>
<pin id="164" dir="0" index="4" bw="2" slack="1"/>
<pin id="165" dir="1" index="5" bw="0" slack="2147483647"/>
</pin_list>
<bind>
<opcode="call(48) " fcode="call"/>
<opset="call_ln132/3 "/>
</bind>
</comp>

<comp id="169" class="1004" name="shl_ln130_fu_169">
<pin_list>
<pin id="170" dir="0" index="0" bw="32" slack="0"/>
<pin id="171" dir="0" index="1" bw="4" slack="0"/>
<pin id="172" dir="1" index="2" bw="32" slack="0"/>
</pin_list>
<bind>
<opcode="shl(20) " fcode="shl"/>
<opset="shl_ln130/1 "/>
</bind>
</comp>

<comp id="175" class="1004" name="shl_ln130_5_fu_175">
<pin_list>
<pin id="176" dir="0" index="0" bw="32" slack="0"/>
<pin id="177" dir="0" index="1" bw="4" slack="0"/>
<pin id="178" dir="1" index="2" bw="32" slack="0"/>
</pin_list>
<bind>
<opcode="shl(20) " fcode="shl"/>
<opset="shl_ln130_5/1 "/>
</bind>
</comp>

<comp id="181" class="1004" name="add_ln130_fu_181">
<pin_list>
<pin id="182" dir="0" index="0" bw="32" slack="0"/>
<pin id="183" dir="0" index="1" bw="32" slack="0"/>
<pin id="184" dir="1" index="2" bw="32" slack="0"/>
</pin_list>
<bind>
<opcode="add(8) " fcode="add"/>
<opset="add_ln130/1 "/>
</bind>
</comp>

<comp id="187" class="1004" name="or_ln130_fu_187">
<pin_list>
<pin id="188" dir="0" index="0" bw="32" slack="0"/>
<pin id="189" dir="0" index="1" bw="3" slack="0"/>
<pin id="190" dir="1" index="2" bw="32" slack="1"/>
</pin_list>
<bind>
<opcode="or(24) " fcode="or"/>
<opset="or_ln130/1 "/>
</bind>
</comp>

<comp id="193" class="1004" name="icmp_ln130_fu_193">
<pin_list>
<pin id="194" dir="0" index="0" bw="32" slack="0"/>
<pin id="195" dir="0" index="1" bw="32" slack="1"/>
<pin id="196" dir="1" index="2" bw="1" slack="2147483647"/>
</pin_list>
<bind>
<opcode="icmp(45) " fcode="icmp"/>
<opset="icmp_ln130/2 "/>
</bind>
</comp>

<comp id="198" class="1004" name="storeBufferIdx_V_fu_198">
<pin_list>
<pin id="199" dir="0" index="0" bw="2" slack="0"/>
<pin id="200" dir="0" index="1" bw="1" slack="0"/>
<pin id="201" dir="1" index="2" bw="2" slack="0"/>
</pin_list>
<bind>
<opcode="add(8) " fcode="add"/>
<opset="storeBufferIdx_V/2 "/>
</bind>
</comp>

<comp id="204" class="1004" name="icmp_ln132_fu_204">
<pin_list>
<pin id="205" dir="0" index="0" bw="32" slack="0"/>
<pin id="206" dir="0" index="1" bw="32" slack="1"/>
<pin id="207" dir="1" index="2" bw="1" slack="1"/>
</pin_list>
<bind>
<opcode="icmp(45) " fcode="icmp"/>
<opset="icmp_ln132/2 "/>
</bind>
</comp>

<comp id="209" class="1004" name="tmp_fu_209">
<pin_list>
<pin id="210" dir="0" index="0" bw="31" slack="0"/>
<pin id="211" dir="0" index="1" bw="32" slack="0"/>
<pin id="212" dir="0" index="2" bw="1" slack="0"/>
<pin id="213" dir="0" index="3" bw="6" slack="0"/>
<pin id="214" dir="1" index="4" bw="31" slack="0"/>
</pin_list>
<bind>
<opcode="partselect(1002) " fcode="partselect"/>
<opset="tmp/2 "/>
</bind>
</comp>

<comp id="219" class="1004" name="icmp_ln134_fu_219">
<pin_list>
<pin id="220" dir="0" index="0" bw="31" slack="0"/>
<pin id="221" dir="0" index="1" bw="1" slack="0"/>
<pin id="222" dir="1" index="2" bw="1" slack="1"/>
</pin_list>
<bind>
<opcode="icmp(45) " fcode="icmp"/>
<opset="icmp_ln134/2 "/>
</bind>
</comp>

<comp id="225" class="1004" name="rep_fu_225">
<pin_list>
<pin id="226" dir="0" index="0" bw="32" slack="0"/>
<pin id="227" dir="0" index="1" bw="1" slack="0"/>
<pin id="228" dir="1" index="2" bw="32" slack="0"/>
</pin_list>
<bind>
<opcode="add(8) " fcode="add"/>
<opset="rep/2 "/>
</bind>
</comp>

<comp id="231" class="1004" name="xor_ln132_fu_231">
<pin_list>
<pin id="232" dir="0" index="0" bw="1" slack="1"/>
<pin id="233" dir="0" index="1" bw="1" slack="0"/>
<pin id="234" dir="1" index="2" bw="1" slack="0"/>
</pin_list>
<bind>
<opcode="xor(25) " fcode="xor"/>
<opset="xor_ln132/3 "/>
</bind>
</comp>

<comp id="237" class="1004" name="loadBufferIdx_V_fu_237">
<pin_list>
<pin id="238" dir="0" index="0" bw="2" slack="1"/>
<pin id="239" dir="0" index="1" bw="1" slack="0"/>
<pin id="240" dir="1" index="2" bw="2" slack="1"/>
</pin_list>
<bind>
<opcode="add(8) " fcode="add"/>
<opset="loadBufferIdx_V/3 "/>
</bind>
</comp>

<comp id="243" class="1004" name="icmp_ln879_fu_243">
<pin_list>
<pin id="244" dir="0" index="0" bw="10" slack="1"/>
<pin id="245" dir="0" index="1" bw="8" slack="0"/>
<pin id="246" dir="1" index="2" bw="1" slack="0"/>
</pin_list>
<bind>
<opcode="icmp(45) " fcode="icmp"/>
<opset="icmp_ln879/3 "/>
</bind>
</comp>

<comp id="249" class="1004" name="rowIdx_V_fu_249">
<pin_list>
<pin id="250" dir="0" index="0" bw="10" slack="1"/>
<pin id="251" dir="0" index="1" bw="1" slack="0"/>
<pin id="252" dir="1" index="2" bw="10" slack="0"/>
</pin_list>
<bind>
<opcode="add(8) " fcode="add"/>
<opset="rowIdx_V/3 "/>
</bind>
</comp>

<comp id="255" class="1004" name="rowIdx_V_6_fu_255">
<pin_list>
<pin id="256" dir="0" index="0" bw="1" slack="0"/>
<pin id="257" dir="0" index="1" bw="1" slack="0"/>
<pin id="258" dir="0" index="2" bw="10" slack="0"/>
<pin id="259" dir="1" index="3" bw="10" slack="1"/>
</pin_list>
<bind>
<opcode="select(49) " fcode="select"/>
<opset="rowIdx_V_6/3 "/>
</bind>
</comp>

<comp id="263" class="1005" name="add_ln130_reg_263">
<pin_list>
<pin id="264" dir="0" index="0" bw="32" slack="1"/>
<pin id="265" dir="1" index="1" bw="32" slack="1"/>
</pin_list>
<bind>
<opset="add_ln130 "/>
</bind>
</comp>

<comp id="268" class="1005" name="or_ln130_reg_268">
<pin_list>
<pin id="269" dir="0" index="0" bw="32" slack="1"/>
<pin id="270" dir="1" index="1" bw="32" slack="1"/>
</pin_list>
<bind>
<opset="or_ln130 "/>
</bind>
</comp>

<comp id="276" class="1005" name="storeBufferIdx_V_reg_276">
<pin_list>
<pin id="277" dir="0" index="0" bw="2" slack="0"/>
<pin id="278" dir="1" index="1" bw="2" slack="0"/>
</pin_list>
<bind>
<opset="storeBufferIdx_V "/>
</bind>
</comp>

<comp id="281" class="1005" name="icmp_ln132_reg_281">
<pin_list>
<pin id="282" dir="0" index="0" bw="1" slack="1"/>
<pin id="283" dir="1" index="1" bw="1" slack="1"/>
</pin_list>
<bind>
<opset="icmp_ln132 "/>
</bind>
</comp>

<comp id="286" class="1005" name="icmp_ln134_reg_286">
<pin_list>
<pin id="287" dir="0" index="0" bw="1" slack="1"/>
<pin id="288" dir="1" index="1" bw="1" slack="1"/>
</pin_list>
<bind>
<opset="icmp_ln134 "/>
</bind>
</comp>

<comp id="291" class="1005" name="rep_reg_291">
<pin_list>
<pin id="292" dir="0" index="0" bw="32" slack="0"/>
<pin id="293" dir="1" index="1" bw="32" slack="0"/>
</pin_list>
<bind>
<opset="rep "/>
</bind>
</comp>

<comp id="296" class="1005" name="xor_ln132_reg_296">
<pin_list>
<pin id="297" dir="0" index="0" bw="1" slack="1"/>
<pin id="298" dir="1" index="1" bw="1" slack="1"/>
</pin_list>
<bind>
<opset="xor_ln132 "/>
</bind>
</comp>

<comp id="301" class="1005" name="loadBufferIdx_V_reg_301">
<pin_list>
<pin id="302" dir="0" index="0" bw="2" slack="1"/>
<pin id="303" dir="1" index="1" bw="2" slack="1"/>
</pin_list>
<bind>
<opset="loadBufferIdx_V "/>
</bind>
</comp>

<comp id="306" class="1005" name="rowIdx_V_6_reg_306">
<pin_list>
<pin id="307" dir="0" index="0" bw="10" slack="1"/>
<pin id="308" dir="1" index="1" bw="10" slack="1"/>
</pin_list>
<bind>
<opset="rowIdx_V_6 "/>
</bind>
</comp>

</comp_list>

<net_list>
<net id="77"><net_src comp="24" pin="0"/><net_sink comp="74" pin=0"/></net>

<net id="82"><net_src comp="26" pin="0"/><net_sink comp="78" pin=0"/></net>

<net id="83"><net_src comp="0" pin="0"/><net_sink comp="78" pin=1"/></net>

<net id="89"><net_src comp="28" pin="0"/><net_sink comp="84" pin=0"/></net>

<net id="90"><net_src comp="2" pin="0"/><net_sink comp="84" pin=1"/></net>

<net id="91"><net_src comp="78" pin="2"/><net_sink comp="84" pin=2"/></net>

<net id="97"><net_src comp="28" pin="0"/><net_sink comp="92" pin=0"/></net>

<net id="98"><net_src comp="8" pin="0"/><net_sink comp="92" pin=1"/></net>

<net id="99"><net_src comp="78" pin="2"/><net_sink comp="92" pin=2"/></net>

<net id="103"><net_src comp="42" pin="0"/><net_sink comp="100" pin=0"/></net>

<net id="110"><net_src comp="100" pin="1"/><net_sink comp="104" pin=0"/></net>

<net id="111"><net_src comp="104" pin="4"/><net_sink comp="100" pin=0"/></net>

<net id="115"><net_src comp="44" pin="0"/><net_sink comp="112" pin=0"/></net>

<net id="122"><net_src comp="112" pin="1"/><net_sink comp="116" pin=0"/></net>

<net id="123"><net_src comp="116" pin="4"/><net_sink comp="112" pin=0"/></net>

<net id="127"><net_src comp="46" pin="0"/><net_sink comp="124" pin=0"/></net>

<net id="134"><net_src comp="124" pin="1"/><net_sink comp="128" pin=0"/></net>

<net id="135"><net_src comp="128" pin="4"/><net_sink comp="124" pin=0"/></net>

<net id="139"><net_src comp="14" pin="0"/><net_sink comp="136" pin=0"/></net>

<net id="146"><net_src comp="136" pin="1"/><net_sink comp="140" pin=0"/></net>

<net id="155"><net_src comp="60" pin="0"/><net_sink comp="147" pin=0"/></net>

<net id="156"><net_src comp="6" pin="0"/><net_sink comp="147" pin=1"/></net>

<net id="157"><net_src comp="124" pin="1"/><net_sink comp="147" pin=4"/></net>

<net id="158"><net_src comp="112" pin="1"/><net_sink comp="147" pin=5"/></net>

<net id="166"><net_src comp="58" pin="0"/><net_sink comp="159" pin=0"/></net>

<net id="167"><net_src comp="4" pin="0"/><net_sink comp="159" pin=1"/></net>

<net id="168"><net_src comp="100" pin="1"/><net_sink comp="159" pin=4"/></net>

<net id="173"><net_src comp="78" pin="2"/><net_sink comp="169" pin=0"/></net>

<net id="174"><net_src comp="38" pin="0"/><net_sink comp="169" pin=1"/></net>

<net id="179"><net_src comp="78" pin="2"/><net_sink comp="175" pin=0"/></net>

<net id="180"><net_src comp="40" pin="0"/><net_sink comp="175" pin=1"/></net>

<net id="185"><net_src comp="169" pin="2"/><net_sink comp="181" pin=0"/></net>

<net id="186"><net_src comp="175" pin="2"/><net_sink comp="181" pin=1"/></net>

<net id="191"><net_src comp="181" pin="2"/><net_sink comp="187" pin=0"/></net>

<net id="192"><net_src comp="18" pin="0"/><net_sink comp="187" pin=1"/></net>

<net id="197"><net_src comp="140" pin="4"/><net_sink comp="193" pin=0"/></net>

<net id="202"><net_src comp="104" pin="4"/><net_sink comp="198" pin=0"/></net>

<net id="203"><net_src comp="44" pin="0"/><net_sink comp="198" pin=1"/></net>

<net id="208"><net_src comp="140" pin="4"/><net_sink comp="204" pin=0"/></net>

<net id="215"><net_src comp="48" pin="0"/><net_sink comp="209" pin=0"/></net>

<net id="216"><net_src comp="140" pin="4"/><net_sink comp="209" pin=1"/></net>

<net id="217"><net_src comp="50" pin="0"/><net_sink comp="209" pin=2"/></net>

<net id="218"><net_src comp="52" pin="0"/><net_sink comp="209" pin=3"/></net>

<net id="223"><net_src comp="209" pin="4"/><net_sink comp="219" pin=0"/></net>

<net id="224"><net_src comp="54" pin="0"/><net_sink comp="219" pin=1"/></net>

<net id="229"><net_src comp="140" pin="4"/><net_sink comp="225" pin=0"/></net>

<net id="230"><net_src comp="50" pin="0"/><net_sink comp="225" pin=1"/></net>

<net id="235"><net_src comp="56" pin="0"/><net_sink comp="231" pin=1"/></net>

<net id="236"><net_src comp="231" pin="2"/><net_sink comp="159" pin=3"/></net>

<net id="241"><net_src comp="112" pin="1"/><net_sink comp="237" pin=0"/></net>

<net id="242"><net_src comp="44" pin="0"/><net_sink comp="237" pin=1"/></net>

<net id="247"><net_src comp="124" pin="1"/><net_sink comp="243" pin=0"/></net>

<net id="248"><net_src comp="62" pin="0"/><net_sink comp="243" pin=1"/></net>

<net id="253"><net_src comp="124" pin="1"/><net_sink comp="249" pin=0"/></net>

<net id="254"><net_src comp="64" pin="0"/><net_sink comp="249" pin=1"/></net>

<net id="260"><net_src comp="243" pin="2"/><net_sink comp="255" pin=0"/></net>

<net id="261"><net_src comp="66" pin="0"/><net_sink comp="255" pin=1"/></net>

<net id="262"><net_src comp="249" pin="2"/><net_sink comp="255" pin=2"/></net>

<net id="266"><net_src comp="181" pin="2"/><net_sink comp="263" pin=0"/></net>

<net id="267"><net_src comp="263" pin="1"/><net_sink comp="204" pin=1"/></net>

<net id="271"><net_src comp="187" pin="2"/><net_sink comp="268" pin=0"/></net>

<net id="272"><net_src comp="268" pin="1"/><net_sink comp="193" pin=1"/></net>

<net id="279"><net_src comp="198" pin="2"/><net_sink comp="276" pin=0"/></net>

<net id="280"><net_src comp="276" pin="1"/><net_sink comp="104" pin=2"/></net>

<net id="284"><net_src comp="204" pin="2"/><net_sink comp="281" pin=0"/></net>

<net id="285"><net_src comp="281" pin="1"/><net_sink comp="231" pin=0"/></net>

<net id="289"><net_src comp="219" pin="2"/><net_sink comp="286" pin=0"/></net>

<net id="290"><net_src comp="286" pin="1"/><net_sink comp="147" pin=3"/></net>

<net id="294"><net_src comp="225" pin="2"/><net_sink comp="291" pin=0"/></net>

<net id="295"><net_src comp="291" pin="1"/><net_sink comp="140" pin=2"/></net>

<net id="299"><net_src comp="231" pin="2"/><net_sink comp="296" pin=0"/></net>

<net id="300"><net_src comp="296" pin="1"/><net_sink comp="159" pin=3"/></net>

<net id="304"><net_src comp="237" pin="2"/><net_sink comp="301" pin=0"/></net>

<net id="305"><net_src comp="301" pin="1"/><net_sink comp="116" pin=2"/></net>

<net id="309"><net_src comp="255" pin="3"/><net_sink comp="306" pin=0"/></net>

<net id="310"><net_src comp="306" pin="1"/><net_sink comp="128" pin=2"/></net>

</net_list>

</model> 
---------------- Datapath Model END ------------------

* FSMD analyzer results:
  - Output states:
	Port: reps_out | {1 }
	Port: padding_out_V_V | {3 4 }
	Port: reps_c_i | {1 }
 - Input state : 
	Port: conv3padding711 : reps | {1 }
	Port: conv3padding711 : in_V_V | {3 4 }
  - Chain level:
	State 1
		specmemcore_ln122 : 1
		or_ln130 : 1
	State 2
		icmp_ln130 : 1
		storeBufferIdx_V : 1
		br_ln130 : 2
		icmp_ln132 : 1
		tmp : 1
		icmp_ln134 : 2
		rep : 1
	State 3
		rowIdx_V_6 : 1
	State 4
		empty : 1


============================================================
+ Verbose Summary: Datapath Resource usage 
============================================================

* Functional unit list:
|----------|----------------------------|---------|---------|---------|---------|
| Operation|       Functional Unit      |  DSP48E |  Delay  |    FF   |   LUT   |
|----------|----------------------------|---------|---------|---------|---------|
|   call   | grp_stream_out_data_fu_147 |    1    |  0.755  |   232   |   321   |
|          | grp_stream_in_row_4_fu_159 |    0    |   1.51  |   355   |   111   |
|----------|----------------------------|---------|---------|---------|---------|
|          |      add_ln130_fu_181      |    0    |    0    |    0    |    39   |
|          |   storeBufferIdx_V_fu_198  |    0    |    0    |    0    |    9    |
|    add   |         rep_fu_225         |    0    |    0    |    0    |    39   |
|          |   loadBufferIdx_V_fu_237   |    0    |    0    |    0    |    9    |
|          |       rowIdx_V_fu_249      |    0    |    0    |    0    |    17   |
|----------|----------------------------|---------|---------|---------|---------|
|          |      icmp_ln130_fu_193     |    0    |    0    |    0    |    20   |
|   icmp   |      icmp_ln132_fu_204     |    0    |    0    |    0    |    20   |
|          |      icmp_ln134_fu_219     |    0    |    0    |    0    |    20   |
|          |      icmp_ln879_fu_243     |    0    |    0    |    0    |    13   |
|----------|----------------------------|---------|---------|---------|---------|
|  select  |      rowIdx_V_6_fu_255     |    0    |    0    |    0    |    9    |
|----------|----------------------------|---------|---------|---------|---------|
|    xor   |      xor_ln132_fu_231      |    0    |    0    |    0    |    2    |
|----------|----------------------------|---------|---------|---------|---------|
|   read   |    reps_read_read_fu_78    |    0    |    0    |    0    |    0    |
|----------|----------------------------|---------|---------|---------|---------|
|   write  |   write_ln90_write_fu_84   |    0    |    0    |    0    |    0    |
|          |   write_ln504_write_fu_92  |    0    |    0    |    0    |    0    |
|----------|----------------------------|---------|---------|---------|---------|
|    shl   |      shl_ln130_fu_169      |    0    |    0    |    0    |    0    |
|          |     shl_ln130_5_fu_175     |    0    |    0    |    0    |    0    |
|----------|----------------------------|---------|---------|---------|---------|
|    or    |       or_ln130_fu_187      |    0    |    0    |    0    |    0    |
|----------|----------------------------|---------|---------|---------|---------|
|partselect|         tmp_fu_209         |    0    |    0    |    0    |    0    |
|----------|----------------------------|---------|---------|---------|---------|
|   Total  |                            |    1    |  2.265  |   587   |   629   |
|----------|----------------------------|---------|---------|---------|---------|

Memories:
+--------------+--------+--------+--------+--------+
|              |  BRAM  |   FF   |   LUT  |  URAM  |
+--------------+--------+--------+--------+--------+
|row_buffer_0_V|    4   |    0   |    0   |    0   |
+--------------+--------+--------+--------+--------+
|     Total    |    4   |    0   |    0   |    0   |
+--------------+--------+--------+--------+--------+

* Register list:
+------------------------+--------+
|                        |   FF   |
+------------------------+--------+
|    add_ln130_reg_263   |   32   |
|   icmp_ln132_reg_281   |    1   |
|   icmp_ln134_reg_286   |    1   |
| loadBufferIdx_V_reg_301|    2   |
|    or_ln130_reg_268    |   32   |
|   rep_0_i_i_i_reg_136  |   32   |
|       rep_reg_291      |   32   |
|   rowIdx_V_6_reg_306   |   10   |
|storeBufferIdx_V_reg_276|    2   |
|     t_V_15_reg_100     |    2   |
|     t_V_16_reg_124     |   10   |
|       t_V_reg_112      |    2   |
|    xor_ln132_reg_296   |    1   |
+------------------------+--------+
|          Total         |   159  |
+------------------------+--------+

* Multiplexer (MUX) list: 
|----------------------------|------|------|------|--------||---------||---------|
|            Comp            |  Pin | Size |  BW  | S x BW ||  Delay  ||   LUT   |
|----------------------------|------|------|------|--------||---------||---------|
|       t_V_15_reg_100       |  p0  |   2  |   2  |    4   ||    9    |
|         t_V_reg_112        |  p0  |   2  |   2  |    4   ||    9    |
|       t_V_16_reg_124       |  p0  |   2  |  10  |   20   ||    9    |
| grp_stream_in_row_4_fu_159 |  p3  |   2  |   1  |    2   ||    9    |
|----------------------------|------|------|------|--------||---------||---------|
|            Total           |      |      |      |   30   ||   3.02  ||    36   |
|----------------------------|------|------|------|--------||---------||---------|



* Summary:
+-----------+--------+--------+--------+--------+--------+--------+
|           |  BRAM  | DSP48E |  Delay |   FF   |   LUT  |  URAM  |
+-----------+--------+--------+--------+--------+--------+--------+
|  Function |    -   |    1   |    2   |   587  |   629  |    -   |
|   Memory  |    4   |    -   |    -   |    0   |    0   |    0   |
|Multiplexer|    -   |    -   |    3   |    -   |   36   |    -   |
|  Register |    -   |    -   |    -   |   159  |    -   |    -   |
+-----------+--------+--------+--------+--------+--------+--------+
|   Total   |    4   |    1   |    5   |   746  |   665  |    0   |
+-----------+--------+--------+--------+--------+--------+--------+
