

================================================================
== Vivado HLS Report for 'conv3x3_bn_act_DSPop_6'
================================================================
* Date:           Tue May 10 21:15:24 2022

* Version:        2019.2 (Build 2704478 on Wed Nov 06 22:10:23 MST 2019)
* Project:        ultra_core
* Solution:       ultracore_125
* Product family: zynquplus
* Target device:  xczu3eg-sbva484-1-e


================================================================
== Performance Estimates
================================================================
+ Timing: 
    * Summary: 
    +--------+---------+----------+------------+
    |  Clock |  Target | Estimated| Uncertainty|
    +--------+---------+----------+------------+
    |ap_clk  | 4.00 ns | 3.500 ns |   0.50 ns  |
    +--------+---------+----------+------------+

+ Latency: 
    * Summary: 
    +---------+---------+----------+----------+-----+-----+----------+
    |  Latency (cycles) |  Latency (absolute) |  Interval | Pipeline |
    |   min   |   max   |    min   |    max   | min | max |   Type   |
    +---------+---------+----------+----------+-----+-----+----------+
    |        ?|        ?|         ?|         ?|    ?|    ?| dataflow |
    +---------+---------+----------+----------+-----+-----+----------+

    + Detail: 
        * Instance: 
        +------------------------------+--------------------+---------+---------+----------+----------+-----+-----+---------+
        |                              |                    |  Latency (cycles) |  Latency (absolute) |  Interval | Pipeline|
        |           Instance           |       Module       |   min   |   max   |    min   |    max   | min | max |   Type  |
        +------------------------------+--------------------+---------+---------+----------+----------+-----+-----+---------+
        |grp_convDSPOpt_3_fu_70        |convDSPOpt_3        |        ?|        ?|         ?|         ?|    ?|    ?|   none  |
        |grp_conv3padding526715_fu_98  |conv3padding526715  |        ?|        ?|         ?|         ?|    ?|    ?|   none  |
        +------------------------------+--------------------+---------+---------+----------+----------+-----+-----+---------+

        * Loop: 
        N/A

============================================================
+ Verbose Summary: Synthesis Manager
============================================================
InlineROM: 1
ExposeGlobal: 0
============================================================
+ Verbose Summary: CDFG Model
============================================================
IsTopModel: 0
ResetActiveHigh: 1
IsCombinational: 2
IsDatapathOnly: 0
HasWiredReturn: 1
HasMFsm: 0
HasVarLatency: 1
IsPipeline: 0
IsRtlPipelined: 0
IsInstanceOverlapped: 0
IsDontTouch: 0
HasImplIP: 0
IsGatedGlobalClock: 0


============================================================
+ Verbose Summary: Schedule
============================================================
* Number of FSM states : 4
* Pipeline : 0
* Dataflow Pipeline: 1
  DF-Pipeline-0: Size = 4, States = { 1 2 3 4 }

* FSM state transitions: 
1 --> 2 
2 --> 3 
3 --> 4 
4 --> 

* FSM state operations: 

State 1 <SV = 0> <Delay = 0.00>
ST_1 : Operation 5 [1/1] (0.00ns)   --->   "%reps_c_i = alloca i32, align 4" [./src/conv2d_DSPopt.hpp:503->./src/ultranet.cpp:90]   --->   Operation 5 'alloca' 'reps_c_i' <Predicate = true> <Delay = 0.00> <Core = "FIFO">   --->   Core 32 'FIFO' <Latency = 0> <II = 1> <Delay = 2.16> <Storage> <Opcode : 'read' 'write' 'nbread' 'nbwrite'> <Ports = 0> <Width = 32> <Depth = 2> <FIFO>
ST_1 : Operation 6 [1/1] (0.00ns)   --->   "%padding_out_V_V = alloca i32, align 4" [./src/conv2d_DSPopt.hpp:512->./src/ultranet.cpp:90]   --->   Operation 6 'alloca' 'padding_out_V_V' <Predicate = true> <Delay = 0.00> <Core = "FIFO">   --->   Core 32 'FIFO' <Latency = 0> <II = 1> <Delay = 2.16> <Storage> <Opcode : 'read' 'write' 'nbread' 'nbwrite'> <Ports = 0> <Width = 32> <Depth = 2> <FIFO>
ST_1 : Operation 7 [2/2] (0.00ns)   --->   "call void @conv3padding526715(i32* %reps, i32* %reps_out, i16* %in_V_V, i32* %padding_out_V_V, i32* %reps_c_i)" [./src/conv2d_DSPopt.hpp:503->./src/ultranet.cpp:90]   --->   Operation 7 'call' <Predicate = true> <Delay = 0.00> <CoreType = "Generic">   --->   Core 0 '' <Latency = 0> <II = 1> <Delay = 1.00> <Generic> <Opcode : >

State 2 <SV = 1> <Delay = 0.00>
ST_2 : Operation 8 [1/2] (0.00ns)   --->   "call void @conv3padding526715(i32* %reps, i32* %reps_out, i16* %in_V_V, i32* %padding_out_V_V, i32* %reps_c_i)" [./src/conv2d_DSPopt.hpp:503->./src/ultranet.cpp:90]   --->   Operation 8 'call' <Predicate = true> <Delay = 0.00> <CoreType = "Generic">   --->   Core 0 '' <Latency = 0> <II = 1> <Delay = 1.00> <Generic> <Opcode : >

State 3 <SV = 2> <Delay = 0.00>
ST_3 : Operation 9 [2/2] (0.00ns)   --->   "call fastcc void @convDSPOpt.3(i32* %padding_out_V_V, i16* %out_V_V, i32* nocapture %reps_c_i)" [./src/conv2d_DSPopt.hpp:517->./src/ultranet.cpp:90]   --->   Operation 9 'call' <Predicate = true> <Delay = 0.00> <CoreType = "Generic">   --->   Core 0 '' <Latency = 0> <II = 1> <Delay = 1.00> <Generic> <Opcode : >

State 4 <SV = 3> <Delay = 0.00>
ST_4 : Operation 10 [1/1] (0.00ns)   --->   "call void (...)* @_ssdm_op_SpecInterface(i16* %out_V_V, [8 x i8]* @ap_fifo_str, i32 0, i32 0, [1 x i8]* @p_str, i32 0, i32 0, [1 x i8]* @p_str, [1 x i8]* @p_str, [1 x i8]* @p_str, i32 2, i32 2, i32 16, i32 16, [1 x i8]* @p_str, [1 x i8]* @p_str)"   --->   Operation 10 'specinterface' <Predicate = true> <Delay = 0.00>
ST_4 : Operation 11 [1/1] (0.00ns)   --->   "call void (...)* @_ssdm_op_SpecInterface(i16* %in_V_V, [8 x i8]* @ap_fifo_str, i32 0, i32 0, [1 x i8]* @p_str, i32 0, i32 0, [1 x i8]* @p_str, [1 x i8]* @p_str, [1 x i8]* @p_str, i32 2, i32 2, i32 16, i32 16, [1 x i8]* @p_str, [1 x i8]* @p_str)"   --->   Operation 11 'specinterface' <Predicate = true> <Delay = 0.00>
ST_4 : Operation 12 [1/1] (0.00ns)   --->   "call void (...)* @_ssdm_op_SpecInterface(i32* %reps, [8 x i8]* @ap_fifo_str, i32 0, i32 0, [1 x i8]* @p_str, i32 0, i32 0, [1 x i8]* @p_str, [1 x i8]* @p_str, [1 x i8]* @p_str, i32 2, i32 2, i32 16, i32 16, [1 x i8]* @p_str, [11 x i8]* @ScalarProp_str)"   --->   Operation 12 'specinterface' <Predicate = true> <Delay = 0.00>
ST_4 : Operation 13 [1/1] (0.00ns)   --->   "call void (...)* @_ssdm_op_SpecInterface(i32* %reps_out, [8 x i8]* @ap_fifo_str, i32 0, i32 0, [1 x i8]* @p_str, i32 0, i32 0, [1 x i8]* @p_str, [1 x i8]* @p_str, [1 x i8]* @p_str, i32 2, i32 2, i32 16, i32 16, [1 x i8]* @p_str, [1 x i8]* @p_str)"   --->   Operation 13 'specinterface' <Predicate = true> <Delay = 0.00>
ST_4 : Operation 14 [1/1] (0.00ns)   --->   "call void (...)* @_ssdm_op_SpecDataflowPipeline(i32 -1, i32 0, [1 x i8]* @p_str49942) nounwind" [./src/conv2d_DSPopt.hpp:504->./src/ultranet.cpp:90]   --->   Operation 14 'specdataflowpipeline' <Predicate = true> <Delay = 0.00>
ST_4 : Operation 15 [1/1] (0.00ns)   --->   "%empty = call i32 (...)* @_ssdm_op_SpecChannel([16 x i8]* @padding_out_OC_V_OC_s, i32 1, [1 x i8]* @p_str, [1 x i8]* @p_str, i32 2, i32 2, i32* %padding_out_V_V, i32* %padding_out_V_V)"   --->   Operation 15 'specchannel' 'empty' <Predicate = true> <Delay = 0.00>
ST_4 : Operation 16 [1/1] (0.00ns)   --->   "call void (...)* @_ssdm_op_SpecInterface(i32* %padding_out_V_V, [8 x i8]* @ap_fifo_str, i32 0, i32 0, [1 x i8]* @p_str, i32 0, i32 0, [1 x i8]* @p_str, [1 x i8]* @p_str, [1 x i8]* @p_str, i32 2, i32 2, i32 16, i32 16, [1 x i8]* @p_str, [1 x i8]* @p_str)"   --->   Operation 16 'specinterface' <Predicate = true> <Delay = 0.00>
ST_4 : Operation 17 [1/1] (0.00ns)   --->   "%empty_137 = call i32 (...)* @_ssdm_op_SpecChannel([7 x i8]* @reps_c_str, i32 1, [1 x i8]* @p_str, [1 x i8]* @p_str, i32 2, i32 0, i32* %reps_c_i, i32* %reps_c_i)" [./src/conv2d_DSPopt.hpp:503->./src/ultranet.cpp:90]   --->   Operation 17 'specchannel' 'empty_137' <Predicate = true> <Delay = 0.00>
ST_4 : Operation 18 [1/1] (0.00ns)   --->   "call void (...)* @_ssdm_op_SpecInterface(i32* %reps_c_i, [8 x i8]* @ap_fifo_str, i32 0, i32 0, [1 x i8]* @p_str, i32 0, i32 0, [1 x i8]* @p_str, [1 x i8]* @p_str, [1 x i8]* @p_str, i32 2, i32 2, i32 16, i32 16, [1 x i8]* @p_str, [1 x i8]* @p_str)" [./src/conv2d_DSPopt.hpp:503->./src/ultranet.cpp:90]   --->   Operation 18 'specinterface' <Predicate = true> <Delay = 0.00>
ST_4 : Operation 19 [1/2] (0.00ns)   --->   "call fastcc void @convDSPOpt.3(i32* %padding_out_V_V, i16* %out_V_V, i32* nocapture %reps_c_i)" [./src/conv2d_DSPopt.hpp:517->./src/ultranet.cpp:90]   --->   Operation 19 'call' <Predicate = true> <Delay = 0.00> <CoreType = "Generic">   --->   Core 0 '' <Latency = 0> <II = 1> <Delay = 1.00> <Generic> <Opcode : >
ST_4 : Operation 20 [1/1] (0.00ns)   --->   "ret void" [./src/ultranet.cpp:90]   --->   Operation 20 'ret' <Predicate = true> <Delay = 0.00>


============================================================
+ Verbose Summary: Binding
============================================================
STG Binding: 
---------------- STG Properties BEGIN ----------------
- Is combinational: 0
- Is one-state seq: 0
- Is datapath-only: 0
- Is pipelined: 0
- Is top level: 0
Port [ Return ] is wired: 1; IO mode=ap_ctrl_hs:ce=0
Port [ in_V_V]:  wired=1; compound=1; hidden=0; nouse=0; global=0; static=0; extern=0; dir=0; type=3; pingpong=0; private_global=0; IO mode=ap_fifo:ce=0
Port [ out_V_V]:  wired=1; compound=1; hidden=0; nouse=0; global=0; static=0; extern=0; dir=1; type=3; pingpong=0; private_global=0; IO mode=ap_fifo:ce=0
Port [ reps]:  wired=1; compound=1; hidden=0; nouse=0; global=0; static=0; extern=0; dir=0; type=3; pingpong=0; private_global=0; IO mode=ap_fifo:ce=0
Port [ reps_out]:  wired=1; compound=1; hidden=0; nouse=0; global=0; static=0; extern=0; dir=1; type=3; pingpong=0; private_global=0; IO mode=ap_fifo:ce=0
Port [ conv_5_inc_new_V_0]:  wired=0; compound=1; hidden=1; nouse=1; global=1; static=1; extern=0; dir=0; type=1; pingpong=0; private_global=0; linkage=7; visibility=0; MemPort=[11]; IO mode=ap_memory:ce=0
Port [ conv_5_bias_new_V_0]:  wired=0; compound=1; hidden=1; nouse=1; global=1; static=1; extern=0; dir=0; type=1; pingpong=0; private_global=0; linkage=7; visibility=0; MemPort=[11]; IO mode=ap_memory:ce=0
Port [ conv_5_inc_new_V_1]:  wired=0; compound=1; hidden=1; nouse=1; global=1; static=1; extern=0; dir=0; type=1; pingpong=0; private_global=0; linkage=7; visibility=0; MemPort=[11]; IO mode=ap_memory:ce=0
Port [ conv_5_bias_new_V_1]:  wired=0; compound=1; hidden=1; nouse=1; global=1; static=1; extern=0; dir=0; type=1; pingpong=0; private_global=0; linkage=7; visibility=0; MemPort=[11]; IO mode=ap_memory:ce=0
Port [ conv_5_w_new_V_0_2]:  wired=0; compound=1; hidden=1; nouse=1; global=1; static=1; extern=0; dir=0; type=1; pingpong=0; private_global=0; linkage=7; visibility=0; MemPort=[1]; IO mode=ap_memory:ce=0
Port [ conv_5_w_new_V_0_1]:  wired=0; compound=1; hidden=1; nouse=1; global=1; static=1; extern=0; dir=0; type=1; pingpong=0; private_global=0; linkage=7; visibility=0; MemPort=[1]; IO mode=ap_memory:ce=0
Port [ conv_5_w_new_V_0_0]:  wired=0; compound=1; hidden=1; nouse=1; global=1; static=1; extern=0; dir=0; type=1; pingpong=0; private_global=0; linkage=7; visibility=0; MemPort=[1]; IO mode=ap_memory:ce=0
Port [ conv_5_w_new_V_1_2]:  wired=0; compound=1; hidden=1; nouse=1; global=1; static=1; extern=0; dir=0; type=1; pingpong=0; private_global=0; linkage=7; visibility=0; MemPort=[1]; IO mode=ap_memory:ce=0
Port [ conv_5_w_new_V_1_1]:  wired=0; compound=1; hidden=1; nouse=1; global=1; static=1; extern=0; dir=0; type=1; pingpong=0; private_global=0; linkage=7; visibility=0; MemPort=[1]; IO mode=ap_memory:ce=0
Port [ conv_5_w_new_V_1_0]:  wired=0; compound=1; hidden=1; nouse=1; global=1; static=1; extern=0; dir=0; type=1; pingpong=0; private_global=0; linkage=7; visibility=0; MemPort=[1]; IO mode=ap_memory:ce=0
---------------- STG Properties END ------------------

---------------- Datapath Model BEGIN ----------------

<LifeTime>
<method=bitvector/>
reps_c_i                   (alloca              ) [ 01111]
padding_out_V_V            (alloca              ) [ 01111]
call_ln503                 (call                ) [ 00000]
specinterface_ln0          (specinterface       ) [ 00000]
specinterface_ln0          (specinterface       ) [ 00000]
specinterface_ln0          (specinterface       ) [ 00000]
specinterface_ln0          (specinterface       ) [ 00000]
specdataflowpipeline_ln504 (specdataflowpipeline) [ 00000]
empty                      (specchannel         ) [ 00000]
specinterface_ln0          (specinterface       ) [ 00000]
empty_137                  (specchannel         ) [ 00000]
specinterface_ln503        (specinterface       ) [ 00000]
call_ln517                 (call                ) [ 00000]
ret_ln90                   (ret                 ) [ 00000]
</LifeTime>

<model>

<comp_list>
<comp id="0" class="1000" name="in_V_V">
<pin_list>
<pin id="1" dir="1" index="0" bw="1" slack="0"/>
</pin_list>
<bind>
<StgValue><ssdm name="in_V_V"/></StgValue>
</bind>
</comp>

<comp id="2" class="1000" name="out_V_V">
<pin_list>
<pin id="3" dir="1" index="0" bw="1" slack="0"/>
</pin_list>
<bind>
<StgValue><ssdm name="out_V_V"/></StgValue>
</bind>
</comp>

<comp id="4" class="1000" name="reps">
<pin_list>
<pin id="5" dir="1" index="0" bw="1" slack="0"/>
</pin_list>
<bind>
<StgValue><ssdm name="reps"/></StgValue>
</bind>
</comp>

<comp id="6" class="1000" name="reps_out">
<pin_list>
<pin id="7" dir="1" index="0" bw="1" slack="0"/>
</pin_list>
<bind>
<StgValue><ssdm name="reps_out"/></StgValue>
</bind>
</comp>

<comp id="8" class="1000" name="conv_5_inc_new_V_0">
<pin_list>
<pin id="9" dir="1" index="0" bw="1" slack="0"/>
</pin_list>
<bind>
<StgValue><ssdm name="conv_5_inc_new_V_0"/><MemPortTyVec>1 1 </MemPortTyVec>
</StgValue>
</bind>
</comp>

<comp id="10" class="1000" name="conv_5_bias_new_V_0">
<pin_list>
<pin id="11" dir="1" index="0" bw="1" slack="0"/>
</pin_list>
<bind>
<StgValue><ssdm name="conv_5_bias_new_V_0"/><MemPortTyVec>1 1 </MemPortTyVec>
</StgValue>
</bind>
</comp>

<comp id="12" class="1000" name="conv_5_inc_new_V_1">
<pin_list>
<pin id="13" dir="1" index="0" bw="1" slack="0"/>
</pin_list>
<bind>
<StgValue><ssdm name="conv_5_inc_new_V_1"/><MemPortTyVec>1 1 </MemPortTyVec>
</StgValue>
</bind>
</comp>

<comp id="14" class="1000" name="conv_5_bias_new_V_1">
<pin_list>
<pin id="15" dir="1" index="0" bw="1" slack="0"/>
</pin_list>
<bind>
<StgValue><ssdm name="conv_5_bias_new_V_1"/><MemPortTyVec>1 1 </MemPortTyVec>
</StgValue>
</bind>
</comp>

<comp id="16" class="1000" name="conv_5_w_new_V_0_2">
<pin_list>
<pin id="17" dir="1" index="0" bw="1" slack="0"/>
</pin_list>
<bind>
<StgValue><ssdm name="conv_5_w_new_V_0_2"/><MemPortTyVec>1 </MemPortTyVec>
</StgValue>
</bind>
</comp>

<comp id="18" class="1000" name="conv_5_w_new_V_0_1">
<pin_list>
<pin id="19" dir="1" index="0" bw="1" slack="0"/>
</pin_list>
<bind>
<StgValue><ssdm name="conv_5_w_new_V_0_1"/><MemPortTyVec>1 </MemPortTyVec>
</StgValue>
</bind>
</comp>

<comp id="20" class="1000" name="conv_5_w_new_V_0_0">
<pin_list>
<pin id="21" dir="1" index="0" bw="1" slack="0"/>
</pin_list>
<bind>
<StgValue><ssdm name="conv_5_w_new_V_0_0"/><MemPortTyVec>1 </MemPortTyVec>
</StgValue>
</bind>
</comp>

<comp id="22" class="1000" name="conv_5_w_new_V_1_2">
<pin_list>
<pin id="23" dir="1" index="0" bw="1" slack="0"/>
</pin_list>
<bind>
<StgValue><ssdm name="conv_5_w_new_V_1_2"/><MemPortTyVec>1 </MemPortTyVec>
</StgValue>
</bind>
</comp>

<comp id="24" class="1000" name="conv_5_w_new_V_1_1">
<pin_list>
<pin id="25" dir="1" index="0" bw="1" slack="0"/>
</pin_list>
<bind>
<StgValue><ssdm name="conv_5_w_new_V_1_1"/><MemPortTyVec>1 </MemPortTyVec>
</StgValue>
</bind>
</comp>

<comp id="26" class="1000" name="conv_5_w_new_V_1_0">
<pin_list>
<pin id="27" dir="1" index="0" bw="1" slack="0"/>
</pin_list>
<bind>
<StgValue><ssdm name="conv_5_w_new_V_1_0"/><MemPortTyVec>1 </MemPortTyVec>
</StgValue>
</bind>
</comp>

<comp id="28" class="1001" name="const_28">
<pin_list>
<pin id="29" dir="1" index="0" bw="1" slack="0"/>
</pin_list>
<bind>
<StgValue><ssdm name=""/></StgValue>
</bind>
</comp>

<comp id="30" class="1001" name="const_30">
<pin_list>
<pin id="31" dir="1" index="0" bw="1" slack="0"/>
</pin_list>
<bind>
<StgValue><ssdm name="conv3padding526715"/></StgValue>
</bind>
</comp>

<comp id="32" class="1001" name="const_32">
<pin_list>
<pin id="33" dir="1" index="0" bw="1" slack="0"/>
</pin_list>
<bind>
<StgValue><ssdm name="convDSPOpt.3"/></StgValue>
</bind>
</comp>

<comp id="34" class="1001" name="const_34">
<pin_list>
<pin id="35" dir="1" index="0" bw="1" slack="2147483647"/>
</pin_list>
<bind>
<StgValue><ssdm name="_ssdm_op_SpecInterface"/></StgValue>
</bind>
</comp>

<comp id="36" class="1001" name="const_36">
<pin_list>
<pin id="37" dir="1" index="0" bw="1" slack="2147483647"/>
</pin_list>
<bind>
<StgValue><ssdm name="ap_fifo_str"/></StgValue>
</bind>
</comp>

<comp id="38" class="1001" name="const_38">
<pin_list>
<pin id="39" dir="1" index="0" bw="1" slack="2147483647"/>
</pin_list>
<bind>
<StgValue><ssdm name=""/></StgValue>
</bind>
</comp>

<comp id="40" class="1001" name="const_40">
<pin_list>
<pin id="41" dir="1" index="0" bw="1" slack="2147483647"/>
</pin_list>
<bind>
<StgValue><ssdm name="p_str"/></StgValue>
</bind>
</comp>

<comp id="42" class="1001" name="const_42">
<pin_list>
<pin id="43" dir="1" index="0" bw="1" slack="2147483647"/>
</pin_list>
<bind>
<StgValue><ssdm name=""/></StgValue>
</bind>
</comp>

<comp id="44" class="1001" name="const_44">
<pin_list>
<pin id="45" dir="1" index="0" bw="1" slack="2147483647"/>
</pin_list>
<bind>
<StgValue><ssdm name=""/></StgValue>
</bind>
</comp>

<comp id="46" class="1001" name="const_46">
<pin_list>
<pin id="47" dir="1" index="0" bw="1" slack="2147483647"/>
</pin_list>
<bind>
<StgValue><ssdm name="ScalarProp_str"/></StgValue>
</bind>
</comp>

<comp id="48" class="1001" name="const_48">
<pin_list>
<pin id="49" dir="1" index="0" bw="1" slack="2147483647"/>
</pin_list>
<bind>
<StgValue><ssdm name="_ssdm_op_SpecDataflowPipeline"/></StgValue>
</bind>
</comp>

<comp id="50" class="1001" name="const_50">
<pin_list>
<pin id="51" dir="1" index="0" bw="1" slack="2147483647"/>
</pin_list>
<bind>
<StgValue><ssdm name=""/></StgValue>
</bind>
</comp>

<comp id="52" class="1001" name="const_52">
<pin_list>
<pin id="53" dir="1" index="0" bw="1" slack="2147483647"/>
</pin_list>
<bind>
<StgValue><ssdm name="p_str49942"/></StgValue>
</bind>
</comp>

<comp id="54" class="1001" name="const_54">
<pin_list>
<pin id="55" dir="1" index="0" bw="1" slack="2147483647"/>
</pin_list>
<bind>
<StgValue><ssdm name="_ssdm_op_SpecChannel"/></StgValue>
</bind>
</comp>

<comp id="56" class="1001" name="const_56">
<pin_list>
<pin id="57" dir="1" index="0" bw="1" slack="2147483647"/>
</pin_list>
<bind>
<StgValue><ssdm name="padding_out_OC_V_OC_s"/></StgValue>
</bind>
</comp>

<comp id="58" class="1001" name="const_58">
<pin_list>
<pin id="59" dir="1" index="0" bw="1" slack="2147483647"/>
</pin_list>
<bind>
<StgValue><ssdm name=""/></StgValue>
</bind>
</comp>

<comp id="60" class="1001" name="const_60">
<pin_list>
<pin id="61" dir="1" index="0" bw="1" slack="2147483647"/>
</pin_list>
<bind>
<StgValue><ssdm name="reps_c_str"/></StgValue>
</bind>
</comp>

<comp id="62" class="1004" name="reps_c_i_fu_62">
<pin_list>
<pin id="63" dir="0" index="0" bw="1" slack="0"/>
<pin id="64" dir="1" index="1" bw="32" slack="0"/>
</pin_list>
<bind>
<opcode="alloca(26) " fcode="alloca"/>
<opset="reps_c_i/1 "/>
</bind>
</comp>

<comp id="66" class="1004" name="padding_out_V_V_fu_66">
<pin_list>
<pin id="67" dir="0" index="0" bw="1" slack="0"/>
<pin id="68" dir="1" index="1" bw="32" slack="0"/>
</pin_list>
<bind>
<opcode="alloca(26) " fcode="alloca"/>
<opset="padding_out_V_V/1 "/>
</bind>
</comp>

<comp id="70" class="1004" name="grp_convDSPOpt_3_fu_70">
<pin_list>
<pin id="71" dir="0" index="0" bw="0" slack="0"/>
<pin id="72" dir="0" index="1" bw="32" slack="2"/>
<pin id="73" dir="0" index="2" bw="16" slack="0"/>
<pin id="74" dir="0" index="3" bw="32" slack="2"/>
<pin id="75" dir="0" index="4" bw="10" slack="0"/>
<pin id="76" dir="0" index="5" bw="21" slack="0"/>
<pin id="77" dir="0" index="6" bw="10" slack="0"/>
<pin id="78" dir="0" index="7" bw="20" slack="0"/>
<pin id="79" dir="0" index="8" bw="16" slack="0"/>
<pin id="80" dir="0" index="9" bw="16" slack="0"/>
<pin id="81" dir="0" index="10" bw="16" slack="0"/>
<pin id="82" dir="0" index="11" bw="16" slack="0"/>
<pin id="83" dir="0" index="12" bw="16" slack="0"/>
<pin id="84" dir="0" index="13" bw="16" slack="0"/>
<pin id="85" dir="1" index="14" bw="0" slack="2147483647"/>
</pin_list>
<bind>
<opcode="call(48) " fcode="call"/>
<opset="call_ln517/3 "/>
</bind>
</comp>

<comp id="98" class="1004" name="grp_conv3padding526715_fu_98">
<pin_list>
<pin id="99" dir="0" index="0" bw="0" slack="0"/>
<pin id="100" dir="0" index="1" bw="32" slack="0"/>
<pin id="101" dir="0" index="2" bw="32" slack="0"/>
<pin id="102" dir="0" index="3" bw="16" slack="0"/>
<pin id="103" dir="0" index="4" bw="32" slack="0"/>
<pin id="104" dir="0" index="5" bw="32" slack="0"/>
<pin id="105" dir="1" index="6" bw="0" slack="2147483647"/>
</pin_list>
<bind>
<opcode="call(48) " fcode="call"/>
<opset="call_ln503/1 "/>
</bind>
</comp>

<comp id="110" class="1005" name="reps_c_i_reg_110">
<pin_list>
<pin id="111" dir="0" index="0" bw="32" slack="0"/>
<pin id="112" dir="1" index="1" bw="32" slack="0"/>
</pin_list>
<bind>
<opset="reps_c_i "/>
</bind>
</comp>

<comp id="116" class="1005" name="padding_out_V_V_reg_116">
<pin_list>
<pin id="117" dir="0" index="0" bw="32" slack="0"/>
<pin id="118" dir="1" index="1" bw="32" slack="0"/>
</pin_list>
<bind>
<opset="padding_out_V_V "/>
</bind>
</comp>

</comp_list>

<net_list>
<net id="65"><net_src comp="28" pin="0"/><net_sink comp="62" pin=0"/></net>

<net id="69"><net_src comp="28" pin="0"/><net_sink comp="66" pin=0"/></net>

<net id="86"><net_src comp="32" pin="0"/><net_sink comp="70" pin=0"/></net>

<net id="87"><net_src comp="2" pin="0"/><net_sink comp="70" pin=2"/></net>

<net id="88"><net_src comp="8" pin="0"/><net_sink comp="70" pin=4"/></net>

<net id="89"><net_src comp="10" pin="0"/><net_sink comp="70" pin=5"/></net>

<net id="90"><net_src comp="12" pin="0"/><net_sink comp="70" pin=6"/></net>

<net id="91"><net_src comp="14" pin="0"/><net_sink comp="70" pin=7"/></net>

<net id="92"><net_src comp="16" pin="0"/><net_sink comp="70" pin=8"/></net>

<net id="93"><net_src comp="18" pin="0"/><net_sink comp="70" pin=9"/></net>

<net id="94"><net_src comp="20" pin="0"/><net_sink comp="70" pin=10"/></net>

<net id="95"><net_src comp="22" pin="0"/><net_sink comp="70" pin=11"/></net>

<net id="96"><net_src comp="24" pin="0"/><net_sink comp="70" pin=12"/></net>

<net id="97"><net_src comp="26" pin="0"/><net_sink comp="70" pin=13"/></net>

<net id="106"><net_src comp="30" pin="0"/><net_sink comp="98" pin=0"/></net>

<net id="107"><net_src comp="4" pin="0"/><net_sink comp="98" pin=1"/></net>

<net id="108"><net_src comp="6" pin="0"/><net_sink comp="98" pin=2"/></net>

<net id="109"><net_src comp="0" pin="0"/><net_sink comp="98" pin=3"/></net>

<net id="113"><net_src comp="62" pin="1"/><net_sink comp="110" pin=0"/></net>

<net id="114"><net_src comp="110" pin="1"/><net_sink comp="98" pin=5"/></net>

<net id="115"><net_src comp="110" pin="1"/><net_sink comp="70" pin=3"/></net>

<net id="119"><net_src comp="66" pin="1"/><net_sink comp="116" pin=0"/></net>

<net id="120"><net_src comp="116" pin="1"/><net_sink comp="98" pin=4"/></net>

<net id="121"><net_src comp="116" pin="1"/><net_sink comp="70" pin=1"/></net>

</net_list>

</model> 
---------------- Datapath Model END ------------------

* FSMD analyzer results:
  - Output states:
	Port: out_V_V | {3 4 }
	Port: reps_out | {1 2 }
 - Input state : 
	Port: conv3x3_bn_act_DSPop.6 : in_V_V | {1 2 }
	Port: conv3x3_bn_act_DSPop.6 : reps | {1 2 }
	Port: conv3x3_bn_act_DSPop.6 : conv_5_inc_new_V_0 | {3 4 }
	Port: conv3x3_bn_act_DSPop.6 : conv_5_bias_new_V_0 | {3 4 }
	Port: conv3x3_bn_act_DSPop.6 : conv_5_inc_new_V_1 | {3 4 }
	Port: conv3x3_bn_act_DSPop.6 : conv_5_bias_new_V_1 | {3 4 }
	Port: conv3x3_bn_act_DSPop.6 : conv_5_w_new_V_0_2 | {3 4 }
	Port: conv3x3_bn_act_DSPop.6 : conv_5_w_new_V_0_1 | {3 4 }
	Port: conv3x3_bn_act_DSPop.6 : conv_5_w_new_V_0_0 | {3 4 }
	Port: conv3x3_bn_act_DSPop.6 : conv_5_w_new_V_1_2 | {3 4 }
	Port: conv3x3_bn_act_DSPop.6 : conv_5_w_new_V_1_1 | {3 4 }
	Port: conv3x3_bn_act_DSPop.6 : conv_5_w_new_V_1_0 | {3 4 }
  - Chain level:
	State 1
		call_ln503 : 1
	State 2
	State 3
	State 4


============================================================
+ Verbose Summary: Datapath Resource usage 
============================================================

* Functional unit list:
|----------|------------------------------|---------|---------|---------|---------|---------|---------|
| Operation|        Functional Unit       |   BRAM  |  DSP48E |  Delay  |    FF   |   LUT   |   URAM  |
|----------|------------------------------|---------|---------|---------|---------|---------|---------|
|   call   |    grp_convDSPOpt_3_fu_70    |    0    |    12   |  10.57  |   1966  |   2792  |    0    |
|          | grp_conv3padding526715_fu_98 |    2    |    1    |  6.795  |   459   |   726   |    0    |
|----------|------------------------------|---------|---------|---------|---------|---------|---------|
|   Total  |                              |    2    |    13   |  17.365 |   2425  |   3518  |    0    |
|----------|------------------------------|---------|---------|---------|---------|---------|---------|

Memories:
N/A

* Register list:
+-----------------------+--------+
|                       |   FF   |
+-----------------------+--------+
|padding_out_V_V_reg_116|   32   |
|    reps_c_i_reg_110   |   32   |
+-----------------------+--------+
|         Total         |   64   |
+-----------------------+--------+

* Multiplexer (MUX) list: 
|--------|------|------|------|--------|
|  Comp  |  Pin | Size |  BW  | S x BW |
|--------|------|------|------|--------|
|  Total |      |      |      |    0   |
|--------|------|------|------|--------|



* Summary:
+-----------+--------+--------+--------+--------+--------+--------+
|           |  BRAM  | DSP48E |  Delay |   FF   |   LUT  |  URAM  |
+-----------+--------+--------+--------+--------+--------+--------+
|  Function |    2   |   13   |   17   |  2425  |  3518  |    0   |
|   Memory  |    -   |    -   |    -   |    -   |    -   |    -   |
|Multiplexer|    -   |    -   |    -   |    -   |    -   |    -   |
|  Register |    -   |    -   |    -   |   64   |    -   |    -   |
+-----------+--------+--------+--------+--------+--------+--------+
|   Total   |    2   |   13   |   17   |  2489  |  3518  |    0   |
+-----------+--------+--------+--------+--------+--------+--------+
