

================================================================
== Vivado HLS Report for 'conv3padding526715'
================================================================
* Date:           Tue May 10 21:15:22 2022

* Version:        2019.2 (Build 2704478 on Wed Nov 06 22:10:23 MST 2019)
* Project:        ultra_core
* Solution:       ultracore_125
* Product family: zynquplus
* Target device:  xczu3eg-sbva484-1-e


================================================================
== Performance Estimates
================================================================
+ Timing: 
    * Summary: 
    +--------+---------+----------+------------+
    |  Clock |  Target | Estimated| Uncertainty|
    +--------+---------+----------+------------+
    |ap_clk  | 4.00 ns | 3.500 ns |   0.50 ns  |
    +--------+---------+----------+------------+

+ Latency: 
    * Summary: 
    +---------+---------+----------+----------+-----+-----+---------+
    |  Latency (cycles) |  Latency (absolute) |  Interval | Pipeline|
    |   min   |   max   |    min   |    max   | min | max |   Type  |
    +---------+---------+----------+----------+-----+-----+---------+
    |        ?|        ?|         ?|         ?|    ?|    ?|   none  |
    +---------+---------+----------+----------+-----+-----+---------+

    + Detail: 
        * Instance: 
        +------------------------------+-------------------+---------+---------+----------+-----------+-----+-------+---------+
        |                              |                   |  Latency (cycles) |  Latency (absolute)  |   Interval  | Pipeline|
        |           Instance           |       Module      |   min   |   max   |    min   |    max    | min |  max  |   Type  |
        +------------------------------+-------------------+---------+---------+----------+-----------+-----+-------+---------+
        |grp_stream_out_data_4_fu_149  |stream_out_data_4  |        1|    16900| 4.000 ns | 67.600 us |    1|  16900|   none  |
        |grp_stream_in_row_3_fu_162    |stream_in_row_3    |        1|      355| 4.000 ns |  1.420 us |    1|    355|   none  |
        +------------------------------+-------------------+---------+---------+----------+-----------+-----+-------+---------+

        * Loop: 
        +----------+---------+---------+-----------+-----------+-----------+------+----------+
        |          |  Latency (cycles) | Iteration |  Initiation Interval  | Trip |          |
        | Loop Name|   min   |   max   |  Latency  |  achieved |   target  | Count| Pipelined|
        +----------+---------+---------+-----------+-----------+-----------+------+----------+
        |- Loop 1  |        ?|        ?| 4 ~ 16903 |          -|          -|     ?|    no    |
        +----------+---------+---------+-----------+-----------+-----------+------+----------+

============================================================
+ Verbose Summary: Synthesis Manager
============================================================
InlineROM: 1
ExposeGlobal: 0
============================================================
+ Verbose Summary: CDFG Model
============================================================
IsTopModel: 0
ResetActiveHigh: 1
IsCombinational: 2
IsDatapathOnly: 0
HasWiredReturn: 1
HasMFsm: 0
HasVarLatency: 1
IsPipeline: 0
IsRtlPipelined: 0
IsInstanceOverlapped: 0
IsDontTouch: 0
HasImplIP: 0
IsGatedGlobalClock: 0


============================================================
+ Verbose Summary: Schedule
============================================================
* Number of FSM states : 5
* Pipeline : 0
* Dataflow Pipeline: 0

* FSM state transitions: 
1 --> 2 
2 --> 3 
3 --> 4 
4 --> 5 
5 --> 3 

* FSM state operations: 

State 1 <SV = 0> <Delay = 3.50>
ST_1 : Operation 6 [1/1] (1.35ns)   --->   "%row_buffer_0_V = alloca [704 x i16], align 2" [./src/conv2d_DSPopt.hpp:119->./src/conv2d_DSPopt.hpp:504->./src/conv2d_DSPopt.hpp:503->./src/ultranet.cpp:90]   --->   Operation 6 'alloca' 'row_buffer_0_V' <Predicate = true> <Delay = 1.35> <Core = "RAM_S2P_BRAM">   --->   Core 48 'RAM_S2P_BRAM' <Latency = 1> <II = 1> <Delay = 1.35> <Storage> <Opcode : 'load' 'store'> <Ports = 2> <Width = 16> <Depth = 704> <RAM>
ST_1 : Operation 7 [1/1] (1.35ns)   --->   "%row_buffer_1_V = alloca [704 x i16], align 2" [./src/conv2d_DSPopt.hpp:119->./src/conv2d_DSPopt.hpp:504->./src/conv2d_DSPopt.hpp:503->./src/ultranet.cpp:90]   --->   Operation 7 'alloca' 'row_buffer_1_V' <Predicate = true> <Delay = 1.35> <Core = "RAM_S2P_BRAM">   --->   Core 48 'RAM_S2P_BRAM' <Latency = 1> <II = 1> <Delay = 1.35> <Storage> <Opcode : 'load' 'store'> <Ports = 2> <Width = 16> <Depth = 704> <RAM>
ST_1 : Operation 8 [1/1] (1.75ns)   --->   "%reps_read = call i32 @_ssdm_op_Read.ap_fifo.i32P(i32* %reps)" [./src/conv2d_DSPopt.hpp:503->./src/ultranet.cpp:90]   --->   Operation 8 'read' 'reps_read' <Predicate = true> <Delay = 1.75> <Core = "FIFO">   --->   Core 32 'FIFO' <Latency = 0> <II = 1> <Delay = 2.16> <Storage> <Opcode : 'read' 'write' 'nbread' 'nbwrite'> <Ports = 0> <Width = 32> <Depth = 2> <FIFO>
ST_1 : Operation 9 [1/1] (1.75ns)   --->   "call void @_ssdm_op_Write.ap_fifo.i32P(i32* %reps_out, i32 %reps_read)" [./src/ultranet.cpp:90->./src/conv2d_DSPopt.hpp:503->./src/ultranet.cpp:90]   --->   Operation 9 'write' <Predicate = true> <Delay = 1.75> <Core = "FIFO">   --->   Core 32 'FIFO' <Latency = 0> <II = 1> <Delay = 2.16> <Storage> <Opcode : 'read' 'write' 'nbread' 'nbwrite'> <Ports = 0> <Width = 32> <Depth = 2> <FIFO>
ST_1 : Operation 10 [1/1] (1.75ns)   --->   "call void @_ssdm_op_Write.ap_fifo.i32P(i32* %reps_c_i, i32 %reps_read)" [./src/conv2d_DSPopt.hpp:504->./src/conv2d_DSPopt.hpp:503->./src/ultranet.cpp:90]   --->   Operation 10 'write' <Predicate = true> <Delay = 1.75> <Core = "FIFO">   --->   Core 32 'FIFO' <Latency = 0> <II = 1> <Delay = 2.16> <Storage> <Opcode : 'read' 'write' 'nbread' 'nbwrite'> <Ports = 0> <Width = 32> <Depth = 2> <FIFO>

State 2 <SV = 1> <Delay = 2.40>
ST_2 : Operation 11 [1/1] (0.00ns)   --->   "call void (...)* @_ssdm_op_SpecInterface(i32* %reps, [8 x i8]* @ap_fifo_str, i32 0, i32 0, [1 x i8]* @p_str, i32 0, i32 0, [1 x i8]* @p_str, [1 x i8]* @p_str, [1 x i8]* @p_str, i32 2, i32 2, i32 16, i32 16, [1 x i8]* @p_str, [11 x i8]* @ScalarProp_str)"   --->   Operation 11 'specinterface' <Predicate = true> <Delay = 0.00>
ST_2 : Operation 12 [1/1] (0.00ns)   --->   "call void (...)* @_ssdm_op_SpecInterface(i32* %padding_out_V_V, [8 x i8]* @ap_fifo_str, i32 0, i32 0, [1 x i8]* @p_str, i32 0, i32 0, [1 x i8]* @p_str, [1 x i8]* @p_str, [1 x i8]* @p_str, i32 2, i32 2, i32 16, i32 16, [1 x i8]* @p_str, [1 x i8]* @p_str)"   --->   Operation 12 'specinterface' <Predicate = true> <Delay = 0.00>
ST_2 : Operation 13 [1/1] (0.00ns)   --->   "call void (...)* @_ssdm_op_SpecInterface(i16* %in_V_V, [8 x i8]* @ap_fifo_str, i32 0, i32 0, [1 x i8]* @p_str, i32 0, i32 0, [1 x i8]* @p_str, [1 x i8]* @p_str, [1 x i8]* @p_str, i32 2, i32 2, i32 16, i32 16, [1 x i8]* @p_str, [1 x i8]* @p_str)"   --->   Operation 13 'specinterface' <Predicate = true> <Delay = 0.00>
ST_2 : Operation 14 [1/1] (0.00ns)   --->   "call void (...)* @_ssdm_op_SpecInterface(i32* %reps_c_i, [8 x i8]* @ap_fifo_str, i32 0, i32 0, [1 x i8]* @p_str, i32 0, i32 0, [1 x i8]* @p_str, [1 x i8]* @p_str, [1 x i8]* @p_str, i32 2, i32 2, i32 16, i32 16, [1 x i8]* @p_str, [11 x i8]* @ScalarProp_str)"   --->   Operation 14 'specinterface' <Predicate = true> <Delay = 0.00>
ST_2 : Operation 15 [1/1] (0.00ns)   --->   "call void (...)* @_ssdm_op_SpecInterface(i32* %reps_out, [8 x i8]* @ap_fifo_str, i32 0, i32 0, [1 x i8]* @p_str, i32 0, i32 0, [1 x i8]* @p_str, [1 x i8]* @p_str, [1 x i8]* @p_str, i32 2, i32 2, i32 16, i32 16, [1 x i8]* @p_str, [11 x i8]* @ScalarProp_str)"   --->   Operation 15 'specinterface' <Predicate = true> <Delay = 0.00>
ST_2 : Operation 16 [1/1] (0.00ns)   --->   "call void (...)* @_ssdm_op_SpecInterface(i32* %reps_out, [8 x i8]* @ap_fifo_str, i32 0, i32 0, [1 x i8]* @p_str, i32 0, i32 0, [1 x i8]* @p_str, [1 x i8]* @p_str, [1 x i8]* @p_str, i32 2, i32 2, i32 16, i32 16, [1 x i8]* @p_str, [11 x i8]* @ScalarProp_str)"   --->   Operation 16 'specinterface' <Predicate = true> <Delay = 0.00>
ST_2 : Operation 17 [1/1] (0.00ns)   --->   "call void (...)* @_ssdm_op_SpecInterface(i32* %reps_c_i, [8 x i8]* @ap_fifo_str, i32 0, i32 0, [1 x i8]* @p_str, i32 0, i32 0, [1 x i8]* @p_str, [1 x i8]* @p_str, [1 x i8]* @p_str, i32 2, i32 2, i32 16, i32 16, [1 x i8]* @p_str, [11 x i8]* @ScalarProp_str)"   --->   Operation 17 'specinterface' <Predicate = true> <Delay = 0.00>
ST_2 : Operation 18 [1/1] (0.00ns)   --->   "call void (...)* @_ssdm_op_SpecMemCore([704 x i16]* %row_buffer_0_V, [704 x i16]* %row_buffer_1_V, [1 x i8]* @p_str49942, [13 x i8]* @p_str49978, [1 x i8]* @p_str49942, i32 -1, [1 x i8]* @p_str49942, [1 x i8]* @p_str49942, [1 x i8]* @p_str49942, [1 x i8]* @p_str49942, [1 x i8]* @p_str49942)" [./src/conv2d_DSPopt.hpp:122->./src/conv2d_DSPopt.hpp:504->./src/conv2d_DSPopt.hpp:503->./src/ultranet.cpp:90]   --->   Operation 18 'specmemcore' <Predicate = true> <Delay = 0.00>
ST_2 : Operation 19 [1/1] (0.00ns) (grouped into LUT with out node add_ln130)   --->   "%shl_ln130 = shl i32 %reps_read, 3" [./src/conv2d_DSPopt.hpp:130->./src/conv2d_DSPopt.hpp:504->./src/conv2d_DSPopt.hpp:503->./src/ultranet.cpp:90]   --->   Operation 19 'shl' 'shl_ln130' <Predicate = true> <Delay = 0.00>
ST_2 : Operation 20 [1/1] (0.00ns) (grouped into LUT with out node add_ln130)   --->   "%shl_ln130_7 = shl i32 %reps_read, 1" [./src/conv2d_DSPopt.hpp:130->./src/conv2d_DSPopt.hpp:504->./src/conv2d_DSPopt.hpp:503->./src/ultranet.cpp:90]   --->   Operation 20 'shl' 'shl_ln130_7' <Predicate = true> <Delay = 0.00>
ST_2 : Operation 21 [1/1] (1.20ns) (out node of the LUT)   --->   "%add_ln130 = add i32 %shl_ln130, %shl_ln130_7" [./src/conv2d_DSPopt.hpp:130->./src/conv2d_DSPopt.hpp:504->./src/conv2d_DSPopt.hpp:503->./src/ultranet.cpp:90]   --->   Operation 21 'add' 'add_ln130' <Predicate = true> <Delay = 1.20> <Core = "AddSub">   --->   Core 14 'AddSub' <Latency = 0> <II = 1> <Delay = 0.93> <FuncUnit> <Opcode : 'add' 'sub'> <InPorts = 2> <OutPorts = 1>
ST_2 : Operation 22 [1/1] (1.20ns)   --->   "%add_ln130_10 = add i32 2, %add_ln130" [./src/conv2d_DSPopt.hpp:130->./src/conv2d_DSPopt.hpp:504->./src/conv2d_DSPopt.hpp:503->./src/ultranet.cpp:90]   --->   Operation 22 'add' 'add_ln130_10' <Predicate = true> <Delay = 1.20> <Core = "AddSub">   --->   Core 14 'AddSub' <Latency = 0> <II = 1> <Delay = 0.93> <FuncUnit> <Opcode : 'add' 'sub'> <InPorts = 2> <OutPorts = 1>
ST_2 : Operation 23 [1/1] (0.75ns)   --->   "br label %0" [./src/conv2d_DSPopt.hpp:130->./src/conv2d_DSPopt.hpp:504->./src/conv2d_DSPopt.hpp:503->./src/ultranet.cpp:90]   --->   Operation 23 'br' <Predicate = true> <Delay = 0.75>

State 3 <SV = 2> <Delay = 1.20>
ST_3 : Operation 24 [1/1] (0.00ns)   --->   "%t_V_19 = phi i2 [ 0, %entry ], [ %storeBufferIdx_V, %hls_label_54 ]"   --->   Operation 24 'phi' 't_V_19' <Predicate = true> <Delay = 0.00>
ST_3 : Operation 25 [1/1] (0.00ns)   --->   "%t_V = phi i2 [ 1, %entry ], [ %loadBufferIdx_V, %hls_label_54 ]"   --->   Operation 25 'phi' 't_V' <Predicate = true> <Delay = 0.00>
ST_3 : Operation 26 [1/1] (0.00ns)   --->   "%t_V_20 = phi i10 [ -2, %entry ], [ %rowIdx_V_8, %hls_label_54 ]"   --->   Operation 26 'phi' 't_V_20' <Predicate = true> <Delay = 0.00>
ST_3 : Operation 27 [1/1] (0.00ns)   --->   "%rep_0_i_i_i = phi i32 [ 0, %entry ], [ %rep, %hls_label_54 ]"   --->   Operation 27 'phi' 'rep_0_i_i_i' <Predicate = true> <Delay = 0.00>
ST_3 : Operation 28 [1/1] (1.11ns)   --->   "%icmp_ln130 = icmp eq i32 %rep_0_i_i_i, %add_ln130_10" [./src/conv2d_DSPopt.hpp:130->./src/conv2d_DSPopt.hpp:504->./src/conv2d_DSPopt.hpp:503->./src/ultranet.cpp:90]   --->   Operation 28 'icmp' 'icmp_ln130' <Predicate = true> <Delay = 1.11> <Core = "Cmp">   --->   Core 25 'Cmp' <Latency = 0> <II = 1> <Delay = 0.85> <FuncUnit> <Opcode : 'icmp'> <InPorts = 2> <OutPorts = 1>
ST_3 : Operation 29 [1/1] (0.62ns)   --->   "%storeBufferIdx_V = add i2 %t_V_19, 1" [./src/conv2d_DSPopt.hpp:137->./src/conv2d_DSPopt.hpp:504->./src/conv2d_DSPopt.hpp:503->./src/ultranet.cpp:90]   --->   Operation 29 'add' 'storeBufferIdx_V' <Predicate = true> <Delay = 0.62> <Core = "AddSub">   --->   Core 14 'AddSub' <Latency = 0> <II = 1> <Delay = 0.93> <FuncUnit> <Opcode : 'add' 'sub'> <InPorts = 2> <OutPorts = 1>
ST_3 : Operation 30 [1/1] (0.00ns)   --->   "br i1 %icmp_ln130, label %conv3padding526715.exit, label %hls_label_54" [./src/conv2d_DSPopt.hpp:130->./src/conv2d_DSPopt.hpp:504->./src/conv2d_DSPopt.hpp:503->./src/ultranet.cpp:90]   --->   Operation 30 'br' <Predicate = true> <Delay = 0.00>
ST_3 : Operation 31 [1/1] (1.11ns)   --->   "%icmp_ln132 = icmp ult i32 %rep_0_i_i_i, %add_ln130" [./src/conv2d_DSPopt.hpp:132->./src/conv2d_DSPopt.hpp:504->./src/conv2d_DSPopt.hpp:503->./src/ultranet.cpp:90]   --->   Operation 31 'icmp' 'icmp_ln132' <Predicate = (!icmp_ln130)> <Delay = 1.11> <Core = "Cmp">   --->   Core 25 'Cmp' <Latency = 0> <II = 1> <Delay = 0.85> <FuncUnit> <Opcode : 'icmp'> <InPorts = 2> <OutPorts = 1>
ST_3 : Operation 32 [1/1] (0.00ns)   --->   "%tmp = call i31 @_ssdm_op_PartSelect.i31.i32.i32.i32(i32 %rep_0_i_i_i, i32 1, i32 31)" [./src/conv2d_DSPopt.hpp:134->./src/conv2d_DSPopt.hpp:504->./src/conv2d_DSPopt.hpp:503->./src/ultranet.cpp:90]   --->   Operation 32 'partselect' 'tmp' <Predicate = (!icmp_ln130)> <Delay = 0.00>
ST_3 : Operation 33 [1/1] (1.09ns)   --->   "%icmp_ln134 = icmp eq i31 %tmp, 0" [./src/conv2d_DSPopt.hpp:134->./src/conv2d_DSPopt.hpp:504->./src/conv2d_DSPopt.hpp:503->./src/ultranet.cpp:90]   --->   Operation 33 'icmp' 'icmp_ln134' <Predicate = (!icmp_ln130)> <Delay = 1.09> <Core = "Cmp">   --->   Core 25 'Cmp' <Latency = 0> <II = 1> <Delay = 0.85> <FuncUnit> <Opcode : 'icmp'> <InPorts = 2> <OutPorts = 1>
ST_3 : Operation 34 [1/1] (1.20ns)   --->   "%rep = add i32 %rep_0_i_i_i, 1" [./src/conv2d_DSPopt.hpp:130->./src/conv2d_DSPopt.hpp:504->./src/conv2d_DSPopt.hpp:503->./src/ultranet.cpp:90]   --->   Operation 34 'add' 'rep' <Predicate = (!icmp_ln130)> <Delay = 1.20> <Core = "AddSub">   --->   Core 14 'AddSub' <Latency = 0> <II = 1> <Delay = 0.93> <FuncUnit> <Opcode : 'add' 'sub'> <InPorts = 2> <OutPorts = 1>
ST_3 : Operation 35 [1/1] (0.00ns)   --->   "ret void" [./src/conv2d_DSPopt.hpp:503->./src/ultranet.cpp:90]   --->   Operation 35 'ret' <Predicate = (icmp_ln130)> <Delay = 0.00>

State 4 <SV = 3> <Delay = 2.41>
ST_4 : Operation 36 [1/1] (0.33ns)   --->   "%xor_ln132 = xor i1 %icmp_ln132, true" [./src/conv2d_DSPopt.hpp:132->./src/conv2d_DSPopt.hpp:504->./src/conv2d_DSPopt.hpp:503->./src/ultranet.cpp:90]   --->   Operation 36 'xor' 'xor_ln132' <Predicate = true> <Delay = 0.33> <Core = "LogicGate">   --->   Core 27 'LogicGate' <Latency = 0> <II = 1> <Delay = 0.33> <FuncUnit> <Opcode : 'and' 'or' 'xor'> <InPorts = 2> <OutPorts = 1>
ST_4 : Operation 37 [2/2] (2.08ns)   --->   "call fastcc void @stream_in_row.3(i16* %in_V_V, [704 x i16]* %row_buffer_0_V, [704 x i16]* %row_buffer_1_V, i1 %xor_ln132, i2 %t_V_19)" [./src/conv2d_DSPopt.hpp:132->./src/conv2d_DSPopt.hpp:504->./src/conv2d_DSPopt.hpp:503->./src/ultranet.cpp:90]   --->   Operation 37 'call' <Predicate = true> <Delay = 2.08> <CoreType = "Generic">   --->   Core 0 '' <Latency = 0> <II = 1> <Delay = 1.00> <Generic> <Opcode : >
ST_4 : Operation 38 [2/2] (0.93ns)   --->   "call fastcc void @stream_out_data.4(i32* %padding_out_V_V, [704 x i16]* %row_buffer_0_V, [704 x i16]* %row_buffer_1_V, i1 %icmp_ln134, i10 %t_V_20, i2 %t_V)" [./src/conv2d_DSPopt.hpp:134->./src/conv2d_DSPopt.hpp:504->./src/conv2d_DSPopt.hpp:503->./src/ultranet.cpp:90]   --->   Operation 38 'call' <Predicate = true> <Delay = 0.93> <CoreType = "Generic">   --->   Core 0 '' <Latency = 0> <II = 1> <Delay = 1.00> <Generic> <Opcode : >
ST_4 : Operation 39 [1/1] (0.62ns)   --->   "%loadBufferIdx_V = add i2 %t_V, 1" [./src/conv2d_DSPopt.hpp:136->./src/conv2d_DSPopt.hpp:504->./src/conv2d_DSPopt.hpp:503->./src/ultranet.cpp:90]   --->   Operation 39 'add' 'loadBufferIdx_V' <Predicate = true> <Delay = 0.62> <Core = "AddSub">   --->   Core 14 'AddSub' <Latency = 0> <II = 1> <Delay = 0.93> <FuncUnit> <Opcode : 'add' 'sub'> <InPorts = 2> <OutPorts = 1>
ST_4 : Operation 40 [1/1] (0.85ns)   --->   "%icmp_ln879 = icmp eq i10 %t_V_20, 9" [./src/conv2d_DSPopt.hpp:139->./src/conv2d_DSPopt.hpp:504->./src/conv2d_DSPopt.hpp:503->./src/ultranet.cpp:90]   --->   Operation 40 'icmp' 'icmp_ln879' <Predicate = true> <Delay = 0.85> <Core = "Cmp">   --->   Core 25 'Cmp' <Latency = 0> <II = 1> <Delay = 0.85> <FuncUnit> <Opcode : 'icmp'> <InPorts = 2> <OutPorts = 1>
ST_4 : Operation 41 [1/1] (0.93ns)   --->   "%rowIdx_V = add i10 %t_V_20, 1" [./src/conv2d_DSPopt.hpp:142->./src/conv2d_DSPopt.hpp:504->./src/conv2d_DSPopt.hpp:503->./src/ultranet.cpp:90]   --->   Operation 41 'add' 'rowIdx_V' <Predicate = true> <Delay = 0.93> <Core = "AddSub">   --->   Core 14 'AddSub' <Latency = 0> <II = 1> <Delay = 0.93> <FuncUnit> <Opcode : 'add' 'sub'> <InPorts = 2> <OutPorts = 1>
ST_4 : Operation 42 [1/1] (0.47ns)   --->   "%rowIdx_V_8 = select i1 %icmp_ln879, i10 0, i10 %rowIdx_V" [./src/conv2d_DSPopt.hpp:139->./src/conv2d_DSPopt.hpp:504->./src/conv2d_DSPopt.hpp:503->./src/ultranet.cpp:90]   --->   Operation 42 'select' 'rowIdx_V_8' <Predicate = true> <Delay = 0.47> <Core = "Sel">   --->   Core 26 'Sel' <Latency = 0> <II = 1> <Delay = 0.47> <FuncUnit> <Opcode : 'select'> <InPorts = 3> <OutPorts = 1>

State 5 <SV = 4> <Delay = 0.00>
ST_5 : Operation 43 [1/1] (0.00ns)   --->   "%tmp_i_i_i = call i32 (...)* @_ssdm_op_SpecRegionBegin([13 x i8]* @p_str49987)" [./src/conv2d_DSPopt.hpp:130->./src/conv2d_DSPopt.hpp:504->./src/conv2d_DSPopt.hpp:503->./src/ultranet.cpp:90]   --->   Operation 43 'specregionbegin' 'tmp_i_i_i' <Predicate = true> <Delay = 0.00>
ST_5 : Operation 44 [1/2] (0.00ns)   --->   "call fastcc void @stream_in_row.3(i16* %in_V_V, [704 x i16]* %row_buffer_0_V, [704 x i16]* %row_buffer_1_V, i1 %xor_ln132, i2 %t_V_19)" [./src/conv2d_DSPopt.hpp:132->./src/conv2d_DSPopt.hpp:504->./src/conv2d_DSPopt.hpp:503->./src/ultranet.cpp:90]   --->   Operation 44 'call' <Predicate = true> <Delay = 0.00> <CoreType = "Generic">   --->   Core 0 '' <Latency = 0> <II = 1> <Delay = 1.00> <Generic> <Opcode : >
ST_5 : Operation 45 [1/2] (0.00ns)   --->   "call fastcc void @stream_out_data.4(i32* %padding_out_V_V, [704 x i16]* %row_buffer_0_V, [704 x i16]* %row_buffer_1_V, i1 %icmp_ln134, i10 %t_V_20, i2 %t_V)" [./src/conv2d_DSPopt.hpp:134->./src/conv2d_DSPopt.hpp:504->./src/conv2d_DSPopt.hpp:503->./src/ultranet.cpp:90]   --->   Operation 45 'call' <Predicate = true> <Delay = 0.00> <CoreType = "Generic">   --->   Core 0 '' <Latency = 0> <II = 1> <Delay = 1.00> <Generic> <Opcode : >
ST_5 : Operation 46 [1/1] (0.00ns)   --->   "%empty = call i32 (...)* @_ssdm_op_SpecRegionEnd([13 x i8]* @p_str49987, i32 %tmp_i_i_i)" [./src/conv2d_DSPopt.hpp:144->./src/conv2d_DSPopt.hpp:504->./src/conv2d_DSPopt.hpp:503->./src/ultranet.cpp:90]   --->   Operation 46 'specregionend' 'empty' <Predicate = true> <Delay = 0.00>
ST_5 : Operation 47 [1/1] (0.00ns)   --->   "br label %0" [./src/conv2d_DSPopt.hpp:130->./src/conv2d_DSPopt.hpp:504->./src/conv2d_DSPopt.hpp:503->./src/ultranet.cpp:90]   --->   Operation 47 'br' <Predicate = true> <Delay = 0.00>


============================================================
+ Verbose Summary: Binding
============================================================
STG Binding: 
---------------- STG Properties BEGIN ----------------
- Is combinational: 0
- Is one-state seq: 0
- Is datapath-only: 0
- Is pipelined: 0
- Is top level: 0
Port [ Return ] is wired: 1; IO mode=ap_ctrl_hs:ce=0
Port [ reps]:  wired=1; compound=1; hidden=0; nouse=0; global=0; static=0; extern=0; dir=0; type=3; pingpong=0; private_global=0; IO mode=ap_fifo:ce=0
Port [ reps_out]:  wired=1; compound=1; hidden=0; nouse=0; global=0; static=0; extern=0; dir=1; type=3; pingpong=0; private_global=0; IO mode=ap_fifo:ce=0
Port [ in_V_V]:  wired=1; compound=1; hidden=0; nouse=0; global=0; static=0; extern=0; dir=0; type=3; pingpong=0; private_global=0; IO mode=ap_fifo:ce=0
Port [ padding_out_V_V]:  wired=1; compound=1; hidden=0; nouse=0; global=0; static=0; extern=0; dir=1; type=3; pingpong=0; private_global=0; IO mode=ap_fifo:ce=0
Port [ reps_c_i]:  wired=1; compound=1; hidden=0; nouse=0; global=0; static=0; extern=0; dir=1; type=3; pingpong=0; private_global=0; IO mode=ap_fifo:ce=0
---------------- STG Properties END ------------------

---------------- Datapath Model BEGIN ----------------

<LifeTime>
<method=bitvector/>
row_buffer_0_V    (alloca         ) [ 001111]
row_buffer_1_V    (alloca         ) [ 001111]
reps_read         (read           ) [ 001000]
write_ln90        (write          ) [ 000000]
write_ln504       (write          ) [ 000000]
specinterface_ln0 (specinterface  ) [ 000000]
specinterface_ln0 (specinterface  ) [ 000000]
specinterface_ln0 (specinterface  ) [ 000000]
specinterface_ln0 (specinterface  ) [ 000000]
specinterface_ln0 (specinterface  ) [ 000000]
specinterface_ln0 (specinterface  ) [ 000000]
specinterface_ln0 (specinterface  ) [ 000000]
specmemcore_ln122 (specmemcore    ) [ 000000]
shl_ln130         (shl            ) [ 000000]
shl_ln130_7       (shl            ) [ 000000]
add_ln130         (add            ) [ 000111]
add_ln130_10      (add            ) [ 000111]
br_ln130          (br             ) [ 001111]
t_V_19            (phi            ) [ 000111]
t_V               (phi            ) [ 000111]
t_V_20            (phi            ) [ 000111]
rep_0_i_i_i       (phi            ) [ 000100]
icmp_ln130        (icmp           ) [ 000111]
storeBufferIdx_V  (add            ) [ 001111]
br_ln130          (br             ) [ 000000]
icmp_ln132        (icmp           ) [ 000010]
tmp               (partselect     ) [ 000000]
icmp_ln134        (icmp           ) [ 000011]
rep               (add            ) [ 001111]
ret_ln503         (ret            ) [ 000000]
xor_ln132         (xor            ) [ 000001]
loadBufferIdx_V   (add            ) [ 001101]
icmp_ln879        (icmp           ) [ 000000]
rowIdx_V          (add            ) [ 000000]
rowIdx_V_8        (select         ) [ 001101]
tmp_i_i_i         (specregionbegin) [ 000000]
call_ln132        (call           ) [ 000000]
call_ln134        (call           ) [ 000000]
empty             (specregionend  ) [ 000000]
br_ln130          (br             ) [ 001111]
</LifeTime>

<model>

<comp_list>
<comp id="0" class="1000" name="reps">
<pin_list>
<pin id="1" dir="1" index="0" bw="1" slack="0"/>
</pin_list>
<bind>
<StgValue><ssdm name="reps"/></StgValue>
</bind>
</comp>

<comp id="2" class="1000" name="reps_out">
<pin_list>
<pin id="3" dir="1" index="0" bw="1" slack="0"/>
</pin_list>
<bind>
<StgValue><ssdm name="reps_out"/></StgValue>
</bind>
</comp>

<comp id="4" class="1000" name="in_V_V">
<pin_list>
<pin id="5" dir="1" index="0" bw="1" slack="0"/>
</pin_list>
<bind>
<StgValue><ssdm name="in_V_V"/></StgValue>
</bind>
</comp>

<comp id="6" class="1000" name="padding_out_V_V">
<pin_list>
<pin id="7" dir="1" index="0" bw="1" slack="0"/>
</pin_list>
<bind>
<StgValue><ssdm name="padding_out_V_V"/></StgValue>
</bind>
</comp>

<comp id="8" class="1000" name="reps_c_i">
<pin_list>
<pin id="9" dir="1" index="0" bw="1" slack="0"/>
</pin_list>
<bind>
<StgValue><ssdm name="reps_c_i"/></StgValue>
</bind>
</comp>

<comp id="10" class="1001" name="const_10">
<pin_list>
<pin id="11" dir="1" index="0" bw="1" slack="0"/>
</pin_list>
<bind>
<StgValue><ssdm name=""/></StgValue>
</bind>
</comp>

<comp id="12" class="1001" name="const_12">
<pin_list>
<pin id="13" dir="1" index="0" bw="1" slack="0"/>
</pin_list>
<bind>
<StgValue><ssdm name="_ssdm_op_Read.ap_fifo.i32P"/></StgValue>
</bind>
</comp>

<comp id="14" class="1001" name="const_14">
<pin_list>
<pin id="15" dir="1" index="0" bw="1" slack="0"/>
</pin_list>
<bind>
<StgValue><ssdm name="_ssdm_op_Write.ap_fifo.i32P"/></StgValue>
</bind>
</comp>

<comp id="16" class="1001" name="const_16">
<pin_list>
<pin id="17" dir="1" index="0" bw="1" slack="2147483647"/>
</pin_list>
<bind>
<StgValue><ssdm name="_ssdm_op_SpecInterface"/></StgValue>
</bind>
</comp>

<comp id="18" class="1001" name="const_18">
<pin_list>
<pin id="19" dir="1" index="0" bw="1" slack="2147483647"/>
</pin_list>
<bind>
<StgValue><ssdm name="ap_fifo_str"/></StgValue>
</bind>
</comp>

<comp id="20" class="1001" name="const_20">
<pin_list>
<pin id="21" dir="1" index="0" bw="1" slack="1"/>
</pin_list>
<bind>
<StgValue><ssdm name=""/></StgValue>
</bind>
</comp>

<comp id="22" class="1001" name="const_22">
<pin_list>
<pin id="23" dir="1" index="0" bw="1" slack="2147483647"/>
</pin_list>
<bind>
<StgValue><ssdm name="p_str"/></StgValue>
</bind>
</comp>

<comp id="24" class="1001" name="const_24">
<pin_list>
<pin id="25" dir="1" index="0" bw="1" slack="0"/>
</pin_list>
<bind>
<StgValue><ssdm name=""/></StgValue>
</bind>
</comp>

<comp id="26" class="1001" name="const_26">
<pin_list>
<pin id="27" dir="1" index="0" bw="1" slack="2147483647"/>
</pin_list>
<bind>
<StgValue><ssdm name=""/></StgValue>
</bind>
</comp>

<comp id="28" class="1001" name="const_28">
<pin_list>
<pin id="29" dir="1" index="0" bw="1" slack="2147483647"/>
</pin_list>
<bind>
<StgValue><ssdm name="ScalarProp_str"/></StgValue>
</bind>
</comp>

<comp id="30" class="1001" name="const_30">
<pin_list>
<pin id="31" dir="1" index="0" bw="1" slack="2147483647"/>
</pin_list>
<bind>
<StgValue><ssdm name="_ssdm_op_SpecMemCore"/></StgValue>
</bind>
</comp>

<comp id="32" class="1001" name="const_32">
<pin_list>
<pin id="33" dir="1" index="0" bw="1" slack="2147483647"/>
</pin_list>
<bind>
<StgValue><ssdm name="p_str49942"/></StgValue>
</bind>
</comp>

<comp id="34" class="1001" name="const_34">
<pin_list>
<pin id="35" dir="1" index="0" bw="1" slack="2147483647"/>
</pin_list>
<bind>
<StgValue><ssdm name="p_str49978"/></StgValue>
</bind>
</comp>

<comp id="36" class="1001" name="const_36">
<pin_list>
<pin id="37" dir="1" index="0" bw="1" slack="2147483647"/>
</pin_list>
<bind>
<StgValue><ssdm name=""/></StgValue>
</bind>
</comp>

<comp id="38" class="1001" name="const_38">
<pin_list>
<pin id="39" dir="1" index="0" bw="1" slack="0"/>
</pin_list>
<bind>
<StgValue><ssdm name=""/></StgValue>
</bind>
</comp>

<comp id="40" class="1001" name="const_40">
<pin_list>
<pin id="41" dir="1" index="0" bw="1" slack="0"/>
</pin_list>
<bind>
<StgValue><ssdm name=""/></StgValue>
</bind>
</comp>

<comp id="42" class="1001" name="const_42">
<pin_list>
<pin id="43" dir="1" index="0" bw="1" slack="1"/>
</pin_list>
<bind>
<StgValue><ssdm name=""/></StgValue>
</bind>
</comp>

<comp id="44" class="1001" name="const_44">
<pin_list>
<pin id="45" dir="1" index="0" bw="1" slack="0"/>
</pin_list>
<bind>
<StgValue><ssdm name=""/></StgValue>
</bind>
</comp>

<comp id="46" class="1001" name="const_46">
<pin_list>
<pin id="47" dir="1" index="0" bw="1" slack="1"/>
</pin_list>
<bind>
<StgValue><ssdm name=""/></StgValue>
</bind>
</comp>

<comp id="48" class="1001" name="const_48">
<pin_list>
<pin id="49" dir="1" index="0" bw="1" slack="0"/>
</pin_list>
<bind>
<StgValue><ssdm name="_ssdm_op_PartSelect.i31.i32.i32.i32"/></StgValue>
</bind>
</comp>

<comp id="50" class="1001" name="const_50">
<pin_list>
<pin id="51" dir="1" index="0" bw="1" slack="0"/>
</pin_list>
<bind>
<StgValue><ssdm name=""/></StgValue>
</bind>
</comp>

<comp id="52" class="1001" name="const_52">
<pin_list>
<pin id="53" dir="1" index="0" bw="1" slack="0"/>
</pin_list>
<bind>
<StgValue><ssdm name=""/></StgValue>
</bind>
</comp>

<comp id="54" class="1001" name="const_54">
<pin_list>
<pin id="55" dir="1" index="0" bw="1" slack="0"/>
</pin_list>
<bind>
<StgValue><ssdm name=""/></StgValue>
</bind>
</comp>

<comp id="56" class="1001" name="const_56">
<pin_list>
<pin id="57" dir="1" index="0" bw="1" slack="0"/>
</pin_list>
<bind>
<StgValue><ssdm name="stream_in_row.3"/></StgValue>
</bind>
</comp>

<comp id="58" class="1001" name="const_58">
<pin_list>
<pin id="59" dir="1" index="0" bw="1" slack="0"/>
</pin_list>
<bind>
<StgValue><ssdm name="stream_out_data.4"/></StgValue>
</bind>
</comp>

<comp id="60" class="1001" name="const_60">
<pin_list>
<pin id="61" dir="1" index="0" bw="1" slack="0"/>
</pin_list>
<bind>
<StgValue><ssdm name=""/></StgValue>
</bind>
</comp>

<comp id="62" class="1001" name="const_62">
<pin_list>
<pin id="63" dir="1" index="0" bw="1" slack="0"/>
</pin_list>
<bind>
<StgValue><ssdm name=""/></StgValue>
</bind>
</comp>

<comp id="64" class="1001" name="const_64">
<pin_list>
<pin id="65" dir="1" index="0" bw="1" slack="0"/>
</pin_list>
<bind>
<StgValue><ssdm name=""/></StgValue>
</bind>
</comp>

<comp id="66" class="1001" name="const_66">
<pin_list>
<pin id="67" dir="1" index="0" bw="1" slack="2147483647"/>
</pin_list>
<bind>
<StgValue><ssdm name="_ssdm_op_SpecRegionBegin"/></StgValue>
</bind>
</comp>

<comp id="68" class="1001" name="const_68">
<pin_list>
<pin id="69" dir="1" index="0" bw="1" slack="2147483647"/>
</pin_list>
<bind>
<StgValue><ssdm name="p_str49987"/></StgValue>
</bind>
</comp>

<comp id="70" class="1001" name="const_70">
<pin_list>
<pin id="71" dir="1" index="0" bw="1" slack="2147483647"/>
</pin_list>
<bind>
<StgValue><ssdm name="_ssdm_op_SpecRegionEnd"/></StgValue>
</bind>
</comp>

<comp id="72" class="1004" name="row_buffer_0_V_alloca_fu_72">
<pin_list>
<pin id="73" dir="0" index="0" bw="1" slack="0"/>
<pin id="74" dir="1" index="1" bw="16" slack="2147483647"/>
</pin_list>
<bind>
<opcode="alloca(26) " fcode="alloca"/>
<opset="row_buffer_0_V/1 "/>
</bind>
</comp>

<comp id="76" class="1004" name="row_buffer_1_V_alloca_fu_76">
<pin_list>
<pin id="77" dir="0" index="0" bw="1" slack="0"/>
<pin id="78" dir="1" index="1" bw="16" slack="2147483647"/>
</pin_list>
<bind>
<opcode="alloca(26) " fcode="alloca"/>
<opset="row_buffer_1_V/1 "/>
</bind>
</comp>

<comp id="80" class="1004" name="reps_read_read_fu_80">
<pin_list>
<pin id="81" dir="0" index="0" bw="32" slack="0"/>
<pin id="82" dir="0" index="1" bw="32" slack="0"/>
<pin id="83" dir="1" index="2" bw="32" slack="0"/>
</pin_list>
<bind>
<opcode="read(1150) " fcode="read"/>
<opset="reps_read/1 "/>
</bind>
</comp>

<comp id="86" class="1004" name="write_ln90_write_fu_86">
<pin_list>
<pin id="87" dir="0" index="0" bw="0" slack="0"/>
<pin id="88" dir="0" index="1" bw="32" slack="0"/>
<pin id="89" dir="0" index="2" bw="32" slack="0"/>
<pin id="90" dir="1" index="3" bw="0" slack="2147483647"/>
</pin_list>
<bind>
<opcode="write(1151) " fcode="write"/>
<opset="write_ln90/1 "/>
</bind>
</comp>

<comp id="94" class="1004" name="write_ln504_write_fu_94">
<pin_list>
<pin id="95" dir="0" index="0" bw="0" slack="0"/>
<pin id="96" dir="0" index="1" bw="32" slack="0"/>
<pin id="97" dir="0" index="2" bw="32" slack="0"/>
<pin id="98" dir="1" index="3" bw="0" slack="2147483647"/>
</pin_list>
<bind>
<opcode="write(1151) " fcode="write"/>
<opset="write_ln504/1 "/>
</bind>
</comp>

<comp id="102" class="1005" name="t_V_19_reg_102">
<pin_list>
<pin id="103" dir="0" index="0" bw="2" slack="1"/>
<pin id="104" dir="1" index="1" bw="2" slack="1"/>
</pin_list>
<bind>
<opset="t_V_19 (phireg) "/>
</bind>
</comp>

<comp id="106" class="1004" name="t_V_19_phi_fu_106">
<pin_list>
<pin id="107" dir="0" index="0" bw="1" slack="1"/>
<pin id="108" dir="0" index="1" bw="0" slack="2147483647"/>
<pin id="109" dir="0" index="2" bw="2" slack="0"/>
<pin id="110" dir="0" index="3" bw="0" slack="2147483647"/>
<pin id="111" dir="1" index="4" bw="2" slack="0"/>
</pin_list>
<bind>
<opcode="phi(47) " fcode="phi"/>
<opset="t_V_19/3 "/>
</bind>
</comp>

<comp id="114" class="1005" name="t_V_reg_114">
<pin_list>
<pin id="115" dir="0" index="0" bw="2" slack="1"/>
<pin id="116" dir="1" index="1" bw="2" slack="1"/>
</pin_list>
<bind>
<opset="t_V (phireg) "/>
</bind>
</comp>

<comp id="118" class="1004" name="t_V_phi_fu_118">
<pin_list>
<pin id="119" dir="0" index="0" bw="1" slack="1"/>
<pin id="120" dir="0" index="1" bw="0" slack="2147483647"/>
<pin id="121" dir="0" index="2" bw="2" slack="1"/>
<pin id="122" dir="0" index="3" bw="0" slack="2147483647"/>
<pin id="123" dir="1" index="4" bw="2" slack="1"/>
</pin_list>
<bind>
<opcode="phi(47) " fcode="phi"/>
<opset="t_V/3 "/>
</bind>
</comp>

<comp id="126" class="1005" name="t_V_20_reg_126">
<pin_list>
<pin id="127" dir="0" index="0" bw="10" slack="1"/>
<pin id="128" dir="1" index="1" bw="10" slack="1"/>
</pin_list>
<bind>
<opset="t_V_20 (phireg) "/>
</bind>
</comp>

<comp id="130" class="1004" name="t_V_20_phi_fu_130">
<pin_list>
<pin id="131" dir="0" index="0" bw="2" slack="1"/>
<pin id="132" dir="0" index="1" bw="0" slack="2147483647"/>
<pin id="133" dir="0" index="2" bw="10" slack="1"/>
<pin id="134" dir="0" index="3" bw="0" slack="2147483647"/>
<pin id="135" dir="1" index="4" bw="10" slack="1"/>
</pin_list>
<bind>
<opcode="phi(47) " fcode="phi"/>
<opset="t_V_20/3 "/>
</bind>
</comp>

<comp id="138" class="1005" name="rep_0_i_i_i_reg_138">
<pin_list>
<pin id="139" dir="0" index="0" bw="32" slack="1"/>
<pin id="140" dir="1" index="1" bw="32" slack="1"/>
</pin_list>
<bind>
<opset="rep_0_i_i_i (phireg) "/>
</bind>
</comp>

<comp id="142" class="1004" name="rep_0_i_i_i_phi_fu_142">
<pin_list>
<pin id="143" dir="0" index="0" bw="1" slack="1"/>
<pin id="144" dir="0" index="1" bw="0" slack="2147483647"/>
<pin id="145" dir="0" index="2" bw="32" slack="0"/>
<pin id="146" dir="0" index="3" bw="0" slack="2147483647"/>
<pin id="147" dir="1" index="4" bw="32" slack="0"/>
</pin_list>
<bind>
<opcode="phi(47) " fcode="phi"/>
<opset="rep_0_i_i_i/3 "/>
</bind>
</comp>

<comp id="149" class="1004" name="grp_stream_out_data_4_fu_149">
<pin_list>
<pin id="150" dir="0" index="0" bw="0" slack="0"/>
<pin id="151" dir="0" index="1" bw="32" slack="0"/>
<pin id="152" dir="0" index="2" bw="16" slack="2147483647"/>
<pin id="153" dir="0" index="3" bw="16" slack="2147483647"/>
<pin id="154" dir="0" index="4" bw="1" slack="1"/>
<pin id="155" dir="0" index="5" bw="10" slack="1"/>
<pin id="156" dir="0" index="6" bw="2" slack="1"/>
<pin id="157" dir="1" index="7" bw="0" slack="2147483647"/>
</pin_list>
<bind>
<opcode="call(48) " fcode="call"/>
<opset="call_ln134/4 "/>
</bind>
</comp>

<comp id="162" class="1004" name="grp_stream_in_row_3_fu_162">
<pin_list>
<pin id="163" dir="0" index="0" bw="0" slack="0"/>
<pin id="164" dir="0" index="1" bw="16" slack="0"/>
<pin id="165" dir="0" index="2" bw="16" slack="2147483647"/>
<pin id="166" dir="0" index="3" bw="16" slack="2147483647"/>
<pin id="167" dir="0" index="4" bw="1" slack="0"/>
<pin id="168" dir="0" index="5" bw="2" slack="1"/>
<pin id="169" dir="1" index="6" bw="0" slack="2147483647"/>
</pin_list>
<bind>
<opcode="call(48) " fcode="call"/>
<opset="call_ln132/4 "/>
</bind>
</comp>

<comp id="173" class="1004" name="shl_ln130_fu_173">
<pin_list>
<pin id="174" dir="0" index="0" bw="32" slack="1"/>
<pin id="175" dir="0" index="1" bw="3" slack="0"/>
<pin id="176" dir="1" index="2" bw="32" slack="0"/>
</pin_list>
<bind>
<opcode="shl(20) " fcode="shl"/>
<opset="shl_ln130/2 "/>
</bind>
</comp>

<comp id="178" class="1004" name="shl_ln130_7_fu_178">
<pin_list>
<pin id="179" dir="0" index="0" bw="32" slack="1"/>
<pin id="180" dir="0" index="1" bw="1" slack="0"/>
<pin id="181" dir="1" index="2" bw="32" slack="0"/>
</pin_list>
<bind>
<opcode="shl(20) " fcode="shl"/>
<opset="shl_ln130_7/2 "/>
</bind>
</comp>

<comp id="183" class="1004" name="add_ln130_fu_183">
<pin_list>
<pin id="184" dir="0" index="0" bw="32" slack="0"/>
<pin id="185" dir="0" index="1" bw="32" slack="0"/>
<pin id="186" dir="1" index="2" bw="32" slack="0"/>
</pin_list>
<bind>
<opcode="add(8) " fcode="add"/>
<opset="add_ln130/2 "/>
</bind>
</comp>

<comp id="189" class="1004" name="add_ln130_10_fu_189">
<pin_list>
<pin id="190" dir="0" index="0" bw="3" slack="0"/>
<pin id="191" dir="0" index="1" bw="32" slack="0"/>
<pin id="192" dir="1" index="2" bw="32" slack="1"/>
</pin_list>
<bind>
<opcode="add(8) " fcode="add"/>
<opset="add_ln130_10/2 "/>
</bind>
</comp>

<comp id="195" class="1004" name="icmp_ln130_fu_195">
<pin_list>
<pin id="196" dir="0" index="0" bw="32" slack="0"/>
<pin id="197" dir="0" index="1" bw="32" slack="1"/>
<pin id="198" dir="1" index="2" bw="1" slack="2147483647"/>
</pin_list>
<bind>
<opcode="icmp(45) " fcode="icmp"/>
<opset="icmp_ln130/3 "/>
</bind>
</comp>

<comp id="200" class="1004" name="storeBufferIdx_V_fu_200">
<pin_list>
<pin id="201" dir="0" index="0" bw="2" slack="0"/>
<pin id="202" dir="0" index="1" bw="1" slack="0"/>
<pin id="203" dir="1" index="2" bw="2" slack="0"/>
</pin_list>
<bind>
<opcode="add(8) " fcode="add"/>
<opset="storeBufferIdx_V/3 "/>
</bind>
</comp>

<comp id="206" class="1004" name="icmp_ln132_fu_206">
<pin_list>
<pin id="207" dir="0" index="0" bw="32" slack="0"/>
<pin id="208" dir="0" index="1" bw="32" slack="1"/>
<pin id="209" dir="1" index="2" bw="1" slack="1"/>
</pin_list>
<bind>
<opcode="icmp(45) " fcode="icmp"/>
<opset="icmp_ln132/3 "/>
</bind>
</comp>

<comp id="211" class="1004" name="tmp_fu_211">
<pin_list>
<pin id="212" dir="0" index="0" bw="31" slack="0"/>
<pin id="213" dir="0" index="1" bw="32" slack="0"/>
<pin id="214" dir="0" index="2" bw="1" slack="0"/>
<pin id="215" dir="0" index="3" bw="6" slack="0"/>
<pin id="216" dir="1" index="4" bw="31" slack="0"/>
</pin_list>
<bind>
<opcode="partselect(1002) " fcode="partselect"/>
<opset="tmp/3 "/>
</bind>
</comp>

<comp id="221" class="1004" name="icmp_ln134_fu_221">
<pin_list>
<pin id="222" dir="0" index="0" bw="31" slack="0"/>
<pin id="223" dir="0" index="1" bw="1" slack="0"/>
<pin id="224" dir="1" index="2" bw="1" slack="1"/>
</pin_list>
<bind>
<opcode="icmp(45) " fcode="icmp"/>
<opset="icmp_ln134/3 "/>
</bind>
</comp>

<comp id="227" class="1004" name="rep_fu_227">
<pin_list>
<pin id="228" dir="0" index="0" bw="32" slack="0"/>
<pin id="229" dir="0" index="1" bw="1" slack="0"/>
<pin id="230" dir="1" index="2" bw="32" slack="0"/>
</pin_list>
<bind>
<opcode="add(8) " fcode="add"/>
<opset="rep/3 "/>
</bind>
</comp>

<comp id="233" class="1004" name="xor_ln132_fu_233">
<pin_list>
<pin id="234" dir="0" index="0" bw="1" slack="1"/>
<pin id="235" dir="0" index="1" bw="1" slack="0"/>
<pin id="236" dir="1" index="2" bw="1" slack="0"/>
</pin_list>
<bind>
<opcode="xor(25) " fcode="xor"/>
<opset="xor_ln132/4 "/>
</bind>
</comp>

<comp id="239" class="1004" name="loadBufferIdx_V_fu_239">
<pin_list>
<pin id="240" dir="0" index="0" bw="2" slack="1"/>
<pin id="241" dir="0" index="1" bw="1" slack="0"/>
<pin id="242" dir="1" index="2" bw="2" slack="1"/>
</pin_list>
<bind>
<opcode="add(8) " fcode="add"/>
<opset="loadBufferIdx_V/4 "/>
</bind>
</comp>

<comp id="245" class="1004" name="icmp_ln879_fu_245">
<pin_list>
<pin id="246" dir="0" index="0" bw="10" slack="1"/>
<pin id="247" dir="0" index="1" bw="5" slack="0"/>
<pin id="248" dir="1" index="2" bw="1" slack="0"/>
</pin_list>
<bind>
<opcode="icmp(45) " fcode="icmp"/>
<opset="icmp_ln879/4 "/>
</bind>
</comp>

<comp id="251" class="1004" name="rowIdx_V_fu_251">
<pin_list>
<pin id="252" dir="0" index="0" bw="10" slack="1"/>
<pin id="253" dir="0" index="1" bw="1" slack="0"/>
<pin id="254" dir="1" index="2" bw="10" slack="0"/>
</pin_list>
<bind>
<opcode="add(8) " fcode="add"/>
<opset="rowIdx_V/4 "/>
</bind>
</comp>

<comp id="257" class="1004" name="rowIdx_V_8_fu_257">
<pin_list>
<pin id="258" dir="0" index="0" bw="1" slack="0"/>
<pin id="259" dir="0" index="1" bw="1" slack="0"/>
<pin id="260" dir="0" index="2" bw="10" slack="0"/>
<pin id="261" dir="1" index="3" bw="10" slack="1"/>
</pin_list>
<bind>
<opcode="select(49) " fcode="select"/>
<opset="rowIdx_V_8/4 "/>
</bind>
</comp>

<comp id="265" class="1005" name="reps_read_reg_265">
<pin_list>
<pin id="266" dir="0" index="0" bw="32" slack="1"/>
<pin id="267" dir="1" index="1" bw="32" slack="1"/>
</pin_list>
<bind>
<opset="reps_read "/>
</bind>
</comp>

<comp id="271" class="1005" name="add_ln130_reg_271">
<pin_list>
<pin id="272" dir="0" index="0" bw="32" slack="1"/>
<pin id="273" dir="1" index="1" bw="32" slack="1"/>
</pin_list>
<bind>
<opset="add_ln130 "/>
</bind>
</comp>

<comp id="276" class="1005" name="add_ln130_10_reg_276">
<pin_list>
<pin id="277" dir="0" index="0" bw="32" slack="1"/>
<pin id="278" dir="1" index="1" bw="32" slack="1"/>
</pin_list>
<bind>
<opset="add_ln130_10 "/>
</bind>
</comp>

<comp id="284" class="1005" name="storeBufferIdx_V_reg_284">
<pin_list>
<pin id="285" dir="0" index="0" bw="2" slack="0"/>
<pin id="286" dir="1" index="1" bw="2" slack="0"/>
</pin_list>
<bind>
<opset="storeBufferIdx_V "/>
</bind>
</comp>

<comp id="289" class="1005" name="icmp_ln132_reg_289">
<pin_list>
<pin id="290" dir="0" index="0" bw="1" slack="1"/>
<pin id="291" dir="1" index="1" bw="1" slack="1"/>
</pin_list>
<bind>
<opset="icmp_ln132 "/>
</bind>
</comp>

<comp id="294" class="1005" name="icmp_ln134_reg_294">
<pin_list>
<pin id="295" dir="0" index="0" bw="1" slack="1"/>
<pin id="296" dir="1" index="1" bw="1" slack="1"/>
</pin_list>
<bind>
<opset="icmp_ln134 "/>
</bind>
</comp>

<comp id="299" class="1005" name="rep_reg_299">
<pin_list>
<pin id="300" dir="0" index="0" bw="32" slack="0"/>
<pin id="301" dir="1" index="1" bw="32" slack="0"/>
</pin_list>
<bind>
<opset="rep "/>
</bind>
</comp>

<comp id="304" class="1005" name="xor_ln132_reg_304">
<pin_list>
<pin id="305" dir="0" index="0" bw="1" slack="1"/>
<pin id="306" dir="1" index="1" bw="1" slack="1"/>
</pin_list>
<bind>
<opset="xor_ln132 "/>
</bind>
</comp>

<comp id="309" class="1005" name="loadBufferIdx_V_reg_309">
<pin_list>
<pin id="310" dir="0" index="0" bw="2" slack="1"/>
<pin id="311" dir="1" index="1" bw="2" slack="1"/>
</pin_list>
<bind>
<opset="loadBufferIdx_V "/>
</bind>
</comp>

<comp id="314" class="1005" name="rowIdx_V_8_reg_314">
<pin_list>
<pin id="315" dir="0" index="0" bw="10" slack="1"/>
<pin id="316" dir="1" index="1" bw="10" slack="1"/>
</pin_list>
<bind>
<opset="rowIdx_V_8 "/>
</bind>
</comp>

</comp_list>

<net_list>
<net id="75"><net_src comp="10" pin="0"/><net_sink comp="72" pin=0"/></net>

<net id="79"><net_src comp="10" pin="0"/><net_sink comp="76" pin=0"/></net>

<net id="84"><net_src comp="12" pin="0"/><net_sink comp="80" pin=0"/></net>

<net id="85"><net_src comp="0" pin="0"/><net_sink comp="80" pin=1"/></net>

<net id="91"><net_src comp="14" pin="0"/><net_sink comp="86" pin=0"/></net>

<net id="92"><net_src comp="2" pin="0"/><net_sink comp="86" pin=1"/></net>

<net id="93"><net_src comp="80" pin="2"/><net_sink comp="86" pin=2"/></net>

<net id="99"><net_src comp="14" pin="0"/><net_sink comp="94" pin=0"/></net>

<net id="100"><net_src comp="8" pin="0"/><net_sink comp="94" pin=1"/></net>

<net id="101"><net_src comp="80" pin="2"/><net_sink comp="94" pin=2"/></net>

<net id="105"><net_src comp="42" pin="0"/><net_sink comp="102" pin=0"/></net>

<net id="112"><net_src comp="102" pin="1"/><net_sink comp="106" pin=0"/></net>

<net id="113"><net_src comp="106" pin="4"/><net_sink comp="102" pin=0"/></net>

<net id="117"><net_src comp="44" pin="0"/><net_sink comp="114" pin=0"/></net>

<net id="124"><net_src comp="114" pin="1"/><net_sink comp="118" pin=0"/></net>

<net id="125"><net_src comp="118" pin="4"/><net_sink comp="114" pin=0"/></net>

<net id="129"><net_src comp="46" pin="0"/><net_sink comp="126" pin=0"/></net>

<net id="136"><net_src comp="126" pin="1"/><net_sink comp="130" pin=0"/></net>

<net id="137"><net_src comp="130" pin="4"/><net_sink comp="126" pin=0"/></net>

<net id="141"><net_src comp="20" pin="0"/><net_sink comp="138" pin=0"/></net>

<net id="148"><net_src comp="138" pin="1"/><net_sink comp="142" pin=0"/></net>

<net id="158"><net_src comp="58" pin="0"/><net_sink comp="149" pin=0"/></net>

<net id="159"><net_src comp="6" pin="0"/><net_sink comp="149" pin=1"/></net>

<net id="160"><net_src comp="126" pin="1"/><net_sink comp="149" pin=5"/></net>

<net id="161"><net_src comp="114" pin="1"/><net_sink comp="149" pin=6"/></net>

<net id="170"><net_src comp="56" pin="0"/><net_sink comp="162" pin=0"/></net>

<net id="171"><net_src comp="4" pin="0"/><net_sink comp="162" pin=1"/></net>

<net id="172"><net_src comp="102" pin="1"/><net_sink comp="162" pin=5"/></net>

<net id="177"><net_src comp="38" pin="0"/><net_sink comp="173" pin=1"/></net>

<net id="182"><net_src comp="40" pin="0"/><net_sink comp="178" pin=1"/></net>

<net id="187"><net_src comp="173" pin="2"/><net_sink comp="183" pin=0"/></net>

<net id="188"><net_src comp="178" pin="2"/><net_sink comp="183" pin=1"/></net>

<net id="193"><net_src comp="24" pin="0"/><net_sink comp="189" pin=0"/></net>

<net id="194"><net_src comp="183" pin="2"/><net_sink comp="189" pin=1"/></net>

<net id="199"><net_src comp="142" pin="4"/><net_sink comp="195" pin=0"/></net>

<net id="204"><net_src comp="106" pin="4"/><net_sink comp="200" pin=0"/></net>

<net id="205"><net_src comp="44" pin="0"/><net_sink comp="200" pin=1"/></net>

<net id="210"><net_src comp="142" pin="4"/><net_sink comp="206" pin=0"/></net>

<net id="217"><net_src comp="48" pin="0"/><net_sink comp="211" pin=0"/></net>

<net id="218"><net_src comp="142" pin="4"/><net_sink comp="211" pin=1"/></net>

<net id="219"><net_src comp="40" pin="0"/><net_sink comp="211" pin=2"/></net>

<net id="220"><net_src comp="50" pin="0"/><net_sink comp="211" pin=3"/></net>

<net id="225"><net_src comp="211" pin="4"/><net_sink comp="221" pin=0"/></net>

<net id="226"><net_src comp="52" pin="0"/><net_sink comp="221" pin=1"/></net>

<net id="231"><net_src comp="142" pin="4"/><net_sink comp="227" pin=0"/></net>

<net id="232"><net_src comp="40" pin="0"/><net_sink comp="227" pin=1"/></net>

<net id="237"><net_src comp="54" pin="0"/><net_sink comp="233" pin=1"/></net>

<net id="238"><net_src comp="233" pin="2"/><net_sink comp="162" pin=4"/></net>

<net id="243"><net_src comp="114" pin="1"/><net_sink comp="239" pin=0"/></net>

<net id="244"><net_src comp="44" pin="0"/><net_sink comp="239" pin=1"/></net>

<net id="249"><net_src comp="126" pin="1"/><net_sink comp="245" pin=0"/></net>

<net id="250"><net_src comp="60" pin="0"/><net_sink comp="245" pin=1"/></net>

<net id="255"><net_src comp="126" pin="1"/><net_sink comp="251" pin=0"/></net>

<net id="256"><net_src comp="62" pin="0"/><net_sink comp="251" pin=1"/></net>

<net id="262"><net_src comp="245" pin="2"/><net_sink comp="257" pin=0"/></net>

<net id="263"><net_src comp="64" pin="0"/><net_sink comp="257" pin=1"/></net>

<net id="264"><net_src comp="251" pin="2"/><net_sink comp="257" pin=2"/></net>

<net id="268"><net_src comp="80" pin="2"/><net_sink comp="265" pin=0"/></net>

<net id="269"><net_src comp="265" pin="1"/><net_sink comp="173" pin=0"/></net>

<net id="270"><net_src comp="265" pin="1"/><net_sink comp="178" pin=0"/></net>

<net id="274"><net_src comp="183" pin="2"/><net_sink comp="271" pin=0"/></net>

<net id="275"><net_src comp="271" pin="1"/><net_sink comp="206" pin=1"/></net>

<net id="279"><net_src comp="189" pin="2"/><net_sink comp="276" pin=0"/></net>

<net id="280"><net_src comp="276" pin="1"/><net_sink comp="195" pin=1"/></net>

<net id="287"><net_src comp="200" pin="2"/><net_sink comp="284" pin=0"/></net>

<net id="288"><net_src comp="284" pin="1"/><net_sink comp="106" pin=2"/></net>

<net id="292"><net_src comp="206" pin="2"/><net_sink comp="289" pin=0"/></net>

<net id="293"><net_src comp="289" pin="1"/><net_sink comp="233" pin=0"/></net>

<net id="297"><net_src comp="221" pin="2"/><net_sink comp="294" pin=0"/></net>

<net id="298"><net_src comp="294" pin="1"/><net_sink comp="149" pin=4"/></net>

<net id="302"><net_src comp="227" pin="2"/><net_sink comp="299" pin=0"/></net>

<net id="303"><net_src comp="299" pin="1"/><net_sink comp="142" pin=2"/></net>

<net id="307"><net_src comp="233" pin="2"/><net_sink comp="304" pin=0"/></net>

<net id="308"><net_src comp="304" pin="1"/><net_sink comp="162" pin=4"/></net>

<net id="312"><net_src comp="239" pin="2"/><net_sink comp="309" pin=0"/></net>

<net id="313"><net_src comp="309" pin="1"/><net_sink comp="118" pin=2"/></net>

<net id="317"><net_src comp="257" pin="3"/><net_sink comp="314" pin=0"/></net>

<net id="318"><net_src comp="314" pin="1"/><net_sink comp="130" pin=2"/></net>

</net_list>

</model> 
---------------- Datapath Model END ------------------

* FSMD analyzer results:
  - Output states:
	Port: reps_out | {1 }
	Port: padding_out_V_V | {4 5 }
	Port: reps_c_i | {1 }
 - Input state : 
	Port: conv3padding526715 : reps | {1 }
	Port: conv3padding526715 : in_V_V | {4 5 }
  - Chain level:
	State 1
	State 2
		add_ln130_10 : 1
	State 3
		icmp_ln130 : 1
		storeBufferIdx_V : 1
		br_ln130 : 2
		icmp_ln132 : 1
		tmp : 1
		icmp_ln134 : 2
		rep : 1
	State 4
		rowIdx_V_8 : 1
	State 5
		empty : 1


============================================================
+ Verbose Summary: Datapath Resource usage 
============================================================

* Functional unit list:
|----------|------------------------------|---------|---------|---------|---------|
| Operation|        Functional Unit       |  DSP48E |  Delay  |    FF   |   LUT   |
|----------|------------------------------|---------|---------|---------|---------|
|   call   | grp_stream_out_data_4_fu_149 |    1    |   1.51  |   161   |   261   |
|          |  grp_stream_in_row_3_fu_162  |    0    |  2.265  |   107   |   193   |
|----------|------------------------------|---------|---------|---------|---------|
|          |       add_ln130_fu_183       |    0    |    0    |    0    |    39   |
|          |      add_ln130_10_fu_189     |    0    |    0    |    0    |    39   |
|    add   |    storeBufferIdx_V_fu_200   |    0    |    0    |    0    |    9    |
|          |          rep_fu_227          |    0    |    0    |    0    |    39   |
|          |    loadBufferIdx_V_fu_239    |    0    |    0    |    0    |    9    |
|          |        rowIdx_V_fu_251       |    0    |    0    |    0    |    17   |
|----------|------------------------------|---------|---------|---------|---------|
|          |       icmp_ln130_fu_195      |    0    |    0    |    0    |    20   |
|   icmp   |       icmp_ln132_fu_206      |    0    |    0    |    0    |    20   |
|          |       icmp_ln134_fu_221      |    0    |    0    |    0    |    20   |
|          |       icmp_ln879_fu_245      |    0    |    0    |    0    |    13   |
|----------|------------------------------|---------|---------|---------|---------|
|  select  |       rowIdx_V_8_fu_257      |    0    |    0    |    0    |    9    |
|----------|------------------------------|---------|---------|---------|---------|
|    xor   |       xor_ln132_fu_233       |    0    |    0    |    0    |    2    |
|----------|------------------------------|---------|---------|---------|---------|
|   read   |     reps_read_read_fu_80     |    0    |    0    |    0    |    0    |
|----------|------------------------------|---------|---------|---------|---------|
|   write  |    write_ln90_write_fu_86    |    0    |    0    |    0    |    0    |
|          |    write_ln504_write_fu_94   |    0    |    0    |    0    |    0    |
|----------|------------------------------|---------|---------|---------|---------|
|    shl   |       shl_ln130_fu_173       |    0    |    0    |    0    |    0    |
|          |      shl_ln130_7_fu_178      |    0    |    0    |    0    |    0    |
|----------|------------------------------|---------|---------|---------|---------|
|partselect|          tmp_fu_211          |    0    |    0    |    0    |    0    |
|----------|------------------------------|---------|---------|---------|---------|
|   Total  |                              |    1    |  3.775  |   268   |   690   |
|----------|------------------------------|---------|---------|---------|---------|

Memories:
+--------------+--------+--------+--------+--------+
|              |  BRAM  |   FF   |   LUT  |  URAM  |
+--------------+--------+--------+--------+--------+
|row_buffer_0_V|    1   |    0   |    0   |    0   |
|row_buffer_1_V|    1   |    0   |    0   |    0   |
+--------------+--------+--------+--------+--------+
|     Total    |    2   |    0   |    0   |    0   |
+--------------+--------+--------+--------+--------+

* Register list:
+------------------------+--------+
|                        |   FF   |
+------------------------+--------+
|  add_ln130_10_reg_276  |   32   |
|    add_ln130_reg_271   |   32   |
|   icmp_ln132_reg_289   |    1   |
|   icmp_ln134_reg_294   |    1   |
| loadBufferIdx_V_reg_309|    2   |
|   rep_0_i_i_i_reg_138  |   32   |
|       rep_reg_299      |   32   |
|    reps_read_reg_265   |   32   |
|   rowIdx_V_8_reg_314   |   10   |
|storeBufferIdx_V_reg_284|    2   |
|     t_V_19_reg_102     |    2   |
|     t_V_20_reg_126     |   10   |
|       t_V_reg_114      |    2   |
|    xor_ln132_reg_304   |    1   |
+------------------------+--------+
|          Total         |   191  |
+------------------------+--------+

* Multiplexer (MUX) list: 
|----------------------------|------|------|------|--------||---------||---------|
|            Comp            |  Pin | Size |  BW  | S x BW ||  Delay  ||   LUT   |
|----------------------------|------|------|------|--------||---------||---------|
|       t_V_19_reg_102       |  p0  |   2  |   2  |    4   ||    9    |
|         t_V_reg_114        |  p0  |   2  |   2  |    4   ||    9    |
|       t_V_20_reg_126       |  p0  |   2  |  10  |   20   ||    9    |
| grp_stream_in_row_3_fu_162 |  p4  |   2  |   1  |    2   ||    9    |
|----------------------------|------|------|------|--------||---------||---------|
|            Total           |      |      |      |   30   ||   3.02  ||    36   |
|----------------------------|------|------|------|--------||---------||---------|



* Summary:
+-----------+--------+--------+--------+--------+--------+--------+
|           |  BRAM  | DSP48E |  Delay |   FF   |   LUT  |  URAM  |
+-----------+--------+--------+--------+--------+--------+--------+
|  Function |    -   |    1   |    3   |   268  |   690  |    -   |
|   Memory  |    2   |    -   |    -   |    0   |    0   |    0   |
|Multiplexer|    -   |    -   |    3   |    -   |   36   |    -   |
|  Register |    -   |    -   |    -   |   191  |    -   |    -   |
+-----------+--------+--------+--------+--------+--------+--------+
|   Total   |    2   |    1   |    6   |   459  |   726  |    0   |
+-----------+--------+--------+--------+--------+--------+--------+
