

================================================================
== Vivado HLS Report for 'mat_to_stream'
================================================================
* Date:           Tue May 10 21:14:54 2022

* Version:        2019.2 (Build 2704478 on Wed Nov 06 22:10:23 MST 2019)
* Project:        ultra_core
* Solution:       ultracore_125
* Product family: zynquplus
* Target device:  xczu3eg-sbva484-1-e


================================================================
== Performance Estimates
================================================================
+ Timing: 
    * Summary: 
    +--------+---------+----------+------------+
    |  Clock |  Target | Estimated| Uncertainty|
    +--------+---------+----------+------------+
    |ap_clk  | 4.00 ns | 3.500 ns |   0.50 ns  |
    +--------+---------+----------+------------+

+ Latency: 
    * Summary: 
    +---------+---------+----------+----------+-------+-------+---------+
    |  Latency (cycles) |  Latency (absolute) |    Interval   | Pipeline|
    |   min   |   max   |    min   |    max   |  min  |  max  |   Type  |
    +---------+---------+----------+----------+-------+-------+---------+
    |    51202|    51202| 0.205 ms | 0.205 ms |  51202|  51202|   none  |
    +---------+---------+----------+----------+-------+-------+---------+

    + Detail: 
        * Instance: 
        N/A

        * Loop: 
        +----------+---------+---------+----------+-----------+-----------+-------+----------+
        |          |  Latency (cycles) | Iteration|  Initiation Interval  |  Trip |          |
        | Loop Name|   min   |   max   |  Latency |  achieved |   target  | Count | Pipelined|
        +----------+---------+---------+----------+-----------+-----------+-------+----------+
        |- Loop 1  |    51200|    51200|         2|          1|          1|  51200|    yes   |
        +----------+---------+---------+----------+-----------+-----------+-------+----------+

============================================================
+ Verbose Summary: Synthesis Manager
============================================================
InlineROM: 1
ExposeGlobal: 0
============================================================
+ Verbose Summary: CDFG Model
============================================================
IsTopModel: 0
ResetActiveHigh: 1
IsCombinational: 2
IsDatapathOnly: 0
HasWiredReturn: 1
HasMFsm: 0
HasVarLatency: 1
IsPipeline: 0
IsRtlPipelined: 0
IsInstanceOverlapped: 0
IsDontTouch: 0
HasImplIP: 0
IsGatedGlobalClock: 0

+ Individual pipeline summary: 
  * Pipeline-0: initiation interval (II) = 1, depth = 2


============================================================
+ Verbose Summary: Schedule
============================================================
* Number of FSM states : 4
* Pipeline : 1
  Pipeline-0 : II = 1, D = 2, States = { 2 3 }
* Dataflow Pipeline: 0

* FSM state transitions: 
1 --> 2 
2 --> 4 3 
3 --> 2 
4 --> 

* FSM state operations: 

State 1 <SV = 0> <Delay = 0.75>
ST_1 : Operation 5 [1/1] (0.00ns)   --->   "call void (...)* @_ssdm_op_SpecInterface(i8* %resize_img_data_stream_2_V, [8 x i8]* @ap_fifo_str, i32 0, i32 0, [1 x i8]* @p_str, i32 0, i32 0, [1 x i8]* @p_str, [1 x i8]* @p_str, [1 x i8]* @p_str, i32 2, i32 2, i32 16, i32 16, [1 x i8]* @p_str, [1 x i8]* @p_str)"   --->   Operation 5 'specinterface' <Predicate = true> <Delay = 0.00>
ST_1 : Operation 6 [1/1] (0.00ns)   --->   "call void (...)* @_ssdm_op_SpecInterface(i8* %resize_img_data_stream_1_V, [8 x i8]* @ap_fifo_str, i32 0, i32 0, [1 x i8]* @p_str, i32 0, i32 0, [1 x i8]* @p_str, [1 x i8]* @p_str, [1 x i8]* @p_str, i32 2, i32 2, i32 16, i32 16, [1 x i8]* @p_str, [1 x i8]* @p_str)"   --->   Operation 6 'specinterface' <Predicate = true> <Delay = 0.00>
ST_1 : Operation 7 [1/1] (0.00ns)   --->   "call void (...)* @_ssdm_op_SpecInterface(i8* %resize_img_data_stream_0_V, [8 x i8]* @ap_fifo_str, i32 0, i32 0, [1 x i8]* @p_str, i32 0, i32 0, [1 x i8]* @p_str, [1 x i8]* @p_str, [1 x i8]* @p_str, i32 2, i32 2, i32 16, i32 16, [1 x i8]* @p_str, [1 x i8]* @p_str)"   --->   Operation 7 'specinterface' <Predicate = true> <Delay = 0.00>
ST_1 : Operation 8 [1/1] (0.00ns)   --->   "call void (...)* @_ssdm_op_SpecInterface(i24* %out_V_V, [8 x i8]* @ap_fifo_str, i32 0, i32 0, [1 x i8]* @p_str, i32 0, i32 0, [1 x i8]* @p_str, [1 x i8]* @p_str, [1 x i8]* @p_str, i32 2, i32 2, i32 16, i32 16, [1 x i8]* @p_str, [1 x i8]* @p_str)"   --->   Operation 8 'specinterface' <Predicate = true> <Delay = 0.00>
ST_1 : Operation 9 [1/1] (0.75ns)   --->   "br label %.preheader" [./src/ultranet.cpp:56]   --->   Operation 9 'br' <Predicate = true> <Delay = 0.75>

State 2 <SV = 1> <Delay = 1.01>
ST_2 : Operation 10 [1/1] (0.00ns)   --->   "%indvar_flatten = phi i16 [ 0, %0 ], [ %add_ln56, %hls_label_1_begin ]" [./src/ultranet.cpp:56]   --->   Operation 10 'phi' 'indvar_flatten' <Predicate = true> <Delay = 0.00>
ST_2 : Operation 11 [1/1] (0.86ns)   --->   "%icmp_ln56 = icmp eq i16 %indvar_flatten, -14336" [./src/ultranet.cpp:56]   --->   Operation 11 'icmp' 'icmp_ln56' <Predicate = true> <Delay = 0.86> <Core = "Cmp">   --->   Core 25 'Cmp' <Latency = 0> <II = 1> <Delay = 0.86> <FuncUnit> <Opcode : 'icmp'> <InPorts = 2> <OutPorts = 1>
ST_2 : Operation 12 [1/1] (1.01ns)   --->   "%add_ln56 = add i16 %indvar_flatten, 1" [./src/ultranet.cpp:56]   --->   Operation 12 'add' 'add_ln56' <Predicate = true> <Delay = 1.01> <Core = "AddSub">   --->   Core 14 'AddSub' <Latency = 0> <II = 1> <Delay = 1.01> <FuncUnit> <Opcode : 'add' 'sub'> <InPorts = 2> <OutPorts = 1>
ST_2 : Operation 13 [1/1] (0.00ns)   --->   "br i1 %icmp_ln56, label %1, label %hls_label_1_begin" [./src/ultranet.cpp:56]   --->   Operation 13 'br' <Predicate = true> <Delay = 0.00>

State 3 <SV = 2> <Delay = 3.50>
ST_3 : Operation 14 [1/1] (0.00ns)   --->   "%empty = call i32 (...)* @_ssdm_op_SpecLoopTripCount(i64 51200, i64 51200, i64 51200)"   --->   Operation 14 'speclooptripcount' 'empty' <Predicate = (!icmp_ln56)> <Delay = 0.00>
ST_3 : Operation 15 [1/1] (0.00ns)   --->   "%tmp_s = call i32 (...)* @_ssdm_op_SpecRegionBegin([12 x i8]* @p_str49943)" [./src/ultranet.cpp:57]   --->   Operation 15 'specregionbegin' 'tmp_s' <Predicate = (!icmp_ln56)> <Delay = 0.00>
ST_3 : Operation 16 [1/1] (0.00ns)   --->   "call void (...)* @_ssdm_op_SpecPipeline(i32 1, i32 1, i32 1, i32 0, [1 x i8]* @p_str49942) nounwind" [./src/ultranet.cpp:58]   --->   Operation 16 'specpipeline' <Predicate = (!icmp_ln56)> <Delay = 0.00>
ST_3 : Operation 17 [1/1] (0.00ns)   --->   "%tmp_1 = call i32 (...)* @_ssdm_op_SpecRegionBegin([12 x i8]* @p_str50041)" [/tools/Xilinx/Vivado/2019.2/common/technology/autopilot/hls/hls_video_core.h:672->/tools/Xilinx/Vivado/2019.2/common/technology/autopilot/hls/hls_video_core.h:611->./src/ultranet.cpp:60]   --->   Operation 17 'specregionbegin' 'tmp_1' <Predicate = (!icmp_ln56)> <Delay = 0.00>
ST_3 : Operation 18 [1/1] (0.00ns)   --->   "call void (...)* @_ssdm_op_SpecProtocol(i32 0, [1 x i8]* @p_str49942) nounwind" [/tools/Xilinx/Vivado/2019.2/common/technology/autopilot/hls/hls_video_core.h:676->/tools/Xilinx/Vivado/2019.2/common/technology/autopilot/hls/hls_video_core.h:611->./src/ultranet.cpp:60]   --->   Operation 18 'specprotocol' <Predicate = (!icmp_ln56)> <Delay = 0.00>
ST_3 : Operation 19 [1/1] (1.75ns)   --->   "%tmp_35 = call i8 @_ssdm_op_Read.ap_fifo.volatile.i8P(i8* %resize_img_data_stream_0_V)" [/tools/Xilinx/Vivado/2019.2/common/technology/autopilot/hls/hls_video_core.h:679->/tools/Xilinx/Vivado/2019.2/common/technology/autopilot/hls/hls_video_core.h:611->./src/ultranet.cpp:60]   --->   Operation 19 'read' 'tmp_35' <Predicate = (!icmp_ln56)> <Delay = 1.75> <Core = "FIFO">   --->   Core 32 'FIFO' <Latency = 0> <II = 1> <Delay = 2.16> <Storage> <Opcode : 'read' 'write' 'nbread' 'nbwrite'> <Ports = 0> <Width = 24> <Depth = 2> <FIFO>
ST_3 : Operation 20 [1/1] (1.75ns)   --->   "%tmp_36 = call i8 @_ssdm_op_Read.ap_fifo.volatile.i8P(i8* %resize_img_data_stream_1_V)" [/tools/Xilinx/Vivado/2019.2/common/technology/autopilot/hls/hls_video_core.h:679->/tools/Xilinx/Vivado/2019.2/common/technology/autopilot/hls/hls_video_core.h:611->./src/ultranet.cpp:60]   --->   Operation 20 'read' 'tmp_36' <Predicate = (!icmp_ln56)> <Delay = 1.75> <Core = "FIFO">   --->   Core 32 'FIFO' <Latency = 0> <II = 1> <Delay = 2.16> <Storage> <Opcode : 'read' 'write' 'nbread' 'nbwrite'> <Ports = 0> <Width = 24> <Depth = 2> <FIFO>
ST_3 : Operation 21 [1/1] (1.75ns)   --->   "%tmp = call i8 @_ssdm_op_Read.ap_fifo.volatile.i8P(i8* %resize_img_data_stream_2_V)" [/tools/Xilinx/Vivado/2019.2/common/technology/autopilot/hls/hls_video_core.h:679->/tools/Xilinx/Vivado/2019.2/common/technology/autopilot/hls/hls_video_core.h:611->./src/ultranet.cpp:60]   --->   Operation 21 'read' 'tmp' <Predicate = (!icmp_ln56)> <Delay = 1.75> <Core = "FIFO">   --->   Core 32 'FIFO' <Latency = 0> <II = 1> <Delay = 2.16> <Storage> <Opcode : 'read' 'write' 'nbread' 'nbwrite'> <Ports = 0> <Width = 24> <Depth = 2> <FIFO>
ST_3 : Operation 22 [1/1] (0.00ns)   --->   "%empty_98 = call i32 (...)* @_ssdm_op_SpecRegionEnd([12 x i8]* @p_str50041, i32 %tmp_1)" [/tools/Xilinx/Vivado/2019.2/common/technology/autopilot/hls/hls_video_core.h:681->/tools/Xilinx/Vivado/2019.2/common/technology/autopilot/hls/hls_video_core.h:611->./src/ultranet.cpp:60]   --->   Operation 22 'specregionend' 'empty_98' <Predicate = (!icmp_ln56)> <Delay = 0.00>
ST_3 : Operation 23 [1/1] (0.00ns)   --->   "%tmp_V = call i24 @_ssdm_op_BitConcatenate.i24.i8.i8.i8(i8 %tmp, i8 %tmp_36, i8 %tmp_35)" [./src/ultranet.cpp:63]   --->   Operation 23 'bitconcatenate' 'tmp_V' <Predicate = (!icmp_ln56)> <Delay = 0.00>
ST_3 : Operation 24 [1/1] (1.75ns)   --->   "call void @_ssdm_op_Write.ap_fifo.volatile.i24P(i24* %out_V_V, i24 %tmp_V)" [./src/ultranet.cpp:65]   --->   Operation 24 'write' <Predicate = (!icmp_ln56)> <Delay = 1.75> <Core = "FIFO">   --->   Core 32 'FIFO' <Latency = 0> <II = 1> <Delay = 2.16> <Storage> <Opcode : 'read' 'write' 'nbread' 'nbwrite'> <Ports = 0> <Width = 24> <Depth = 2> <FIFO>
ST_3 : Operation 25 [1/1] (0.00ns)   --->   "%empty_99 = call i32 (...)* @_ssdm_op_SpecRegionEnd([12 x i8]* @p_str49943, i32 %tmp_s)" [./src/ultranet.cpp:66]   --->   Operation 25 'specregionend' 'empty_99' <Predicate = (!icmp_ln56)> <Delay = 0.00>
ST_3 : Operation 26 [1/1] (0.00ns)   --->   "br label %.preheader" [./src/ultranet.cpp:57]   --->   Operation 26 'br' <Predicate = (!icmp_ln56)> <Delay = 0.00>

State 4 <SV = 2> <Delay = 0.00>
ST_4 : Operation 27 [1/1] (0.00ns)   --->   "ret void" [./src/ultranet.cpp:68]   --->   Operation 27 'ret' <Predicate = true> <Delay = 0.00>


============================================================
+ Verbose Summary: Binding
============================================================
STG Binding: 
---------------- STG Properties BEGIN ----------------
- Is combinational: 0
- Is one-state seq: 0
- Is datapath-only: 0
- Is pipelined: 0
- Is top level: 0
Port [ Return ] is wired: 1; IO mode=ap_ctrl_hs:ce=0
Port [ resize_img_data_stream_0_V]:  wired=1; compound=1; hidden=0; nouse=0; global=0; static=0; extern=0; dir=0; type=3; pingpong=0; private_global=0; IO mode=ap_fifo:ce=0
Port [ resize_img_data_stream_1_V]:  wired=1; compound=1; hidden=0; nouse=0; global=0; static=0; extern=0; dir=0; type=3; pingpong=0; private_global=0; IO mode=ap_fifo:ce=0
Port [ resize_img_data_stream_2_V]:  wired=1; compound=1; hidden=0; nouse=0; global=0; static=0; extern=0; dir=0; type=3; pingpong=0; private_global=0; IO mode=ap_fifo:ce=0
Port [ out_V_V]:  wired=1; compound=1; hidden=0; nouse=0; global=0; static=0; extern=0; dir=1; type=3; pingpong=0; private_global=0; IO mode=ap_fifo:ce=0
---------------- STG Properties END ------------------

---------------- Datapath Model BEGIN ----------------

<LifeTime>
<method=bitvector/>
specinterface_ln0  (specinterface    ) [ 00000]
specinterface_ln0  (specinterface    ) [ 00000]
specinterface_ln0  (specinterface    ) [ 00000]
specinterface_ln0  (specinterface    ) [ 00000]
br_ln56            (br               ) [ 01110]
indvar_flatten     (phi              ) [ 00100]
icmp_ln56          (icmp             ) [ 00110]
add_ln56           (add              ) [ 01110]
br_ln56            (br               ) [ 00000]
empty              (speclooptripcount) [ 00000]
tmp_s              (specregionbegin  ) [ 00000]
specpipeline_ln58  (specpipeline     ) [ 00000]
tmp_1              (specregionbegin  ) [ 00000]
specprotocol_ln676 (specprotocol     ) [ 00000]
tmp_35             (read             ) [ 00000]
tmp_36             (read             ) [ 00000]
tmp                (read             ) [ 00000]
empty_98           (specregionend    ) [ 00000]
tmp_V              (bitconcatenate   ) [ 00000]
write_ln65         (write            ) [ 00000]
empty_99           (specregionend    ) [ 00000]
br_ln57            (br               ) [ 01110]
ret_ln68           (ret              ) [ 00000]
</LifeTime>

<model>

<comp_list>
<comp id="0" class="1000" name="resize_img_data_stream_0_V">
<pin_list>
<pin id="1" dir="1" index="0" bw="1" slack="0"/>
</pin_list>
<bind>
<StgValue><ssdm name="resize_img_data_stream_0_V"/></StgValue>
</bind>
</comp>

<comp id="2" class="1000" name="resize_img_data_stream_1_V">
<pin_list>
<pin id="3" dir="1" index="0" bw="1" slack="0"/>
</pin_list>
<bind>
<StgValue><ssdm name="resize_img_data_stream_1_V"/></StgValue>
</bind>
</comp>

<comp id="4" class="1000" name="resize_img_data_stream_2_V">
<pin_list>
<pin id="5" dir="1" index="0" bw="1" slack="0"/>
</pin_list>
<bind>
<StgValue><ssdm name="resize_img_data_stream_2_V"/></StgValue>
</bind>
</comp>

<comp id="6" class="1000" name="out_V_V">
<pin_list>
<pin id="7" dir="1" index="0" bw="1" slack="0"/>
</pin_list>
<bind>
<StgValue><ssdm name="out_V_V"/></StgValue>
</bind>
</comp>

<comp id="8" class="1001" name="const_8">
<pin_list>
<pin id="9" dir="1" index="0" bw="1" slack="2147483647"/>
</pin_list>
<bind>
<StgValue><ssdm name="_ssdm_op_SpecInterface"/></StgValue>
</bind>
</comp>

<comp id="10" class="1001" name="const_10">
<pin_list>
<pin id="11" dir="1" index="0" bw="1" slack="2147483647"/>
</pin_list>
<bind>
<StgValue><ssdm name="ap_fifo_str"/></StgValue>
</bind>
</comp>

<comp id="12" class="1001" name="const_12">
<pin_list>
<pin id="13" dir="1" index="0" bw="1" slack="2147483647"/>
</pin_list>
<bind>
<StgValue><ssdm name=""/></StgValue>
</bind>
</comp>

<comp id="14" class="1001" name="const_14">
<pin_list>
<pin id="15" dir="1" index="0" bw="1" slack="2147483647"/>
</pin_list>
<bind>
<StgValue><ssdm name="p_str"/></StgValue>
</bind>
</comp>

<comp id="16" class="1001" name="const_16">
<pin_list>
<pin id="17" dir="1" index="0" bw="1" slack="2147483647"/>
</pin_list>
<bind>
<StgValue><ssdm name=""/></StgValue>
</bind>
</comp>

<comp id="18" class="1001" name="const_18">
<pin_list>
<pin id="19" dir="1" index="0" bw="1" slack="2147483647"/>
</pin_list>
<bind>
<StgValue><ssdm name=""/></StgValue>
</bind>
</comp>

<comp id="20" class="1001" name="const_20">
<pin_list>
<pin id="21" dir="1" index="0" bw="1" slack="1"/>
</pin_list>
<bind>
<StgValue><ssdm name=""/></StgValue>
</bind>
</comp>

<comp id="22" class="1001" name="const_22">
<pin_list>
<pin id="23" dir="1" index="0" bw="1" slack="0"/>
</pin_list>
<bind>
<StgValue><ssdm name=""/></StgValue>
</bind>
</comp>

<comp id="24" class="1001" name="const_24">
<pin_list>
<pin id="25" dir="1" index="0" bw="1" slack="0"/>
</pin_list>
<bind>
<StgValue><ssdm name=""/></StgValue>
</bind>
</comp>

<comp id="26" class="1001" name="const_26">
<pin_list>
<pin id="27" dir="1" index="0" bw="1" slack="2147483647"/>
</pin_list>
<bind>
<StgValue><ssdm name="_ssdm_op_SpecLoopTripCount"/></StgValue>
</bind>
</comp>

<comp id="28" class="1001" name="const_28">
<pin_list>
<pin id="29" dir="1" index="0" bw="1" slack="2147483647"/>
</pin_list>
<bind>
<StgValue><ssdm name=""/></StgValue>
</bind>
</comp>

<comp id="30" class="1001" name="const_30">
<pin_list>
<pin id="31" dir="1" index="0" bw="1" slack="2147483647"/>
</pin_list>
<bind>
<StgValue><ssdm name="_ssdm_op_SpecRegionBegin"/></StgValue>
</bind>
</comp>

<comp id="32" class="1001" name="const_32">
<pin_list>
<pin id="33" dir="1" index="0" bw="1" slack="2147483647"/>
</pin_list>
<bind>
<StgValue><ssdm name="p_str49943"/></StgValue>
</bind>
</comp>

<comp id="34" class="1001" name="const_34">
<pin_list>
<pin id="35" dir="1" index="0" bw="1" slack="2147483647"/>
</pin_list>
<bind>
<StgValue><ssdm name="_ssdm_op_SpecPipeline"/></StgValue>
</bind>
</comp>

<comp id="36" class="1001" name="const_36">
<pin_list>
<pin id="37" dir="1" index="0" bw="1" slack="2147483647"/>
</pin_list>
<bind>
<StgValue><ssdm name=""/></StgValue>
</bind>
</comp>

<comp id="38" class="1001" name="const_38">
<pin_list>
<pin id="39" dir="1" index="0" bw="1" slack="2147483647"/>
</pin_list>
<bind>
<StgValue><ssdm name="p_str49942"/></StgValue>
</bind>
</comp>

<comp id="40" class="1001" name="const_40">
<pin_list>
<pin id="41" dir="1" index="0" bw="1" slack="2147483647"/>
</pin_list>
<bind>
<StgValue><ssdm name="p_str50041"/></StgValue>
</bind>
</comp>

<comp id="42" class="1001" name="const_42">
<pin_list>
<pin id="43" dir="1" index="0" bw="1" slack="2147483647"/>
</pin_list>
<bind>
<StgValue><ssdm name="_ssdm_op_SpecProtocol"/></StgValue>
</bind>
</comp>

<comp id="44" class="1001" name="const_44">
<pin_list>
<pin id="45" dir="1" index="0" bw="1" slack="0"/>
</pin_list>
<bind>
<StgValue><ssdm name="_ssdm_op_Read.ap_fifo.volatile.i8P"/></StgValue>
</bind>
</comp>

<comp id="46" class="1001" name="const_46">
<pin_list>
<pin id="47" dir="1" index="0" bw="1" slack="2147483647"/>
</pin_list>
<bind>
<StgValue><ssdm name="_ssdm_op_SpecRegionEnd"/></StgValue>
</bind>
</comp>

<comp id="48" class="1001" name="const_48">
<pin_list>
<pin id="49" dir="1" index="0" bw="1" slack="0"/>
</pin_list>
<bind>
<StgValue><ssdm name="_ssdm_op_BitConcatenate.i24.i8.i8.i8"/></StgValue>
</bind>
</comp>

<comp id="50" class="1001" name="const_50">
<pin_list>
<pin id="51" dir="1" index="0" bw="1" slack="0"/>
</pin_list>
<bind>
<StgValue><ssdm name="_ssdm_op_Write.ap_fifo.volatile.i24P"/></StgValue>
</bind>
</comp>

<comp id="52" class="1004" name="tmp_35_read_fu_52">
<pin_list>
<pin id="53" dir="0" index="0" bw="8" slack="0"/>
<pin id="54" dir="0" index="1" bw="8" slack="0"/>
<pin id="55" dir="1" index="2" bw="8" slack="0"/>
</pin_list>
<bind>
<opcode="read(1150) " fcode="read"/>
<opset="tmp_35/3 "/>
</bind>
</comp>

<comp id="58" class="1004" name="tmp_36_read_fu_58">
<pin_list>
<pin id="59" dir="0" index="0" bw="8" slack="0"/>
<pin id="60" dir="0" index="1" bw="8" slack="0"/>
<pin id="61" dir="1" index="2" bw="8" slack="0"/>
</pin_list>
<bind>
<opcode="read(1150) " fcode="read"/>
<opset="tmp_36/3 "/>
</bind>
</comp>

<comp id="64" class="1004" name="tmp_read_fu_64">
<pin_list>
<pin id="65" dir="0" index="0" bw="8" slack="0"/>
<pin id="66" dir="0" index="1" bw="8" slack="0"/>
<pin id="67" dir="1" index="2" bw="8" slack="0"/>
</pin_list>
<bind>
<opcode="read(1150) " fcode="read"/>
<opset="tmp/3 "/>
</bind>
</comp>

<comp id="70" class="1004" name="write_ln65_write_fu_70">
<pin_list>
<pin id="71" dir="0" index="0" bw="0" slack="0"/>
<pin id="72" dir="0" index="1" bw="24" slack="0"/>
<pin id="73" dir="0" index="2" bw="24" slack="0"/>
<pin id="74" dir="1" index="3" bw="0" slack="2147483647"/>
</pin_list>
<bind>
<opcode="write(1151) " fcode="write"/>
<opset="write_ln65/3 "/>
</bind>
</comp>

<comp id="77" class="1005" name="indvar_flatten_reg_77">
<pin_list>
<pin id="78" dir="0" index="0" bw="16" slack="1"/>
<pin id="79" dir="1" index="1" bw="16" slack="1"/>
</pin_list>
<bind>
<opset="indvar_flatten (phireg) "/>
</bind>
</comp>

<comp id="81" class="1004" name="indvar_flatten_phi_fu_81">
<pin_list>
<pin id="82" dir="0" index="0" bw="1" slack="1"/>
<pin id="83" dir="0" index="1" bw="0" slack="2147483647"/>
<pin id="84" dir="0" index="2" bw="16" slack="0"/>
<pin id="85" dir="0" index="3" bw="0" slack="2147483647"/>
<pin id="86" dir="1" index="4" bw="16" slack="0"/>
</pin_list>
<bind>
<opcode="phi(47) " fcode="phi"/>
<opset="indvar_flatten/2 "/>
</bind>
</comp>

<comp id="88" class="1004" name="icmp_ln56_fu_88">
<pin_list>
<pin id="89" dir="0" index="0" bw="16" slack="0"/>
<pin id="90" dir="0" index="1" bw="15" slack="0"/>
<pin id="91" dir="1" index="2" bw="1" slack="1"/>
</pin_list>
<bind>
<opcode="icmp(45) " fcode="icmp"/>
<opset="icmp_ln56/2 "/>
</bind>
</comp>

<comp id="94" class="1004" name="add_ln56_fu_94">
<pin_list>
<pin id="95" dir="0" index="0" bw="16" slack="0"/>
<pin id="96" dir="0" index="1" bw="1" slack="0"/>
<pin id="97" dir="1" index="2" bw="16" slack="0"/>
</pin_list>
<bind>
<opcode="add(8) " fcode="add"/>
<opset="add_ln56/2 "/>
</bind>
</comp>

<comp id="100" class="1004" name="tmp_V_fu_100">
<pin_list>
<pin id="101" dir="0" index="0" bw="24" slack="0"/>
<pin id="102" dir="0" index="1" bw="8" slack="0"/>
<pin id="103" dir="0" index="2" bw="8" slack="0"/>
<pin id="104" dir="0" index="3" bw="8" slack="0"/>
<pin id="105" dir="1" index="4" bw="24" slack="0"/>
</pin_list>
<bind>
<opcode="bitconcatenate(1004) " fcode="bitconcatenate"/>
<opset="tmp_V/3 "/>
</bind>
</comp>

<comp id="111" class="1005" name="icmp_ln56_reg_111">
<pin_list>
<pin id="112" dir="0" index="0" bw="1" slack="1"/>
<pin id="113" dir="1" index="1" bw="1" slack="2147483647"/>
</pin_list>
<bind>
<opset="icmp_ln56 "/>
</bind>
</comp>

<comp id="115" class="1005" name="add_ln56_reg_115">
<pin_list>
<pin id="116" dir="0" index="0" bw="16" slack="0"/>
<pin id="117" dir="1" index="1" bw="16" slack="0"/>
</pin_list>
<bind>
<opset="add_ln56 "/>
</bind>
</comp>

</comp_list>

<net_list>
<net id="56"><net_src comp="44" pin="0"/><net_sink comp="52" pin=0"/></net>

<net id="57"><net_src comp="0" pin="0"/><net_sink comp="52" pin=1"/></net>

<net id="62"><net_src comp="44" pin="0"/><net_sink comp="58" pin=0"/></net>

<net id="63"><net_src comp="2" pin="0"/><net_sink comp="58" pin=1"/></net>

<net id="68"><net_src comp="44" pin="0"/><net_sink comp="64" pin=0"/></net>

<net id="69"><net_src comp="4" pin="0"/><net_sink comp="64" pin=1"/></net>

<net id="75"><net_src comp="50" pin="0"/><net_sink comp="70" pin=0"/></net>

<net id="76"><net_src comp="6" pin="0"/><net_sink comp="70" pin=1"/></net>

<net id="80"><net_src comp="20" pin="0"/><net_sink comp="77" pin=0"/></net>

<net id="87"><net_src comp="77" pin="1"/><net_sink comp="81" pin=0"/></net>

<net id="92"><net_src comp="81" pin="4"/><net_sink comp="88" pin=0"/></net>

<net id="93"><net_src comp="22" pin="0"/><net_sink comp="88" pin=1"/></net>

<net id="98"><net_src comp="81" pin="4"/><net_sink comp="94" pin=0"/></net>

<net id="99"><net_src comp="24" pin="0"/><net_sink comp="94" pin=1"/></net>

<net id="106"><net_src comp="48" pin="0"/><net_sink comp="100" pin=0"/></net>

<net id="107"><net_src comp="64" pin="2"/><net_sink comp="100" pin=1"/></net>

<net id="108"><net_src comp="58" pin="2"/><net_sink comp="100" pin=2"/></net>

<net id="109"><net_src comp="52" pin="2"/><net_sink comp="100" pin=3"/></net>

<net id="110"><net_src comp="100" pin="4"/><net_sink comp="70" pin=2"/></net>

<net id="114"><net_src comp="88" pin="2"/><net_sink comp="111" pin=0"/></net>

<net id="118"><net_src comp="94" pin="2"/><net_sink comp="115" pin=0"/></net>

<net id="119"><net_src comp="115" pin="1"/><net_sink comp="81" pin=2"/></net>

</net_list>

</model> 
---------------- Datapath Model END ------------------

* FSMD analyzer results:
  - Output states:
	Port: out_V_V | {3 }
 - Input state : 
	Port: mat_to_stream : resize_img_data_stream_0_V | {3 }
	Port: mat_to_stream : resize_img_data_stream_1_V | {3 }
	Port: mat_to_stream : resize_img_data_stream_2_V | {3 }
  - Chain level:
	State 1
	State 2
		icmp_ln56 : 1
		add_ln56 : 1
		br_ln56 : 2
	State 3
		empty_98 : 1
		write_ln65 : 1
		empty_99 : 1
	State 4


============================================================
+ Verbose Summary: Datapath Resource usage 
============================================================

* Functional unit list:
|----------|------------------------|---------|---------|
| Operation|     Functional Unit    |    FF   |   LUT   |
|----------|------------------------|---------|---------|
|    add   |     add_ln56_fu_94     |    0    |    23   |
|----------|------------------------|---------|---------|
|   icmp   |     icmp_ln56_fu_88    |    0    |    13   |
|----------|------------------------|---------|---------|
|          |    tmp_35_read_fu_52   |    0    |    0    |
|   read   |    tmp_36_read_fu_58   |    0    |    0    |
|          |     tmp_read_fu_64     |    0    |    0    |
|----------|------------------------|---------|---------|
|   write  | write_ln65_write_fu_70 |    0    |    0    |
|----------|------------------------|---------|---------|
|bitconcatenate|      tmp_V_fu_100      |    0    |    0    |
|----------|------------------------|---------|---------|
|   Total  |                        |    0    |    36   |
|----------|------------------------|---------|---------|

Memories:
N/A

* Register list:
+---------------------+--------+
|                     |   FF   |
+---------------------+--------+
|   add_ln56_reg_115  |   16   |
|  icmp_ln56_reg_111  |    1   |
|indvar_flatten_reg_77|   16   |
+---------------------+--------+
|        Total        |   33   |
+---------------------+--------+

* Multiplexer (MUX) list: 
|--------|------|------|------|--------|
|  Comp  |  Pin | Size |  BW  | S x BW |
|--------|------|------|------|--------|
|  Total |      |      |      |    0   |
|--------|------|------|------|--------|



* Summary:
+-----------+--------+--------+
|           |   FF   |   LUT  |
+-----------+--------+--------+
|  Function |    0   |   36   |
|   Memory  |    -   |    -   |
|Multiplexer|    -   |    -   |
|  Register |   33   |    -   |
+-----------+--------+--------+
|   Total   |   33   |   36   |
+-----------+--------+--------+
