

================================================================
== Vivado HLS Report for 'max2_PE_4u_16u_s'
================================================================
* Date:           Tue May 10 21:15:00 2022

* Version:        2019.2 (Build 2704478 on Wed Nov 06 22:10:23 MST 2019)
* Project:        ultra_core
* Solution:       ultracore_125
* Product family: zynquplus
* Target device:  xczu3eg-sbva484-1-e


================================================================
== Performance Estimates
================================================================
+ Timing: 
    * Summary: 
    +--------+---------+----------+------------+
    |  Clock |  Target | Estimated| Uncertainty|
    +--------+---------+----------+------------+
    |ap_clk  | 4.00 ns | 1.334 ns |   0.50 ns  |
    +--------+---------+----------+------------+

+ Latency: 
    * Summary: 
    +---------+---------+----------+----------+-----+-----+----------+
    |  Latency (cycles) |  Latency (absolute) |  Interval | Pipeline |
    |   min   |   max   |    min   |    max   | min | max |   Type   |
    +---------+---------+----------+----------+-----+-----+----------+
    |        0|        0|   0 ns   |   0 ns   |    1|    1| function |
    +---------+---------+----------+----------+-----+-----+----------+

    + Detail: 
        * Instance: 
        N/A

        * Loop: 
        N/A

============================================================
+ Verbose Summary: Synthesis Manager
============================================================
InlineROM: 1
ExposeGlobal: 0
============================================================
+ Verbose Summary: CDFG Model
============================================================
IsTopModel: 0
ResetActiveHigh: 1
IsCombinational: 0
IsDatapathOnly: 0
HasWiredReturn: 1
HasMFsm: 2
HasVarLatency: 0
IsPipeline: 1
IsRtlPipelined: 0
IsInstanceOverlapped: 0
IsDontTouch: 0
HasImplIP: 0
IsGatedGlobalClock: 0

+ Individual pipeline summary: 
  * Pipeline-0: initiation interval (II) = 1, depth = 1


============================================================
+ Verbose Summary: Schedule
============================================================
* Number of FSM states : 1
* Pipeline : 1
  Pipeline-0 : II = 1, D = 1, States = { 1 }
* Dataflow Pipeline: 0

* FSM state transitions: 
1 --> 

* FSM state operations: 

State 1 <SV = 0> <Delay = 1.33>
ST_1 : Operation 2 [1/1] (0.00ns)   --->   "%data1_V_read = call i64 @_ssdm_op_Read.ap_auto.i64(i64 %data1_V)" [./src/pool_reord.hpp:16]   --->   Operation 2 'read' 'data1_V_read' <Predicate = true> <Delay = 0.00>
ST_1 : Operation 3 [1/1] (0.00ns)   --->   "%data0_V_read = call i64 @_ssdm_op_Read.ap_auto.i64(i64 %data0_V)" [./src/pool_reord.hpp:16]   --->   Operation 3 'read' 'data0_V_read' <Predicate = true> <Delay = 0.00>
ST_1 : Operation 4 [1/1] (0.00ns)   --->   "%trunc_ln647 = trunc i64 %data0_V_read to i4" [./src/pool_reord.hpp:16]   --->   Operation 4 'trunc' 'trunc_ln647' <Predicate = true> <Delay = 0.00>
ST_1 : Operation 5 [1/1] (0.00ns)   --->   "%trunc_ln647_12 = trunc i64 %data1_V_read to i4" [./src/pool_reord.hpp:17]   --->   Operation 5 'trunc' 'trunc_ln647_12' <Predicate = true> <Delay = 0.00>
ST_1 : Operation 6 [1/1] (0.88ns)   --->   "%icmp_ln895 = icmp ugt i4 %trunc_ln647_12, %trunc_ln647" [./src/pool_reord.hpp:18]   --->   Operation 6 'icmp' 'icmp_ln895' <Predicate = true> <Delay = 0.88> <Core = "Cmp">   --->   Core 25 'Cmp' <Latency = 0> <II = 1> <Delay = 0.88> <FuncUnit> <Opcode : 'icmp'> <InPorts = 2> <OutPorts = 1>
ST_1 : Operation 7 [1/1] (0.45ns)   --->   "%select_ln18 = select i1 %icmp_ln895, i4 %trunc_ln647_12, i4 %trunc_ln647" [./src/pool_reord.hpp:18]   --->   Operation 7 'select' 'select_ln18' <Predicate = true> <Delay = 0.45> <Core = "Sel">   --->   Core 26 'Sel' <Latency = 0> <II = 1> <Delay = 0.45> <FuncUnit> <Opcode : 'select'> <InPorts = 3> <OutPorts = 1>
ST_1 : Operation 8 [1/1] (0.00ns)   --->   "%p_Result_116_1 = call i4 @_ssdm_op_PartSelect.i4.i64.i32.i32(i64 %data0_V_read, i32 4, i32 7)" [./src/pool_reord.hpp:16]   --->   Operation 8 'partselect' 'p_Result_116_1' <Predicate = true> <Delay = 0.00>
ST_1 : Operation 9 [1/1] (0.00ns)   --->   "%p_Result_117_1 = call i4 @_ssdm_op_PartSelect.i4.i64.i32.i32(i64 %data1_V_read, i32 4, i32 7)" [./src/pool_reord.hpp:17]   --->   Operation 9 'partselect' 'p_Result_117_1' <Predicate = true> <Delay = 0.00>
ST_1 : Operation 10 [1/1] (0.88ns)   --->   "%icmp_ln895_1 = icmp ugt i4 %p_Result_117_1, %p_Result_116_1" [./src/pool_reord.hpp:18]   --->   Operation 10 'icmp' 'icmp_ln895_1' <Predicate = true> <Delay = 0.88> <Core = "Cmp">   --->   Core 25 'Cmp' <Latency = 0> <II = 1> <Delay = 0.88> <FuncUnit> <Opcode : 'icmp'> <InPorts = 2> <OutPorts = 1>
ST_1 : Operation 11 [1/1] (0.45ns)   --->   "%select_ln18_11 = select i1 %icmp_ln895_1, i4 %p_Result_117_1, i4 %p_Result_116_1" [./src/pool_reord.hpp:18]   --->   Operation 11 'select' 'select_ln18_11' <Predicate = true> <Delay = 0.45> <Core = "Sel">   --->   Core 26 'Sel' <Latency = 0> <II = 1> <Delay = 0.45> <FuncUnit> <Opcode : 'select'> <InPorts = 3> <OutPorts = 1>
ST_1 : Operation 12 [1/1] (0.00ns)   --->   "%p_Result_116_2 = call i4 @_ssdm_op_PartSelect.i4.i64.i32.i32(i64 %data0_V_read, i32 8, i32 11)" [./src/pool_reord.hpp:16]   --->   Operation 12 'partselect' 'p_Result_116_2' <Predicate = true> <Delay = 0.00>
ST_1 : Operation 13 [1/1] (0.00ns)   --->   "%p_Result_117_2 = call i4 @_ssdm_op_PartSelect.i4.i64.i32.i32(i64 %data1_V_read, i32 8, i32 11)" [./src/pool_reord.hpp:17]   --->   Operation 13 'partselect' 'p_Result_117_2' <Predicate = true> <Delay = 0.00>
ST_1 : Operation 14 [1/1] (0.88ns)   --->   "%icmp_ln895_2 = icmp ugt i4 %p_Result_117_2, %p_Result_116_2" [./src/pool_reord.hpp:18]   --->   Operation 14 'icmp' 'icmp_ln895_2' <Predicate = true> <Delay = 0.88> <Core = "Cmp">   --->   Core 25 'Cmp' <Latency = 0> <II = 1> <Delay = 0.88> <FuncUnit> <Opcode : 'icmp'> <InPorts = 2> <OutPorts = 1>
ST_1 : Operation 15 [1/1] (0.45ns)   --->   "%select_ln18_12 = select i1 %icmp_ln895_2, i4 %p_Result_117_2, i4 %p_Result_116_2" [./src/pool_reord.hpp:18]   --->   Operation 15 'select' 'select_ln18_12' <Predicate = true> <Delay = 0.45> <Core = "Sel">   --->   Core 26 'Sel' <Latency = 0> <II = 1> <Delay = 0.45> <FuncUnit> <Opcode : 'select'> <InPorts = 3> <OutPorts = 1>
ST_1 : Operation 16 [1/1] (0.00ns)   --->   "%p_Result_116_3 = call i4 @_ssdm_op_PartSelect.i4.i64.i32.i32(i64 %data0_V_read, i32 12, i32 15)" [./src/pool_reord.hpp:16]   --->   Operation 16 'partselect' 'p_Result_116_3' <Predicate = true> <Delay = 0.00>
ST_1 : Operation 17 [1/1] (0.00ns)   --->   "%p_Result_117_3 = call i4 @_ssdm_op_PartSelect.i4.i64.i32.i32(i64 %data1_V_read, i32 12, i32 15)" [./src/pool_reord.hpp:17]   --->   Operation 17 'partselect' 'p_Result_117_3' <Predicate = true> <Delay = 0.00>
ST_1 : Operation 18 [1/1] (0.88ns)   --->   "%icmp_ln895_3 = icmp ugt i4 %p_Result_117_3, %p_Result_116_3" [./src/pool_reord.hpp:18]   --->   Operation 18 'icmp' 'icmp_ln895_3' <Predicate = true> <Delay = 0.88> <Core = "Cmp">   --->   Core 25 'Cmp' <Latency = 0> <II = 1> <Delay = 0.88> <FuncUnit> <Opcode : 'icmp'> <InPorts = 2> <OutPorts = 1>
ST_1 : Operation 19 [1/1] (0.45ns)   --->   "%select_ln18_13 = select i1 %icmp_ln895_3, i4 %p_Result_117_3, i4 %p_Result_116_3" [./src/pool_reord.hpp:18]   --->   Operation 19 'select' 'select_ln18_13' <Predicate = true> <Delay = 0.45> <Core = "Sel">   --->   Core 26 'Sel' <Latency = 0> <II = 1> <Delay = 0.45> <FuncUnit> <Opcode : 'select'> <InPorts = 3> <OutPorts = 1>
ST_1 : Operation 20 [1/1] (0.00ns)   --->   "%p_Result_116_4 = call i4 @_ssdm_op_PartSelect.i4.i64.i32.i32(i64 %data0_V_read, i32 16, i32 19)" [./src/pool_reord.hpp:16]   --->   Operation 20 'partselect' 'p_Result_116_4' <Predicate = true> <Delay = 0.00>
ST_1 : Operation 21 [1/1] (0.00ns)   --->   "%p_Result_117_4 = call i4 @_ssdm_op_PartSelect.i4.i64.i32.i32(i64 %data1_V_read, i32 16, i32 19)" [./src/pool_reord.hpp:17]   --->   Operation 21 'partselect' 'p_Result_117_4' <Predicate = true> <Delay = 0.00>
ST_1 : Operation 22 [1/1] (0.88ns)   --->   "%icmp_ln895_4 = icmp ugt i4 %p_Result_117_4, %p_Result_116_4" [./src/pool_reord.hpp:18]   --->   Operation 22 'icmp' 'icmp_ln895_4' <Predicate = true> <Delay = 0.88> <Core = "Cmp">   --->   Core 25 'Cmp' <Latency = 0> <II = 1> <Delay = 0.88> <FuncUnit> <Opcode : 'icmp'> <InPorts = 2> <OutPorts = 1>
ST_1 : Operation 23 [1/1] (0.45ns)   --->   "%select_ln18_14 = select i1 %icmp_ln895_4, i4 %p_Result_117_4, i4 %p_Result_116_4" [./src/pool_reord.hpp:18]   --->   Operation 23 'select' 'select_ln18_14' <Predicate = true> <Delay = 0.45> <Core = "Sel">   --->   Core 26 'Sel' <Latency = 0> <II = 1> <Delay = 0.45> <FuncUnit> <Opcode : 'select'> <InPorts = 3> <OutPorts = 1>
ST_1 : Operation 24 [1/1] (0.00ns)   --->   "%p_Result_116_5 = call i4 @_ssdm_op_PartSelect.i4.i64.i32.i32(i64 %data0_V_read, i32 20, i32 23)" [./src/pool_reord.hpp:16]   --->   Operation 24 'partselect' 'p_Result_116_5' <Predicate = true> <Delay = 0.00>
ST_1 : Operation 25 [1/1] (0.00ns)   --->   "%p_Result_117_5 = call i4 @_ssdm_op_PartSelect.i4.i64.i32.i32(i64 %data1_V_read, i32 20, i32 23)" [./src/pool_reord.hpp:17]   --->   Operation 25 'partselect' 'p_Result_117_5' <Predicate = true> <Delay = 0.00>
ST_1 : Operation 26 [1/1] (0.88ns)   --->   "%icmp_ln895_5 = icmp ugt i4 %p_Result_117_5, %p_Result_116_5" [./src/pool_reord.hpp:18]   --->   Operation 26 'icmp' 'icmp_ln895_5' <Predicate = true> <Delay = 0.88> <Core = "Cmp">   --->   Core 25 'Cmp' <Latency = 0> <II = 1> <Delay = 0.88> <FuncUnit> <Opcode : 'icmp'> <InPorts = 2> <OutPorts = 1>
ST_1 : Operation 27 [1/1] (0.45ns)   --->   "%select_ln18_15 = select i1 %icmp_ln895_5, i4 %p_Result_117_5, i4 %p_Result_116_5" [./src/pool_reord.hpp:18]   --->   Operation 27 'select' 'select_ln18_15' <Predicate = true> <Delay = 0.45> <Core = "Sel">   --->   Core 26 'Sel' <Latency = 0> <II = 1> <Delay = 0.45> <FuncUnit> <Opcode : 'select'> <InPorts = 3> <OutPorts = 1>
ST_1 : Operation 28 [1/1] (0.00ns)   --->   "%p_Result_116_6 = call i4 @_ssdm_op_PartSelect.i4.i64.i32.i32(i64 %data0_V_read, i32 24, i32 27)" [./src/pool_reord.hpp:16]   --->   Operation 28 'partselect' 'p_Result_116_6' <Predicate = true> <Delay = 0.00>
ST_1 : Operation 29 [1/1] (0.00ns)   --->   "%p_Result_117_6 = call i4 @_ssdm_op_PartSelect.i4.i64.i32.i32(i64 %data1_V_read, i32 24, i32 27)" [./src/pool_reord.hpp:17]   --->   Operation 29 'partselect' 'p_Result_117_6' <Predicate = true> <Delay = 0.00>
ST_1 : Operation 30 [1/1] (0.88ns)   --->   "%icmp_ln895_6 = icmp ugt i4 %p_Result_117_6, %p_Result_116_6" [./src/pool_reord.hpp:18]   --->   Operation 30 'icmp' 'icmp_ln895_6' <Predicate = true> <Delay = 0.88> <Core = "Cmp">   --->   Core 25 'Cmp' <Latency = 0> <II = 1> <Delay = 0.88> <FuncUnit> <Opcode : 'icmp'> <InPorts = 2> <OutPorts = 1>
ST_1 : Operation 31 [1/1] (0.45ns)   --->   "%select_ln18_16 = select i1 %icmp_ln895_6, i4 %p_Result_117_6, i4 %p_Result_116_6" [./src/pool_reord.hpp:18]   --->   Operation 31 'select' 'select_ln18_16' <Predicate = true> <Delay = 0.45> <Core = "Sel">   --->   Core 26 'Sel' <Latency = 0> <II = 1> <Delay = 0.45> <FuncUnit> <Opcode : 'select'> <InPorts = 3> <OutPorts = 1>
ST_1 : Operation 32 [1/1] (0.00ns)   --->   "%p_Result_116_7 = call i4 @_ssdm_op_PartSelect.i4.i64.i32.i32(i64 %data0_V_read, i32 28, i32 31)" [./src/pool_reord.hpp:16]   --->   Operation 32 'partselect' 'p_Result_116_7' <Predicate = true> <Delay = 0.00>
ST_1 : Operation 33 [1/1] (0.00ns)   --->   "%p_Result_117_7 = call i4 @_ssdm_op_PartSelect.i4.i64.i32.i32(i64 %data1_V_read, i32 28, i32 31)" [./src/pool_reord.hpp:17]   --->   Operation 33 'partselect' 'p_Result_117_7' <Predicate = true> <Delay = 0.00>
ST_1 : Operation 34 [1/1] (0.88ns)   --->   "%icmp_ln895_7 = icmp ugt i4 %p_Result_117_7, %p_Result_116_7" [./src/pool_reord.hpp:18]   --->   Operation 34 'icmp' 'icmp_ln895_7' <Predicate = true> <Delay = 0.88> <Core = "Cmp">   --->   Core 25 'Cmp' <Latency = 0> <II = 1> <Delay = 0.88> <FuncUnit> <Opcode : 'icmp'> <InPorts = 2> <OutPorts = 1>
ST_1 : Operation 35 [1/1] (0.45ns)   --->   "%select_ln18_17 = select i1 %icmp_ln895_7, i4 %p_Result_117_7, i4 %p_Result_116_7" [./src/pool_reord.hpp:18]   --->   Operation 35 'select' 'select_ln18_17' <Predicate = true> <Delay = 0.45> <Core = "Sel">   --->   Core 26 'Sel' <Latency = 0> <II = 1> <Delay = 0.45> <FuncUnit> <Opcode : 'select'> <InPorts = 3> <OutPorts = 1>
ST_1 : Operation 36 [1/1] (0.00ns)   --->   "%p_Result_116_8 = call i4 @_ssdm_op_PartSelect.i4.i64.i32.i32(i64 %data0_V_read, i32 32, i32 35)" [./src/pool_reord.hpp:16]   --->   Operation 36 'partselect' 'p_Result_116_8' <Predicate = true> <Delay = 0.00>
ST_1 : Operation 37 [1/1] (0.00ns)   --->   "%p_Result_117_8 = call i4 @_ssdm_op_PartSelect.i4.i64.i32.i32(i64 %data1_V_read, i32 32, i32 35)" [./src/pool_reord.hpp:17]   --->   Operation 37 'partselect' 'p_Result_117_8' <Predicate = true> <Delay = 0.00>
ST_1 : Operation 38 [1/1] (0.88ns)   --->   "%icmp_ln895_8 = icmp ugt i4 %p_Result_117_8, %p_Result_116_8" [./src/pool_reord.hpp:18]   --->   Operation 38 'icmp' 'icmp_ln895_8' <Predicate = true> <Delay = 0.88> <Core = "Cmp">   --->   Core 25 'Cmp' <Latency = 0> <II = 1> <Delay = 0.88> <FuncUnit> <Opcode : 'icmp'> <InPorts = 2> <OutPorts = 1>
ST_1 : Operation 39 [1/1] (0.45ns)   --->   "%select_ln18_18 = select i1 %icmp_ln895_8, i4 %p_Result_117_8, i4 %p_Result_116_8" [./src/pool_reord.hpp:18]   --->   Operation 39 'select' 'select_ln18_18' <Predicate = true> <Delay = 0.45> <Core = "Sel">   --->   Core 26 'Sel' <Latency = 0> <II = 1> <Delay = 0.45> <FuncUnit> <Opcode : 'select'> <InPorts = 3> <OutPorts = 1>
ST_1 : Operation 40 [1/1] (0.00ns)   --->   "%p_Result_116_9 = call i4 @_ssdm_op_PartSelect.i4.i64.i32.i32(i64 %data0_V_read, i32 36, i32 39)" [./src/pool_reord.hpp:16]   --->   Operation 40 'partselect' 'p_Result_116_9' <Predicate = true> <Delay = 0.00>
ST_1 : Operation 41 [1/1] (0.00ns)   --->   "%p_Result_117_9 = call i4 @_ssdm_op_PartSelect.i4.i64.i32.i32(i64 %data1_V_read, i32 36, i32 39)" [./src/pool_reord.hpp:17]   --->   Operation 41 'partselect' 'p_Result_117_9' <Predicate = true> <Delay = 0.00>
ST_1 : Operation 42 [1/1] (0.88ns)   --->   "%icmp_ln895_9 = icmp ugt i4 %p_Result_117_9, %p_Result_116_9" [./src/pool_reord.hpp:18]   --->   Operation 42 'icmp' 'icmp_ln895_9' <Predicate = true> <Delay = 0.88> <Core = "Cmp">   --->   Core 25 'Cmp' <Latency = 0> <II = 1> <Delay = 0.88> <FuncUnit> <Opcode : 'icmp'> <InPorts = 2> <OutPorts = 1>
ST_1 : Operation 43 [1/1] (0.45ns)   --->   "%select_ln18_19 = select i1 %icmp_ln895_9, i4 %p_Result_117_9, i4 %p_Result_116_9" [./src/pool_reord.hpp:18]   --->   Operation 43 'select' 'select_ln18_19' <Predicate = true> <Delay = 0.45> <Core = "Sel">   --->   Core 26 'Sel' <Latency = 0> <II = 1> <Delay = 0.45> <FuncUnit> <Opcode : 'select'> <InPorts = 3> <OutPorts = 1>
ST_1 : Operation 44 [1/1] (0.00ns)   --->   "%p_Result_116_s = call i4 @_ssdm_op_PartSelect.i4.i64.i32.i32(i64 %data0_V_read, i32 40, i32 43)" [./src/pool_reord.hpp:16]   --->   Operation 44 'partselect' 'p_Result_116_s' <Predicate = true> <Delay = 0.00>
ST_1 : Operation 45 [1/1] (0.00ns)   --->   "%p_Result_117_s = call i4 @_ssdm_op_PartSelect.i4.i64.i32.i32(i64 %data1_V_read, i32 40, i32 43)" [./src/pool_reord.hpp:17]   --->   Operation 45 'partselect' 'p_Result_117_s' <Predicate = true> <Delay = 0.00>
ST_1 : Operation 46 [1/1] (0.88ns)   --->   "%icmp_ln895_10 = icmp ugt i4 %p_Result_117_s, %p_Result_116_s" [./src/pool_reord.hpp:18]   --->   Operation 46 'icmp' 'icmp_ln895_10' <Predicate = true> <Delay = 0.88> <Core = "Cmp">   --->   Core 25 'Cmp' <Latency = 0> <II = 1> <Delay = 0.88> <FuncUnit> <Opcode : 'icmp'> <InPorts = 2> <OutPorts = 1>
ST_1 : Operation 47 [1/1] (0.45ns)   --->   "%select_ln18_20 = select i1 %icmp_ln895_10, i4 %p_Result_117_s, i4 %p_Result_116_s" [./src/pool_reord.hpp:18]   --->   Operation 47 'select' 'select_ln18_20' <Predicate = true> <Delay = 0.45> <Core = "Sel">   --->   Core 26 'Sel' <Latency = 0> <II = 1> <Delay = 0.45> <FuncUnit> <Opcode : 'select'> <InPorts = 3> <OutPorts = 1>
ST_1 : Operation 48 [1/1] (0.00ns)   --->   "%p_Result_116_10 = call i4 @_ssdm_op_PartSelect.i4.i64.i32.i32(i64 %data0_V_read, i32 44, i32 47)" [./src/pool_reord.hpp:16]   --->   Operation 48 'partselect' 'p_Result_116_10' <Predicate = true> <Delay = 0.00>
ST_1 : Operation 49 [1/1] (0.00ns)   --->   "%p_Result_117_10 = call i4 @_ssdm_op_PartSelect.i4.i64.i32.i32(i64 %data1_V_read, i32 44, i32 47)" [./src/pool_reord.hpp:17]   --->   Operation 49 'partselect' 'p_Result_117_10' <Predicate = true> <Delay = 0.00>
ST_1 : Operation 50 [1/1] (0.88ns)   --->   "%icmp_ln895_11 = icmp ugt i4 %p_Result_117_10, %p_Result_116_10" [./src/pool_reord.hpp:18]   --->   Operation 50 'icmp' 'icmp_ln895_11' <Predicate = true> <Delay = 0.88> <Core = "Cmp">   --->   Core 25 'Cmp' <Latency = 0> <II = 1> <Delay = 0.88> <FuncUnit> <Opcode : 'icmp'> <InPorts = 2> <OutPorts = 1>
ST_1 : Operation 51 [1/1] (0.45ns)   --->   "%select_ln18_21 = select i1 %icmp_ln895_11, i4 %p_Result_117_10, i4 %p_Result_116_10" [./src/pool_reord.hpp:18]   --->   Operation 51 'select' 'select_ln18_21' <Predicate = true> <Delay = 0.45> <Core = "Sel">   --->   Core 26 'Sel' <Latency = 0> <II = 1> <Delay = 0.45> <FuncUnit> <Opcode : 'select'> <InPorts = 3> <OutPorts = 1>
ST_1 : Operation 52 [1/1] (0.00ns)   --->   "%p_Result_116_11 = call i4 @_ssdm_op_PartSelect.i4.i64.i32.i32(i64 %data0_V_read, i32 48, i32 51)" [./src/pool_reord.hpp:16]   --->   Operation 52 'partselect' 'p_Result_116_11' <Predicate = true> <Delay = 0.00>
ST_1 : Operation 53 [1/1] (0.00ns)   --->   "%p_Result_117_11 = call i4 @_ssdm_op_PartSelect.i4.i64.i32.i32(i64 %data1_V_read, i32 48, i32 51)" [./src/pool_reord.hpp:17]   --->   Operation 53 'partselect' 'p_Result_117_11' <Predicate = true> <Delay = 0.00>
ST_1 : Operation 54 [1/1] (0.88ns)   --->   "%icmp_ln895_12 = icmp ugt i4 %p_Result_117_11, %p_Result_116_11" [./src/pool_reord.hpp:18]   --->   Operation 54 'icmp' 'icmp_ln895_12' <Predicate = true> <Delay = 0.88> <Core = "Cmp">   --->   Core 25 'Cmp' <Latency = 0> <II = 1> <Delay = 0.88> <FuncUnit> <Opcode : 'icmp'> <InPorts = 2> <OutPorts = 1>
ST_1 : Operation 55 [1/1] (0.45ns)   --->   "%select_ln18_22 = select i1 %icmp_ln895_12, i4 %p_Result_117_11, i4 %p_Result_116_11" [./src/pool_reord.hpp:18]   --->   Operation 55 'select' 'select_ln18_22' <Predicate = true> <Delay = 0.45> <Core = "Sel">   --->   Core 26 'Sel' <Latency = 0> <II = 1> <Delay = 0.45> <FuncUnit> <Opcode : 'select'> <InPorts = 3> <OutPorts = 1>
ST_1 : Operation 56 [1/1] (0.00ns)   --->   "%p_Result_116_12 = call i4 @_ssdm_op_PartSelect.i4.i64.i32.i32(i64 %data0_V_read, i32 52, i32 55)" [./src/pool_reord.hpp:16]   --->   Operation 56 'partselect' 'p_Result_116_12' <Predicate = true> <Delay = 0.00>
ST_1 : Operation 57 [1/1] (0.00ns)   --->   "%p_Result_117_12 = call i4 @_ssdm_op_PartSelect.i4.i64.i32.i32(i64 %data1_V_read, i32 52, i32 55)" [./src/pool_reord.hpp:17]   --->   Operation 57 'partselect' 'p_Result_117_12' <Predicate = true> <Delay = 0.00>
ST_1 : Operation 58 [1/1] (0.88ns)   --->   "%icmp_ln895_13 = icmp ugt i4 %p_Result_117_12, %p_Result_116_12" [./src/pool_reord.hpp:18]   --->   Operation 58 'icmp' 'icmp_ln895_13' <Predicate = true> <Delay = 0.88> <Core = "Cmp">   --->   Core 25 'Cmp' <Latency = 0> <II = 1> <Delay = 0.88> <FuncUnit> <Opcode : 'icmp'> <InPorts = 2> <OutPorts = 1>
ST_1 : Operation 59 [1/1] (0.45ns)   --->   "%select_ln18_23 = select i1 %icmp_ln895_13, i4 %p_Result_117_12, i4 %p_Result_116_12" [./src/pool_reord.hpp:18]   --->   Operation 59 'select' 'select_ln18_23' <Predicate = true> <Delay = 0.45> <Core = "Sel">   --->   Core 26 'Sel' <Latency = 0> <II = 1> <Delay = 0.45> <FuncUnit> <Opcode : 'select'> <InPorts = 3> <OutPorts = 1>
ST_1 : Operation 60 [1/1] (0.00ns)   --->   "%p_Result_116_13 = call i4 @_ssdm_op_PartSelect.i4.i64.i32.i32(i64 %data0_V_read, i32 56, i32 59)" [./src/pool_reord.hpp:16]   --->   Operation 60 'partselect' 'p_Result_116_13' <Predicate = true> <Delay = 0.00>
ST_1 : Operation 61 [1/1] (0.00ns)   --->   "%p_Result_117_13 = call i4 @_ssdm_op_PartSelect.i4.i64.i32.i32(i64 %data1_V_read, i32 56, i32 59)" [./src/pool_reord.hpp:17]   --->   Operation 61 'partselect' 'p_Result_117_13' <Predicate = true> <Delay = 0.00>
ST_1 : Operation 62 [1/1] (0.88ns)   --->   "%icmp_ln895_14 = icmp ugt i4 %p_Result_117_13, %p_Result_116_13" [./src/pool_reord.hpp:18]   --->   Operation 62 'icmp' 'icmp_ln895_14' <Predicate = true> <Delay = 0.88> <Core = "Cmp">   --->   Core 25 'Cmp' <Latency = 0> <II = 1> <Delay = 0.88> <FuncUnit> <Opcode : 'icmp'> <InPorts = 2> <OutPorts = 1>
ST_1 : Operation 63 [1/1] (0.45ns)   --->   "%select_ln18_24 = select i1 %icmp_ln895_14, i4 %p_Result_117_13, i4 %p_Result_116_13" [./src/pool_reord.hpp:18]   --->   Operation 63 'select' 'select_ln18_24' <Predicate = true> <Delay = 0.45> <Core = "Sel">   --->   Core 26 'Sel' <Latency = 0> <II = 1> <Delay = 0.45> <FuncUnit> <Opcode : 'select'> <InPorts = 3> <OutPorts = 1>
ST_1 : Operation 64 [1/1] (0.00ns)   --->   "%p_Result_116_14 = call i4 @_ssdm_op_PartSelect.i4.i64.i32.i32(i64 %data0_V_read, i32 60, i32 63)" [./src/pool_reord.hpp:16]   --->   Operation 64 'partselect' 'p_Result_116_14' <Predicate = true> <Delay = 0.00>
ST_1 : Operation 65 [1/1] (0.00ns)   --->   "%p_Result_117_14 = call i4 @_ssdm_op_PartSelect.i4.i64.i32.i32(i64 %data1_V_read, i32 60, i32 63)" [./src/pool_reord.hpp:17]   --->   Operation 65 'partselect' 'p_Result_117_14' <Predicate = true> <Delay = 0.00>
ST_1 : Operation 66 [1/1] (0.88ns)   --->   "%icmp_ln895_15 = icmp ugt i4 %p_Result_117_14, %p_Result_116_14" [./src/pool_reord.hpp:18]   --->   Operation 66 'icmp' 'icmp_ln895_15' <Predicate = true> <Delay = 0.88> <Core = "Cmp">   --->   Core 25 'Cmp' <Latency = 0> <II = 1> <Delay = 0.88> <FuncUnit> <Opcode : 'icmp'> <InPorts = 2> <OutPorts = 1>
ST_1 : Operation 67 [1/1] (0.45ns)   --->   "%select_ln18_25 = select i1 %icmp_ln895_15, i4 %p_Result_117_14, i4 %p_Result_116_14" [./src/pool_reord.hpp:18]   --->   Operation 67 'select' 'select_ln18_25' <Predicate = true> <Delay = 0.45> <Core = "Sel">   --->   Core 26 'Sel' <Latency = 0> <II = 1> <Delay = 0.45> <FuncUnit> <Opcode : 'select'> <InPorts = 3> <OutPorts = 1>
ST_1 : Operation 68 [1/1] (0.00ns)   --->   "%agg_result_V_0_s = call i64 @_ssdm_op_BitConcatenate.i64.i4.i4.i4.i4.i4.i4.i4.i4.i4.i4.i4.i4.i4.i4.i4.i4(i4 %select_ln18_25, i4 %select_ln18_24, i4 %select_ln18_23, i4 %select_ln18_22, i4 %select_ln18_21, i4 %select_ln18_20, i4 %select_ln18_19, i4 %select_ln18_18, i4 %select_ln18_17, i4 %select_ln18_16, i4 %select_ln18_15, i4 %select_ln18_14, i4 %select_ln18_13, i4 %select_ln18_12, i4 %select_ln18_11, i4 %select_ln18)" [./src/pool_reord.hpp:19]   --->   Operation 68 'bitconcatenate' 'agg_result_V_0_s' <Predicate = true> <Delay = 0.00>
ST_1 : Operation 69 [1/1] (0.00ns)   --->   "ret i64 %agg_result_V_0_s" [./src/pool_reord.hpp:21]   --->   Operation 69 'ret' <Predicate = true> <Delay = 0.00>


============================================================
+ Verbose Summary: Timing violations
============================================================
Target clock period: 4ns, clock uncertainty: 0.5ns.

 <State 1>: 1.33ns
The critical path consists of the following:
	wire read on port 'data1_V' (./src/pool_reord.hpp:16) [3]  (0 ns)
	'icmp' operation ('icmp_ln895', ./src/pool_reord.hpp:18) [7]  (0.884 ns)
	'select' operation ('select_ln18', ./src/pool_reord.hpp:18) [8]  (0.45 ns)


============================================================
+ Verbose Summary: Binding
============================================================
N/A
* FSMD analyzer results:
  - Output states:
 - Input state : 
  - Chain level:
	State 1


============================================================
+ Verbose Summary: Datapath Resource usage 
============================================================
N/A
