

================================================================
== Vivado HLS Report for 'max2_PE_4u_16u_s'
================================================================
* Date:           Tue May 10 21:15:00 2022

* Version:        2019.2 (Build 2704478 on Wed Nov 06 22:10:23 MST 2019)
* Project:        ultra_core
* Solution:       ultracore_125
* Product family: zynquplus
* Target device:  xczu3eg-sbva484-1-e


================================================================
== Performance Estimates
================================================================
+ Timing: 
    * Summary: 
    +--------+---------+----------+------------+
    |  Clock |  Target | Estimated| Uncertainty|
    +--------+---------+----------+------------+
    |ap_clk  | 4.00 ns | 1.334 ns |   0.50 ns  |
    +--------+---------+----------+------------+

+ Latency: 
    * Summary: 
    +---------+---------+----------+----------+-----+-----+----------+
    |  Latency (cycles) |  Latency (absolute) |  Interval | Pipeline |
    |   min   |   max   |    min   |    max   | min | max |   Type   |
    +---------+---------+----------+----------+-----+-----+----------+
    |        0|        0|   0 ns   |   0 ns   |    1|    1| function |
    +---------+---------+----------+----------+-----+-----+----------+

    + Detail: 
        * Instance: 
        N/A

        * Loop: 
        N/A

============================================================
+ Verbose Summary: Synthesis Manager
============================================================
InlineROM: 1
ExposeGlobal: 0
============================================================
+ Verbose Summary: CDFG Model
============================================================
IsTopModel: 0
ResetActiveHigh: 1
IsCombinational: 0
IsDatapathOnly: 0
HasWiredReturn: 1
HasMFsm: 2
HasVarLatency: 0
IsPipeline: 1
IsRtlPipelined: 0
IsInstanceOverlapped: 0
IsDontTouch: 0
HasImplIP: 0
IsGatedGlobalClock: 0

+ Individual pipeline summary: 
  * Pipeline-0: initiation interval (II) = 1, depth = 1


============================================================
+ Verbose Summary: Schedule
============================================================
* Number of FSM states : 1
* Pipeline : 1
  Pipeline-0 : II = 1, D = 1, States = { 1 }
* Dataflow Pipeline: 0

* FSM state transitions: 
1 --> 

* FSM state operations: 

State 1 <SV = 0> <Delay = 1.33>
ST_1 : Operation 2 [1/1] (0.00ns)   --->   "%data1_V_read = call i64 @_ssdm_op_Read.ap_auto.i64(i64 %data1_V)" [./src/pool_reord.hpp:16]   --->   Operation 2 'read' 'data1_V_read' <Predicate = true> <Delay = 0.00>
ST_1 : Operation 3 [1/1] (0.00ns)   --->   "%data0_V_read = call i64 @_ssdm_op_Read.ap_auto.i64(i64 %data0_V)" [./src/pool_reord.hpp:16]   --->   Operation 3 'read' 'data0_V_read' <Predicate = true> <Delay = 0.00>
ST_1 : Operation 4 [1/1] (0.00ns)   --->   "%trunc_ln647 = trunc i64 %data0_V_read to i4" [./src/pool_reord.hpp:16]   --->   Operation 4 'trunc' 'trunc_ln647' <Predicate = true> <Delay = 0.00>
ST_1 : Operation 5 [1/1] (0.00ns)   --->   "%trunc_ln647_12 = trunc i64 %data1_V_read to i4" [./src/pool_reord.hpp:17]   --->   Operation 5 'trunc' 'trunc_ln647_12' <Predicate = true> <Delay = 0.00>
ST_1 : Operation 6 [1/1] (0.88ns)   --->   "%icmp_ln895 = icmp ugt i4 %trunc_ln647_12, %trunc_ln647" [./src/pool_reord.hpp:18]   --->   Operation 6 'icmp' 'icmp_ln895' <Predicate = true> <Delay = 0.88> <Core = "Cmp">   --->   Core 25 'Cmp' <Latency = 0> <II = 1> <Delay = 0.88> <FuncUnit> <Opcode : 'icmp'> <InPorts = 2> <OutPorts = 1>
ST_1 : Operation 7 [1/1] (0.45ns)   --->   "%select_ln18 = select i1 %icmp_ln895, i4 %trunc_ln647_12, i4 %trunc_ln647" [./src/pool_reord.hpp:18]   --->   Operation 7 'select' 'select_ln18' <Predicate = true> <Delay = 0.45> <Core = "Sel">   --->   Core 26 'Sel' <Latency = 0> <II = 1> <Delay = 0.45> <FuncUnit> <Opcode : 'select'> <InPorts = 3> <OutPorts = 1>
ST_1 : Operation 8 [1/1] (0.00ns)   --->   "%p_Result_116_1 = call i4 @_ssdm_op_PartSelect.i4.i64.i32.i32(i64 %data0_V_read, i32 4, i32 7)" [./src/pool_reord.hpp:16]   --->   Operation 8 'partselect' 'p_Result_116_1' <Predicate = true> <Delay = 0.00>
ST_1 : Operation 9 [1/1] (0.00ns)   --->   "%p_Result_117_1 = call i4 @_ssdm_op_PartSelect.i4.i64.i32.i32(i64 %data1_V_read, i32 4, i32 7)" [./src/pool_reord.hpp:17]   --->   Operation 9 'partselect' 'p_Result_117_1' <Predicate = true> <Delay = 0.00>
ST_1 : Operation 10 [1/1] (0.88ns)   --->   "%icmp_ln895_1 = icmp ugt i4 %p_Result_117_1, %p_Result_116_1" [./src/pool_reord.hpp:18]   --->   Operation 10 'icmp' 'icmp_ln895_1' <Predicate = true> <Delay = 0.88> <Core = "Cmp">   --->   Core 25 'Cmp' <Latency = 0> <II = 1> <Delay = 0.88> <FuncUnit> <Opcode : 'icmp'> <InPorts = 2> <OutPorts = 1>
ST_1 : Operation 11 [1/1] (0.45ns)   --->   "%select_ln18_11 = select i1 %icmp_ln895_1, i4 %p_Result_117_1, i4 %p_Result_116_1" [./src/pool_reord.hpp:18]   --->   Operation 11 'select' 'select_ln18_11' <Predicate = true> <Delay = 0.45> <Core = "Sel">   --->   Core 26 'Sel' <Latency = 0> <II = 1> <Delay = 0.45> <FuncUnit> <Opcode : 'select'> <InPorts = 3> <OutPorts = 1>
ST_1 : Operation 12 [1/1] (0.00ns)   --->   "%p_Result_116_2 = call i4 @_ssdm_op_PartSelect.i4.i64.i32.i32(i64 %data0_V_read, i32 8, i32 11)" [./src/pool_reord.hpp:16]   --->   Operation 12 'partselect' 'p_Result_116_2' <Predicate = true> <Delay = 0.00>
ST_1 : Operation 13 [1/1] (0.00ns)   --->   "%p_Result_117_2 = call i4 @_ssdm_op_PartSelect.i4.i64.i32.i32(i64 %data1_V_read, i32 8, i32 11)" [./src/pool_reord.hpp:17]   --->   Operation 13 'partselect' 'p_Result_117_2' <Predicate = true> <Delay = 0.00>
ST_1 : Operation 14 [1/1] (0.88ns)   --->   "%icmp_ln895_2 = icmp ugt i4 %p_Result_117_2, %p_Result_116_2" [./src/pool_reord.hpp:18]   --->   Operation 14 'icmp' 'icmp_ln895_2' <Predicate = true> <Delay = 0.88> <Core = "Cmp">   --->   Core 25 'Cmp' <Latency = 0> <II = 1> <Delay = 0.88> <FuncUnit> <Opcode : 'icmp'> <InPorts = 2> <OutPorts = 1>
ST_1 : Operation 15 [1/1] (0.45ns)   --->   "%select_ln18_12 = select i1 %icmp_ln895_2, i4 %p_Result_117_2, i4 %p_Result_116_2" [./src/pool_reord.hpp:18]   --->   Operation 15 'select' 'select_ln18_12' <Predicate = true> <Delay = 0.45> <Core = "Sel">   --->   Core 26 'Sel' <Latency = 0> <II = 1> <Delay = 0.45> <FuncUnit> <Opcode : 'select'> <InPorts = 3> <OutPorts = 1>
ST_1 : Operation 16 [1/1] (0.00ns)   --->   "%p_Result_116_3 = call i4 @_ssdm_op_PartSelect.i4.i64.i32.i32(i64 %data0_V_read, i32 12, i32 15)" [./src/pool_reord.hpp:16]   --->   Operation 16 'partselect' 'p_Result_116_3' <Predicate = true> <Delay = 0.00>
ST_1 : Operation 17 [1/1] (0.00ns)   --->   "%p_Result_117_3 = call i4 @_ssdm_op_PartSelect.i4.i64.i32.i32(i64 %data1_V_read, i32 12, i32 15)" [./src/pool_reord.hpp:17]   --->   Operation 17 'partselect' 'p_Result_117_3' <Predicate = true> <Delay = 0.00>
ST_1 : Operation 18 [1/1] (0.88ns)   --->   "%icmp_ln895_3 = icmp ugt i4 %p_Result_117_3, %p_Result_116_3" [./src/pool_reord.hpp:18]   --->   Operation 18 'icmp' 'icmp_ln895_3' <Predicate = true> <Delay = 0.88> <Core = "Cmp">   --->   Core 25 'Cmp' <Latency = 0> <II = 1> <Delay = 0.88> <FuncUnit> <Opcode : 'icmp'> <InPorts = 2> <OutPorts = 1>
ST_1 : Operation 19 [1/1] (0.45ns)   --->   "%select_ln18_13 = select i1 %icmp_ln895_3, i4 %p_Result_117_3, i4 %p_Result_116_3" [./src/pool_reord.hpp:18]   --->   Operation 19 'select' 'select_ln18_13' <Predicate = true> <Delay = 0.45> <Core = "Sel">   --->   Core 26 'Sel' <Latency = 0> <II = 1> <Delay = 0.45> <FuncUnit> <Opcode : 'select'> <InPorts = 3> <OutPorts = 1>
ST_1 : Operation 20 [1/1] (0.00ns)   --->   "%p_Result_116_4 = call i4 @_ssdm_op_PartSelect.i4.i64.i32.i32(i64 %data0_V_read, i32 16, i32 19)" [./src/pool_reord.hpp:16]   --->   Operation 20 'partselect' 'p_Result_116_4' <Predicate = true> <Delay = 0.00>
ST_1 : Operation 21 [1/1] (0.00ns)   --->   "%p_Result_117_4 = call i4 @_ssdm_op_PartSelect.i4.i64.i32.i32(i64 %data1_V_read, i32 16, i32 19)" [./src/pool_reord.hpp:17]   --->   Operation 21 'partselect' 'p_Result_117_4' <Predicate = true> <Delay = 0.00>
ST_1 : Operation 22 [1/1] (0.88ns)   --->   "%icmp_ln895_4 = icmp ugt i4 %p_Result_117_4, %p_Result_116_4" [./src/pool_reord.hpp:18]   --->   Operation 22 'icmp' 'icmp_ln895_4' <Predicate = true> <Delay = 0.88> <Core = "Cmp">   --->   Core 25 'Cmp' <Latency = 0> <II = 1> <Delay = 0.88> <FuncUnit> <Opcode : 'icmp'> <InPorts = 2> <OutPorts = 1>
ST_1 : Operation 23 [1/1] (0.45ns)   --->   "%select_ln18_14 = select i1 %icmp_ln895_4, i4 %p_Result_117_4, i4 %p_Result_116_4" [./src/pool_reord.hpp:18]   --->   Operation 23 'select' 'select_ln18_14' <Predicate = true> <Delay = 0.45> <Core = "Sel">   --->   Core 26 'Sel' <Latency = 0> <II = 1> <Delay = 0.45> <FuncUnit> <Opcode : 'select'> <InPorts = 3> <OutPorts = 1>
ST_1 : Operation 24 [1/1] (0.00ns)   --->   "%p_Result_116_5 = call i4 @_ssdm_op_PartSelect.i4.i64.i32.i32(i64 %data0_V_read, i32 20, i32 23)" [./src/pool_reord.hpp:16]   --->   Operation 24 'partselect' 'p_Result_116_5' <Predicate = true> <Delay = 0.00>
ST_1 : Operation 25 [1/1] (0.00ns)   --->   "%p_Result_117_5 = call i4 @_ssdm_op_PartSelect.i4.i64.i32.i32(i64 %data1_V_read, i32 20, i32 23)" [./src/pool_reord.hpp:17]   --->   Operation 25 'partselect' 'p_Result_117_5' <Predicate = true> <Delay = 0.00>
ST_1 : Operation 26 [1/1] (0.88ns)   --->   "%icmp_ln895_5 = icmp ugt i4 %p_Result_117_5, %p_Result_116_5" [./src/pool_reord.hpp:18]   --->   Operation 26 'icmp' 'icmp_ln895_5' <Predicate = true> <Delay = 0.88> <Core = "Cmp">   --->   Core 25 'Cmp' <Latency = 0> <II = 1> <Delay = 0.88> <FuncUnit> <Opcode : 'icmp'> <InPorts = 2> <OutPorts = 1>
ST_1 : Operation 27 [1/1] (0.45ns)   --->   "%select_ln18_15 = select i1 %icmp_ln895_5, i4 %p_Result_117_5, i4 %p_Result_116_5" [./src/pool_reord.hpp:18]   --->   Operation 27 'select' 'select_ln18_15' <Predicate = true> <Delay = 0.45> <Core = "Sel">   --->   Core 26 'Sel' <Latency = 0> <II = 1> <Delay = 0.45> <FuncUnit> <Opcode : 'select'> <InPorts = 3> <OutPorts = 1>
ST_1 : Operation 28 [1/1] (0.00ns)   --->   "%p_Result_116_6 = call i4 @_ssdm_op_PartSelect.i4.i64.i32.i32(i64 %data0_V_read, i32 24, i32 27)" [./src/pool_reord.hpp:16]   --->   Operation 28 'partselect' 'p_Result_116_6' <Predicate = true> <Delay = 0.00>
ST_1 : Operation 29 [1/1] (0.00ns)   --->   "%p_Result_117_6 = call i4 @_ssdm_op_PartSelect.i4.i64.i32.i32(i64 %data1_V_read, i32 24, i32 27)" [./src/pool_reord.hpp:17]   --->   Operation 29 'partselect' 'p_Result_117_6' <Predicate = true> <Delay = 0.00>
ST_1 : Operation 30 [1/1] (0.88ns)   --->   "%icmp_ln895_6 = icmp ugt i4 %p_Result_117_6, %p_Result_116_6" [./src/pool_reord.hpp:18]   --->   Operation 30 'icmp' 'icmp_ln895_6' <Predicate = true> <Delay = 0.88> <Core = "Cmp">   --->   Core 25 'Cmp' <Latency = 0> <II = 1> <Delay = 0.88> <FuncUnit> <Opcode : 'icmp'> <InPorts = 2> <OutPorts = 1>
ST_1 : Operation 31 [1/1] (0.45ns)   --->   "%select_ln18_16 = select i1 %icmp_ln895_6, i4 %p_Result_117_6, i4 %p_Result_116_6" [./src/pool_reord.hpp:18]   --->   Operation 31 'select' 'select_ln18_16' <Predicate = true> <Delay = 0.45> <Core = "Sel">   --->   Core 26 'Sel' <Latency = 0> <II = 1> <Delay = 0.45> <FuncUnit> <Opcode : 'select'> <InPorts = 3> <OutPorts = 1>
ST_1 : Operation 32 [1/1] (0.00ns)   --->   "%p_Result_116_7 = call i4 @_ssdm_op_PartSelect.i4.i64.i32.i32(i64 %data0_V_read, i32 28, i32 31)" [./src/pool_reord.hpp:16]   --->   Operation 32 'partselect' 'p_Result_116_7' <Predicate = true> <Delay = 0.00>
ST_1 : Operation 33 [1/1] (0.00ns)   --->   "%p_Result_117_7 = call i4 @_ssdm_op_PartSelect.i4.i64.i32.i32(i64 %data1_V_read, i32 28, i32 31)" [./src/pool_reord.hpp:17]   --->   Operation 33 'partselect' 'p_Result_117_7' <Predicate = true> <Delay = 0.00>
ST_1 : Operation 34 [1/1] (0.88ns)   --->   "%icmp_ln895_7 = icmp ugt i4 %p_Result_117_7, %p_Result_116_7" [./src/pool_reord.hpp:18]   --->   Operation 34 'icmp' 'icmp_ln895_7' <Predicate = true> <Delay = 0.88> <Core = "Cmp">   --->   Core 25 'Cmp' <Latency = 0> <II = 1> <Delay = 0.88> <FuncUnit> <Opcode : 'icmp'> <InPorts = 2> <OutPorts = 1>
ST_1 : Operation 35 [1/1] (0.45ns)   --->   "%select_ln18_17 = select i1 %icmp_ln895_7, i4 %p_Result_117_7, i4 %p_Result_116_7" [./src/pool_reord.hpp:18]   --->   Operation 35 'select' 'select_ln18_17' <Predicate = true> <Delay = 0.45> <Core = "Sel">   --->   Core 26 'Sel' <Latency = 0> <II = 1> <Delay = 0.45> <FuncUnit> <Opcode : 'select'> <InPorts = 3> <OutPorts = 1>
ST_1 : Operation 36 [1/1] (0.00ns)   --->   "%p_Result_116_8 = call i4 @_ssdm_op_PartSelect.i4.i64.i32.i32(i64 %data0_V_read, i32 32, i32 35)" [./src/pool_reord.hpp:16]   --->   Operation 36 'partselect' 'p_Result_116_8' <Predicate = true> <Delay = 0.00>
ST_1 : Operation 37 [1/1] (0.00ns)   --->   "%p_Result_117_8 = call i4 @_ssdm_op_PartSelect.i4.i64.i32.i32(i64 %data1_V_read, i32 32, i32 35)" [./src/pool_reord.hpp:17]   --->   Operation 37 'partselect' 'p_Result_117_8' <Predicate = true> <Delay = 0.00>
ST_1 : Operation 38 [1/1] (0.88ns)   --->   "%icmp_ln895_8 = icmp ugt i4 %p_Result_117_8, %p_Result_116_8" [./src/pool_reord.hpp:18]   --->   Operation 38 'icmp' 'icmp_ln895_8' <Predicate = true> <Delay = 0.88> <Core = "Cmp">   --->   Core 25 'Cmp' <Latency = 0> <II = 1> <Delay = 0.88> <FuncUnit> <Opcode : 'icmp'> <InPorts = 2> <OutPorts = 1>
ST_1 : Operation 39 [1/1] (0.45ns)   --->   "%select_ln18_18 = select i1 %icmp_ln895_8, i4 %p_Result_117_8, i4 %p_Result_116_8" [./src/pool_reord.hpp:18]   --->   Operation 39 'select' 'select_ln18_18' <Predicate = true> <Delay = 0.45> <Core = "Sel">   --->   Core 26 'Sel' <Latency = 0> <II = 1> <Delay = 0.45> <FuncUnit> <Opcode : 'select'> <InPorts = 3> <OutPorts = 1>
ST_1 : Operation 40 [1/1] (0.00ns)   --->   "%p_Result_116_9 = call i4 @_ssdm_op_PartSelect.i4.i64.i32.i32(i64 %data0_V_read, i32 36, i32 39)" [./src/pool_reord.hpp:16]   --->   Operation 40 'partselect' 'p_Result_116_9' <Predicate = true> <Delay = 0.00>
ST_1 : Operation 41 [1/1] (0.00ns)   --->   "%p_Result_117_9 = call i4 @_ssdm_op_PartSelect.i4.i64.i32.i32(i64 %data1_V_read, i32 36, i32 39)" [./src/pool_reord.hpp:17]   --->   Operation 41 'partselect' 'p_Result_117_9' <Predicate = true> <Delay = 0.00>
ST_1 : Operation 42 [1/1] (0.88ns)   --->   "%icmp_ln895_9 = icmp ugt i4 %p_Result_117_9, %p_Result_116_9" [./src/pool_reord.hpp:18]   --->   Operation 42 'icmp' 'icmp_ln895_9' <Predicate = true> <Delay = 0.88> <Core = "Cmp">   --->   Core 25 'Cmp' <Latency = 0> <II = 1> <Delay = 0.88> <FuncUnit> <Opcode : 'icmp'> <InPorts = 2> <OutPorts = 1>
ST_1 : Operation 43 [1/1] (0.45ns)   --->   "%select_ln18_19 = select i1 %icmp_ln895_9, i4 %p_Result_117_9, i4 %p_Result_116_9" [./src/pool_reord.hpp:18]   --->   Operation 43 'select' 'select_ln18_19' <Predicate = true> <Delay = 0.45> <Core = "Sel">   --->   Core 26 'Sel' <Latency = 0> <II = 1> <Delay = 0.45> <FuncUnit> <Opcode : 'select'> <InPorts = 3> <OutPorts = 1>
ST_1 : Operation 44 [1/1] (0.00ns)   --->   "%p_Result_116_s = call i4 @_ssdm_op_PartSelect.i4.i64.i32.i32(i64 %data0_V_read, i32 40, i32 43)" [./src/pool_reord.hpp:16]   --->   Operation 44 'partselect' 'p_Result_116_s' <Predicate = true> <Delay = 0.00>
ST_1 : Operation 45 [1/1] (0.00ns)   --->   "%p_Result_117_s = call i4 @_ssdm_op_PartSelect.i4.i64.i32.i32(i64 %data1_V_read, i32 40, i32 43)" [./src/pool_reord.hpp:17]   --->   Operation 45 'partselect' 'p_Result_117_s' <Predicate = true> <Delay = 0.00>
ST_1 : Operation 46 [1/1] (0.88ns)   --->   "%icmp_ln895_10 = icmp ugt i4 %p_Result_117_s, %p_Result_116_s" [./src/pool_reord.hpp:18]   --->   Operation 46 'icmp' 'icmp_ln895_10' <Predicate = true> <Delay = 0.88> <Core = "Cmp">   --->   Core 25 'Cmp' <Latency = 0> <II = 1> <Delay = 0.88> <FuncUnit> <Opcode : 'icmp'> <InPorts = 2> <OutPorts = 1>
ST_1 : Operation 47 [1/1] (0.45ns)   --->   "%select_ln18_20 = select i1 %icmp_ln895_10, i4 %p_Result_117_s, i4 %p_Result_116_s" [./src/pool_reord.hpp:18]   --->   Operation 47 'select' 'select_ln18_20' <Predicate = true> <Delay = 0.45> <Core = "Sel">   --->   Core 26 'Sel' <Latency = 0> <II = 1> <Delay = 0.45> <FuncUnit> <Opcode : 'select'> <InPorts = 3> <OutPorts = 1>
ST_1 : Operation 48 [1/1] (0.00ns)   --->   "%p_Result_116_10 = call i4 @_ssdm_op_PartSelect.i4.i64.i32.i32(i64 %data0_V_read, i32 44, i32 47)" [./src/pool_reord.hpp:16]   --->   Operation 48 'partselect' 'p_Result_116_10' <Predicate = true> <Delay = 0.00>
ST_1 : Operation 49 [1/1] (0.00ns)   --->   "%p_Result_117_10 = call i4 @_ssdm_op_PartSelect.i4.i64.i32.i32(i64 %data1_V_read, i32 44, i32 47)" [./src/pool_reord.hpp:17]   --->   Operation 49 'partselect' 'p_Result_117_10' <Predicate = true> <Delay = 0.00>
ST_1 : Operation 50 [1/1] (0.88ns)   --->   "%icmp_ln895_11 = icmp ugt i4 %p_Result_117_10, %p_Result_116_10" [./src/pool_reord.hpp:18]   --->   Operation 50 'icmp' 'icmp_ln895_11' <Predicate = true> <Delay = 0.88> <Core = "Cmp">   --->   Core 25 'Cmp' <Latency = 0> <II = 1> <Delay = 0.88> <FuncUnit> <Opcode : 'icmp'> <InPorts = 2> <OutPorts = 1>
ST_1 : Operation 51 [1/1] (0.45ns)   --->   "%select_ln18_21 = select i1 %icmp_ln895_11, i4 %p_Result_117_10, i4 %p_Result_116_10" [./src/pool_reord.hpp:18]   --->   Operation 51 'select' 'select_ln18_21' <Predicate = true> <Delay = 0.45> <Core = "Sel">   --->   Core 26 'Sel' <Latency = 0> <II = 1> <Delay = 0.45> <FuncUnit> <Opcode : 'select'> <InPorts = 3> <OutPorts = 1>
ST_1 : Operation 52 [1/1] (0.00ns)   --->   "%p_Result_116_11 = call i4 @_ssdm_op_PartSelect.i4.i64.i32.i32(i64 %data0_V_read, i32 48, i32 51)" [./src/pool_reord.hpp:16]   --->   Operation 52 'partselect' 'p_Result_116_11' <Predicate = true> <Delay = 0.00>
ST_1 : Operation 53 [1/1] (0.00ns)   --->   "%p_Result_117_11 = call i4 @_ssdm_op_PartSelect.i4.i64.i32.i32(i64 %data1_V_read, i32 48, i32 51)" [./src/pool_reord.hpp:17]   --->   Operation 53 'partselect' 'p_Result_117_11' <Predicate = true> <Delay = 0.00>
ST_1 : Operation 54 [1/1] (0.88ns)   --->   "%icmp_ln895_12 = icmp ugt i4 %p_Result_117_11, %p_Result_116_11" [./src/pool_reord.hpp:18]   --->   Operation 54 'icmp' 'icmp_ln895_12' <Predicate = true> <Delay = 0.88> <Core = "Cmp">   --->   Core 25 'Cmp' <Latency = 0> <II = 1> <Delay = 0.88> <FuncUnit> <Opcode : 'icmp'> <InPorts = 2> <OutPorts = 1>
ST_1 : Operation 55 [1/1] (0.45ns)   --->   "%select_ln18_22 = select i1 %icmp_ln895_12, i4 %p_Result_117_11, i4 %p_Result_116_11" [./src/pool_reord.hpp:18]   --->   Operation 55 'select' 'select_ln18_22' <Predicate = true> <Delay = 0.45> <Core = "Sel">   --->   Core 26 'Sel' <Latency = 0> <II = 1> <Delay = 0.45> <FuncUnit> <Opcode : 'select'> <InPorts = 3> <OutPorts = 1>
ST_1 : Operation 56 [1/1] (0.00ns)   --->   "%p_Result_116_12 = call i4 @_ssdm_op_PartSelect.i4.i64.i32.i32(i64 %data0_V_read, i32 52, i32 55)" [./src/pool_reord.hpp:16]   --->   Operation 56 'partselect' 'p_Result_116_12' <Predicate = true> <Delay = 0.00>
ST_1 : Operation 57 [1/1] (0.00ns)   --->   "%p_Result_117_12 = call i4 @_ssdm_op_PartSelect.i4.i64.i32.i32(i64 %data1_V_read, i32 52, i32 55)" [./src/pool_reord.hpp:17]   --->   Operation 57 'partselect' 'p_Result_117_12' <Predicate = true> <Delay = 0.00>
ST_1 : Operation 58 [1/1] (0.88ns)   --->   "%icmp_ln895_13 = icmp ugt i4 %p_Result_117_12, %p_Result_116_12" [./src/pool_reord.hpp:18]   --->   Operation 58 'icmp' 'icmp_ln895_13' <Predicate = true> <Delay = 0.88> <Core = "Cmp">   --->   Core 25 'Cmp' <Latency = 0> <II = 1> <Delay = 0.88> <FuncUnit> <Opcode : 'icmp'> <InPorts = 2> <OutPorts = 1>
ST_1 : Operation 59 [1/1] (0.45ns)   --->   "%select_ln18_23 = select i1 %icmp_ln895_13, i4 %p_Result_117_12, i4 %p_Result_116_12" [./src/pool_reord.hpp:18]   --->   Operation 59 'select' 'select_ln18_23' <Predicate = true> <Delay = 0.45> <Core = "Sel">   --->   Core 26 'Sel' <Latency = 0> <II = 1> <Delay = 0.45> <FuncUnit> <Opcode : 'select'> <InPorts = 3> <OutPorts = 1>
ST_1 : Operation 60 [1/1] (0.00ns)   --->   "%p_Result_116_13 = call i4 @_ssdm_op_PartSelect.i4.i64.i32.i32(i64 %data0_V_read, i32 56, i32 59)" [./src/pool_reord.hpp:16]   --->   Operation 60 'partselect' 'p_Result_116_13' <Predicate = true> <Delay = 0.00>
ST_1 : Operation 61 [1/1] (0.00ns)   --->   "%p_Result_117_13 = call i4 @_ssdm_op_PartSelect.i4.i64.i32.i32(i64 %data1_V_read, i32 56, i32 59)" [./src/pool_reord.hpp:17]   --->   Operation 61 'partselect' 'p_Result_117_13' <Predicate = true> <Delay = 0.00>
ST_1 : Operation 62 [1/1] (0.88ns)   --->   "%icmp_ln895_14 = icmp ugt i4 %p_Result_117_13, %p_Result_116_13" [./src/pool_reord.hpp:18]   --->   Operation 62 'icmp' 'icmp_ln895_14' <Predicate = true> <Delay = 0.88> <Core = "Cmp">   --->   Core 25 'Cmp' <Latency = 0> <II = 1> <Delay = 0.88> <FuncUnit> <Opcode : 'icmp'> <InPorts = 2> <OutPorts = 1>
ST_1 : Operation 63 [1/1] (0.45ns)   --->   "%select_ln18_24 = select i1 %icmp_ln895_14, i4 %p_Result_117_13, i4 %p_Result_116_13" [./src/pool_reord.hpp:18]   --->   Operation 63 'select' 'select_ln18_24' <Predicate = true> <Delay = 0.45> <Core = "Sel">   --->   Core 26 'Sel' <Latency = 0> <II = 1> <Delay = 0.45> <FuncUnit> <Opcode : 'select'> <InPorts = 3> <OutPorts = 1>
ST_1 : Operation 64 [1/1] (0.00ns)   --->   "%p_Result_116_14 = call i4 @_ssdm_op_PartSelect.i4.i64.i32.i32(i64 %data0_V_read, i32 60, i32 63)" [./src/pool_reord.hpp:16]   --->   Operation 64 'partselect' 'p_Result_116_14' <Predicate = true> <Delay = 0.00>
ST_1 : Operation 65 [1/1] (0.00ns)   --->   "%p_Result_117_14 = call i4 @_ssdm_op_PartSelect.i4.i64.i32.i32(i64 %data1_V_read, i32 60, i32 63)" [./src/pool_reord.hpp:17]   --->   Operation 65 'partselect' 'p_Result_117_14' <Predicate = true> <Delay = 0.00>
ST_1 : Operation 66 [1/1] (0.88ns)   --->   "%icmp_ln895_15 = icmp ugt i4 %p_Result_117_14, %p_Result_116_14" [./src/pool_reord.hpp:18]   --->   Operation 66 'icmp' 'icmp_ln895_15' <Predicate = true> <Delay = 0.88> <Core = "Cmp">   --->   Core 25 'Cmp' <Latency = 0> <II = 1> <Delay = 0.88> <FuncUnit> <Opcode : 'icmp'> <InPorts = 2> <OutPorts = 1>
ST_1 : Operation 67 [1/1] (0.45ns)   --->   "%select_ln18_25 = select i1 %icmp_ln895_15, i4 %p_Result_117_14, i4 %p_Result_116_14" [./src/pool_reord.hpp:18]   --->   Operation 67 'select' 'select_ln18_25' <Predicate = true> <Delay = 0.45> <Core = "Sel">   --->   Core 26 'Sel' <Latency = 0> <II = 1> <Delay = 0.45> <FuncUnit> <Opcode : 'select'> <InPorts = 3> <OutPorts = 1>
ST_1 : Operation 68 [1/1] (0.00ns)   --->   "%agg_result_V_0_s = call i64 @_ssdm_op_BitConcatenate.i64.i4.i4.i4.i4.i4.i4.i4.i4.i4.i4.i4.i4.i4.i4.i4.i4(i4 %select_ln18_25, i4 %select_ln18_24, i4 %select_ln18_23, i4 %select_ln18_22, i4 %select_ln18_21, i4 %select_ln18_20, i4 %select_ln18_19, i4 %select_ln18_18, i4 %select_ln18_17, i4 %select_ln18_16, i4 %select_ln18_15, i4 %select_ln18_14, i4 %select_ln18_13, i4 %select_ln18_12, i4 %select_ln18_11, i4 %select_ln18)" [./src/pool_reord.hpp:19]   --->   Operation 68 'bitconcatenate' 'agg_result_V_0_s' <Predicate = true> <Delay = 0.00>
ST_1 : Operation 69 [1/1] (0.00ns)   --->   "ret i64 %agg_result_V_0_s" [./src/pool_reord.hpp:21]   --->   Operation 69 'ret' <Predicate = true> <Delay = 0.00>


============================================================
+ Verbose Summary: Binding
============================================================
STG Binding: 
---------------- STG Properties BEGIN ----------------
- Is combinational: 1
- Is one-state seq: 0
- Is datapath-only: 0
- Is pipelined: 1
- Is top level: 0
Port [ Return ] is wired: 1; IO mode=ap_ctrl_hs:ce=0
Port [ data0_V]:  wired=1; compound=0; hidden=0; nouse=0; global=0; static=0; extern=0; dir=0; type=0; pingpong=0; private_global=0; IO mode=ap_none:ce=0
Port [ data1_V]:  wired=1; compound=0; hidden=0; nouse=0; global=0; static=0; extern=0; dir=0; type=0; pingpong=0; private_global=0; IO mode=ap_none:ce=0
---------------- STG Properties END ------------------

---------------- Datapath Model BEGIN ----------------

<LifeTime>
<method=bitvector/>
data1_V_read     (read          ) [ 00]
data0_V_read     (read          ) [ 00]
trunc_ln647      (trunc         ) [ 00]
trunc_ln647_12   (trunc         ) [ 00]
icmp_ln895       (icmp          ) [ 00]
select_ln18      (select        ) [ 00]
p_Result_116_1   (partselect    ) [ 00]
p_Result_117_1   (partselect    ) [ 00]
icmp_ln895_1     (icmp          ) [ 00]
select_ln18_11   (select        ) [ 00]
p_Result_116_2   (partselect    ) [ 00]
p_Result_117_2   (partselect    ) [ 00]
icmp_ln895_2     (icmp          ) [ 00]
select_ln18_12   (select        ) [ 00]
p_Result_116_3   (partselect    ) [ 00]
p_Result_117_3   (partselect    ) [ 00]
icmp_ln895_3     (icmp          ) [ 00]
select_ln18_13   (select        ) [ 00]
p_Result_116_4   (partselect    ) [ 00]
p_Result_117_4   (partselect    ) [ 00]
icmp_ln895_4     (icmp          ) [ 00]
select_ln18_14   (select        ) [ 00]
p_Result_116_5   (partselect    ) [ 00]
p_Result_117_5   (partselect    ) [ 00]
icmp_ln895_5     (icmp          ) [ 00]
select_ln18_15   (select        ) [ 00]
p_Result_116_6   (partselect    ) [ 00]
p_Result_117_6   (partselect    ) [ 00]
icmp_ln895_6     (icmp          ) [ 00]
select_ln18_16   (select        ) [ 00]
p_Result_116_7   (partselect    ) [ 00]
p_Result_117_7   (partselect    ) [ 00]
icmp_ln895_7     (icmp          ) [ 00]
select_ln18_17   (select        ) [ 00]
p_Result_116_8   (partselect    ) [ 00]
p_Result_117_8   (partselect    ) [ 00]
icmp_ln895_8     (icmp          ) [ 00]
select_ln18_18   (select        ) [ 00]
p_Result_116_9   (partselect    ) [ 00]
p_Result_117_9   (partselect    ) [ 00]
icmp_ln895_9     (icmp          ) [ 00]
select_ln18_19   (select        ) [ 00]
p_Result_116_s   (partselect    ) [ 00]
p_Result_117_s   (partselect    ) [ 00]
icmp_ln895_10    (icmp          ) [ 00]
select_ln18_20   (select        ) [ 00]
p_Result_116_10  (partselect    ) [ 00]
p_Result_117_10  (partselect    ) [ 00]
icmp_ln895_11    (icmp          ) [ 00]
select_ln18_21   (select        ) [ 00]
p_Result_116_11  (partselect    ) [ 00]
p_Result_117_11  (partselect    ) [ 00]
icmp_ln895_12    (icmp          ) [ 00]
select_ln18_22   (select        ) [ 00]
p_Result_116_12  (partselect    ) [ 00]
p_Result_117_12  (partselect    ) [ 00]
icmp_ln895_13    (icmp          ) [ 00]
select_ln18_23   (select        ) [ 00]
p_Result_116_13  (partselect    ) [ 00]
p_Result_117_13  (partselect    ) [ 00]
icmp_ln895_14    (icmp          ) [ 00]
select_ln18_24   (select        ) [ 00]
p_Result_116_14  (partselect    ) [ 00]
p_Result_117_14  (partselect    ) [ 00]
icmp_ln895_15    (icmp          ) [ 00]
select_ln18_25   (select        ) [ 00]
agg_result_V_0_s (bitconcatenate) [ 00]
ret_ln21         (ret           ) [ 00]
</LifeTime>

<model>

<comp_list>
<comp id="0" class="1000" name="data0_V">
<pin_list>
<pin id="1" dir="1" index="0" bw="1" slack="0"/>
</pin_list>
<bind>
<StgValue><ssdm name="data0_V"/></StgValue>
</bind>
</comp>

<comp id="2" class="1000" name="data1_V">
<pin_list>
<pin id="3" dir="1" index="0" bw="1" slack="0"/>
</pin_list>
<bind>
<StgValue><ssdm name="data1_V"/></StgValue>
</bind>
</comp>

<comp id="4" class="1001" name="const_4">
<pin_list>
<pin id="5" dir="1" index="0" bw="1" slack="0"/>
</pin_list>
<bind>
<StgValue><ssdm name="_ssdm_op_Read.ap_auto.i64"/></StgValue>
</bind>
</comp>

<comp id="6" class="1001" name="const_6">
<pin_list>
<pin id="7" dir="1" index="0" bw="1" slack="0"/>
</pin_list>
<bind>
<StgValue><ssdm name="_ssdm_op_PartSelect.i4.i64.i32.i32"/></StgValue>
</bind>
</comp>

<comp id="8" class="1001" name="const_8">
<pin_list>
<pin id="9" dir="1" index="0" bw="1" slack="0"/>
</pin_list>
<bind>
<StgValue><ssdm name=""/></StgValue>
</bind>
</comp>

<comp id="10" class="1001" name="const_10">
<pin_list>
<pin id="11" dir="1" index="0" bw="1" slack="0"/>
</pin_list>
<bind>
<StgValue><ssdm name=""/></StgValue>
</bind>
</comp>

<comp id="12" class="1001" name="const_12">
<pin_list>
<pin id="13" dir="1" index="0" bw="1" slack="0"/>
</pin_list>
<bind>
<StgValue><ssdm name=""/></StgValue>
</bind>
</comp>

<comp id="14" class="1001" name="const_14">
<pin_list>
<pin id="15" dir="1" index="0" bw="1" slack="0"/>
</pin_list>
<bind>
<StgValue><ssdm name=""/></StgValue>
</bind>
</comp>

<comp id="16" class="1001" name="const_16">
<pin_list>
<pin id="17" dir="1" index="0" bw="1" slack="0"/>
</pin_list>
<bind>
<StgValue><ssdm name=""/></StgValue>
</bind>
</comp>

<comp id="18" class="1001" name="const_18">
<pin_list>
<pin id="19" dir="1" index="0" bw="1" slack="0"/>
</pin_list>
<bind>
<StgValue><ssdm name=""/></StgValue>
</bind>
</comp>

<comp id="20" class="1001" name="const_20">
<pin_list>
<pin id="21" dir="1" index="0" bw="1" slack="0"/>
</pin_list>
<bind>
<StgValue><ssdm name=""/></StgValue>
</bind>
</comp>

<comp id="22" class="1001" name="const_22">
<pin_list>
<pin id="23" dir="1" index="0" bw="1" slack="0"/>
</pin_list>
<bind>
<StgValue><ssdm name=""/></StgValue>
</bind>
</comp>

<comp id="24" class="1001" name="const_24">
<pin_list>
<pin id="25" dir="1" index="0" bw="1" slack="0"/>
</pin_list>
<bind>
<StgValue><ssdm name=""/></StgValue>
</bind>
</comp>

<comp id="26" class="1001" name="const_26">
<pin_list>
<pin id="27" dir="1" index="0" bw="1" slack="0"/>
</pin_list>
<bind>
<StgValue><ssdm name=""/></StgValue>
</bind>
</comp>

<comp id="28" class="1001" name="const_28">
<pin_list>
<pin id="29" dir="1" index="0" bw="1" slack="0"/>
</pin_list>
<bind>
<StgValue><ssdm name=""/></StgValue>
</bind>
</comp>

<comp id="30" class="1001" name="const_30">
<pin_list>
<pin id="31" dir="1" index="0" bw="1" slack="0"/>
</pin_list>
<bind>
<StgValue><ssdm name=""/></StgValue>
</bind>
</comp>

<comp id="32" class="1001" name="const_32">
<pin_list>
<pin id="33" dir="1" index="0" bw="1" slack="0"/>
</pin_list>
<bind>
<StgValue><ssdm name=""/></StgValue>
</bind>
</comp>

<comp id="34" class="1001" name="const_34">
<pin_list>
<pin id="35" dir="1" index="0" bw="1" slack="0"/>
</pin_list>
<bind>
<StgValue><ssdm name=""/></StgValue>
</bind>
</comp>

<comp id="36" class="1001" name="const_36">
<pin_list>
<pin id="37" dir="1" index="0" bw="1" slack="0"/>
</pin_list>
<bind>
<StgValue><ssdm name=""/></StgValue>
</bind>
</comp>

<comp id="38" class="1001" name="const_38">
<pin_list>
<pin id="39" dir="1" index="0" bw="1" slack="0"/>
</pin_list>
<bind>
<StgValue><ssdm name=""/></StgValue>
</bind>
</comp>

<comp id="40" class="1001" name="const_40">
<pin_list>
<pin id="41" dir="1" index="0" bw="1" slack="0"/>
</pin_list>
<bind>
<StgValue><ssdm name=""/></StgValue>
</bind>
</comp>

<comp id="42" class="1001" name="const_42">
<pin_list>
<pin id="43" dir="1" index="0" bw="1" slack="0"/>
</pin_list>
<bind>
<StgValue><ssdm name=""/></StgValue>
</bind>
</comp>

<comp id="44" class="1001" name="const_44">
<pin_list>
<pin id="45" dir="1" index="0" bw="1" slack="0"/>
</pin_list>
<bind>
<StgValue><ssdm name=""/></StgValue>
</bind>
</comp>

<comp id="46" class="1001" name="const_46">
<pin_list>
<pin id="47" dir="1" index="0" bw="1" slack="0"/>
</pin_list>
<bind>
<StgValue><ssdm name=""/></StgValue>
</bind>
</comp>

<comp id="48" class="1001" name="const_48">
<pin_list>
<pin id="49" dir="1" index="0" bw="1" slack="0"/>
</pin_list>
<bind>
<StgValue><ssdm name=""/></StgValue>
</bind>
</comp>

<comp id="50" class="1001" name="const_50">
<pin_list>
<pin id="51" dir="1" index="0" bw="1" slack="0"/>
</pin_list>
<bind>
<StgValue><ssdm name=""/></StgValue>
</bind>
</comp>

<comp id="52" class="1001" name="const_52">
<pin_list>
<pin id="53" dir="1" index="0" bw="1" slack="0"/>
</pin_list>
<bind>
<StgValue><ssdm name=""/></StgValue>
</bind>
</comp>

<comp id="54" class="1001" name="const_54">
<pin_list>
<pin id="55" dir="1" index="0" bw="1" slack="0"/>
</pin_list>
<bind>
<StgValue><ssdm name=""/></StgValue>
</bind>
</comp>

<comp id="56" class="1001" name="const_56">
<pin_list>
<pin id="57" dir="1" index="0" bw="1" slack="0"/>
</pin_list>
<bind>
<StgValue><ssdm name=""/></StgValue>
</bind>
</comp>

<comp id="58" class="1001" name="const_58">
<pin_list>
<pin id="59" dir="1" index="0" bw="1" slack="0"/>
</pin_list>
<bind>
<StgValue><ssdm name=""/></StgValue>
</bind>
</comp>

<comp id="60" class="1001" name="const_60">
<pin_list>
<pin id="61" dir="1" index="0" bw="1" slack="0"/>
</pin_list>
<bind>
<StgValue><ssdm name=""/></StgValue>
</bind>
</comp>

<comp id="62" class="1001" name="const_62">
<pin_list>
<pin id="63" dir="1" index="0" bw="1" slack="0"/>
</pin_list>
<bind>
<StgValue><ssdm name=""/></StgValue>
</bind>
</comp>

<comp id="64" class="1001" name="const_64">
<pin_list>
<pin id="65" dir="1" index="0" bw="1" slack="0"/>
</pin_list>
<bind>
<StgValue><ssdm name=""/></StgValue>
</bind>
</comp>

<comp id="66" class="1001" name="const_66">
<pin_list>
<pin id="67" dir="1" index="0" bw="1" slack="0"/>
</pin_list>
<bind>
<StgValue><ssdm name=""/></StgValue>
</bind>
</comp>

<comp id="68" class="1001" name="const_68">
<pin_list>
<pin id="69" dir="1" index="0" bw="1" slack="0"/>
</pin_list>
<bind>
<StgValue><ssdm name="_ssdm_op_BitConcatenate.i64.i4.i4.i4.i4.i4.i4.i4.i4.i4.i4.i4.i4.i4.i4.i4.i4"/></StgValue>
</bind>
</comp>

<comp id="70" class="1004" name="data1_V_read_read_fu_70">
<pin_list>
<pin id="71" dir="0" index="0" bw="64" slack="0"/>
<pin id="72" dir="0" index="1" bw="64" slack="0"/>
<pin id="73" dir="1" index="2" bw="64" slack="0"/>
</pin_list>
<bind>
<opcode="read(1150) " fcode="read"/>
<opset="data1_V_read/1 "/>
</bind>
</comp>

<comp id="76" class="1004" name="data0_V_read_read_fu_76">
<pin_list>
<pin id="77" dir="0" index="0" bw="64" slack="0"/>
<pin id="78" dir="0" index="1" bw="64" slack="0"/>
<pin id="79" dir="1" index="2" bw="64" slack="0"/>
</pin_list>
<bind>
<opcode="read(1150) " fcode="read"/>
<opset="data0_V_read/1 "/>
</bind>
</comp>

<comp id="82" class="1004" name="trunc_ln647_fu_82">
<pin_list>
<pin id="83" dir="0" index="0" bw="64" slack="0"/>
<pin id="84" dir="1" index="1" bw="4" slack="0"/>
</pin_list>
<bind>
<opcode="trunc(33) " fcode="trunc"/>
<opset="trunc_ln647/1 "/>
</bind>
</comp>

<comp id="86" class="1004" name="trunc_ln647_12_fu_86">
<pin_list>
<pin id="87" dir="0" index="0" bw="64" slack="0"/>
<pin id="88" dir="1" index="1" bw="4" slack="0"/>
</pin_list>
<bind>
<opcode="trunc(33) " fcode="trunc"/>
<opset="trunc_ln647_12/1 "/>
</bind>
</comp>

<comp id="90" class="1004" name="icmp_ln895_fu_90">
<pin_list>
<pin id="91" dir="0" index="0" bw="4" slack="0"/>
<pin id="92" dir="0" index="1" bw="4" slack="0"/>
<pin id="93" dir="1" index="2" bw="1" slack="0"/>
</pin_list>
<bind>
<opcode="icmp(45) " fcode="icmp"/>
<opset="icmp_ln895/1 "/>
</bind>
</comp>

<comp id="96" class="1004" name="select_ln18_fu_96">
<pin_list>
<pin id="97" dir="0" index="0" bw="1" slack="0"/>
<pin id="98" dir="0" index="1" bw="4" slack="0"/>
<pin id="99" dir="0" index="2" bw="4" slack="0"/>
<pin id="100" dir="1" index="3" bw="4" slack="0"/>
</pin_list>
<bind>
<opcode="select(49) " fcode="select"/>
<opset="select_ln18/1 "/>
</bind>
</comp>

<comp id="104" class="1004" name="p_Result_116_1_fu_104">
<pin_list>
<pin id="105" dir="0" index="0" bw="4" slack="0"/>
<pin id="106" dir="0" index="1" bw="64" slack="0"/>
<pin id="107" dir="0" index="2" bw="4" slack="0"/>
<pin id="108" dir="0" index="3" bw="4" slack="0"/>
<pin id="109" dir="1" index="4" bw="4" slack="0"/>
</pin_list>
<bind>
<opcode="partselect(1002) " fcode="partselect"/>
<opset="p_Result_116_1/1 "/>
</bind>
</comp>

<comp id="114" class="1004" name="p_Result_117_1_fu_114">
<pin_list>
<pin id="115" dir="0" index="0" bw="4" slack="0"/>
<pin id="116" dir="0" index="1" bw="64" slack="0"/>
<pin id="117" dir="0" index="2" bw="4" slack="0"/>
<pin id="118" dir="0" index="3" bw="4" slack="0"/>
<pin id="119" dir="1" index="4" bw="4" slack="0"/>
</pin_list>
<bind>
<opcode="partselect(1002) " fcode="partselect"/>
<opset="p_Result_117_1/1 "/>
</bind>
</comp>

<comp id="124" class="1004" name="icmp_ln895_1_fu_124">
<pin_list>
<pin id="125" dir="0" index="0" bw="4" slack="0"/>
<pin id="126" dir="0" index="1" bw="4" slack="0"/>
<pin id="127" dir="1" index="2" bw="1" slack="0"/>
</pin_list>
<bind>
<opcode="icmp(45) " fcode="icmp"/>
<opset="icmp_ln895_1/1 "/>
</bind>
</comp>

<comp id="130" class="1004" name="select_ln18_11_fu_130">
<pin_list>
<pin id="131" dir="0" index="0" bw="1" slack="0"/>
<pin id="132" dir="0" index="1" bw="4" slack="0"/>
<pin id="133" dir="0" index="2" bw="4" slack="0"/>
<pin id="134" dir="1" index="3" bw="4" slack="0"/>
</pin_list>
<bind>
<opcode="select(49) " fcode="select"/>
<opset="select_ln18_11/1 "/>
</bind>
</comp>

<comp id="138" class="1004" name="p_Result_116_2_fu_138">
<pin_list>
<pin id="139" dir="0" index="0" bw="4" slack="0"/>
<pin id="140" dir="0" index="1" bw="64" slack="0"/>
<pin id="141" dir="0" index="2" bw="5" slack="0"/>
<pin id="142" dir="0" index="3" bw="5" slack="0"/>
<pin id="143" dir="1" index="4" bw="4" slack="0"/>
</pin_list>
<bind>
<opcode="partselect(1002) " fcode="partselect"/>
<opset="p_Result_116_2/1 "/>
</bind>
</comp>

<comp id="148" class="1004" name="p_Result_117_2_fu_148">
<pin_list>
<pin id="149" dir="0" index="0" bw="4" slack="0"/>
<pin id="150" dir="0" index="1" bw="64" slack="0"/>
<pin id="151" dir="0" index="2" bw="5" slack="0"/>
<pin id="152" dir="0" index="3" bw="5" slack="0"/>
<pin id="153" dir="1" index="4" bw="4" slack="0"/>
</pin_list>
<bind>
<opcode="partselect(1002) " fcode="partselect"/>
<opset="p_Result_117_2/1 "/>
</bind>
</comp>

<comp id="158" class="1004" name="icmp_ln895_2_fu_158">
<pin_list>
<pin id="159" dir="0" index="0" bw="4" slack="0"/>
<pin id="160" dir="0" index="1" bw="4" slack="0"/>
<pin id="161" dir="1" index="2" bw="1" slack="0"/>
</pin_list>
<bind>
<opcode="icmp(45) " fcode="icmp"/>
<opset="icmp_ln895_2/1 "/>
</bind>
</comp>

<comp id="164" class="1004" name="select_ln18_12_fu_164">
<pin_list>
<pin id="165" dir="0" index="0" bw="1" slack="0"/>
<pin id="166" dir="0" index="1" bw="4" slack="0"/>
<pin id="167" dir="0" index="2" bw="4" slack="0"/>
<pin id="168" dir="1" index="3" bw="4" slack="0"/>
</pin_list>
<bind>
<opcode="select(49) " fcode="select"/>
<opset="select_ln18_12/1 "/>
</bind>
</comp>

<comp id="172" class="1004" name="p_Result_116_3_fu_172">
<pin_list>
<pin id="173" dir="0" index="0" bw="4" slack="0"/>
<pin id="174" dir="0" index="1" bw="64" slack="0"/>
<pin id="175" dir="0" index="2" bw="5" slack="0"/>
<pin id="176" dir="0" index="3" bw="5" slack="0"/>
<pin id="177" dir="1" index="4" bw="4" slack="0"/>
</pin_list>
<bind>
<opcode="partselect(1002) " fcode="partselect"/>
<opset="p_Result_116_3/1 "/>
</bind>
</comp>

<comp id="182" class="1004" name="p_Result_117_3_fu_182">
<pin_list>
<pin id="183" dir="0" index="0" bw="4" slack="0"/>
<pin id="184" dir="0" index="1" bw="64" slack="0"/>
<pin id="185" dir="0" index="2" bw="5" slack="0"/>
<pin id="186" dir="0" index="3" bw="5" slack="0"/>
<pin id="187" dir="1" index="4" bw="4" slack="0"/>
</pin_list>
<bind>
<opcode="partselect(1002) " fcode="partselect"/>
<opset="p_Result_117_3/1 "/>
</bind>
</comp>

<comp id="192" class="1004" name="icmp_ln895_3_fu_192">
<pin_list>
<pin id="193" dir="0" index="0" bw="4" slack="0"/>
<pin id="194" dir="0" index="1" bw="4" slack="0"/>
<pin id="195" dir="1" index="2" bw="1" slack="0"/>
</pin_list>
<bind>
<opcode="icmp(45) " fcode="icmp"/>
<opset="icmp_ln895_3/1 "/>
</bind>
</comp>

<comp id="198" class="1004" name="select_ln18_13_fu_198">
<pin_list>
<pin id="199" dir="0" index="0" bw="1" slack="0"/>
<pin id="200" dir="0" index="1" bw="4" slack="0"/>
<pin id="201" dir="0" index="2" bw="4" slack="0"/>
<pin id="202" dir="1" index="3" bw="4" slack="0"/>
</pin_list>
<bind>
<opcode="select(49) " fcode="select"/>
<opset="select_ln18_13/1 "/>
</bind>
</comp>

<comp id="206" class="1004" name="p_Result_116_4_fu_206">
<pin_list>
<pin id="207" dir="0" index="0" bw="4" slack="0"/>
<pin id="208" dir="0" index="1" bw="64" slack="0"/>
<pin id="209" dir="0" index="2" bw="6" slack="0"/>
<pin id="210" dir="0" index="3" bw="6" slack="0"/>
<pin id="211" dir="1" index="4" bw="4" slack="0"/>
</pin_list>
<bind>
<opcode="partselect(1002) " fcode="partselect"/>
<opset="p_Result_116_4/1 "/>
</bind>
</comp>

<comp id="216" class="1004" name="p_Result_117_4_fu_216">
<pin_list>
<pin id="217" dir="0" index="0" bw="4" slack="0"/>
<pin id="218" dir="0" index="1" bw="64" slack="0"/>
<pin id="219" dir="0" index="2" bw="6" slack="0"/>
<pin id="220" dir="0" index="3" bw="6" slack="0"/>
<pin id="221" dir="1" index="4" bw="4" slack="0"/>
</pin_list>
<bind>
<opcode="partselect(1002) " fcode="partselect"/>
<opset="p_Result_117_4/1 "/>
</bind>
</comp>

<comp id="226" class="1004" name="icmp_ln895_4_fu_226">
<pin_list>
<pin id="227" dir="0" index="0" bw="4" slack="0"/>
<pin id="228" dir="0" index="1" bw="4" slack="0"/>
<pin id="229" dir="1" index="2" bw="1" slack="0"/>
</pin_list>
<bind>
<opcode="icmp(45) " fcode="icmp"/>
<opset="icmp_ln895_4/1 "/>
</bind>
</comp>

<comp id="232" class="1004" name="select_ln18_14_fu_232">
<pin_list>
<pin id="233" dir="0" index="0" bw="1" slack="0"/>
<pin id="234" dir="0" index="1" bw="4" slack="0"/>
<pin id="235" dir="0" index="2" bw="4" slack="0"/>
<pin id="236" dir="1" index="3" bw="4" slack="0"/>
</pin_list>
<bind>
<opcode="select(49) " fcode="select"/>
<opset="select_ln18_14/1 "/>
</bind>
</comp>

<comp id="240" class="1004" name="p_Result_116_5_fu_240">
<pin_list>
<pin id="241" dir="0" index="0" bw="4" slack="0"/>
<pin id="242" dir="0" index="1" bw="64" slack="0"/>
<pin id="243" dir="0" index="2" bw="6" slack="0"/>
<pin id="244" dir="0" index="3" bw="6" slack="0"/>
<pin id="245" dir="1" index="4" bw="4" slack="0"/>
</pin_list>
<bind>
<opcode="partselect(1002) " fcode="partselect"/>
<opset="p_Result_116_5/1 "/>
</bind>
</comp>

<comp id="250" class="1004" name="p_Result_117_5_fu_250">
<pin_list>
<pin id="251" dir="0" index="0" bw="4" slack="0"/>
<pin id="252" dir="0" index="1" bw="64" slack="0"/>
<pin id="253" dir="0" index="2" bw="6" slack="0"/>
<pin id="254" dir="0" index="3" bw="6" slack="0"/>
<pin id="255" dir="1" index="4" bw="4" slack="0"/>
</pin_list>
<bind>
<opcode="partselect(1002) " fcode="partselect"/>
<opset="p_Result_117_5/1 "/>
</bind>
</comp>

<comp id="260" class="1004" name="icmp_ln895_5_fu_260">
<pin_list>
<pin id="261" dir="0" index="0" bw="4" slack="0"/>
<pin id="262" dir="0" index="1" bw="4" slack="0"/>
<pin id="263" dir="1" index="2" bw="1" slack="0"/>
</pin_list>
<bind>
<opcode="icmp(45) " fcode="icmp"/>
<opset="icmp_ln895_5/1 "/>
</bind>
</comp>

<comp id="266" class="1004" name="select_ln18_15_fu_266">
<pin_list>
<pin id="267" dir="0" index="0" bw="1" slack="0"/>
<pin id="268" dir="0" index="1" bw="4" slack="0"/>
<pin id="269" dir="0" index="2" bw="4" slack="0"/>
<pin id="270" dir="1" index="3" bw="4" slack="0"/>
</pin_list>
<bind>
<opcode="select(49) " fcode="select"/>
<opset="select_ln18_15/1 "/>
</bind>
</comp>

<comp id="274" class="1004" name="p_Result_116_6_fu_274">
<pin_list>
<pin id="275" dir="0" index="0" bw="4" slack="0"/>
<pin id="276" dir="0" index="1" bw="64" slack="0"/>
<pin id="277" dir="0" index="2" bw="6" slack="0"/>
<pin id="278" dir="0" index="3" bw="6" slack="0"/>
<pin id="279" dir="1" index="4" bw="4" slack="0"/>
</pin_list>
<bind>
<opcode="partselect(1002) " fcode="partselect"/>
<opset="p_Result_116_6/1 "/>
</bind>
</comp>

<comp id="284" class="1004" name="p_Result_117_6_fu_284">
<pin_list>
<pin id="285" dir="0" index="0" bw="4" slack="0"/>
<pin id="286" dir="0" index="1" bw="64" slack="0"/>
<pin id="287" dir="0" index="2" bw="6" slack="0"/>
<pin id="288" dir="0" index="3" bw="6" slack="0"/>
<pin id="289" dir="1" index="4" bw="4" slack="0"/>
</pin_list>
<bind>
<opcode="partselect(1002) " fcode="partselect"/>
<opset="p_Result_117_6/1 "/>
</bind>
</comp>

<comp id="294" class="1004" name="icmp_ln895_6_fu_294">
<pin_list>
<pin id="295" dir="0" index="0" bw="4" slack="0"/>
<pin id="296" dir="0" index="1" bw="4" slack="0"/>
<pin id="297" dir="1" index="2" bw="1" slack="0"/>
</pin_list>
<bind>
<opcode="icmp(45) " fcode="icmp"/>
<opset="icmp_ln895_6/1 "/>
</bind>
</comp>

<comp id="300" class="1004" name="select_ln18_16_fu_300">
<pin_list>
<pin id="301" dir="0" index="0" bw="1" slack="0"/>
<pin id="302" dir="0" index="1" bw="4" slack="0"/>
<pin id="303" dir="0" index="2" bw="4" slack="0"/>
<pin id="304" dir="1" index="3" bw="4" slack="0"/>
</pin_list>
<bind>
<opcode="select(49) " fcode="select"/>
<opset="select_ln18_16/1 "/>
</bind>
</comp>

<comp id="308" class="1004" name="p_Result_116_7_fu_308">
<pin_list>
<pin id="309" dir="0" index="0" bw="4" slack="0"/>
<pin id="310" dir="0" index="1" bw="64" slack="0"/>
<pin id="311" dir="0" index="2" bw="6" slack="0"/>
<pin id="312" dir="0" index="3" bw="6" slack="0"/>
<pin id="313" dir="1" index="4" bw="4" slack="0"/>
</pin_list>
<bind>
<opcode="partselect(1002) " fcode="partselect"/>
<opset="p_Result_116_7/1 "/>
</bind>
</comp>

<comp id="318" class="1004" name="p_Result_117_7_fu_318">
<pin_list>
<pin id="319" dir="0" index="0" bw="4" slack="0"/>
<pin id="320" dir="0" index="1" bw="64" slack="0"/>
<pin id="321" dir="0" index="2" bw="6" slack="0"/>
<pin id="322" dir="0" index="3" bw="6" slack="0"/>
<pin id="323" dir="1" index="4" bw="4" slack="0"/>
</pin_list>
<bind>
<opcode="partselect(1002) " fcode="partselect"/>
<opset="p_Result_117_7/1 "/>
</bind>
</comp>

<comp id="328" class="1004" name="icmp_ln895_7_fu_328">
<pin_list>
<pin id="329" dir="0" index="0" bw="4" slack="0"/>
<pin id="330" dir="0" index="1" bw="4" slack="0"/>
<pin id="331" dir="1" index="2" bw="1" slack="0"/>
</pin_list>
<bind>
<opcode="icmp(45) " fcode="icmp"/>
<opset="icmp_ln895_7/1 "/>
</bind>
</comp>

<comp id="334" class="1004" name="select_ln18_17_fu_334">
<pin_list>
<pin id="335" dir="0" index="0" bw="1" slack="0"/>
<pin id="336" dir="0" index="1" bw="4" slack="0"/>
<pin id="337" dir="0" index="2" bw="4" slack="0"/>
<pin id="338" dir="1" index="3" bw="4" slack="0"/>
</pin_list>
<bind>
<opcode="select(49) " fcode="select"/>
<opset="select_ln18_17/1 "/>
</bind>
</comp>

<comp id="342" class="1004" name="p_Result_116_8_fu_342">
<pin_list>
<pin id="343" dir="0" index="0" bw="4" slack="0"/>
<pin id="344" dir="0" index="1" bw="64" slack="0"/>
<pin id="345" dir="0" index="2" bw="7" slack="0"/>
<pin id="346" dir="0" index="3" bw="7" slack="0"/>
<pin id="347" dir="1" index="4" bw="4" slack="0"/>
</pin_list>
<bind>
<opcode="partselect(1002) " fcode="partselect"/>
<opset="p_Result_116_8/1 "/>
</bind>
</comp>

<comp id="352" class="1004" name="p_Result_117_8_fu_352">
<pin_list>
<pin id="353" dir="0" index="0" bw="4" slack="0"/>
<pin id="354" dir="0" index="1" bw="64" slack="0"/>
<pin id="355" dir="0" index="2" bw="7" slack="0"/>
<pin id="356" dir="0" index="3" bw="7" slack="0"/>
<pin id="357" dir="1" index="4" bw="4" slack="0"/>
</pin_list>
<bind>
<opcode="partselect(1002) " fcode="partselect"/>
<opset="p_Result_117_8/1 "/>
</bind>
</comp>

<comp id="362" class="1004" name="icmp_ln895_8_fu_362">
<pin_list>
<pin id="363" dir="0" index="0" bw="4" slack="0"/>
<pin id="364" dir="0" index="1" bw="4" slack="0"/>
<pin id="365" dir="1" index="2" bw="1" slack="0"/>
</pin_list>
<bind>
<opcode="icmp(45) " fcode="icmp"/>
<opset="icmp_ln895_8/1 "/>
</bind>
</comp>

<comp id="368" class="1004" name="select_ln18_18_fu_368">
<pin_list>
<pin id="369" dir="0" index="0" bw="1" slack="0"/>
<pin id="370" dir="0" index="1" bw="4" slack="0"/>
<pin id="371" dir="0" index="2" bw="4" slack="0"/>
<pin id="372" dir="1" index="3" bw="4" slack="0"/>
</pin_list>
<bind>
<opcode="select(49) " fcode="select"/>
<opset="select_ln18_18/1 "/>
</bind>
</comp>

<comp id="376" class="1004" name="p_Result_116_9_fu_376">
<pin_list>
<pin id="377" dir="0" index="0" bw="4" slack="0"/>
<pin id="378" dir="0" index="1" bw="64" slack="0"/>
<pin id="379" dir="0" index="2" bw="7" slack="0"/>
<pin id="380" dir="0" index="3" bw="7" slack="0"/>
<pin id="381" dir="1" index="4" bw="4" slack="0"/>
</pin_list>
<bind>
<opcode="partselect(1002) " fcode="partselect"/>
<opset="p_Result_116_9/1 "/>
</bind>
</comp>

<comp id="386" class="1004" name="p_Result_117_9_fu_386">
<pin_list>
<pin id="387" dir="0" index="0" bw="4" slack="0"/>
<pin id="388" dir="0" index="1" bw="64" slack="0"/>
<pin id="389" dir="0" index="2" bw="7" slack="0"/>
<pin id="390" dir="0" index="3" bw="7" slack="0"/>
<pin id="391" dir="1" index="4" bw="4" slack="0"/>
</pin_list>
<bind>
<opcode="partselect(1002) " fcode="partselect"/>
<opset="p_Result_117_9/1 "/>
</bind>
</comp>

<comp id="396" class="1004" name="icmp_ln895_9_fu_396">
<pin_list>
<pin id="397" dir="0" index="0" bw="4" slack="0"/>
<pin id="398" dir="0" index="1" bw="4" slack="0"/>
<pin id="399" dir="1" index="2" bw="1" slack="0"/>
</pin_list>
<bind>
<opcode="icmp(45) " fcode="icmp"/>
<opset="icmp_ln895_9/1 "/>
</bind>
</comp>

<comp id="402" class="1004" name="select_ln18_19_fu_402">
<pin_list>
<pin id="403" dir="0" index="0" bw="1" slack="0"/>
<pin id="404" dir="0" index="1" bw="4" slack="0"/>
<pin id="405" dir="0" index="2" bw="4" slack="0"/>
<pin id="406" dir="1" index="3" bw="4" slack="0"/>
</pin_list>
<bind>
<opcode="select(49) " fcode="select"/>
<opset="select_ln18_19/1 "/>
</bind>
</comp>

<comp id="410" class="1004" name="p_Result_116_s_fu_410">
<pin_list>
<pin id="411" dir="0" index="0" bw="4" slack="0"/>
<pin id="412" dir="0" index="1" bw="64" slack="0"/>
<pin id="413" dir="0" index="2" bw="7" slack="0"/>
<pin id="414" dir="0" index="3" bw="7" slack="0"/>
<pin id="415" dir="1" index="4" bw="4" slack="0"/>
</pin_list>
<bind>
<opcode="partselect(1002) " fcode="partselect"/>
<opset="p_Result_116_s/1 "/>
</bind>
</comp>

<comp id="420" class="1004" name="p_Result_117_s_fu_420">
<pin_list>
<pin id="421" dir="0" index="0" bw="4" slack="0"/>
<pin id="422" dir="0" index="1" bw="64" slack="0"/>
<pin id="423" dir="0" index="2" bw="7" slack="0"/>
<pin id="424" dir="0" index="3" bw="7" slack="0"/>
<pin id="425" dir="1" index="4" bw="4" slack="0"/>
</pin_list>
<bind>
<opcode="partselect(1002) " fcode="partselect"/>
<opset="p_Result_117_s/1 "/>
</bind>
</comp>

<comp id="430" class="1004" name="icmp_ln895_10_fu_430">
<pin_list>
<pin id="431" dir="0" index="0" bw="4" slack="0"/>
<pin id="432" dir="0" index="1" bw="4" slack="0"/>
<pin id="433" dir="1" index="2" bw="1" slack="0"/>
</pin_list>
<bind>
<opcode="icmp(45) " fcode="icmp"/>
<opset="icmp_ln895_10/1 "/>
</bind>
</comp>

<comp id="436" class="1004" name="select_ln18_20_fu_436">
<pin_list>
<pin id="437" dir="0" index="0" bw="1" slack="0"/>
<pin id="438" dir="0" index="1" bw="4" slack="0"/>
<pin id="439" dir="0" index="2" bw="4" slack="0"/>
<pin id="440" dir="1" index="3" bw="4" slack="0"/>
</pin_list>
<bind>
<opcode="select(49) " fcode="select"/>
<opset="select_ln18_20/1 "/>
</bind>
</comp>

<comp id="444" class="1004" name="p_Result_116_10_fu_444">
<pin_list>
<pin id="445" dir="0" index="0" bw="4" slack="0"/>
<pin id="446" dir="0" index="1" bw="64" slack="0"/>
<pin id="447" dir="0" index="2" bw="7" slack="0"/>
<pin id="448" dir="0" index="3" bw="7" slack="0"/>
<pin id="449" dir="1" index="4" bw="4" slack="0"/>
</pin_list>
<bind>
<opcode="partselect(1002) " fcode="partselect"/>
<opset="p_Result_116_10/1 "/>
</bind>
</comp>

<comp id="454" class="1004" name="p_Result_117_10_fu_454">
<pin_list>
<pin id="455" dir="0" index="0" bw="4" slack="0"/>
<pin id="456" dir="0" index="1" bw="64" slack="0"/>
<pin id="457" dir="0" index="2" bw="7" slack="0"/>
<pin id="458" dir="0" index="3" bw="7" slack="0"/>
<pin id="459" dir="1" index="4" bw="4" slack="0"/>
</pin_list>
<bind>
<opcode="partselect(1002) " fcode="partselect"/>
<opset="p_Result_117_10/1 "/>
</bind>
</comp>

<comp id="464" class="1004" name="icmp_ln895_11_fu_464">
<pin_list>
<pin id="465" dir="0" index="0" bw="4" slack="0"/>
<pin id="466" dir="0" index="1" bw="4" slack="0"/>
<pin id="467" dir="1" index="2" bw="1" slack="0"/>
</pin_list>
<bind>
<opcode="icmp(45) " fcode="icmp"/>
<opset="icmp_ln895_11/1 "/>
</bind>
</comp>

<comp id="470" class="1004" name="select_ln18_21_fu_470">
<pin_list>
<pin id="471" dir="0" index="0" bw="1" slack="0"/>
<pin id="472" dir="0" index="1" bw="4" slack="0"/>
<pin id="473" dir="0" index="2" bw="4" slack="0"/>
<pin id="474" dir="1" index="3" bw="4" slack="0"/>
</pin_list>
<bind>
<opcode="select(49) " fcode="select"/>
<opset="select_ln18_21/1 "/>
</bind>
</comp>

<comp id="478" class="1004" name="p_Result_116_11_fu_478">
<pin_list>
<pin id="479" dir="0" index="0" bw="4" slack="0"/>
<pin id="480" dir="0" index="1" bw="64" slack="0"/>
<pin id="481" dir="0" index="2" bw="7" slack="0"/>
<pin id="482" dir="0" index="3" bw="7" slack="0"/>
<pin id="483" dir="1" index="4" bw="4" slack="0"/>
</pin_list>
<bind>
<opcode="partselect(1002) " fcode="partselect"/>
<opset="p_Result_116_11/1 "/>
</bind>
</comp>

<comp id="488" class="1004" name="p_Result_117_11_fu_488">
<pin_list>
<pin id="489" dir="0" index="0" bw="4" slack="0"/>
<pin id="490" dir="0" index="1" bw="64" slack="0"/>
<pin id="491" dir="0" index="2" bw="7" slack="0"/>
<pin id="492" dir="0" index="3" bw="7" slack="0"/>
<pin id="493" dir="1" index="4" bw="4" slack="0"/>
</pin_list>
<bind>
<opcode="partselect(1002) " fcode="partselect"/>
<opset="p_Result_117_11/1 "/>
</bind>
</comp>

<comp id="498" class="1004" name="icmp_ln895_12_fu_498">
<pin_list>
<pin id="499" dir="0" index="0" bw="4" slack="0"/>
<pin id="500" dir="0" index="1" bw="4" slack="0"/>
<pin id="501" dir="1" index="2" bw="1" slack="0"/>
</pin_list>
<bind>
<opcode="icmp(45) " fcode="icmp"/>
<opset="icmp_ln895_12/1 "/>
</bind>
</comp>

<comp id="504" class="1004" name="select_ln18_22_fu_504">
<pin_list>
<pin id="505" dir="0" index="0" bw="1" slack="0"/>
<pin id="506" dir="0" index="1" bw="4" slack="0"/>
<pin id="507" dir="0" index="2" bw="4" slack="0"/>
<pin id="508" dir="1" index="3" bw="4" slack="0"/>
</pin_list>
<bind>
<opcode="select(49) " fcode="select"/>
<opset="select_ln18_22/1 "/>
</bind>
</comp>

<comp id="512" class="1004" name="p_Result_116_12_fu_512">
<pin_list>
<pin id="513" dir="0" index="0" bw="4" slack="0"/>
<pin id="514" dir="0" index="1" bw="64" slack="0"/>
<pin id="515" dir="0" index="2" bw="7" slack="0"/>
<pin id="516" dir="0" index="3" bw="7" slack="0"/>
<pin id="517" dir="1" index="4" bw="4" slack="0"/>
</pin_list>
<bind>
<opcode="partselect(1002) " fcode="partselect"/>
<opset="p_Result_116_12/1 "/>
</bind>
</comp>

<comp id="522" class="1004" name="p_Result_117_12_fu_522">
<pin_list>
<pin id="523" dir="0" index="0" bw="4" slack="0"/>
<pin id="524" dir="0" index="1" bw="64" slack="0"/>
<pin id="525" dir="0" index="2" bw="7" slack="0"/>
<pin id="526" dir="0" index="3" bw="7" slack="0"/>
<pin id="527" dir="1" index="4" bw="4" slack="0"/>
</pin_list>
<bind>
<opcode="partselect(1002) " fcode="partselect"/>
<opset="p_Result_117_12/1 "/>
</bind>
</comp>

<comp id="532" class="1004" name="icmp_ln895_13_fu_532">
<pin_list>
<pin id="533" dir="0" index="0" bw="4" slack="0"/>
<pin id="534" dir="0" index="1" bw="4" slack="0"/>
<pin id="535" dir="1" index="2" bw="1" slack="0"/>
</pin_list>
<bind>
<opcode="icmp(45) " fcode="icmp"/>
<opset="icmp_ln895_13/1 "/>
</bind>
</comp>

<comp id="538" class="1004" name="select_ln18_23_fu_538">
<pin_list>
<pin id="539" dir="0" index="0" bw="1" slack="0"/>
<pin id="540" dir="0" index="1" bw="4" slack="0"/>
<pin id="541" dir="0" index="2" bw="4" slack="0"/>
<pin id="542" dir="1" index="3" bw="4" slack="0"/>
</pin_list>
<bind>
<opcode="select(49) " fcode="select"/>
<opset="select_ln18_23/1 "/>
</bind>
</comp>

<comp id="546" class="1004" name="p_Result_116_13_fu_546">
<pin_list>
<pin id="547" dir="0" index="0" bw="4" slack="0"/>
<pin id="548" dir="0" index="1" bw="64" slack="0"/>
<pin id="549" dir="0" index="2" bw="7" slack="0"/>
<pin id="550" dir="0" index="3" bw="7" slack="0"/>
<pin id="551" dir="1" index="4" bw="4" slack="0"/>
</pin_list>
<bind>
<opcode="partselect(1002) " fcode="partselect"/>
<opset="p_Result_116_13/1 "/>
</bind>
</comp>

<comp id="556" class="1004" name="p_Result_117_13_fu_556">
<pin_list>
<pin id="557" dir="0" index="0" bw="4" slack="0"/>
<pin id="558" dir="0" index="1" bw="64" slack="0"/>
<pin id="559" dir="0" index="2" bw="7" slack="0"/>
<pin id="560" dir="0" index="3" bw="7" slack="0"/>
<pin id="561" dir="1" index="4" bw="4" slack="0"/>
</pin_list>
<bind>
<opcode="partselect(1002) " fcode="partselect"/>
<opset="p_Result_117_13/1 "/>
</bind>
</comp>

<comp id="566" class="1004" name="icmp_ln895_14_fu_566">
<pin_list>
<pin id="567" dir="0" index="0" bw="4" slack="0"/>
<pin id="568" dir="0" index="1" bw="4" slack="0"/>
<pin id="569" dir="1" index="2" bw="1" slack="0"/>
</pin_list>
<bind>
<opcode="icmp(45) " fcode="icmp"/>
<opset="icmp_ln895_14/1 "/>
</bind>
</comp>

<comp id="572" class="1004" name="select_ln18_24_fu_572">
<pin_list>
<pin id="573" dir="0" index="0" bw="1" slack="0"/>
<pin id="574" dir="0" index="1" bw="4" slack="0"/>
<pin id="575" dir="0" index="2" bw="4" slack="0"/>
<pin id="576" dir="1" index="3" bw="4" slack="0"/>
</pin_list>
<bind>
<opcode="select(49) " fcode="select"/>
<opset="select_ln18_24/1 "/>
</bind>
</comp>

<comp id="580" class="1004" name="p_Result_116_14_fu_580">
<pin_list>
<pin id="581" dir="0" index="0" bw="4" slack="0"/>
<pin id="582" dir="0" index="1" bw="64" slack="0"/>
<pin id="583" dir="0" index="2" bw="7" slack="0"/>
<pin id="584" dir="0" index="3" bw="7" slack="0"/>
<pin id="585" dir="1" index="4" bw="4" slack="0"/>
</pin_list>
<bind>
<opcode="partselect(1002) " fcode="partselect"/>
<opset="p_Result_116_14/1 "/>
</bind>
</comp>

<comp id="590" class="1004" name="p_Result_117_14_fu_590">
<pin_list>
<pin id="591" dir="0" index="0" bw="4" slack="0"/>
<pin id="592" dir="0" index="1" bw="64" slack="0"/>
<pin id="593" dir="0" index="2" bw="7" slack="0"/>
<pin id="594" dir="0" index="3" bw="7" slack="0"/>
<pin id="595" dir="1" index="4" bw="4" slack="0"/>
</pin_list>
<bind>
<opcode="partselect(1002) " fcode="partselect"/>
<opset="p_Result_117_14/1 "/>
</bind>
</comp>

<comp id="600" class="1004" name="icmp_ln895_15_fu_600">
<pin_list>
<pin id="601" dir="0" index="0" bw="4" slack="0"/>
<pin id="602" dir="0" index="1" bw="4" slack="0"/>
<pin id="603" dir="1" index="2" bw="1" slack="0"/>
</pin_list>
<bind>
<opcode="icmp(45) " fcode="icmp"/>
<opset="icmp_ln895_15/1 "/>
</bind>
</comp>

<comp id="606" class="1004" name="select_ln18_25_fu_606">
<pin_list>
<pin id="607" dir="0" index="0" bw="1" slack="0"/>
<pin id="608" dir="0" index="1" bw="4" slack="0"/>
<pin id="609" dir="0" index="2" bw="4" slack="0"/>
<pin id="610" dir="1" index="3" bw="4" slack="0"/>
</pin_list>
<bind>
<opcode="select(49) " fcode="select"/>
<opset="select_ln18_25/1 "/>
</bind>
</comp>

<comp id="614" class="1004" name="agg_result_V_0_s_fu_614">
<pin_list>
<pin id="615" dir="0" index="0" bw="64" slack="0"/>
<pin id="616" dir="0" index="1" bw="4" slack="0"/>
<pin id="617" dir="0" index="2" bw="4" slack="0"/>
<pin id="618" dir="0" index="3" bw="4" slack="0"/>
<pin id="619" dir="0" index="4" bw="4" slack="0"/>
<pin id="620" dir="0" index="5" bw="4" slack="0"/>
<pin id="621" dir="0" index="6" bw="4" slack="0"/>
<pin id="622" dir="0" index="7" bw="4" slack="0"/>
<pin id="623" dir="0" index="8" bw="4" slack="0"/>
<pin id="624" dir="0" index="9" bw="4" slack="0"/>
<pin id="625" dir="0" index="10" bw="4" slack="0"/>
<pin id="626" dir="0" index="11" bw="4" slack="0"/>
<pin id="627" dir="0" index="12" bw="4" slack="0"/>
<pin id="628" dir="0" index="13" bw="4" slack="0"/>
<pin id="629" dir="0" index="14" bw="4" slack="0"/>
<pin id="630" dir="0" index="15" bw="4" slack="0"/>
<pin id="631" dir="0" index="16" bw="4" slack="0"/>
<pin id="632" dir="1" index="17" bw="64" slack="2147483647"/>
</pin_list>
<bind>
<opcode="bitconcatenate(1004) " fcode="bitconcatenate"/>
<opset="agg_result_V_0_s/1 "/>
</bind>
</comp>

</comp_list>

<net_list>
<net id="74"><net_src comp="4" pin="0"/><net_sink comp="70" pin=0"/></net>

<net id="75"><net_src comp="2" pin="0"/><net_sink comp="70" pin=1"/></net>

<net id="80"><net_src comp="4" pin="0"/><net_sink comp="76" pin=0"/></net>

<net id="81"><net_src comp="0" pin="0"/><net_sink comp="76" pin=1"/></net>

<net id="85"><net_src comp="76" pin="2"/><net_sink comp="82" pin=0"/></net>

<net id="89"><net_src comp="70" pin="2"/><net_sink comp="86" pin=0"/></net>

<net id="94"><net_src comp="86" pin="1"/><net_sink comp="90" pin=0"/></net>

<net id="95"><net_src comp="82" pin="1"/><net_sink comp="90" pin=1"/></net>

<net id="101"><net_src comp="90" pin="2"/><net_sink comp="96" pin=0"/></net>

<net id="102"><net_src comp="86" pin="1"/><net_sink comp="96" pin=1"/></net>

<net id="103"><net_src comp="82" pin="1"/><net_sink comp="96" pin=2"/></net>

<net id="110"><net_src comp="6" pin="0"/><net_sink comp="104" pin=0"/></net>

<net id="111"><net_src comp="76" pin="2"/><net_sink comp="104" pin=1"/></net>

<net id="112"><net_src comp="8" pin="0"/><net_sink comp="104" pin=2"/></net>

<net id="113"><net_src comp="10" pin="0"/><net_sink comp="104" pin=3"/></net>

<net id="120"><net_src comp="6" pin="0"/><net_sink comp="114" pin=0"/></net>

<net id="121"><net_src comp="70" pin="2"/><net_sink comp="114" pin=1"/></net>

<net id="122"><net_src comp="8" pin="0"/><net_sink comp="114" pin=2"/></net>

<net id="123"><net_src comp="10" pin="0"/><net_sink comp="114" pin=3"/></net>

<net id="128"><net_src comp="114" pin="4"/><net_sink comp="124" pin=0"/></net>

<net id="129"><net_src comp="104" pin="4"/><net_sink comp="124" pin=1"/></net>

<net id="135"><net_src comp="124" pin="2"/><net_sink comp="130" pin=0"/></net>

<net id="136"><net_src comp="114" pin="4"/><net_sink comp="130" pin=1"/></net>

<net id="137"><net_src comp="104" pin="4"/><net_sink comp="130" pin=2"/></net>

<net id="144"><net_src comp="6" pin="0"/><net_sink comp="138" pin=0"/></net>

<net id="145"><net_src comp="76" pin="2"/><net_sink comp="138" pin=1"/></net>

<net id="146"><net_src comp="12" pin="0"/><net_sink comp="138" pin=2"/></net>

<net id="147"><net_src comp="14" pin="0"/><net_sink comp="138" pin=3"/></net>

<net id="154"><net_src comp="6" pin="0"/><net_sink comp="148" pin=0"/></net>

<net id="155"><net_src comp="70" pin="2"/><net_sink comp="148" pin=1"/></net>

<net id="156"><net_src comp="12" pin="0"/><net_sink comp="148" pin=2"/></net>

<net id="157"><net_src comp="14" pin="0"/><net_sink comp="148" pin=3"/></net>

<net id="162"><net_src comp="148" pin="4"/><net_sink comp="158" pin=0"/></net>

<net id="163"><net_src comp="138" pin="4"/><net_sink comp="158" pin=1"/></net>

<net id="169"><net_src comp="158" pin="2"/><net_sink comp="164" pin=0"/></net>

<net id="170"><net_src comp="148" pin="4"/><net_sink comp="164" pin=1"/></net>

<net id="171"><net_src comp="138" pin="4"/><net_sink comp="164" pin=2"/></net>

<net id="178"><net_src comp="6" pin="0"/><net_sink comp="172" pin=0"/></net>

<net id="179"><net_src comp="76" pin="2"/><net_sink comp="172" pin=1"/></net>

<net id="180"><net_src comp="16" pin="0"/><net_sink comp="172" pin=2"/></net>

<net id="181"><net_src comp="18" pin="0"/><net_sink comp="172" pin=3"/></net>

<net id="188"><net_src comp="6" pin="0"/><net_sink comp="182" pin=0"/></net>

<net id="189"><net_src comp="70" pin="2"/><net_sink comp="182" pin=1"/></net>

<net id="190"><net_src comp="16" pin="0"/><net_sink comp="182" pin=2"/></net>

<net id="191"><net_src comp="18" pin="0"/><net_sink comp="182" pin=3"/></net>

<net id="196"><net_src comp="182" pin="4"/><net_sink comp="192" pin=0"/></net>

<net id="197"><net_src comp="172" pin="4"/><net_sink comp="192" pin=1"/></net>

<net id="203"><net_src comp="192" pin="2"/><net_sink comp="198" pin=0"/></net>

<net id="204"><net_src comp="182" pin="4"/><net_sink comp="198" pin=1"/></net>

<net id="205"><net_src comp="172" pin="4"/><net_sink comp="198" pin=2"/></net>

<net id="212"><net_src comp="6" pin="0"/><net_sink comp="206" pin=0"/></net>

<net id="213"><net_src comp="76" pin="2"/><net_sink comp="206" pin=1"/></net>

<net id="214"><net_src comp="20" pin="0"/><net_sink comp="206" pin=2"/></net>

<net id="215"><net_src comp="22" pin="0"/><net_sink comp="206" pin=3"/></net>

<net id="222"><net_src comp="6" pin="0"/><net_sink comp="216" pin=0"/></net>

<net id="223"><net_src comp="70" pin="2"/><net_sink comp="216" pin=1"/></net>

<net id="224"><net_src comp="20" pin="0"/><net_sink comp="216" pin=2"/></net>

<net id="225"><net_src comp="22" pin="0"/><net_sink comp="216" pin=3"/></net>

<net id="230"><net_src comp="216" pin="4"/><net_sink comp="226" pin=0"/></net>

<net id="231"><net_src comp="206" pin="4"/><net_sink comp="226" pin=1"/></net>

<net id="237"><net_src comp="226" pin="2"/><net_sink comp="232" pin=0"/></net>

<net id="238"><net_src comp="216" pin="4"/><net_sink comp="232" pin=1"/></net>

<net id="239"><net_src comp="206" pin="4"/><net_sink comp="232" pin=2"/></net>

<net id="246"><net_src comp="6" pin="0"/><net_sink comp="240" pin=0"/></net>

<net id="247"><net_src comp="76" pin="2"/><net_sink comp="240" pin=1"/></net>

<net id="248"><net_src comp="24" pin="0"/><net_sink comp="240" pin=2"/></net>

<net id="249"><net_src comp="26" pin="0"/><net_sink comp="240" pin=3"/></net>

<net id="256"><net_src comp="6" pin="0"/><net_sink comp="250" pin=0"/></net>

<net id="257"><net_src comp="70" pin="2"/><net_sink comp="250" pin=1"/></net>

<net id="258"><net_src comp="24" pin="0"/><net_sink comp="250" pin=2"/></net>

<net id="259"><net_src comp="26" pin="0"/><net_sink comp="250" pin=3"/></net>

<net id="264"><net_src comp="250" pin="4"/><net_sink comp="260" pin=0"/></net>

<net id="265"><net_src comp="240" pin="4"/><net_sink comp="260" pin=1"/></net>

<net id="271"><net_src comp="260" pin="2"/><net_sink comp="266" pin=0"/></net>

<net id="272"><net_src comp="250" pin="4"/><net_sink comp="266" pin=1"/></net>

<net id="273"><net_src comp="240" pin="4"/><net_sink comp="266" pin=2"/></net>

<net id="280"><net_src comp="6" pin="0"/><net_sink comp="274" pin=0"/></net>

<net id="281"><net_src comp="76" pin="2"/><net_sink comp="274" pin=1"/></net>

<net id="282"><net_src comp="28" pin="0"/><net_sink comp="274" pin=2"/></net>

<net id="283"><net_src comp="30" pin="0"/><net_sink comp="274" pin=3"/></net>

<net id="290"><net_src comp="6" pin="0"/><net_sink comp="284" pin=0"/></net>

<net id="291"><net_src comp="70" pin="2"/><net_sink comp="284" pin=1"/></net>

<net id="292"><net_src comp="28" pin="0"/><net_sink comp="284" pin=2"/></net>

<net id="293"><net_src comp="30" pin="0"/><net_sink comp="284" pin=3"/></net>

<net id="298"><net_src comp="284" pin="4"/><net_sink comp="294" pin=0"/></net>

<net id="299"><net_src comp="274" pin="4"/><net_sink comp="294" pin=1"/></net>

<net id="305"><net_src comp="294" pin="2"/><net_sink comp="300" pin=0"/></net>

<net id="306"><net_src comp="284" pin="4"/><net_sink comp="300" pin=1"/></net>

<net id="307"><net_src comp="274" pin="4"/><net_sink comp="300" pin=2"/></net>

<net id="314"><net_src comp="6" pin="0"/><net_sink comp="308" pin=0"/></net>

<net id="315"><net_src comp="76" pin="2"/><net_sink comp="308" pin=1"/></net>

<net id="316"><net_src comp="32" pin="0"/><net_sink comp="308" pin=2"/></net>

<net id="317"><net_src comp="34" pin="0"/><net_sink comp="308" pin=3"/></net>

<net id="324"><net_src comp="6" pin="0"/><net_sink comp="318" pin=0"/></net>

<net id="325"><net_src comp="70" pin="2"/><net_sink comp="318" pin=1"/></net>

<net id="326"><net_src comp="32" pin="0"/><net_sink comp="318" pin=2"/></net>

<net id="327"><net_src comp="34" pin="0"/><net_sink comp="318" pin=3"/></net>

<net id="332"><net_src comp="318" pin="4"/><net_sink comp="328" pin=0"/></net>

<net id="333"><net_src comp="308" pin="4"/><net_sink comp="328" pin=1"/></net>

<net id="339"><net_src comp="328" pin="2"/><net_sink comp="334" pin=0"/></net>

<net id="340"><net_src comp="318" pin="4"/><net_sink comp="334" pin=1"/></net>

<net id="341"><net_src comp="308" pin="4"/><net_sink comp="334" pin=2"/></net>

<net id="348"><net_src comp="6" pin="0"/><net_sink comp="342" pin=0"/></net>

<net id="349"><net_src comp="76" pin="2"/><net_sink comp="342" pin=1"/></net>

<net id="350"><net_src comp="36" pin="0"/><net_sink comp="342" pin=2"/></net>

<net id="351"><net_src comp="38" pin="0"/><net_sink comp="342" pin=3"/></net>

<net id="358"><net_src comp="6" pin="0"/><net_sink comp="352" pin=0"/></net>

<net id="359"><net_src comp="70" pin="2"/><net_sink comp="352" pin=1"/></net>

<net id="360"><net_src comp="36" pin="0"/><net_sink comp="352" pin=2"/></net>

<net id="361"><net_src comp="38" pin="0"/><net_sink comp="352" pin=3"/></net>

<net id="366"><net_src comp="352" pin="4"/><net_sink comp="362" pin=0"/></net>

<net id="367"><net_src comp="342" pin="4"/><net_sink comp="362" pin=1"/></net>

<net id="373"><net_src comp="362" pin="2"/><net_sink comp="368" pin=0"/></net>

<net id="374"><net_src comp="352" pin="4"/><net_sink comp="368" pin=1"/></net>

<net id="375"><net_src comp="342" pin="4"/><net_sink comp="368" pin=2"/></net>

<net id="382"><net_src comp="6" pin="0"/><net_sink comp="376" pin=0"/></net>

<net id="383"><net_src comp="76" pin="2"/><net_sink comp="376" pin=1"/></net>

<net id="384"><net_src comp="40" pin="0"/><net_sink comp="376" pin=2"/></net>

<net id="385"><net_src comp="42" pin="0"/><net_sink comp="376" pin=3"/></net>

<net id="392"><net_src comp="6" pin="0"/><net_sink comp="386" pin=0"/></net>

<net id="393"><net_src comp="70" pin="2"/><net_sink comp="386" pin=1"/></net>

<net id="394"><net_src comp="40" pin="0"/><net_sink comp="386" pin=2"/></net>

<net id="395"><net_src comp="42" pin="0"/><net_sink comp="386" pin=3"/></net>

<net id="400"><net_src comp="386" pin="4"/><net_sink comp="396" pin=0"/></net>

<net id="401"><net_src comp="376" pin="4"/><net_sink comp="396" pin=1"/></net>

<net id="407"><net_src comp="396" pin="2"/><net_sink comp="402" pin=0"/></net>

<net id="408"><net_src comp="386" pin="4"/><net_sink comp="402" pin=1"/></net>

<net id="409"><net_src comp="376" pin="4"/><net_sink comp="402" pin=2"/></net>

<net id="416"><net_src comp="6" pin="0"/><net_sink comp="410" pin=0"/></net>

<net id="417"><net_src comp="76" pin="2"/><net_sink comp="410" pin=1"/></net>

<net id="418"><net_src comp="44" pin="0"/><net_sink comp="410" pin=2"/></net>

<net id="419"><net_src comp="46" pin="0"/><net_sink comp="410" pin=3"/></net>

<net id="426"><net_src comp="6" pin="0"/><net_sink comp="420" pin=0"/></net>

<net id="427"><net_src comp="70" pin="2"/><net_sink comp="420" pin=1"/></net>

<net id="428"><net_src comp="44" pin="0"/><net_sink comp="420" pin=2"/></net>

<net id="429"><net_src comp="46" pin="0"/><net_sink comp="420" pin=3"/></net>

<net id="434"><net_src comp="420" pin="4"/><net_sink comp="430" pin=0"/></net>

<net id="435"><net_src comp="410" pin="4"/><net_sink comp="430" pin=1"/></net>

<net id="441"><net_src comp="430" pin="2"/><net_sink comp="436" pin=0"/></net>

<net id="442"><net_src comp="420" pin="4"/><net_sink comp="436" pin=1"/></net>

<net id="443"><net_src comp="410" pin="4"/><net_sink comp="436" pin=2"/></net>

<net id="450"><net_src comp="6" pin="0"/><net_sink comp="444" pin=0"/></net>

<net id="451"><net_src comp="76" pin="2"/><net_sink comp="444" pin=1"/></net>

<net id="452"><net_src comp="48" pin="0"/><net_sink comp="444" pin=2"/></net>

<net id="453"><net_src comp="50" pin="0"/><net_sink comp="444" pin=3"/></net>

<net id="460"><net_src comp="6" pin="0"/><net_sink comp="454" pin=0"/></net>

<net id="461"><net_src comp="70" pin="2"/><net_sink comp="454" pin=1"/></net>

<net id="462"><net_src comp="48" pin="0"/><net_sink comp="454" pin=2"/></net>

<net id="463"><net_src comp="50" pin="0"/><net_sink comp="454" pin=3"/></net>

<net id="468"><net_src comp="454" pin="4"/><net_sink comp="464" pin=0"/></net>

<net id="469"><net_src comp="444" pin="4"/><net_sink comp="464" pin=1"/></net>

<net id="475"><net_src comp="464" pin="2"/><net_sink comp="470" pin=0"/></net>

<net id="476"><net_src comp="454" pin="4"/><net_sink comp="470" pin=1"/></net>

<net id="477"><net_src comp="444" pin="4"/><net_sink comp="470" pin=2"/></net>

<net id="484"><net_src comp="6" pin="0"/><net_sink comp="478" pin=0"/></net>

<net id="485"><net_src comp="76" pin="2"/><net_sink comp="478" pin=1"/></net>

<net id="486"><net_src comp="52" pin="0"/><net_sink comp="478" pin=2"/></net>

<net id="487"><net_src comp="54" pin="0"/><net_sink comp="478" pin=3"/></net>

<net id="494"><net_src comp="6" pin="0"/><net_sink comp="488" pin=0"/></net>

<net id="495"><net_src comp="70" pin="2"/><net_sink comp="488" pin=1"/></net>

<net id="496"><net_src comp="52" pin="0"/><net_sink comp="488" pin=2"/></net>

<net id="497"><net_src comp="54" pin="0"/><net_sink comp="488" pin=3"/></net>

<net id="502"><net_src comp="488" pin="4"/><net_sink comp="498" pin=0"/></net>

<net id="503"><net_src comp="478" pin="4"/><net_sink comp="498" pin=1"/></net>

<net id="509"><net_src comp="498" pin="2"/><net_sink comp="504" pin=0"/></net>

<net id="510"><net_src comp="488" pin="4"/><net_sink comp="504" pin=1"/></net>

<net id="511"><net_src comp="478" pin="4"/><net_sink comp="504" pin=2"/></net>

<net id="518"><net_src comp="6" pin="0"/><net_sink comp="512" pin=0"/></net>

<net id="519"><net_src comp="76" pin="2"/><net_sink comp="512" pin=1"/></net>

<net id="520"><net_src comp="56" pin="0"/><net_sink comp="512" pin=2"/></net>

<net id="521"><net_src comp="58" pin="0"/><net_sink comp="512" pin=3"/></net>

<net id="528"><net_src comp="6" pin="0"/><net_sink comp="522" pin=0"/></net>

<net id="529"><net_src comp="70" pin="2"/><net_sink comp="522" pin=1"/></net>

<net id="530"><net_src comp="56" pin="0"/><net_sink comp="522" pin=2"/></net>

<net id="531"><net_src comp="58" pin="0"/><net_sink comp="522" pin=3"/></net>

<net id="536"><net_src comp="522" pin="4"/><net_sink comp="532" pin=0"/></net>

<net id="537"><net_src comp="512" pin="4"/><net_sink comp="532" pin=1"/></net>

<net id="543"><net_src comp="532" pin="2"/><net_sink comp="538" pin=0"/></net>

<net id="544"><net_src comp="522" pin="4"/><net_sink comp="538" pin=1"/></net>

<net id="545"><net_src comp="512" pin="4"/><net_sink comp="538" pin=2"/></net>

<net id="552"><net_src comp="6" pin="0"/><net_sink comp="546" pin=0"/></net>

<net id="553"><net_src comp="76" pin="2"/><net_sink comp="546" pin=1"/></net>

<net id="554"><net_src comp="60" pin="0"/><net_sink comp="546" pin=2"/></net>

<net id="555"><net_src comp="62" pin="0"/><net_sink comp="546" pin=3"/></net>

<net id="562"><net_src comp="6" pin="0"/><net_sink comp="556" pin=0"/></net>

<net id="563"><net_src comp="70" pin="2"/><net_sink comp="556" pin=1"/></net>

<net id="564"><net_src comp="60" pin="0"/><net_sink comp="556" pin=2"/></net>

<net id="565"><net_src comp="62" pin="0"/><net_sink comp="556" pin=3"/></net>

<net id="570"><net_src comp="556" pin="4"/><net_sink comp="566" pin=0"/></net>

<net id="571"><net_src comp="546" pin="4"/><net_sink comp="566" pin=1"/></net>

<net id="577"><net_src comp="566" pin="2"/><net_sink comp="572" pin=0"/></net>

<net id="578"><net_src comp="556" pin="4"/><net_sink comp="572" pin=1"/></net>

<net id="579"><net_src comp="546" pin="4"/><net_sink comp="572" pin=2"/></net>

<net id="586"><net_src comp="6" pin="0"/><net_sink comp="580" pin=0"/></net>

<net id="587"><net_src comp="76" pin="2"/><net_sink comp="580" pin=1"/></net>

<net id="588"><net_src comp="64" pin="0"/><net_sink comp="580" pin=2"/></net>

<net id="589"><net_src comp="66" pin="0"/><net_sink comp="580" pin=3"/></net>

<net id="596"><net_src comp="6" pin="0"/><net_sink comp="590" pin=0"/></net>

<net id="597"><net_src comp="70" pin="2"/><net_sink comp="590" pin=1"/></net>

<net id="598"><net_src comp="64" pin="0"/><net_sink comp="590" pin=2"/></net>

<net id="599"><net_src comp="66" pin="0"/><net_sink comp="590" pin=3"/></net>

<net id="604"><net_src comp="590" pin="4"/><net_sink comp="600" pin=0"/></net>

<net id="605"><net_src comp="580" pin="4"/><net_sink comp="600" pin=1"/></net>

<net id="611"><net_src comp="600" pin="2"/><net_sink comp="606" pin=0"/></net>

<net id="612"><net_src comp="590" pin="4"/><net_sink comp="606" pin=1"/></net>

<net id="613"><net_src comp="580" pin="4"/><net_sink comp="606" pin=2"/></net>

<net id="633"><net_src comp="68" pin="0"/><net_sink comp="614" pin=0"/></net>

<net id="634"><net_src comp="606" pin="3"/><net_sink comp="614" pin=1"/></net>

<net id="635"><net_src comp="572" pin="3"/><net_sink comp="614" pin=2"/></net>

<net id="636"><net_src comp="538" pin="3"/><net_sink comp="614" pin=3"/></net>

<net id="637"><net_src comp="504" pin="3"/><net_sink comp="614" pin=4"/></net>

<net id="638"><net_src comp="470" pin="3"/><net_sink comp="614" pin=5"/></net>

<net id="639"><net_src comp="436" pin="3"/><net_sink comp="614" pin=6"/></net>

<net id="640"><net_src comp="402" pin="3"/><net_sink comp="614" pin=7"/></net>

<net id="641"><net_src comp="368" pin="3"/><net_sink comp="614" pin=8"/></net>

<net id="642"><net_src comp="334" pin="3"/><net_sink comp="614" pin=9"/></net>

<net id="643"><net_src comp="300" pin="3"/><net_sink comp="614" pin=10"/></net>

<net id="644"><net_src comp="266" pin="3"/><net_sink comp="614" pin=11"/></net>

<net id="645"><net_src comp="232" pin="3"/><net_sink comp="614" pin=12"/></net>

<net id="646"><net_src comp="198" pin="3"/><net_sink comp="614" pin=13"/></net>

<net id="647"><net_src comp="164" pin="3"/><net_sink comp="614" pin=14"/></net>

<net id="648"><net_src comp="130" pin="3"/><net_sink comp="614" pin=15"/></net>

<net id="649"><net_src comp="96" pin="3"/><net_sink comp="614" pin=16"/></net>

</net_list>

</model> 
---------------- Datapath Model END ------------------

* FSMD analyzer results:
  - Output states:
 - Input state : 
	Port: max2_PE<4u, 16u> : data0_V | {1 }
	Port: max2_PE<4u, 16u> : data1_V | {1 }
  - Chain level:
	State 1
		icmp_ln895 : 1
		select_ln18 : 2
		icmp_ln895_1 : 1
		select_ln18_11 : 2
		icmp_ln895_2 : 1
		select_ln18_12 : 2
		icmp_ln895_3 : 1
		select_ln18_13 : 2
		icmp_ln895_4 : 1
		select_ln18_14 : 2
		icmp_ln895_5 : 1
		select_ln18_15 : 2
		icmp_ln895_6 : 1
		select_ln18_16 : 2
		icmp_ln895_7 : 1
		select_ln18_17 : 2
		icmp_ln895_8 : 1
		select_ln18_18 : 2
		icmp_ln895_9 : 1
		select_ln18_19 : 2
		icmp_ln895_10 : 1
		select_ln18_20 : 2
		icmp_ln895_11 : 1
		select_ln18_21 : 2
		icmp_ln895_12 : 1
		select_ln18_22 : 2
		icmp_ln895_13 : 1
		select_ln18_23 : 2
		icmp_ln895_14 : 1
		select_ln18_24 : 2
		icmp_ln895_15 : 1
		select_ln18_25 : 2
		agg_result_V_0_s : 3
		ret_ln21 : 4


============================================================
+ Verbose Summary: Datapath Resource usage 
============================================================

* Functional unit list:
|----------|-------------------------|---------|---------|
| Operation|     Functional Unit     |    FF   |   LUT   |
|----------|-------------------------|---------|---------|
|          |     icmp_ln895_fu_90    |    0    |    9    |
|          |   icmp_ln895_1_fu_124   |    0    |    9    |
|          |   icmp_ln895_2_fu_158   |    0    |    9    |
|          |   icmp_ln895_3_fu_192   |    0    |    9    |
|          |   icmp_ln895_4_fu_226   |    0    |    9    |
|          |   icmp_ln895_5_fu_260   |    0    |    9    |
|          |   icmp_ln895_6_fu_294   |    0    |    9    |
|   icmp   |   icmp_ln895_7_fu_328   |    0    |    9    |
|          |   icmp_ln895_8_fu_362   |    0    |    9    |
|          |   icmp_ln895_9_fu_396   |    0    |    9    |
|          |   icmp_ln895_10_fu_430  |    0    |    9    |
|          |   icmp_ln895_11_fu_464  |    0    |    9    |
|          |   icmp_ln895_12_fu_498  |    0    |    9    |
|          |   icmp_ln895_13_fu_532  |    0    |    9    |
|          |   icmp_ln895_14_fu_566  |    0    |    9    |
|          |   icmp_ln895_15_fu_600  |    0    |    9    |
|----------|-------------------------|---------|---------|
|          |    select_ln18_fu_96    |    0    |    4    |
|          |  select_ln18_11_fu_130  |    0    |    4    |
|          |  select_ln18_12_fu_164  |    0    |    4    |
|          |  select_ln18_13_fu_198  |    0    |    4    |
|          |  select_ln18_14_fu_232  |    0    |    4    |
|          |  select_ln18_15_fu_266  |    0    |    4    |
|          |  select_ln18_16_fu_300  |    0    |    4    |
|  select  |  select_ln18_17_fu_334  |    0    |    4    |
|          |  select_ln18_18_fu_368  |    0    |    4    |
|          |  select_ln18_19_fu_402  |    0    |    4    |
|          |  select_ln18_20_fu_436  |    0    |    4    |
|          |  select_ln18_21_fu_470  |    0    |    4    |
|          |  select_ln18_22_fu_504  |    0    |    4    |
|          |  select_ln18_23_fu_538  |    0    |    4    |
|          |  select_ln18_24_fu_572  |    0    |    4    |
|          |  select_ln18_25_fu_606  |    0    |    4    |
|----------|-------------------------|---------|---------|
|   read   | data1_V_read_read_fu_70 |    0    |    0    |
|          | data0_V_read_read_fu_76 |    0    |    0    |
|----------|-------------------------|---------|---------|
|   trunc  |    trunc_ln647_fu_82    |    0    |    0    |
|          |   trunc_ln647_12_fu_86  |    0    |    0    |
|----------|-------------------------|---------|---------|
|          |  p_Result_116_1_fu_104  |    0    |    0    |
|          |  p_Result_117_1_fu_114  |    0    |    0    |
|          |  p_Result_116_2_fu_138  |    0    |    0    |
|          |  p_Result_117_2_fu_148  |    0    |    0    |
|          |  p_Result_116_3_fu_172  |    0    |    0    |
|          |  p_Result_117_3_fu_182  |    0    |    0    |
|          |  p_Result_116_4_fu_206  |    0    |    0    |
|          |  p_Result_117_4_fu_216  |    0    |    0    |
|          |  p_Result_116_5_fu_240  |    0    |    0    |
|          |  p_Result_117_5_fu_250  |    0    |    0    |
|          |  p_Result_116_6_fu_274  |    0    |    0    |
|          |  p_Result_117_6_fu_284  |    0    |    0    |
|          |  p_Result_116_7_fu_308  |    0    |    0    |
|          |  p_Result_117_7_fu_318  |    0    |    0    |
|partselect|  p_Result_116_8_fu_342  |    0    |    0    |
|          |  p_Result_117_8_fu_352  |    0    |    0    |
|          |  p_Result_116_9_fu_376  |    0    |    0    |
|          |  p_Result_117_9_fu_386  |    0    |    0    |
|          |  p_Result_116_s_fu_410  |    0    |    0    |
|          |  p_Result_117_s_fu_420  |    0    |    0    |
|          |  p_Result_116_10_fu_444 |    0    |    0    |
|          |  p_Result_117_10_fu_454 |    0    |    0    |
|          |  p_Result_116_11_fu_478 |    0    |    0    |
|          |  p_Result_117_11_fu_488 |    0    |    0    |
|          |  p_Result_116_12_fu_512 |    0    |    0    |
|          |  p_Result_117_12_fu_522 |    0    |    0    |
|          |  p_Result_116_13_fu_546 |    0    |    0    |
|          |  p_Result_117_13_fu_556 |    0    |    0    |
|          |  p_Result_116_14_fu_580 |    0    |    0    |
|          |  p_Result_117_14_fu_590 |    0    |    0    |
|----------|-------------------------|---------|---------|
|bitconcatenate| agg_result_V_0_s_fu_614 |    0    |    0    |
|----------|-------------------------|---------|---------|
|   Total  |                         |    0    |   208   |
|----------|-------------------------|---------|---------|

Memories:
N/A

* Register list:
N/A

* Multiplexer (MUX) list: 
|--------|------|------|------|--------|
|  Comp  |  Pin | Size |  BW  | S x BW |
|--------|------|------|------|--------|
|  Total |      |      |      |    0   |
|--------|------|------|------|--------|



* Summary:
+-----------+--------+--------+
|           |   FF   |   LUT  |
+-----------+--------+--------+
|  Function |    0   |   208  |
|   Memory  |    -   |    -   |
|Multiplexer|    -   |    -   |
|  Register |    -   |    -   |
+-----------+--------+--------+
|   Total   |    0   |   208  |
+-----------+--------+--------+
