

================================================================
== Vivado HLS Report for 'max_pool2x2_1'
================================================================
* Date:           Tue May 10 21:15:13 2022

* Version:        2019.2 (Build 2704478 on Wed Nov 06 22:10:23 MST 2019)
* Project:        ultra_core
* Solution:       ultracore_125
* Product family: zynquplus
* Target device:  xczu3eg-sbva484-1-e


================================================================
== Performance Estimates
================================================================
+ Timing: 
    * Summary: 
    +--------+---------+----------+------------+
    |  Clock |  Target | Estimated| Uncertainty|
    +--------+---------+----------+------------+
    |ap_clk  | 4.00 ns | 3.500 ns |   0.50 ns  |
    +--------+---------+----------+------------+

+ Latency: 
    * Summary: 
    +---------+---------+----------+----------+-----+-----+---------+
    |  Latency (cycles) |  Latency (absolute) |  Interval | Pipeline|
    |   min   |   max   |    min   |    max   | min | max |   Type  |
    +---------+---------+----------+----------+-----+-----+---------+
    |        ?|        ?|         ?|         ?|    ?|    ?|   none  |
    +---------+---------+----------+----------+-----+-----+---------+

    + Detail: 
        * Instance: 
        N/A

        * Loop: 
        +----------+---------+---------+----------+-----------+-----------+------+----------+
        |          |  Latency (cycles) | Iteration|  Initiation Interval  | Trip |          |
        | Loop Name|   min   |   max   |  Latency |  achieved |   target  | Count| Pipelined|
        +----------+---------+---------+----------+-----------+-----------+------+----------+
        |- Loop 1  |        ?|        ?|         4|          1|          1|     ?|    yes   |
        +----------+---------+---------+----------+-----------+-----------+------+----------+

============================================================
+ Verbose Summary: Synthesis Manager
============================================================
InlineROM: 1
ExposeGlobal: 0
============================================================
+ Verbose Summary: CDFG Model
============================================================
IsTopModel: 0
ResetActiveHigh: 1
IsCombinational: 2
IsDatapathOnly: 0
HasWiredReturn: 1
HasMFsm: 0
HasVarLatency: 1
IsPipeline: 0
IsRtlPipelined: 0
IsInstanceOverlapped: 0
IsDontTouch: 0
HasImplIP: 0
IsGatedGlobalClock: 0

+ Individual pipeline summary: 
  * Pipeline-0: initiation interval (II) = 1, depth = 4


============================================================
+ Verbose Summary: Schedule
============================================================
* Number of FSM states : 7
* Pipeline : 1
  Pipeline-0 : II = 1, D = 4, States = { 3 4 5 6 }
* Dataflow Pipeline: 0

* FSM state transitions: 
1 --> 2 
2 --> 3 
3 --> 7 4 
4 --> 5 
5 --> 6 
6 --> 3 
7 --> 

* FSM state operations: 

State 1 <SV = 0> <Delay = 3.50>
ST_1 : Operation 8 [1/1] (0.00ns)   --->   "%p_Repl2_s = alloca i32"   --->   Operation 8 'alloca' 'p_Repl2_s' <Predicate = true> <Delay = 0.00>
ST_1 : Operation 9 [1/1] (0.00ns)   --->   "%p_Repl2_13 = alloca i32"   --->   Operation 9 'alloca' 'p_Repl2_13' <Predicate = true> <Delay = 0.00>
ST_1 : Operation 10 [1/1] (0.00ns)   --->   "%row_store_V = alloca [320 x i32], align 4" [./src/pool_reord.hpp:30->./src/ultranet.cpp:90]   --->   Operation 10 'alloca' 'row_store_V' <Predicate = true> <Delay = 0.00> <Core = "RAM">   --->   Core 37 'RAM' <Latency = 1> <II = 1> <Delay = 1.35> <Storage> <Opcode : 'load' 'store'> <Ports = 2> <Width = 32> <Depth = 320> <RAM>
ST_1 : Operation 11 [1/1] (1.75ns)   --->   "%reps_read = call i32 @_ssdm_op_Read.ap_fifo.i32P(i32* %reps)" [./src/pool_reord.hpp:28]   --->   Operation 11 'read' 'reps_read' <Predicate = true> <Delay = 1.75> <Core = "FIFO">   --->   Core 32 'FIFO' <Latency = 0> <II = 1> <Delay = 2.16> <Storage> <Opcode : 'read' 'write' 'nbread' 'nbwrite'> <Ports = 0> <Width = 32> <Depth = 2> <FIFO>
ST_1 : Operation 12 [1/1] (1.75ns)   --->   "call void @_ssdm_op_Write.ap_fifo.i32P(i32* %reps_out, i32 %reps_read)" [./src/ultranet.cpp:90]   --->   Operation 12 'write' <Predicate = true> <Delay = 1.75> <Core = "FIFO">   --->   Core 32 'FIFO' <Latency = 0> <II = 1> <Delay = 2.16> <Storage> <Opcode : 'read' 'write' 'nbread' 'nbwrite'> <Ports = 0> <Width = 32> <Depth = 2> <FIFO>

State 2 <SV = 1> <Delay = 2.43>
ST_2 : Operation 13 [1/1] (0.00ns)   --->   "call void (...)* @_ssdm_op_SpecInterface(i64* %out_V_V, [8 x i8]* @ap_fifo_str, i32 0, i32 0, [1 x i8]* @p_str, i32 0, i32 0, [1 x i8]* @p_str, [1 x i8]* @p_str, [1 x i8]* @p_str, i32 2, i32 2, i32 16, i32 16, [1 x i8]* @p_str, [1 x i8]* @p_str)"   --->   Operation 13 'specinterface' <Predicate = true> <Delay = 0.00>
ST_2 : Operation 14 [1/1] (0.00ns)   --->   "call void (...)* @_ssdm_op_SpecInterface(i64* %vec_V_V, [8 x i8]* @ap_fifo_str, i32 0, i32 0, [1 x i8]* @p_str, i32 0, i32 0, [1 x i8]* @p_str, [1 x i8]* @p_str, [1 x i8]* @p_str, i32 2, i32 2, i32 16, i32 16, [1 x i8]* @p_str, [1 x i8]* @p_str)"   --->   Operation 14 'specinterface' <Predicate = true> <Delay = 0.00>
ST_2 : Operation 15 [1/1] (0.00ns)   --->   "call void (...)* @_ssdm_op_SpecInterface(i32* %reps, [8 x i8]* @ap_fifo_str, i32 0, i32 0, [1 x i8]* @p_str, i32 0, i32 0, [1 x i8]* @p_str, [1 x i8]* @p_str, [1 x i8]* @p_str, i32 2, i32 2, i32 16, i32 16, [1 x i8]* @p_str, [11 x i8]* @ScalarProp_str)"   --->   Operation 15 'specinterface' <Predicate = true> <Delay = 0.00>
ST_2 : Operation 16 [1/1] (0.00ns)   --->   "call void (...)* @_ssdm_op_SpecInterface(i32* %reps_out, [8 x i8]* @ap_fifo_str, i32 0, i32 0, [1 x i8]* @p_str, i32 0, i32 0, [1 x i8]* @p_str, [1 x i8]* @p_str, [1 x i8]* @p_str, i32 2, i32 2, i32 16, i32 16, [1 x i8]* @p_str, [11 x i8]* @ScalarProp_str)"   --->   Operation 16 'specinterface' <Predicate = true> <Delay = 0.00>
ST_2 : Operation 17 [1/1] (0.00ns) (grouped into LUT with out node add_ln35)   --->   "%shl_ln35 = shl i32 %reps_read, 5" [./src/pool_reord.hpp:35->./src/ultranet.cpp:90]   --->   Operation 17 'shl' 'shl_ln35' <Predicate = true> <Delay = 0.00>
ST_2 : Operation 18 [1/1] (0.00ns) (grouped into LUT with out node add_ln35)   --->   "%shl_ln35_3 = shl i32 %reps_read, 3" [./src/pool_reord.hpp:35->./src/ultranet.cpp:90]   --->   Operation 18 'shl' 'shl_ln35_3' <Predicate = true> <Delay = 0.00>
ST_2 : Operation 19 [1/1] (1.20ns) (out node of the LUT)   --->   "%add_ln35 = add i32 %shl_ln35_3, %shl_ln35" [./src/pool_reord.hpp:35->./src/ultranet.cpp:90]   --->   Operation 19 'add' 'add_ln35' <Predicate = true> <Delay = 1.20> <Core = "AddSub">   --->   Core 14 'AddSub' <Latency = 0> <II = 1> <Delay = 1.23> <FuncUnit> <Opcode : 'add' 'sub'> <InPorts = 2> <OutPorts = 1>
ST_2 : Operation 20 [1/1] (0.00ns)   --->   "%tmp_s = call i40 @_ssdm_op_BitConcatenate.i40.i32.i8(i32 %add_ln35, i8 0)" [./src/pool_reord.hpp:35->./src/ultranet.cpp:90]   --->   Operation 20 'bitconcatenate' 'tmp_s' <Predicate = true> <Delay = 0.00>
ST_2 : Operation 21 [1/1] (0.00ns)   --->   "%p_shl = zext i40 %tmp_s to i41" [./src/pool_reord.hpp:35->./src/ultranet.cpp:90]   --->   Operation 21 'zext' 'p_shl' <Predicate = true> <Delay = 0.00>
ST_2 : Operation 22 [1/1] (0.00ns)   --->   "%tmp_59 = call i38 @_ssdm_op_BitConcatenate.i38.i32.i6(i32 %add_ln35, i6 0)" [./src/pool_reord.hpp:35->./src/ultranet.cpp:90]   --->   Operation 22 'bitconcatenate' 'tmp_59' <Predicate = true> <Delay = 0.00>
ST_2 : Operation 23 [1/1] (0.00ns)   --->   "%p_shl22 = zext i38 %tmp_59 to i41" [./src/pool_reord.hpp:35->./src/ultranet.cpp:90]   --->   Operation 23 'zext' 'p_shl22' <Predicate = true> <Delay = 0.00>
ST_2 : Operation 24 [1/1] (1.23ns)   --->   "%bound4 = add i41 %p_shl22, %p_shl" [./src/pool_reord.hpp:35->./src/ultranet.cpp:90]   --->   Operation 24 'add' 'bound4' <Predicate = true> <Delay = 1.23> <Core = "AddSub">   --->   Core 14 'AddSub' <Latency = 0> <II = 1> <Delay = 1.23> <FuncUnit> <Opcode : 'add' 'sub'> <InPorts = 2> <OutPorts = 1>
ST_2 : Operation 25 [1/1] (0.75ns)   --->   "br label %.preheader.i" [./src/pool_reord.hpp:35->./src/ultranet.cpp:90]   --->   Operation 25 'br' <Predicate = true> <Delay = 0.75>

State 3 <SV = 2> <Delay = 2.62>
ST_3 : Operation 26 [1/1] (0.00ns)   --->   "%indvar_flatten17 = phi i41 [ 0, %entry ], [ %add_ln35_5, %hls_label_40_end ]" [./src/pool_reord.hpp:35->./src/ultranet.cpp:90]   --->   Operation 26 'phi' 'indvar_flatten17' <Predicate = true> <Delay = 0.00>
ST_3 : Operation 27 [1/1] (0.00ns)   --->   "%h_0_i = phi i32 [ 0, %entry ], [ %select_ln35_3, %hls_label_40_end ]" [./src/pool_reord.hpp:35->./src/ultranet.cpp:90]   --->   Operation 27 'phi' 'h_0_i' <Predicate = true> <Delay = 0.00>
ST_3 : Operation 28 [1/1] (0.00ns)   --->   "%indvar_flatten = phi i10 [ 0, %entry ], [ %select_ln36_4, %hls_label_40_end ]" [./src/pool_reord.hpp:36->./src/ultranet.cpp:90]   --->   Operation 28 'phi' 'indvar_flatten' <Predicate = true> <Delay = 0.00>
ST_3 : Operation 29 [1/1] (0.00ns)   --->   "%peIdx_0_i = phi i4 [ 0, %entry ], [ %select_ln36_3, %hls_label_40_end ]" [./src/pool_reord.hpp:36->./src/ultranet.cpp:90]   --->   Operation 29 'phi' 'peIdx_0_i' <Predicate = true> <Delay = 0.00>
ST_3 : Operation 30 [1/1] (0.00ns)   --->   "%w_0_i = phi i6 [ 0, %entry ], [ %w, %hls_label_40_end ]"   --->   Operation 30 'phi' 'w_0_i' <Predicate = true> <Delay = 0.00>
ST_3 : Operation 31 [1/1] (1.28ns)   --->   "%icmp_ln35 = icmp eq i41 %indvar_flatten17, %bound4" [./src/pool_reord.hpp:35->./src/ultranet.cpp:90]   --->   Operation 31 'icmp' 'icmp_ln35' <Predicate = true> <Delay = 1.28> <Core = "Cmp">   --->   Core 25 'Cmp' <Latency = 0> <II = 1> <Delay = 0.88> <FuncUnit> <Opcode : 'icmp'> <InPorts = 2> <OutPorts = 1>
ST_3 : Operation 32 [1/1] (1.23ns)   --->   "%add_ln35_5 = add i41 %indvar_flatten17, 1" [./src/pool_reord.hpp:35->./src/ultranet.cpp:90]   --->   Operation 32 'add' 'add_ln35_5' <Predicate = true> <Delay = 1.23> <Core = "AddSub">   --->   Core 14 'AddSub' <Latency = 0> <II = 1> <Delay = 1.23> <FuncUnit> <Opcode : 'add' 'sub'> <InPorts = 2> <OutPorts = 1>
ST_3 : Operation 33 [1/1] (0.00ns)   --->   "br i1 %icmp_ln35, label %.exit, label %hls_label_40_begin" [./src/pool_reord.hpp:35->./src/ultranet.cpp:90]   --->   Operation 33 'br' <Predicate = true> <Delay = 0.00>
ST_3 : Operation 34 [1/1] (1.20ns)   --->   "%h = add i32 1, %h_0_i" [./src/pool_reord.hpp:35->./src/ultranet.cpp:90]   --->   Operation 34 'add' 'h' <Predicate = (!icmp_ln35)> <Delay = 1.20> <Core = "AddSub">   --->   Core 14 'AddSub' <Latency = 0> <II = 1> <Delay = 1.23> <FuncUnit> <Opcode : 'add' 'sub'> <InPorts = 2> <OutPorts = 1>
ST_3 : Operation 35 [1/1] (0.85ns)   --->   "%icmp_ln36 = icmp eq i10 %indvar_flatten, 320" [./src/pool_reord.hpp:36->./src/ultranet.cpp:90]   --->   Operation 35 'icmp' 'icmp_ln36' <Predicate = (!icmp_ln35)> <Delay = 0.85> <Core = "Cmp">   --->   Core 25 'Cmp' <Latency = 0> <II = 1> <Delay = 0.88> <FuncUnit> <Opcode : 'icmp'> <InPorts = 2> <OutPorts = 1>
ST_3 : Operation 36 [1/1] (0.45ns)   --->   "%select_ln35 = select i1 %icmp_ln36, i4 0, i4 %peIdx_0_i" [./src/pool_reord.hpp:35->./src/ultranet.cpp:90]   --->   Operation 36 'select' 'select_ln35' <Predicate = (!icmp_ln35)> <Delay = 0.45> <Core = "Sel">   --->   Core 26 'Sel' <Latency = 0> <II = 1> <Delay = 0.47> <FuncUnit> <Opcode : 'select'> <InPorts = 3> <OutPorts = 1>
ST_3 : Operation 37 [1/1] (0.52ns)   --->   "%select_ln35_3 = select i1 %icmp_ln36, i32 %h, i32 %h_0_i" [./src/pool_reord.hpp:35->./src/ultranet.cpp:90]   --->   Operation 37 'select' 'select_ln35_3' <Predicate = (!icmp_ln35)> <Delay = 0.52> <Core = "Sel">   --->   Core 26 'Sel' <Latency = 0> <II = 1> <Delay = 0.47> <FuncUnit> <Opcode : 'select'> <InPorts = 3> <OutPorts = 1>
ST_3 : Operation 38 [1/1] (0.00ns)   --->   "%trunc_ln35 = trunc i32 %select_ln35_3 to i1" [./src/pool_reord.hpp:35->./src/ultranet.cpp:90]   --->   Operation 38 'trunc' 'trunc_ln35' <Predicate = (!icmp_ln35)> <Delay = 0.00>
ST_3 : Operation 39 [1/1] (0.00ns) (grouped into LUT with out node and_ln35)   --->   "%xor_ln35 = xor i1 %icmp_ln36, true" [./src/pool_reord.hpp:35->./src/ultranet.cpp:90]   --->   Operation 39 'xor' 'xor_ln35' <Predicate = (!icmp_ln35)> <Delay = 0.00> <Core = "LogicGate">   --->   Core 27 'LogicGate' <Latency = 0> <II = 1> <Delay = 0.33> <FuncUnit> <Opcode : 'and' 'or' 'xor'> <InPorts = 2> <OutPorts = 1>
ST_3 : Operation 40 [1/1] (0.87ns)   --->   "%icmp_ln37 = icmp eq i6 %w_0_i, -24" [./src/pool_reord.hpp:37->./src/ultranet.cpp:90]   --->   Operation 40 'icmp' 'icmp_ln37' <Predicate = (!icmp_ln35)> <Delay = 0.87> <Core = "Cmp">   --->   Core 25 'Cmp' <Latency = 0> <II = 1> <Delay = 0.88> <FuncUnit> <Opcode : 'icmp'> <InPorts = 2> <OutPorts = 1>
ST_3 : Operation 41 [1/1] (0.33ns) (out node of the LUT)   --->   "%and_ln35 = and i1 %icmp_ln37, %xor_ln35" [./src/pool_reord.hpp:35->./src/ultranet.cpp:90]   --->   Operation 41 'and' 'and_ln35' <Predicate = (!icmp_ln35)> <Delay = 0.33> <Core = "LogicGate">   --->   Core 27 'LogicGate' <Latency = 0> <II = 1> <Delay = 0.33> <FuncUnit> <Opcode : 'and' 'or' 'xor'> <InPorts = 2> <OutPorts = 1>
ST_3 : Operation 42 [1/1] (0.86ns)   --->   "%peIdx = add i4 1, %select_ln35" [./src/pool_reord.hpp:36->./src/ultranet.cpp:90]   --->   Operation 42 'add' 'peIdx' <Predicate = (!icmp_ln35)> <Delay = 0.86> <Core = "AddSub">   --->   Core 14 'AddSub' <Latency = 0> <II = 1> <Delay = 1.23> <FuncUnit> <Opcode : 'add' 'sub'> <InPorts = 2> <OutPorts = 1>
ST_3 : Operation 43 [1/1] (0.00ns) (grouped into LUT with out node select_ln36)   --->   "%or_ln36 = or i1 %and_ln35, %icmp_ln36" [./src/pool_reord.hpp:36->./src/ultranet.cpp:90]   --->   Operation 43 'or' 'or_ln36' <Predicate = (!icmp_ln35)> <Delay = 0.00> <Core = "LogicGate">   --->   Core 27 'LogicGate' <Latency = 0> <II = 1> <Delay = 0.33> <FuncUnit> <Opcode : 'and' 'or' 'xor'> <InPorts = 2> <OutPorts = 1>
ST_3 : Operation 44 [1/1] (0.44ns) (out node of the LUT)   --->   "%select_ln36 = select i1 %or_ln36, i6 0, i6 %w_0_i" [./src/pool_reord.hpp:36->./src/ultranet.cpp:90]   --->   Operation 44 'select' 'select_ln36' <Predicate = (!icmp_ln35)> <Delay = 0.44> <Core = "Sel">   --->   Core 26 'Sel' <Latency = 0> <II = 1> <Delay = 0.47> <FuncUnit> <Opcode : 'select'> <InPorts = 3> <OutPorts = 1>
ST_3 : Operation 45 [1/1] (0.45ns)   --->   "%select_ln36_3 = select i1 %and_ln35, i4 %peIdx, i4 %select_ln35" [./src/pool_reord.hpp:36->./src/ultranet.cpp:90]   --->   Operation 45 'select' 'select_ln36_3' <Predicate = (!icmp_ln35)> <Delay = 0.45> <Core = "Sel">   --->   Core 26 'Sel' <Latency = 0> <II = 1> <Delay = 0.47> <FuncUnit> <Opcode : 'select'> <InPorts = 3> <OutPorts = 1>
ST_3 : Operation 46 [1/1] (0.00ns)   --->   "%trunc_ln37 = trunc i6 %select_ln36 to i1" [./src/pool_reord.hpp:37->./src/ultranet.cpp:90]   --->   Operation 46 'trunc' 'trunc_ln37' <Predicate = (!icmp_ln35)> <Delay = 0.00>
ST_3 : Operation 47 [1/1] (0.00ns)   --->   "br i1 %trunc_ln35, label %0, label %1" [./src/pool_reord.hpp:44->./src/ultranet.cpp:90]   --->   Operation 47 'br' <Predicate = (!icmp_ln35)> <Delay = 0.00>
ST_3 : Operation 48 [1/1] (0.33ns)   --->   "%and_ln51 = and i1 %trunc_ln35, %trunc_ln37" [./src/pool_reord.hpp:51->./src/ultranet.cpp:90]   --->   Operation 48 'and' 'and_ln51' <Predicate = (!icmp_ln35)> <Delay = 0.33> <Core = "LogicGate">   --->   Core 27 'LogicGate' <Latency = 0> <II = 1> <Delay = 0.33> <FuncUnit> <Opcode : 'and' 'or' 'xor'> <InPorts = 2> <OutPorts = 1>
ST_3 : Operation 49 [1/1] (0.00ns)   --->   "br i1 %and_ln51, label %3, label %.hls_label_40_end_crit_edge" [./src/pool_reord.hpp:51->./src/ultranet.cpp:90]   --->   Operation 49 'br' <Predicate = (!icmp_ln35)> <Delay = 0.00>
ST_3 : Operation 50 [1/1] (0.88ns)   --->   "%w = add i6 %select_ln36, 1" [./src/pool_reord.hpp:37->./src/ultranet.cpp:90]   --->   Operation 50 'add' 'w' <Predicate = (!icmp_ln35)> <Delay = 0.88> <Core = "AddSub">   --->   Core 14 'AddSub' <Latency = 0> <II = 1> <Delay = 1.23> <FuncUnit> <Opcode : 'add' 'sub'> <InPorts = 2> <OutPorts = 1>
ST_3 : Operation 51 [1/1] (0.93ns)   --->   "%add_ln36_2 = add i10 %indvar_flatten, 1" [./src/pool_reord.hpp:36->./src/ultranet.cpp:90]   --->   Operation 51 'add' 'add_ln36_2' <Predicate = (!icmp_ln35)> <Delay = 0.93> <Core = "AddSub">   --->   Core 14 'AddSub' <Latency = 0> <II = 1> <Delay = 1.23> <FuncUnit> <Opcode : 'add' 'sub'> <InPorts = 2> <OutPorts = 1>
ST_3 : Operation 52 [1/1] (0.47ns)   --->   "%select_ln36_4 = select i1 %icmp_ln36, i10 1, i10 %add_ln36_2" [./src/pool_reord.hpp:36->./src/ultranet.cpp:90]   --->   Operation 52 'select' 'select_ln36_4' <Predicate = (!icmp_ln35)> <Delay = 0.47> <Core = "Sel">   --->   Core 26 'Sel' <Latency = 0> <II = 1> <Delay = 0.47> <FuncUnit> <Opcode : 'select'> <InPorts = 3> <OutPorts = 1>

State 4 <SV = 3> <Delay = 3.08>
ST_4 : Operation 53 [1/1] (0.00ns)   --->   "%zext_ln36 = zext i4 %select_ln36_3 to i9" [./src/pool_reord.hpp:36->./src/ultranet.cpp:90]   --->   Operation 53 'zext' 'zext_ln36' <Predicate = (!icmp_ln35)> <Delay = 0.00>
ST_4 : Operation 54 [1/1] (1.75ns)   --->   "%tmp_V = call i64 @_ssdm_op_Read.ap_fifo.volatile.i64P(i64* %vec_V_V)" [./src/pool_reord.hpp:41->./src/ultranet.cpp:90]   --->   Operation 54 'read' 'tmp_V' <Predicate = (!icmp_ln35)> <Delay = 1.75> <Core = "FIFO">   --->   Core 32 'FIFO' <Latency = 0> <II = 1> <Delay = 2.16> <Storage> <Opcode : 'read' 'write' 'nbread' 'nbwrite'> <Ports = 0> <Width = 32> <Depth = 2> <FIFO>
ST_4 : Operation 55 [1/1] (0.00ns)   --->   "%trunc_ln647 = trunc i64 %tmp_V to i4" [./src/pool_reord.hpp:16->./src/pool_reord.hpp:42->./src/ultranet.cpp:90]   --->   Operation 55 'trunc' 'trunc_ln647' <Predicate = (!icmp_ln35)> <Delay = 0.00>
ST_4 : Operation 56 [1/1] (0.00ns)   --->   "%p_Result_109_i_i = call i4 @_ssdm_op_PartSelect.i4.i64.i32.i32(i64 %tmp_V, i32 32, i32 35)" [./src/pool_reord.hpp:17->./src/pool_reord.hpp:42->./src/ultranet.cpp:90]   --->   Operation 56 'partselect' 'p_Result_109_i_i' <Predicate = (!icmp_ln35)> <Delay = 0.00>
ST_4 : Operation 57 [1/1] (0.88ns)   --->   "%icmp_ln895 = icmp ugt i4 %p_Result_109_i_i, %trunc_ln647" [./src/pool_reord.hpp:18->./src/pool_reord.hpp:42->./src/ultranet.cpp:90]   --->   Operation 57 'icmp' 'icmp_ln895' <Predicate = (!icmp_ln35)> <Delay = 0.88> <Core = "Cmp">   --->   Core 25 'Cmp' <Latency = 0> <II = 1> <Delay = 0.88> <FuncUnit> <Opcode : 'icmp'> <InPorts = 2> <OutPorts = 1>
ST_4 : Operation 58 [1/1] (0.45ns)   --->   "%select_ln18 = select i1 %icmp_ln895, i4 %p_Result_109_i_i, i4 %trunc_ln647" [./src/pool_reord.hpp:18->./src/pool_reord.hpp:42->./src/ultranet.cpp:90]   --->   Operation 58 'select' 'select_ln18' <Predicate = (!icmp_ln35)> <Delay = 0.45> <Core = "Sel">   --->   Core 26 'Sel' <Latency = 0> <II = 1> <Delay = 0.47> <FuncUnit> <Opcode : 'select'> <InPorts = 3> <OutPorts = 1>
ST_4 : Operation 59 [1/1] (0.00ns)   --->   "%p_Result_108_1_i_i = call i4 @_ssdm_op_PartSelect.i4.i64.i32.i32(i64 %tmp_V, i32 4, i32 7)" [./src/pool_reord.hpp:16->./src/pool_reord.hpp:42->./src/ultranet.cpp:90]   --->   Operation 59 'partselect' 'p_Result_108_1_i_i' <Predicate = (!icmp_ln35)> <Delay = 0.00>
ST_4 : Operation 60 [1/1] (0.00ns)   --->   "%p_Result_109_1_i_i = call i4 @_ssdm_op_PartSelect.i4.i64.i32.i32(i64 %tmp_V, i32 36, i32 39)" [./src/pool_reord.hpp:17->./src/pool_reord.hpp:42->./src/ultranet.cpp:90]   --->   Operation 60 'partselect' 'p_Result_109_1_i_i' <Predicate = (!icmp_ln35)> <Delay = 0.00>
ST_4 : Operation 61 [1/1] (0.88ns)   --->   "%icmp_ln895_8 = icmp ugt i4 %p_Result_109_1_i_i, %p_Result_108_1_i_i" [./src/pool_reord.hpp:18->./src/pool_reord.hpp:42->./src/ultranet.cpp:90]   --->   Operation 61 'icmp' 'icmp_ln895_8' <Predicate = (!icmp_ln35)> <Delay = 0.88> <Core = "Cmp">   --->   Core 25 'Cmp' <Latency = 0> <II = 1> <Delay = 0.88> <FuncUnit> <Opcode : 'icmp'> <InPorts = 2> <OutPorts = 1>
ST_4 : Operation 62 [1/1] (0.45ns)   --->   "%select_ln18_8 = select i1 %icmp_ln895_8, i4 %p_Result_109_1_i_i, i4 %p_Result_108_1_i_i" [./src/pool_reord.hpp:18->./src/pool_reord.hpp:42->./src/ultranet.cpp:90]   --->   Operation 62 'select' 'select_ln18_8' <Predicate = (!icmp_ln35)> <Delay = 0.45> <Core = "Sel">   --->   Core 26 'Sel' <Latency = 0> <II = 1> <Delay = 0.47> <FuncUnit> <Opcode : 'select'> <InPorts = 3> <OutPorts = 1>
ST_4 : Operation 63 [1/1] (0.00ns)   --->   "%p_Result_108_2_i_i = call i4 @_ssdm_op_PartSelect.i4.i64.i32.i32(i64 %tmp_V, i32 8, i32 11)" [./src/pool_reord.hpp:16->./src/pool_reord.hpp:42->./src/ultranet.cpp:90]   --->   Operation 63 'partselect' 'p_Result_108_2_i_i' <Predicate = (!icmp_ln35)> <Delay = 0.00>
ST_4 : Operation 64 [1/1] (0.00ns)   --->   "%p_Result_109_2_i_i = call i4 @_ssdm_op_PartSelect.i4.i64.i32.i32(i64 %tmp_V, i32 40, i32 43)" [./src/pool_reord.hpp:17->./src/pool_reord.hpp:42->./src/ultranet.cpp:90]   --->   Operation 64 'partselect' 'p_Result_109_2_i_i' <Predicate = (!icmp_ln35)> <Delay = 0.00>
ST_4 : Operation 65 [1/1] (0.88ns)   --->   "%icmp_ln895_9 = icmp ugt i4 %p_Result_109_2_i_i, %p_Result_108_2_i_i" [./src/pool_reord.hpp:18->./src/pool_reord.hpp:42->./src/ultranet.cpp:90]   --->   Operation 65 'icmp' 'icmp_ln895_9' <Predicate = (!icmp_ln35)> <Delay = 0.88> <Core = "Cmp">   --->   Core 25 'Cmp' <Latency = 0> <II = 1> <Delay = 0.88> <FuncUnit> <Opcode : 'icmp'> <InPorts = 2> <OutPorts = 1>
ST_4 : Operation 66 [1/1] (0.45ns)   --->   "%select_ln18_9 = select i1 %icmp_ln895_9, i4 %p_Result_109_2_i_i, i4 %p_Result_108_2_i_i" [./src/pool_reord.hpp:18->./src/pool_reord.hpp:42->./src/ultranet.cpp:90]   --->   Operation 66 'select' 'select_ln18_9' <Predicate = (!icmp_ln35)> <Delay = 0.45> <Core = "Sel">   --->   Core 26 'Sel' <Latency = 0> <II = 1> <Delay = 0.47> <FuncUnit> <Opcode : 'select'> <InPorts = 3> <OutPorts = 1>
ST_4 : Operation 67 [1/1] (0.00ns)   --->   "%p_Result_108_3_i_i = call i4 @_ssdm_op_PartSelect.i4.i64.i32.i32(i64 %tmp_V, i32 12, i32 15)" [./src/pool_reord.hpp:16->./src/pool_reord.hpp:42->./src/ultranet.cpp:90]   --->   Operation 67 'partselect' 'p_Result_108_3_i_i' <Predicate = (!icmp_ln35)> <Delay = 0.00>
ST_4 : Operation 68 [1/1] (0.00ns)   --->   "%p_Result_109_3_i_i = call i4 @_ssdm_op_PartSelect.i4.i64.i32.i32(i64 %tmp_V, i32 44, i32 47)" [./src/pool_reord.hpp:17->./src/pool_reord.hpp:42->./src/ultranet.cpp:90]   --->   Operation 68 'partselect' 'p_Result_109_3_i_i' <Predicate = (!icmp_ln35)> <Delay = 0.00>
ST_4 : Operation 69 [1/1] (0.88ns)   --->   "%icmp_ln895_10 = icmp ugt i4 %p_Result_109_3_i_i, %p_Result_108_3_i_i" [./src/pool_reord.hpp:18->./src/pool_reord.hpp:42->./src/ultranet.cpp:90]   --->   Operation 69 'icmp' 'icmp_ln895_10' <Predicate = (!icmp_ln35)> <Delay = 0.88> <Core = "Cmp">   --->   Core 25 'Cmp' <Latency = 0> <II = 1> <Delay = 0.88> <FuncUnit> <Opcode : 'icmp'> <InPorts = 2> <OutPorts = 1>
ST_4 : Operation 70 [1/1] (0.45ns)   --->   "%select_ln18_10 = select i1 %icmp_ln895_10, i4 %p_Result_109_3_i_i, i4 %p_Result_108_3_i_i" [./src/pool_reord.hpp:18->./src/pool_reord.hpp:42->./src/ultranet.cpp:90]   --->   Operation 70 'select' 'select_ln18_10' <Predicate = (!icmp_ln35)> <Delay = 0.45> <Core = "Sel">   --->   Core 26 'Sel' <Latency = 0> <II = 1> <Delay = 0.47> <FuncUnit> <Opcode : 'select'> <InPorts = 3> <OutPorts = 1>
ST_4 : Operation 71 [1/1] (0.00ns)   --->   "%p_Result_108_4_i_i = call i4 @_ssdm_op_PartSelect.i4.i64.i32.i32(i64 %tmp_V, i32 16, i32 19)" [./src/pool_reord.hpp:16->./src/pool_reord.hpp:42->./src/ultranet.cpp:90]   --->   Operation 71 'partselect' 'p_Result_108_4_i_i' <Predicate = (!icmp_ln35)> <Delay = 0.00>
ST_4 : Operation 72 [1/1] (0.00ns)   --->   "%p_Result_109_4_i_i = call i4 @_ssdm_op_PartSelect.i4.i64.i32.i32(i64 %tmp_V, i32 48, i32 51)" [./src/pool_reord.hpp:17->./src/pool_reord.hpp:42->./src/ultranet.cpp:90]   --->   Operation 72 'partselect' 'p_Result_109_4_i_i' <Predicate = (!icmp_ln35)> <Delay = 0.00>
ST_4 : Operation 73 [1/1] (0.88ns)   --->   "%icmp_ln895_11 = icmp ugt i4 %p_Result_109_4_i_i, %p_Result_108_4_i_i" [./src/pool_reord.hpp:18->./src/pool_reord.hpp:42->./src/ultranet.cpp:90]   --->   Operation 73 'icmp' 'icmp_ln895_11' <Predicate = (!icmp_ln35)> <Delay = 0.88> <Core = "Cmp">   --->   Core 25 'Cmp' <Latency = 0> <II = 1> <Delay = 0.88> <FuncUnit> <Opcode : 'icmp'> <InPorts = 2> <OutPorts = 1>
ST_4 : Operation 74 [1/1] (0.45ns)   --->   "%select_ln18_11 = select i1 %icmp_ln895_11, i4 %p_Result_109_4_i_i, i4 %p_Result_108_4_i_i" [./src/pool_reord.hpp:18->./src/pool_reord.hpp:42->./src/ultranet.cpp:90]   --->   Operation 74 'select' 'select_ln18_11' <Predicate = (!icmp_ln35)> <Delay = 0.45> <Core = "Sel">   --->   Core 26 'Sel' <Latency = 0> <II = 1> <Delay = 0.47> <FuncUnit> <Opcode : 'select'> <InPorts = 3> <OutPorts = 1>
ST_4 : Operation 75 [1/1] (0.00ns)   --->   "%p_Result_108_5_i_i = call i4 @_ssdm_op_PartSelect.i4.i64.i32.i32(i64 %tmp_V, i32 20, i32 23)" [./src/pool_reord.hpp:16->./src/pool_reord.hpp:42->./src/ultranet.cpp:90]   --->   Operation 75 'partselect' 'p_Result_108_5_i_i' <Predicate = (!icmp_ln35)> <Delay = 0.00>
ST_4 : Operation 76 [1/1] (0.00ns)   --->   "%p_Result_109_5_i_i = call i4 @_ssdm_op_PartSelect.i4.i64.i32.i32(i64 %tmp_V, i32 52, i32 55)" [./src/pool_reord.hpp:17->./src/pool_reord.hpp:42->./src/ultranet.cpp:90]   --->   Operation 76 'partselect' 'p_Result_109_5_i_i' <Predicate = (!icmp_ln35)> <Delay = 0.00>
ST_4 : Operation 77 [1/1] (0.88ns)   --->   "%icmp_ln895_12 = icmp ugt i4 %p_Result_109_5_i_i, %p_Result_108_5_i_i" [./src/pool_reord.hpp:18->./src/pool_reord.hpp:42->./src/ultranet.cpp:90]   --->   Operation 77 'icmp' 'icmp_ln895_12' <Predicate = (!icmp_ln35)> <Delay = 0.88> <Core = "Cmp">   --->   Core 25 'Cmp' <Latency = 0> <II = 1> <Delay = 0.88> <FuncUnit> <Opcode : 'icmp'> <InPorts = 2> <OutPorts = 1>
ST_4 : Operation 78 [1/1] (0.45ns)   --->   "%select_ln18_12 = select i1 %icmp_ln895_12, i4 %p_Result_109_5_i_i, i4 %p_Result_108_5_i_i" [./src/pool_reord.hpp:18->./src/pool_reord.hpp:42->./src/ultranet.cpp:90]   --->   Operation 78 'select' 'select_ln18_12' <Predicate = (!icmp_ln35)> <Delay = 0.45> <Core = "Sel">   --->   Core 26 'Sel' <Latency = 0> <II = 1> <Delay = 0.47> <FuncUnit> <Opcode : 'select'> <InPorts = 3> <OutPorts = 1>
ST_4 : Operation 79 [1/1] (0.00ns)   --->   "%p_Result_108_6_i_i = call i4 @_ssdm_op_PartSelect.i4.i64.i32.i32(i64 %tmp_V, i32 24, i32 27)" [./src/pool_reord.hpp:16->./src/pool_reord.hpp:42->./src/ultranet.cpp:90]   --->   Operation 79 'partselect' 'p_Result_108_6_i_i' <Predicate = (!icmp_ln35)> <Delay = 0.00>
ST_4 : Operation 80 [1/1] (0.00ns)   --->   "%p_Result_109_6_i_i = call i4 @_ssdm_op_PartSelect.i4.i64.i32.i32(i64 %tmp_V, i32 56, i32 59)" [./src/pool_reord.hpp:17->./src/pool_reord.hpp:42->./src/ultranet.cpp:90]   --->   Operation 80 'partselect' 'p_Result_109_6_i_i' <Predicate = (!icmp_ln35)> <Delay = 0.00>
ST_4 : Operation 81 [1/1] (0.88ns)   --->   "%icmp_ln895_13 = icmp ugt i4 %p_Result_109_6_i_i, %p_Result_108_6_i_i" [./src/pool_reord.hpp:18->./src/pool_reord.hpp:42->./src/ultranet.cpp:90]   --->   Operation 81 'icmp' 'icmp_ln895_13' <Predicate = (!icmp_ln35)> <Delay = 0.88> <Core = "Cmp">   --->   Core 25 'Cmp' <Latency = 0> <II = 1> <Delay = 0.88> <FuncUnit> <Opcode : 'icmp'> <InPorts = 2> <OutPorts = 1>
ST_4 : Operation 82 [1/1] (0.45ns)   --->   "%select_ln18_13 = select i1 %icmp_ln895_13, i4 %p_Result_109_6_i_i, i4 %p_Result_108_6_i_i" [./src/pool_reord.hpp:18->./src/pool_reord.hpp:42->./src/ultranet.cpp:90]   --->   Operation 82 'select' 'select_ln18_13' <Predicate = (!icmp_ln35)> <Delay = 0.45> <Core = "Sel">   --->   Core 26 'Sel' <Latency = 0> <II = 1> <Delay = 0.47> <FuncUnit> <Opcode : 'select'> <InPorts = 3> <OutPorts = 1>
ST_4 : Operation 83 [1/1] (0.00ns)   --->   "%p_Result_108_7_i_i = call i4 @_ssdm_op_PartSelect.i4.i64.i32.i32(i64 %tmp_V, i32 28, i32 31)" [./src/pool_reord.hpp:16->./src/pool_reord.hpp:42->./src/ultranet.cpp:90]   --->   Operation 83 'partselect' 'p_Result_108_7_i_i' <Predicate = (!icmp_ln35)> <Delay = 0.00>
ST_4 : Operation 84 [1/1] (0.00ns)   --->   "%p_Result_109_7_i_i = call i4 @_ssdm_op_PartSelect.i4.i64.i32.i32(i64 %tmp_V, i32 60, i32 63)" [./src/pool_reord.hpp:17->./src/pool_reord.hpp:42->./src/ultranet.cpp:90]   --->   Operation 84 'partselect' 'p_Result_109_7_i_i' <Predicate = (!icmp_ln35)> <Delay = 0.00>
ST_4 : Operation 85 [1/1] (0.88ns)   --->   "%icmp_ln895_14 = icmp ugt i4 %p_Result_109_7_i_i, %p_Result_108_7_i_i" [./src/pool_reord.hpp:18->./src/pool_reord.hpp:42->./src/ultranet.cpp:90]   --->   Operation 85 'icmp' 'icmp_ln895_14' <Predicate = (!icmp_ln35)> <Delay = 0.88> <Core = "Cmp">   --->   Core 25 'Cmp' <Latency = 0> <II = 1> <Delay = 0.88> <FuncUnit> <Opcode : 'icmp'> <InPorts = 2> <OutPorts = 1>
ST_4 : Operation 86 [1/1] (0.45ns)   --->   "%select_ln18_14 = select i1 %icmp_ln895_14, i4 %p_Result_109_7_i_i, i4 %p_Result_108_7_i_i" [./src/pool_reord.hpp:18->./src/pool_reord.hpp:42->./src/ultranet.cpp:90]   --->   Operation 86 'select' 'select_ln18_14' <Predicate = (!icmp_ln35)> <Delay = 0.45> <Core = "Sel">   --->   Core 26 'Sel' <Latency = 0> <II = 1> <Delay = 0.47> <FuncUnit> <Opcode : 'select'> <InPorts = 3> <OutPorts = 1>
ST_4 : Operation 87 [1/1] (0.00ns)   --->   "%shl_ln2 = call i9 @_ssdm_op_BitConcatenate.i9.i6.i3(i6 %select_ln36, i3 0)" [./src/pool_reord.hpp:43->./src/ultranet.cpp:90]   --->   Operation 87 'bitconcatenate' 'shl_ln2' <Predicate = (!icmp_ln35)> <Delay = 0.00>
ST_4 : Operation 88 [1/1] (0.92ns)   --->   "%addr = add i9 %zext_ln36, %shl_ln2" [./src/pool_reord.hpp:43->./src/ultranet.cpp:90]   --->   Operation 88 'add' 'addr' <Predicate = (!icmp_ln35)> <Delay = 0.92> <Core = "AddSub">   --->   Core 14 'AddSub' <Latency = 0> <II = 1> <Delay = 1.23> <FuncUnit> <Opcode : 'add' 'sub'> <InPorts = 2> <OutPorts = 1>
ST_4 : Operation 89 [1/1] (0.00ns)   --->   "%zext_ln49 = zext i9 %addr to i64" [./src/pool_reord.hpp:49->./src/ultranet.cpp:90]   --->   Operation 89 'zext' 'zext_ln49' <Predicate = (!icmp_ln35)> <Delay = 0.00>
ST_4 : Operation 90 [1/1] (0.00ns)   --->   "%row_store_V_addr = getelementptr [320 x i32]* %row_store_V, i64 0, i64 %zext_ln49" [./src/pool_reord.hpp:49->./src/ultranet.cpp:90]   --->   Operation 90 'getelementptr' 'row_store_V_addr' <Predicate = (!icmp_ln35)> <Delay = 0.00>
ST_4 : Operation 91 [2/2] (1.35ns)   --->   "%dataRes_V = load i32* %row_store_V_addr, align 4" [./src/pool_reord.hpp:45->./src/ultranet.cpp:90]   --->   Operation 91 'load' 'dataRes_V' <Predicate = (trunc_ln35)> <Delay = 1.35> <Core = "RAM">   --->   Core 37 'RAM' <Latency = 1> <II = 1> <Delay = 1.35> <Storage> <Opcode : 'load' 'store'> <Ports = 2> <Width = 32> <Depth = 320> <RAM>

State 5 <SV = 4> <Delay = 2.68>
ST_5 : Operation 92 [1/1] (0.00ns)   --->   "%p_Val2_3 = call i32 @_ssdm_op_BitConcatenate.i32.i4.i4.i4.i4.i4.i4.i4.i4(i4 %select_ln18_14, i4 %select_ln18_13, i4 %select_ln18_12, i4 %select_ln18_11, i4 %select_ln18_10, i4 %select_ln18_9, i4 %select_ln18_8, i4 %select_ln18)" [./src/pool_reord.hpp:19->./src/pool_reord.hpp:42->./src/ultranet.cpp:90]   --->   Operation 92 'bitconcatenate' 'p_Val2_3' <Predicate = (!icmp_ln35)> <Delay = 0.00>
ST_5 : Operation 93 [1/1] (1.35ns)   --->   "store i32 %p_Val2_3, i32* %row_store_V_addr, align 4" [./src/pool_reord.hpp:49->./src/ultranet.cpp:90]   --->   Operation 93 'store' <Predicate = (!trunc_ln35)> <Delay = 1.35> <Core = "RAM">   --->   Core 37 'RAM' <Latency = 1> <II = 1> <Delay = 1.35> <Storage> <Opcode : 'load' 'store'> <Ports = 2> <Width = 32> <Depth = 320> <RAM>
ST_5 : Operation 94 [1/1] (0.00ns)   --->   "br label %2"   --->   Operation 94 'br' <Predicate = (!trunc_ln35)> <Delay = 0.00>
ST_5 : Operation 95 [1/2] (1.35ns)   --->   "%dataRes_V = load i32* %row_store_V_addr, align 4" [./src/pool_reord.hpp:45->./src/ultranet.cpp:90]   --->   Operation 95 'load' 'dataRes_V' <Predicate = (trunc_ln35)> <Delay = 1.35> <Core = "RAM">   --->   Core 37 'RAM' <Latency = 1> <II = 1> <Delay = 1.35> <Storage> <Opcode : 'load' 'store'> <Ports = 2> <Width = 32> <Depth = 320> <RAM>
ST_5 : Operation 96 [1/1] (0.00ns)   --->   "%trunc_ln647_10 = trunc i32 %dataRes_V to i4" [./src/pool_reord.hpp:17->./src/pool_reord.hpp:46->./src/ultranet.cpp:90]   --->   Operation 96 'trunc' 'trunc_ln647_10' <Predicate = (trunc_ln35)> <Delay = 0.00>
ST_5 : Operation 97 [1/1] (0.88ns)   --->   "%icmp_ln895_15 = icmp ugt i4 %trunc_ln647_10, %select_ln18" [./src/pool_reord.hpp:18->./src/pool_reord.hpp:46->./src/ultranet.cpp:90]   --->   Operation 97 'icmp' 'icmp_ln895_15' <Predicate = (trunc_ln35)> <Delay = 0.88> <Core = "Cmp">   --->   Core 25 'Cmp' <Latency = 0> <II = 1> <Delay = 0.88> <FuncUnit> <Opcode : 'icmp'> <InPorts = 2> <OutPorts = 1>
ST_5 : Operation 98 [1/1] (0.45ns)   --->   "%select_ln18_15 = select i1 %icmp_ln895_15, i4 %trunc_ln647_10, i4 %select_ln18" [./src/pool_reord.hpp:18->./src/pool_reord.hpp:46->./src/ultranet.cpp:90]   --->   Operation 98 'select' 'select_ln18_15' <Predicate = (trunc_ln35)> <Delay = 0.45> <Core = "Sel">   --->   Core 26 'Sel' <Latency = 0> <II = 1> <Delay = 0.47> <FuncUnit> <Opcode : 'select'> <InPorts = 3> <OutPorts = 1>
ST_5 : Operation 99 [1/1] (0.00ns)   --->   "%p_Result_109_1_i = call i4 @_ssdm_op_PartSelect.i4.i32.i32.i32(i32 %dataRes_V, i32 4, i32 7)" [./src/pool_reord.hpp:17->./src/pool_reord.hpp:46->./src/ultranet.cpp:90]   --->   Operation 99 'partselect' 'p_Result_109_1_i' <Predicate = (trunc_ln35)> <Delay = 0.00>
ST_5 : Operation 100 [1/1] (0.88ns)   --->   "%icmp_ln895_16 = icmp ugt i4 %p_Result_109_1_i, %select_ln18_8" [./src/pool_reord.hpp:18->./src/pool_reord.hpp:46->./src/ultranet.cpp:90]   --->   Operation 100 'icmp' 'icmp_ln895_16' <Predicate = (trunc_ln35)> <Delay = 0.88> <Core = "Cmp">   --->   Core 25 'Cmp' <Latency = 0> <II = 1> <Delay = 0.88> <FuncUnit> <Opcode : 'icmp'> <InPorts = 2> <OutPorts = 1>
ST_5 : Operation 101 [1/1] (0.45ns)   --->   "%select_ln18_16 = select i1 %icmp_ln895_16, i4 %p_Result_109_1_i, i4 %select_ln18_8" [./src/pool_reord.hpp:18->./src/pool_reord.hpp:46->./src/ultranet.cpp:90]   --->   Operation 101 'select' 'select_ln18_16' <Predicate = (trunc_ln35)> <Delay = 0.45> <Core = "Sel">   --->   Core 26 'Sel' <Latency = 0> <II = 1> <Delay = 0.47> <FuncUnit> <Opcode : 'select'> <InPorts = 3> <OutPorts = 1>
ST_5 : Operation 102 [1/1] (0.00ns)   --->   "%p_Result_109_2_i = call i4 @_ssdm_op_PartSelect.i4.i32.i32.i32(i32 %dataRes_V, i32 8, i32 11)" [./src/pool_reord.hpp:17->./src/pool_reord.hpp:46->./src/ultranet.cpp:90]   --->   Operation 102 'partselect' 'p_Result_109_2_i' <Predicate = (trunc_ln35)> <Delay = 0.00>
ST_5 : Operation 103 [1/1] (0.88ns)   --->   "%icmp_ln895_17 = icmp ugt i4 %p_Result_109_2_i, %select_ln18_9" [./src/pool_reord.hpp:18->./src/pool_reord.hpp:46->./src/ultranet.cpp:90]   --->   Operation 103 'icmp' 'icmp_ln895_17' <Predicate = (trunc_ln35)> <Delay = 0.88> <Core = "Cmp">   --->   Core 25 'Cmp' <Latency = 0> <II = 1> <Delay = 0.88> <FuncUnit> <Opcode : 'icmp'> <InPorts = 2> <OutPorts = 1>
ST_5 : Operation 104 [1/1] (0.45ns)   --->   "%select_ln18_17 = select i1 %icmp_ln895_17, i4 %p_Result_109_2_i, i4 %select_ln18_9" [./src/pool_reord.hpp:18->./src/pool_reord.hpp:46->./src/ultranet.cpp:90]   --->   Operation 104 'select' 'select_ln18_17' <Predicate = (trunc_ln35)> <Delay = 0.45> <Core = "Sel">   --->   Core 26 'Sel' <Latency = 0> <II = 1> <Delay = 0.47> <FuncUnit> <Opcode : 'select'> <InPorts = 3> <OutPorts = 1>
ST_5 : Operation 105 [1/1] (0.00ns)   --->   "%p_Result_109_3_i = call i4 @_ssdm_op_PartSelect.i4.i32.i32.i32(i32 %dataRes_V, i32 12, i32 15)" [./src/pool_reord.hpp:17->./src/pool_reord.hpp:46->./src/ultranet.cpp:90]   --->   Operation 105 'partselect' 'p_Result_109_3_i' <Predicate = (trunc_ln35)> <Delay = 0.00>
ST_5 : Operation 106 [1/1] (0.88ns)   --->   "%icmp_ln895_18 = icmp ugt i4 %p_Result_109_3_i, %select_ln18_10" [./src/pool_reord.hpp:18->./src/pool_reord.hpp:46->./src/ultranet.cpp:90]   --->   Operation 106 'icmp' 'icmp_ln895_18' <Predicate = (trunc_ln35)> <Delay = 0.88> <Core = "Cmp">   --->   Core 25 'Cmp' <Latency = 0> <II = 1> <Delay = 0.88> <FuncUnit> <Opcode : 'icmp'> <InPorts = 2> <OutPorts = 1>
ST_5 : Operation 107 [1/1] (0.45ns)   --->   "%select_ln18_18 = select i1 %icmp_ln895_18, i4 %p_Result_109_3_i, i4 %select_ln18_10" [./src/pool_reord.hpp:18->./src/pool_reord.hpp:46->./src/ultranet.cpp:90]   --->   Operation 107 'select' 'select_ln18_18' <Predicate = (trunc_ln35)> <Delay = 0.45> <Core = "Sel">   --->   Core 26 'Sel' <Latency = 0> <II = 1> <Delay = 0.47> <FuncUnit> <Opcode : 'select'> <InPorts = 3> <OutPorts = 1>
ST_5 : Operation 108 [1/1] (0.00ns)   --->   "%p_Result_109_4_i = call i4 @_ssdm_op_PartSelect.i4.i32.i32.i32(i32 %dataRes_V, i32 16, i32 19)" [./src/pool_reord.hpp:17->./src/pool_reord.hpp:46->./src/ultranet.cpp:90]   --->   Operation 108 'partselect' 'p_Result_109_4_i' <Predicate = (trunc_ln35)> <Delay = 0.00>
ST_5 : Operation 109 [1/1] (0.88ns)   --->   "%icmp_ln895_19 = icmp ugt i4 %p_Result_109_4_i, %select_ln18_11" [./src/pool_reord.hpp:18->./src/pool_reord.hpp:46->./src/ultranet.cpp:90]   --->   Operation 109 'icmp' 'icmp_ln895_19' <Predicate = (trunc_ln35)> <Delay = 0.88> <Core = "Cmp">   --->   Core 25 'Cmp' <Latency = 0> <II = 1> <Delay = 0.88> <FuncUnit> <Opcode : 'icmp'> <InPorts = 2> <OutPorts = 1>
ST_5 : Operation 110 [1/1] (0.45ns)   --->   "%select_ln18_19 = select i1 %icmp_ln895_19, i4 %p_Result_109_4_i, i4 %select_ln18_11" [./src/pool_reord.hpp:18->./src/pool_reord.hpp:46->./src/ultranet.cpp:90]   --->   Operation 110 'select' 'select_ln18_19' <Predicate = (trunc_ln35)> <Delay = 0.45> <Core = "Sel">   --->   Core 26 'Sel' <Latency = 0> <II = 1> <Delay = 0.47> <FuncUnit> <Opcode : 'select'> <InPorts = 3> <OutPorts = 1>
ST_5 : Operation 111 [1/1] (0.00ns)   --->   "%p_Result_109_5_i = call i4 @_ssdm_op_PartSelect.i4.i32.i32.i32(i32 %dataRes_V, i32 20, i32 23)" [./src/pool_reord.hpp:17->./src/pool_reord.hpp:46->./src/ultranet.cpp:90]   --->   Operation 111 'partselect' 'p_Result_109_5_i' <Predicate = (trunc_ln35)> <Delay = 0.00>
ST_5 : Operation 112 [1/1] (0.88ns)   --->   "%icmp_ln895_20 = icmp ugt i4 %p_Result_109_5_i, %select_ln18_12" [./src/pool_reord.hpp:18->./src/pool_reord.hpp:46->./src/ultranet.cpp:90]   --->   Operation 112 'icmp' 'icmp_ln895_20' <Predicate = (trunc_ln35)> <Delay = 0.88> <Core = "Cmp">   --->   Core 25 'Cmp' <Latency = 0> <II = 1> <Delay = 0.88> <FuncUnit> <Opcode : 'icmp'> <InPorts = 2> <OutPorts = 1>
ST_5 : Operation 113 [1/1] (0.45ns)   --->   "%select_ln18_20 = select i1 %icmp_ln895_20, i4 %p_Result_109_5_i, i4 %select_ln18_12" [./src/pool_reord.hpp:18->./src/pool_reord.hpp:46->./src/ultranet.cpp:90]   --->   Operation 113 'select' 'select_ln18_20' <Predicate = (trunc_ln35)> <Delay = 0.45> <Core = "Sel">   --->   Core 26 'Sel' <Latency = 0> <II = 1> <Delay = 0.47> <FuncUnit> <Opcode : 'select'> <InPorts = 3> <OutPorts = 1>
ST_5 : Operation 114 [1/1] (0.00ns)   --->   "%p_Result_109_6_i = call i4 @_ssdm_op_PartSelect.i4.i32.i32.i32(i32 %dataRes_V, i32 24, i32 27)" [./src/pool_reord.hpp:17->./src/pool_reord.hpp:46->./src/ultranet.cpp:90]   --->   Operation 114 'partselect' 'p_Result_109_6_i' <Predicate = (trunc_ln35)> <Delay = 0.00>
ST_5 : Operation 115 [1/1] (0.88ns)   --->   "%icmp_ln895_21 = icmp ugt i4 %p_Result_109_6_i, %select_ln18_13" [./src/pool_reord.hpp:18->./src/pool_reord.hpp:46->./src/ultranet.cpp:90]   --->   Operation 115 'icmp' 'icmp_ln895_21' <Predicate = (trunc_ln35)> <Delay = 0.88> <Core = "Cmp">   --->   Core 25 'Cmp' <Latency = 0> <II = 1> <Delay = 0.88> <FuncUnit> <Opcode : 'icmp'> <InPorts = 2> <OutPorts = 1>
ST_5 : Operation 116 [1/1] (0.45ns)   --->   "%select_ln18_21 = select i1 %icmp_ln895_21, i4 %p_Result_109_6_i, i4 %select_ln18_13" [./src/pool_reord.hpp:18->./src/pool_reord.hpp:46->./src/ultranet.cpp:90]   --->   Operation 116 'select' 'select_ln18_21' <Predicate = (trunc_ln35)> <Delay = 0.45> <Core = "Sel">   --->   Core 26 'Sel' <Latency = 0> <II = 1> <Delay = 0.47> <FuncUnit> <Opcode : 'select'> <InPorts = 3> <OutPorts = 1>
ST_5 : Operation 117 [1/1] (0.00ns)   --->   "%p_Result_109_7_i = call i4 @_ssdm_op_PartSelect.i4.i32.i32.i32(i32 %dataRes_V, i32 28, i32 31)" [./src/pool_reord.hpp:17->./src/pool_reord.hpp:46->./src/ultranet.cpp:90]   --->   Operation 117 'partselect' 'p_Result_109_7_i' <Predicate = (trunc_ln35)> <Delay = 0.00>
ST_5 : Operation 118 [1/1] (0.88ns)   --->   "%icmp_ln895_22 = icmp ugt i4 %p_Result_109_7_i, %select_ln18_14" [./src/pool_reord.hpp:18->./src/pool_reord.hpp:46->./src/ultranet.cpp:90]   --->   Operation 118 'icmp' 'icmp_ln895_22' <Predicate = (trunc_ln35)> <Delay = 0.88> <Core = "Cmp">   --->   Core 25 'Cmp' <Latency = 0> <II = 1> <Delay = 0.88> <FuncUnit> <Opcode : 'icmp'> <InPorts = 2> <OutPorts = 1>
ST_5 : Operation 119 [1/1] (0.45ns)   --->   "%select_ln18_22 = select i1 %icmp_ln895_22, i4 %p_Result_109_7_i, i4 %select_ln18_14" [./src/pool_reord.hpp:18->./src/pool_reord.hpp:46->./src/ultranet.cpp:90]   --->   Operation 119 'select' 'select_ln18_22' <Predicate = (trunc_ln35)> <Delay = 0.45> <Core = "Sel">   --->   Core 26 'Sel' <Latency = 0> <II = 1> <Delay = 0.47> <FuncUnit> <Opcode : 'select'> <InPorts = 3> <OutPorts = 1>
ST_5 : Operation 120 [1/1] (0.00ns)   --->   "%dataOut0_V = call i32 @_ssdm_op_BitConcatenate.i32.i4.i4.i4.i4.i4.i4.i4.i4(i4 %select_ln18_22, i4 %select_ln18_21, i4 %select_ln18_20, i4 %select_ln18_19, i4 %select_ln18_18, i4 %select_ln18_17, i4 %select_ln18_16, i4 %select_ln18_15)" [./src/pool_reord.hpp:19->./src/pool_reord.hpp:46->./src/ultranet.cpp:90]   --->   Operation 120 'bitconcatenate' 'dataOut0_V' <Predicate = (trunc_ln35)> <Delay = 0.00>
ST_5 : Operation 121 [1/1] (0.00ns)   --->   "store i32 %dataOut0_V, i32* %p_Repl2_s" [./src/pool_reord.hpp:48->./src/ultranet.cpp:90]   --->   Operation 121 'store' <Predicate = (trunc_ln35)> <Delay = 0.00>
ST_5 : Operation 122 [1/1] (0.00ns)   --->   "br label %2" [./src/pool_reord.hpp:48->./src/ultranet.cpp:90]   --->   Operation 122 'br' <Predicate = (trunc_ln35)> <Delay = 0.00>

State 6 <SV = 5> <Delay = 1.75>
ST_6 : Operation 123 [1/1] (0.00ns)   --->   "%tmp_i = call i32 (...)* @_ssdm_op_SpecRegionBegin([13 x i8]* @p_str50005)" [./src/pool_reord.hpp:37->./src/ultranet.cpp:90]   --->   Operation 123 'specregionbegin' 'tmp_i' <Predicate = (!icmp_ln35)> <Delay = 0.00>
ST_6 : Operation 124 [1/1] (0.00ns)   --->   "call void (...)* @_ssdm_op_SpecPipeline(i32 1, i32 1, i32 1, i32 0, [1 x i8]* @p_str49942) nounwind" [./src/pool_reord.hpp:38->./src/ultranet.cpp:90]   --->   Operation 124 'specpipeline' <Predicate = (!icmp_ln35)> <Delay = 0.00>
ST_6 : Operation 125 [1/1] (0.00ns)   --->   "%p_Repl2_load = load i32* %p_Repl2_s" [./src/pool_reord.hpp:52->./src/ultranet.cpp:90]   --->   Operation 125 'load' 'p_Repl2_load' <Predicate = true> <Delay = 0.00>
ST_6 : Operation 126 [1/1] (0.00ns)   --->   "store i32 %p_Repl2_load, i32* %p_Repl2_13" [./src/pool_reord.hpp:51->./src/ultranet.cpp:90]   --->   Operation 126 'store' <Predicate = (!and_ln51)> <Delay = 0.00>
ST_6 : Operation 127 [1/1] (0.00ns)   --->   "br label %hls_label_40_end" [./src/pool_reord.hpp:51->./src/ultranet.cpp:90]   --->   Operation 127 'br' <Predicate = (!and_ln51)> <Delay = 0.00>
ST_6 : Operation 128 [1/1] (0.00ns)   --->   "%p_Repl2_13_load = load i32* %p_Repl2_13" [./src/pool_reord.hpp:52->./src/ultranet.cpp:90]   --->   Operation 128 'load' 'p_Repl2_13_load' <Predicate = (and_ln51)> <Delay = 0.00>
ST_6 : Operation 129 [1/1] (0.00ns)   --->   "%p_Result_s = call i64 @_ssdm_op_BitConcatenate.i64.i32.i32(i32 %p_Repl2_load, i32 %p_Repl2_13_load)" [./src/pool_reord.hpp:52->./src/ultranet.cpp:90]   --->   Operation 129 'bitconcatenate' 'p_Result_s' <Predicate = (and_ln51)> <Delay = 0.00>
ST_6 : Operation 130 [1/1] (1.75ns)   --->   "call void @_ssdm_op_Write.ap_fifo.volatile.i64P(i64* %out_V_V, i64 %p_Result_s)" [./src/pool_reord.hpp:52->./src/ultranet.cpp:90]   --->   Operation 130 'write' <Predicate = (and_ln51)> <Delay = 1.75> <Core = "FIFO">   --->   Core 32 'FIFO' <Latency = 0> <II = 1> <Delay = 2.16> <Storage> <Opcode : 'read' 'write' 'nbread' 'nbwrite'> <Ports = 0> <Width = 32> <Depth = 2> <FIFO>
ST_6 : Operation 131 [1/1] (0.00ns)   --->   "br label %hls_label_40_end" [./src/pool_reord.hpp:54->./src/ultranet.cpp:90]   --->   Operation 131 'br' <Predicate = (and_ln51)> <Delay = 0.00>
ST_6 : Operation 132 [1/1] (0.00ns)   --->   "%empty = call i32 (...)* @_ssdm_op_SpecRegionEnd([13 x i8]* @p_str50005, i32 %tmp_i)" [./src/pool_reord.hpp:57->./src/ultranet.cpp:90]   --->   Operation 132 'specregionend' 'empty' <Predicate = (!icmp_ln35)> <Delay = 0.00>
ST_6 : Operation 133 [1/1] (0.00ns)   --->   "br label %.preheader.i" [./src/pool_reord.hpp:37->./src/ultranet.cpp:90]   --->   Operation 133 'br' <Predicate = (!icmp_ln35)> <Delay = 0.00>

State 7 <SV = 3> <Delay = 0.00>
ST_7 : Operation 134 [1/1] (0.00ns)   --->   "ret void" [./src/ultranet.cpp:90]   --->   Operation 134 'ret' <Predicate = true> <Delay = 0.00>


============================================================
+ Verbose Summary: Timing violations
============================================================
Target clock period: 4ns, clock uncertainty: 0.5ns.

 <State 1>: 3.5ns
The critical path consists of the following:
	fifo read on port 'reps' (./src/pool_reord.hpp:28) [11]  (1.75 ns)
	fifo write on port 'reps_out' (./src/ultranet.cpp:90) [13]  (1.75 ns)

 <State 2>: 2.44ns
The critical path consists of the following:
	'shl' operation ('shl_ln35', ./src/pool_reord.hpp:35->./src/ultranet.cpp:90) [14]  (0 ns)
	'add' operation ('add_ln35', ./src/pool_reord.hpp:35->./src/ultranet.cpp:90) [16]  (1.2 ns)
	'add' operation ('bound4', ./src/pool_reord.hpp:35->./src/ultranet.cpp:90) [21]  (1.23 ns)

 <State 3>: 2.63ns
The critical path consists of the following:
	'phi' operation ('indvar_flatten', ./src/pool_reord.hpp:36->./src/ultranet.cpp:90) with incoming values : ('select_ln36_4', ./src/pool_reord.hpp:36->./src/ultranet.cpp:90) [26]  (0 ns)
	'icmp' operation ('icmp_ln36', ./src/pool_reord.hpp:36->./src/ultranet.cpp:90) [34]  (0.859 ns)
	'select' operation ('select_ln35', ./src/pool_reord.hpp:35->./src/ultranet.cpp:90) [35]  (0.45 ns)
	'add' operation ('peIdx', ./src/pool_reord.hpp:36->./src/ultranet.cpp:90) [41]  (0.868 ns)
	'select' operation ('select_ln36_3', ./src/pool_reord.hpp:36->./src/ultranet.cpp:90) [44]  (0.45 ns)

 <State 4>: 3.08ns
The critical path consists of the following:
	fifo read on port 'vec_V_V' (./src/pool_reord.hpp:41->./src/ultranet.cpp:90) [49]  (1.75 ns)
	'icmp' operation ('icmp_ln895', ./src/pool_reord.hpp:18->./src/pool_reord.hpp:42->./src/ultranet.cpp:90) [52]  (0.884 ns)
	'select' operation ('select_ln18', ./src/pool_reord.hpp:18->./src/pool_reord.hpp:42->./src/ultranet.cpp:90) [53]  (0.45 ns)

 <State 5>: 2.69ns
The critical path consists of the following:
	'load' operation ('dataRes.V', ./src/pool_reord.hpp:45->./src/ultranet.cpp:90) on array 'row_store.V', ./src/pool_reord.hpp:30->./src/ultranet.cpp:90 [92]  (1.35 ns)
	'icmp' operation ('icmp_ln895_15', ./src/pool_reord.hpp:18->./src/pool_reord.hpp:46->./src/ultranet.cpp:90) [94]  (0.884 ns)
	'select' operation ('select_ln18_15', ./src/pool_reord.hpp:18->./src/pool_reord.hpp:46->./src/ultranet.cpp:90) [95]  (0.45 ns)

 <State 6>: 1.75ns
The critical path consists of the following:
	'load' operation ('p_Repl2_load', ./src/pool_reord.hpp:52->./src/ultranet.cpp:90) on local variable '__Repl2__' [122]  (0 ns)
	fifo write on port 'out_V_V' (./src/pool_reord.hpp:52->./src/ultranet.cpp:90) [130]  (1.75 ns)

 <State 7>: 0ns
The critical path consists of the following:


============================================================
+ Verbose Summary: Binding
============================================================
N/A
* FSMD analyzer results:
  - Output states:
 - Input state : 
  - Chain level:
	State 1
	State 2
	State 3
	State 4
	State 5
	State 6
	State 7


============================================================
+ Verbose Summary: Datapath Resource usage 
============================================================
N/A
