

================================================================
== Vivado HLS Report for 'pack_weight_data_1'
================================================================
* Date:           Tue May 10 21:15:14 2022

* Version:        2019.2 (Build 2704478 on Wed Nov 06 22:10:23 MST 2019)
* Project:        ultra_core
* Solution:       ultracore_125
* Product family: zynquplus
* Target device:  xczu3eg-sbva484-1-e


================================================================
== Performance Estimates
================================================================
+ Timing: 
    * Summary: 
    +--------+---------+----------+------------+
    |  Clock |  Target | Estimated| Uncertainty|
    +--------+---------+----------+------------+
    |ap_clk  | 4.00 ns | 2.135 ns |   0.50 ns  |
    +--------+---------+----------+------------+

+ Latency: 
    * Summary: 
    +---------+---------+----------+----------+-----+-----+----------+
    |  Latency (cycles) |  Latency (absolute) |  Interval | Pipeline |
    |   min   |   max   |    min   |    max   | min | max |   Type   |
    +---------+---------+----------+----------+-----+-----+----------+
    |        0|        0|   0 ns   |   0 ns   |    1|    1| function |
    +---------+---------+----------+----------+-----+-----+----------+

    + Detail: 
        * Instance: 
        N/A

        * Loop: 
        N/A

============================================================
+ Verbose Summary: Synthesis Manager
============================================================
InlineROM: 1
ExposeGlobal: 0
============================================================
+ Verbose Summary: CDFG Model
============================================================
IsTopModel: 0
ResetActiveHigh: 1
IsCombinational: 0
IsDatapathOnly: 0
HasWiredReturn: 1
HasMFsm: 2
HasVarLatency: 0
IsPipeline: 1
IsRtlPipelined: 0
IsInstanceOverlapped: 0
IsDontTouch: 0
HasImplIP: 0
IsGatedGlobalClock: 0

+ Individual pipeline summary: 
  * Pipeline-0: initiation interval (II) = 1, depth = 1


============================================================
+ Verbose Summary: Schedule
============================================================
* Number of FSM states : 1
* Pipeline : 1
  Pipeline-0 : II = 1, D = 1, States = { 1 }
* Dataflow Pipeline: 0

* FSM state transitions: 
1 --> 

* FSM state operations: 

State 1 <SV = 0> <Delay = 2.13>
ST_1 : Operation 2 [1/1] (0.00ns)   --->   "%w0_V_read = call i32 @_ssdm_op_Read.ap_auto.i32(i32 %w0_V)" [./src/conv2d_DSPopt.hpp:199]   --->   Operation 2 'read' 'w0_V_read' <Predicate = true> <Delay = 0.00>
ST_1 : Operation 3 [1/1] (0.00ns)   --->   "%w1_V_read = call i32 @_ssdm_op_Read.ap_auto.i32(i32 %w1_V)" [./src/conv2d_DSPopt.hpp:199]   --->   Operation 3 'read' 'w1_V_read' <Predicate = true> <Delay = 0.00>
ST_1 : Operation 4 [1/1] (0.00ns)   --->   "%w2_V_read = call i32 @_ssdm_op_Read.ap_auto.i32(i32 %w2_V)" [./src/conv2d_DSPopt.hpp:199]   --->   Operation 4 'read' 'w2_V_read' <Predicate = true> <Delay = 0.00>
ST_1 : Operation 5 [1/1] (0.00ns)   --->   "%trunc_ln647 = trunc i32 %w2_V_read to i4" [./src/conv2d_DSPopt.hpp:199]   --->   Operation 5 'trunc' 'trunc_ln647' <Predicate = true> <Delay = 0.00>
ST_1 : Operation 6 [1/1] (0.00ns)   --->   "%trunc_ln68 = trunc i32 %w0_V_read to i4" [./src/conv2d_DSPopt.hpp:203]   --->   Operation 6 'trunc' 'trunc_ln68' <Predicate = true> <Delay = 0.00>
ST_1 : Operation 7 [1/1] (0.00ns)   --->   "%shl_ln = call i26 @_ssdm_op_BitConcatenate.i26.i4.i22(i4 %trunc_ln68, i22 0)" [./src/conv2d_DSPopt.hpp:203]   --->   Operation 7 'bitconcatenate' 'shl_ln' <Predicate = true> <Delay = 0.00>
ST_1 : Operation 8 [1/1] (0.00ns)   --->   "%trunc_ln68_3 = trunc i32 %w1_V_read to i4" [./src/conv2d_DSPopt.hpp:203]   --->   Operation 8 'trunc' 'trunc_ln68_3' <Predicate = true> <Delay = 0.00>
ST_1 : Operation 9 [1/1] (0.00ns)   --->   "%shl_ln68_27 = call i15 @_ssdm_op_BitConcatenate.i15.i4.i11(i4 %trunc_ln68_3, i11 0)" [./src/conv2d_DSPopt.hpp:203]   --->   Operation 9 'bitconcatenate' 'shl_ln68_27' <Predicate = true> <Delay = 0.00>
ST_1 : Operation 10 [1/1] (0.00ns)   --->   "%sext_ln68 = sext i15 %shl_ln68_27 to i16" [./src/conv2d_DSPopt.hpp:203]   --->   Operation 10 'sext' 'sext_ln68' <Predicate = true> <Delay = 0.00>
ST_1 : Operation 11 [1/1] (0.00ns)   --->   "%sext_ln68_34 = sext i4 %trunc_ln647 to i16" [./src/conv2d_DSPopt.hpp:203]   --->   Operation 11 'sext' 'sext_ln68_34' <Predicate = true> <Delay = 0.00>
ST_1 : Operation 12 [1/1] (1.00ns)   --->   "%add_ln68 = add i16 %sext_ln68, %sext_ln68_34" [./src/conv2d_DSPopt.hpp:203]   --->   Operation 12 'add' 'add_ln68' <Predicate = true> <Delay = 1.00> <Core = "AddSub">   --->   Core 14 'AddSub' <Latency = 0> <II = 1> <Delay = 1.13> <FuncUnit> <Opcode : 'add' 'sub'> <InPorts = 2> <OutPorts = 1>
ST_1 : Operation 13 [1/1] (0.00ns)   --->   "%sext_ln68_35 = sext i16 %add_ln68 to i26" [./src/conv2d_DSPopt.hpp:203]   --->   Operation 13 'sext' 'sext_ln68_35' <Predicate = true> <Delay = 0.00>
ST_1 : Operation 14 [1/1] (1.13ns)   --->   "%add_ln68_33 = add i26 %shl_ln, %sext_ln68_35" [./src/conv2d_DSPopt.hpp:203]   --->   Operation 14 'add' 'add_ln68_33' <Predicate = true> <Delay = 1.13> <Core = "AddSub">   --->   Core 14 'AddSub' <Latency = 0> <II = 1> <Delay = 1.13> <FuncUnit> <Opcode : 'add' 'sub'> <InPorts = 2> <OutPorts = 1>
ST_1 : Operation 15 [1/1] (0.00ns)   --->   "%p_Result_1 = call i4 @_ssdm_op_PartSelect.i4.i32.i32.i32(i32 %w2_V_read, i32 4, i32 7)" [./src/conv2d_DSPopt.hpp:199]   --->   Operation 15 'partselect' 'p_Result_1' <Predicate = true> <Delay = 0.00>
ST_1 : Operation 16 [1/1] (0.00ns)   --->   "%tmp_s = call i4 @_ssdm_op_PartSelect.i4.i32.i32.i32(i32 %w0_V_read, i32 4, i32 7)" [./src/conv2d_DSPopt.hpp:203]   --->   Operation 16 'partselect' 'tmp_s' <Predicate = true> <Delay = 0.00>
ST_1 : Operation 17 [1/1] (0.00ns)   --->   "%shl_ln68_28 = call i26 @_ssdm_op_BitConcatenate.i26.i4.i22(i4 %tmp_s, i22 0)" [./src/conv2d_DSPopt.hpp:203]   --->   Operation 17 'bitconcatenate' 'shl_ln68_28' <Predicate = true> <Delay = 0.00>
ST_1 : Operation 18 [1/1] (0.00ns)   --->   "%tmp_31 = call i4 @_ssdm_op_PartSelect.i4.i32.i32.i32(i32 %w1_V_read, i32 4, i32 7)" [./src/conv2d_DSPopt.hpp:203]   --->   Operation 18 'partselect' 'tmp_31' <Predicate = true> <Delay = 0.00>
ST_1 : Operation 19 [1/1] (0.00ns)   --->   "%shl_ln68_29 = call i15 @_ssdm_op_BitConcatenate.i15.i4.i11(i4 %tmp_31, i11 0)" [./src/conv2d_DSPopt.hpp:203]   --->   Operation 19 'bitconcatenate' 'shl_ln68_29' <Predicate = true> <Delay = 0.00>
ST_1 : Operation 20 [1/1] (0.00ns)   --->   "%sext_ln68_36 = sext i15 %shl_ln68_29 to i16" [./src/conv2d_DSPopt.hpp:203]   --->   Operation 20 'sext' 'sext_ln68_36' <Predicate = true> <Delay = 0.00>
ST_1 : Operation 21 [1/1] (0.00ns)   --->   "%sext_ln68_37 = sext i4 %p_Result_1 to i16" [./src/conv2d_DSPopt.hpp:203]   --->   Operation 21 'sext' 'sext_ln68_37' <Predicate = true> <Delay = 0.00>
ST_1 : Operation 22 [1/1] (1.00ns)   --->   "%add_ln68_15 = add i16 %sext_ln68_36, %sext_ln68_37" [./src/conv2d_DSPopt.hpp:203]   --->   Operation 22 'add' 'add_ln68_15' <Predicate = true> <Delay = 1.00> <Core = "AddSub">   --->   Core 14 'AddSub' <Latency = 0> <II = 1> <Delay = 1.13> <FuncUnit> <Opcode : 'add' 'sub'> <InPorts = 2> <OutPorts = 1>
ST_1 : Operation 23 [1/1] (0.00ns)   --->   "%sext_ln68_38 = sext i16 %add_ln68_15 to i26" [./src/conv2d_DSPopt.hpp:203]   --->   Operation 23 'sext' 'sext_ln68_38' <Predicate = true> <Delay = 0.00>
ST_1 : Operation 24 [1/1] (1.13ns)   --->   "%add_ln68_34 = add i26 %shl_ln68_28, %sext_ln68_38" [./src/conv2d_DSPopt.hpp:203]   --->   Operation 24 'add' 'add_ln68_34' <Predicate = true> <Delay = 1.13> <Core = "AddSub">   --->   Core 14 'AddSub' <Latency = 0> <II = 1> <Delay = 1.13> <FuncUnit> <Opcode : 'add' 'sub'> <InPorts = 2> <OutPorts = 1>
ST_1 : Operation 25 [1/1] (0.00ns)   --->   "%p_Result_2 = call i4 @_ssdm_op_PartSelect.i4.i32.i32.i32(i32 %w2_V_read, i32 8, i32 11)" [./src/conv2d_DSPopt.hpp:199]   --->   Operation 25 'partselect' 'p_Result_2' <Predicate = true> <Delay = 0.00>
ST_1 : Operation 26 [1/1] (0.00ns)   --->   "%tmp_32 = call i4 @_ssdm_op_PartSelect.i4.i32.i32.i32(i32 %w0_V_read, i32 8, i32 11)" [./src/conv2d_DSPopt.hpp:203]   --->   Operation 26 'partselect' 'tmp_32' <Predicate = true> <Delay = 0.00>
ST_1 : Operation 27 [1/1] (0.00ns)   --->   "%shl_ln68_30 = call i26 @_ssdm_op_BitConcatenate.i26.i4.i22(i4 %tmp_32, i22 0)" [./src/conv2d_DSPopt.hpp:203]   --->   Operation 27 'bitconcatenate' 'shl_ln68_30' <Predicate = true> <Delay = 0.00>
ST_1 : Operation 28 [1/1] (0.00ns)   --->   "%tmp_33 = call i4 @_ssdm_op_PartSelect.i4.i32.i32.i32(i32 %w1_V_read, i32 8, i32 11)" [./src/conv2d_DSPopt.hpp:203]   --->   Operation 28 'partselect' 'tmp_33' <Predicate = true> <Delay = 0.00>
ST_1 : Operation 29 [1/1] (0.00ns)   --->   "%shl_ln68_31 = call i15 @_ssdm_op_BitConcatenate.i15.i4.i11(i4 %tmp_33, i11 0)" [./src/conv2d_DSPopt.hpp:203]   --->   Operation 29 'bitconcatenate' 'shl_ln68_31' <Predicate = true> <Delay = 0.00>
ST_1 : Operation 30 [1/1] (0.00ns)   --->   "%sext_ln68_39 = sext i15 %shl_ln68_31 to i16" [./src/conv2d_DSPopt.hpp:203]   --->   Operation 30 'sext' 'sext_ln68_39' <Predicate = true> <Delay = 0.00>
ST_1 : Operation 31 [1/1] (0.00ns)   --->   "%sext_ln68_40 = sext i4 %p_Result_2 to i16" [./src/conv2d_DSPopt.hpp:203]   --->   Operation 31 'sext' 'sext_ln68_40' <Predicate = true> <Delay = 0.00>
ST_1 : Operation 32 [1/1] (1.00ns)   --->   "%add_ln68_2 = add i16 %sext_ln68_39, %sext_ln68_40" [./src/conv2d_DSPopt.hpp:203]   --->   Operation 32 'add' 'add_ln68_2' <Predicate = true> <Delay = 1.00> <Core = "AddSub">   --->   Core 14 'AddSub' <Latency = 0> <II = 1> <Delay = 1.13> <FuncUnit> <Opcode : 'add' 'sub'> <InPorts = 2> <OutPorts = 1>
ST_1 : Operation 33 [1/1] (0.00ns)   --->   "%sext_ln68_41 = sext i16 %add_ln68_2 to i26" [./src/conv2d_DSPopt.hpp:203]   --->   Operation 33 'sext' 'sext_ln68_41' <Predicate = true> <Delay = 0.00>
ST_1 : Operation 34 [1/1] (1.13ns)   --->   "%add_ln68_35 = add i26 %shl_ln68_30, %sext_ln68_41" [./src/conv2d_DSPopt.hpp:203]   --->   Operation 34 'add' 'add_ln68_35' <Predicate = true> <Delay = 1.13> <Core = "AddSub">   --->   Core 14 'AddSub' <Latency = 0> <II = 1> <Delay = 1.13> <FuncUnit> <Opcode : 'add' 'sub'> <InPorts = 2> <OutPorts = 1>
ST_1 : Operation 35 [1/1] (0.00ns)   --->   "%p_Result_3 = call i4 @_ssdm_op_PartSelect.i4.i32.i32.i32(i32 %w2_V_read, i32 12, i32 15)" [./src/conv2d_DSPopt.hpp:199]   --->   Operation 35 'partselect' 'p_Result_3' <Predicate = true> <Delay = 0.00>
ST_1 : Operation 36 [1/1] (0.00ns)   --->   "%tmp_34 = call i4 @_ssdm_op_PartSelect.i4.i32.i32.i32(i32 %w0_V_read, i32 12, i32 15)" [./src/conv2d_DSPopt.hpp:203]   --->   Operation 36 'partselect' 'tmp_34' <Predicate = true> <Delay = 0.00>
ST_1 : Operation 37 [1/1] (0.00ns)   --->   "%shl_ln68_s = call i26 @_ssdm_op_BitConcatenate.i26.i4.i22(i4 %tmp_34, i22 0)" [./src/conv2d_DSPopt.hpp:203]   --->   Operation 37 'bitconcatenate' 'shl_ln68_s' <Predicate = true> <Delay = 0.00>
ST_1 : Operation 38 [1/1] (0.00ns)   --->   "%tmp_35 = call i4 @_ssdm_op_PartSelect.i4.i32.i32.i32(i32 %w1_V_read, i32 12, i32 15)" [./src/conv2d_DSPopt.hpp:203]   --->   Operation 38 'partselect' 'tmp_35' <Predicate = true> <Delay = 0.00>
ST_1 : Operation 39 [1/1] (0.00ns)   --->   "%shl_ln68_32 = call i15 @_ssdm_op_BitConcatenate.i15.i4.i11(i4 %tmp_35, i11 0)" [./src/conv2d_DSPopt.hpp:203]   --->   Operation 39 'bitconcatenate' 'shl_ln68_32' <Predicate = true> <Delay = 0.00>
ST_1 : Operation 40 [1/1] (0.00ns)   --->   "%sext_ln68_42 = sext i15 %shl_ln68_32 to i16" [./src/conv2d_DSPopt.hpp:203]   --->   Operation 40 'sext' 'sext_ln68_42' <Predicate = true> <Delay = 0.00>
ST_1 : Operation 41 [1/1] (0.00ns)   --->   "%sext_ln68_43 = sext i4 %p_Result_3 to i16" [./src/conv2d_DSPopt.hpp:203]   --->   Operation 41 'sext' 'sext_ln68_43' <Predicate = true> <Delay = 0.00>
ST_1 : Operation 42 [1/1] (1.00ns)   --->   "%add_ln68_3 = add i16 %sext_ln68_42, %sext_ln68_43" [./src/conv2d_DSPopt.hpp:203]   --->   Operation 42 'add' 'add_ln68_3' <Predicate = true> <Delay = 1.00> <Core = "AddSub">   --->   Core 14 'AddSub' <Latency = 0> <II = 1> <Delay = 1.13> <FuncUnit> <Opcode : 'add' 'sub'> <InPorts = 2> <OutPorts = 1>
ST_1 : Operation 43 [1/1] (0.00ns)   --->   "%sext_ln68_44 = sext i16 %add_ln68_3 to i26" [./src/conv2d_DSPopt.hpp:203]   --->   Operation 43 'sext' 'sext_ln68_44' <Predicate = true> <Delay = 0.00>
ST_1 : Operation 44 [1/1] (1.13ns)   --->   "%add_ln68_36 = add i26 %shl_ln68_s, %sext_ln68_44" [./src/conv2d_DSPopt.hpp:203]   --->   Operation 44 'add' 'add_ln68_36' <Predicate = true> <Delay = 1.13> <Core = "AddSub">   --->   Core 14 'AddSub' <Latency = 0> <II = 1> <Delay = 1.13> <FuncUnit> <Opcode : 'add' 'sub'> <InPorts = 2> <OutPorts = 1>
ST_1 : Operation 45 [1/1] (0.00ns)   --->   "%p_Result_4 = call i4 @_ssdm_op_PartSelect.i4.i32.i32.i32(i32 %w2_V_read, i32 16, i32 19)" [./src/conv2d_DSPopt.hpp:199]   --->   Operation 45 'partselect' 'p_Result_4' <Predicate = true> <Delay = 0.00>
ST_1 : Operation 46 [1/1] (0.00ns)   --->   "%tmp_36 = call i4 @_ssdm_op_PartSelect.i4.i32.i32.i32(i32 %w0_V_read, i32 16, i32 19)" [./src/conv2d_DSPopt.hpp:203]   --->   Operation 46 'partselect' 'tmp_36' <Predicate = true> <Delay = 0.00>
ST_1 : Operation 47 [1/1] (0.00ns)   --->   "%shl_ln68_33 = call i26 @_ssdm_op_BitConcatenate.i26.i4.i22(i4 %tmp_36, i22 0)" [./src/conv2d_DSPopt.hpp:203]   --->   Operation 47 'bitconcatenate' 'shl_ln68_33' <Predicate = true> <Delay = 0.00>
ST_1 : Operation 48 [1/1] (0.00ns)   --->   "%tmp_37 = call i4 @_ssdm_op_PartSelect.i4.i32.i32.i32(i32 %w1_V_read, i32 16, i32 19)" [./src/conv2d_DSPopt.hpp:203]   --->   Operation 48 'partselect' 'tmp_37' <Predicate = true> <Delay = 0.00>
ST_1 : Operation 49 [1/1] (0.00ns)   --->   "%shl_ln68_34 = call i15 @_ssdm_op_BitConcatenate.i15.i4.i11(i4 %tmp_37, i11 0)" [./src/conv2d_DSPopt.hpp:203]   --->   Operation 49 'bitconcatenate' 'shl_ln68_34' <Predicate = true> <Delay = 0.00>
ST_1 : Operation 50 [1/1] (0.00ns)   --->   "%sext_ln68_45 = sext i15 %shl_ln68_34 to i16" [./src/conv2d_DSPopt.hpp:203]   --->   Operation 50 'sext' 'sext_ln68_45' <Predicate = true> <Delay = 0.00>
ST_1 : Operation 51 [1/1] (0.00ns)   --->   "%sext_ln68_46 = sext i4 %p_Result_4 to i16" [./src/conv2d_DSPopt.hpp:203]   --->   Operation 51 'sext' 'sext_ln68_46' <Predicate = true> <Delay = 0.00>
ST_1 : Operation 52 [1/1] (1.00ns)   --->   "%add_ln68_4 = add i16 %sext_ln68_45, %sext_ln68_46" [./src/conv2d_DSPopt.hpp:203]   --->   Operation 52 'add' 'add_ln68_4' <Predicate = true> <Delay = 1.00> <Core = "AddSub">   --->   Core 14 'AddSub' <Latency = 0> <II = 1> <Delay = 1.13> <FuncUnit> <Opcode : 'add' 'sub'> <InPorts = 2> <OutPorts = 1>
ST_1 : Operation 53 [1/1] (0.00ns)   --->   "%sext_ln68_47 = sext i16 %add_ln68_4 to i26" [./src/conv2d_DSPopt.hpp:203]   --->   Operation 53 'sext' 'sext_ln68_47' <Predicate = true> <Delay = 0.00>
ST_1 : Operation 54 [1/1] (1.13ns)   --->   "%add_ln68_37 = add i26 %shl_ln68_33, %sext_ln68_47" [./src/conv2d_DSPopt.hpp:203]   --->   Operation 54 'add' 'add_ln68_37' <Predicate = true> <Delay = 1.13> <Core = "AddSub">   --->   Core 14 'AddSub' <Latency = 0> <II = 1> <Delay = 1.13> <FuncUnit> <Opcode : 'add' 'sub'> <InPorts = 2> <OutPorts = 1>
ST_1 : Operation 55 [1/1] (0.00ns)   --->   "%p_Result_5 = call i4 @_ssdm_op_PartSelect.i4.i32.i32.i32(i32 %w2_V_read, i32 20, i32 23)" [./src/conv2d_DSPopt.hpp:199]   --->   Operation 55 'partselect' 'p_Result_5' <Predicate = true> <Delay = 0.00>
ST_1 : Operation 56 [1/1] (0.00ns)   --->   "%tmp_38 = call i4 @_ssdm_op_PartSelect.i4.i32.i32.i32(i32 %w0_V_read, i32 20, i32 23)" [./src/conv2d_DSPopt.hpp:203]   --->   Operation 56 'partselect' 'tmp_38' <Predicate = true> <Delay = 0.00>
ST_1 : Operation 57 [1/1] (0.00ns)   --->   "%shl_ln68_35 = call i26 @_ssdm_op_BitConcatenate.i26.i4.i22(i4 %tmp_38, i22 0)" [./src/conv2d_DSPopt.hpp:203]   --->   Operation 57 'bitconcatenate' 'shl_ln68_35' <Predicate = true> <Delay = 0.00>
ST_1 : Operation 58 [1/1] (0.00ns)   --->   "%tmp_39 = call i4 @_ssdm_op_PartSelect.i4.i32.i32.i32(i32 %w1_V_read, i32 20, i32 23)" [./src/conv2d_DSPopt.hpp:203]   --->   Operation 58 'partselect' 'tmp_39' <Predicate = true> <Delay = 0.00>
ST_1 : Operation 59 [1/1] (0.00ns)   --->   "%shl_ln68_36 = call i15 @_ssdm_op_BitConcatenate.i15.i4.i11(i4 %tmp_39, i11 0)" [./src/conv2d_DSPopt.hpp:203]   --->   Operation 59 'bitconcatenate' 'shl_ln68_36' <Predicate = true> <Delay = 0.00>
ST_1 : Operation 60 [1/1] (0.00ns)   --->   "%sext_ln68_48 = sext i15 %shl_ln68_36 to i16" [./src/conv2d_DSPopt.hpp:203]   --->   Operation 60 'sext' 'sext_ln68_48' <Predicate = true> <Delay = 0.00>
ST_1 : Operation 61 [1/1] (0.00ns)   --->   "%sext_ln68_49 = sext i4 %p_Result_5 to i16" [./src/conv2d_DSPopt.hpp:203]   --->   Operation 61 'sext' 'sext_ln68_49' <Predicate = true> <Delay = 0.00>
ST_1 : Operation 62 [1/1] (1.00ns)   --->   "%add_ln68_5 = add i16 %sext_ln68_48, %sext_ln68_49" [./src/conv2d_DSPopt.hpp:203]   --->   Operation 62 'add' 'add_ln68_5' <Predicate = true> <Delay = 1.00> <Core = "AddSub">   --->   Core 14 'AddSub' <Latency = 0> <II = 1> <Delay = 1.13> <FuncUnit> <Opcode : 'add' 'sub'> <InPorts = 2> <OutPorts = 1>
ST_1 : Operation 63 [1/1] (0.00ns)   --->   "%sext_ln68_50 = sext i16 %add_ln68_5 to i26" [./src/conv2d_DSPopt.hpp:203]   --->   Operation 63 'sext' 'sext_ln68_50' <Predicate = true> <Delay = 0.00>
ST_1 : Operation 64 [1/1] (1.13ns)   --->   "%add_ln68_38 = add i26 %shl_ln68_35, %sext_ln68_50" [./src/conv2d_DSPopt.hpp:203]   --->   Operation 64 'add' 'add_ln68_38' <Predicate = true> <Delay = 1.13> <Core = "AddSub">   --->   Core 14 'AddSub' <Latency = 0> <II = 1> <Delay = 1.13> <FuncUnit> <Opcode : 'add' 'sub'> <InPorts = 2> <OutPorts = 1>
ST_1 : Operation 65 [1/1] (0.00ns)   --->   "%p_Result_6 = call i4 @_ssdm_op_PartSelect.i4.i32.i32.i32(i32 %w2_V_read, i32 24, i32 27)" [./src/conv2d_DSPopt.hpp:199]   --->   Operation 65 'partselect' 'p_Result_6' <Predicate = true> <Delay = 0.00>
ST_1 : Operation 66 [1/1] (0.00ns)   --->   "%tmp_40 = call i4 @_ssdm_op_PartSelect.i4.i32.i32.i32(i32 %w0_V_read, i32 24, i32 27)" [./src/conv2d_DSPopt.hpp:203]   --->   Operation 66 'partselect' 'tmp_40' <Predicate = true> <Delay = 0.00>
ST_1 : Operation 67 [1/1] (0.00ns)   --->   "%shl_ln68_37 = call i26 @_ssdm_op_BitConcatenate.i26.i4.i22(i4 %tmp_40, i22 0)" [./src/conv2d_DSPopt.hpp:203]   --->   Operation 67 'bitconcatenate' 'shl_ln68_37' <Predicate = true> <Delay = 0.00>
ST_1 : Operation 68 [1/1] (0.00ns)   --->   "%tmp_41 = call i4 @_ssdm_op_PartSelect.i4.i32.i32.i32(i32 %w1_V_read, i32 24, i32 27)" [./src/conv2d_DSPopt.hpp:203]   --->   Operation 68 'partselect' 'tmp_41' <Predicate = true> <Delay = 0.00>
ST_1 : Operation 69 [1/1] (0.00ns)   --->   "%shl_ln68_38 = call i15 @_ssdm_op_BitConcatenate.i15.i4.i11(i4 %tmp_41, i11 0)" [./src/conv2d_DSPopt.hpp:203]   --->   Operation 69 'bitconcatenate' 'shl_ln68_38' <Predicate = true> <Delay = 0.00>
ST_1 : Operation 70 [1/1] (0.00ns)   --->   "%sext_ln68_51 = sext i15 %shl_ln68_38 to i16" [./src/conv2d_DSPopt.hpp:203]   --->   Operation 70 'sext' 'sext_ln68_51' <Predicate = true> <Delay = 0.00>
ST_1 : Operation 71 [1/1] (0.00ns)   --->   "%sext_ln68_52 = sext i4 %p_Result_6 to i16" [./src/conv2d_DSPopt.hpp:203]   --->   Operation 71 'sext' 'sext_ln68_52' <Predicate = true> <Delay = 0.00>
ST_1 : Operation 72 [1/1] (1.00ns)   --->   "%add_ln68_6 = add i16 %sext_ln68_51, %sext_ln68_52" [./src/conv2d_DSPopt.hpp:203]   --->   Operation 72 'add' 'add_ln68_6' <Predicate = true> <Delay = 1.00> <Core = "AddSub">   --->   Core 14 'AddSub' <Latency = 0> <II = 1> <Delay = 1.13> <FuncUnit> <Opcode : 'add' 'sub'> <InPorts = 2> <OutPorts = 1>
ST_1 : Operation 73 [1/1] (0.00ns)   --->   "%sext_ln68_53 = sext i16 %add_ln68_6 to i26" [./src/conv2d_DSPopt.hpp:203]   --->   Operation 73 'sext' 'sext_ln68_53' <Predicate = true> <Delay = 0.00>
ST_1 : Operation 74 [1/1] (1.13ns)   --->   "%add_ln68_39 = add i26 %shl_ln68_37, %sext_ln68_53" [./src/conv2d_DSPopt.hpp:203]   --->   Operation 74 'add' 'add_ln68_39' <Predicate = true> <Delay = 1.13> <Core = "AddSub">   --->   Core 14 'AddSub' <Latency = 0> <II = 1> <Delay = 1.13> <FuncUnit> <Opcode : 'add' 'sub'> <InPorts = 2> <OutPorts = 1>
ST_1 : Operation 75 [1/1] (0.00ns)   --->   "%p_Result_7 = call i4 @_ssdm_op_PartSelect.i4.i32.i32.i32(i32 %w2_V_read, i32 28, i32 31)" [./src/conv2d_DSPopt.hpp:199]   --->   Operation 75 'partselect' 'p_Result_7' <Predicate = true> <Delay = 0.00>
ST_1 : Operation 76 [1/1] (0.00ns)   --->   "%tmp_42 = call i4 @_ssdm_op_PartSelect.i4.i32.i32.i32(i32 %w0_V_read, i32 28, i32 31)" [./src/conv2d_DSPopt.hpp:203]   --->   Operation 76 'partselect' 'tmp_42' <Predicate = true> <Delay = 0.00>
ST_1 : Operation 77 [1/1] (0.00ns)   --->   "%shl_ln68_39 = call i26 @_ssdm_op_BitConcatenate.i26.i4.i22(i4 %tmp_42, i22 0)" [./src/conv2d_DSPopt.hpp:203]   --->   Operation 77 'bitconcatenate' 'shl_ln68_39' <Predicate = true> <Delay = 0.00>
ST_1 : Operation 78 [1/1] (0.00ns)   --->   "%tmp_43 = call i4 @_ssdm_op_PartSelect.i4.i32.i32.i32(i32 %w1_V_read, i32 28, i32 31)" [./src/conv2d_DSPopt.hpp:203]   --->   Operation 78 'partselect' 'tmp_43' <Predicate = true> <Delay = 0.00>
ST_1 : Operation 79 [1/1] (0.00ns)   --->   "%shl_ln68_40 = call i15 @_ssdm_op_BitConcatenate.i15.i4.i11(i4 %tmp_43, i11 0)" [./src/conv2d_DSPopt.hpp:203]   --->   Operation 79 'bitconcatenate' 'shl_ln68_40' <Predicate = true> <Delay = 0.00>
ST_1 : Operation 80 [1/1] (0.00ns)   --->   "%sext_ln68_54 = sext i15 %shl_ln68_40 to i16" [./src/conv2d_DSPopt.hpp:203]   --->   Operation 80 'sext' 'sext_ln68_54' <Predicate = true> <Delay = 0.00>
ST_1 : Operation 81 [1/1] (0.00ns)   --->   "%sext_ln68_55 = sext i4 %p_Result_7 to i16" [./src/conv2d_DSPopt.hpp:203]   --->   Operation 81 'sext' 'sext_ln68_55' <Predicate = true> <Delay = 0.00>
ST_1 : Operation 82 [1/1] (1.00ns)   --->   "%add_ln68_7 = add i16 %sext_ln68_54, %sext_ln68_55" [./src/conv2d_DSPopt.hpp:203]   --->   Operation 82 'add' 'add_ln68_7' <Predicate = true> <Delay = 1.00> <Core = "AddSub">   --->   Core 14 'AddSub' <Latency = 0> <II = 1> <Delay = 1.13> <FuncUnit> <Opcode : 'add' 'sub'> <InPorts = 2> <OutPorts = 1>
ST_1 : Operation 83 [1/1] (0.00ns)   --->   "%sext_ln68_56 = sext i16 %add_ln68_7 to i26" [./src/conv2d_DSPopt.hpp:203]   --->   Operation 83 'sext' 'sext_ln68_56' <Predicate = true> <Delay = 0.00>
ST_1 : Operation 84 [1/1] (1.13ns)   --->   "%add_ln68_40 = add i26 %shl_ln68_39, %sext_ln68_56" [./src/conv2d_DSPopt.hpp:203]   --->   Operation 84 'add' 'add_ln68_40' <Predicate = true> <Delay = 1.13> <Core = "AddSub">   --->   Core 14 'AddSub' <Latency = 0> <II = 1> <Delay = 1.13> <FuncUnit> <Opcode : 'add' 'sub'> <InPorts = 2> <OutPorts = 1>
ST_1 : Operation 85 [1/1] (0.00ns)   --->   "%mrv = insertvalue { i26, i26, i26, i26, i26, i26, i26, i26 } undef, i26 %add_ln68_33, 0" [./src/conv2d_DSPopt.hpp:205]   --->   Operation 85 'insertvalue' 'mrv' <Predicate = true> <Delay = 0.00>
ST_1 : Operation 86 [1/1] (0.00ns)   --->   "%mrv_1 = insertvalue { i26, i26, i26, i26, i26, i26, i26, i26 } %mrv, i26 %add_ln68_34, 1" [./src/conv2d_DSPopt.hpp:205]   --->   Operation 86 'insertvalue' 'mrv_1' <Predicate = true> <Delay = 0.00>
ST_1 : Operation 87 [1/1] (0.00ns)   --->   "%mrv_2 = insertvalue { i26, i26, i26, i26, i26, i26, i26, i26 } %mrv_1, i26 %add_ln68_35, 2" [./src/conv2d_DSPopt.hpp:205]   --->   Operation 87 'insertvalue' 'mrv_2' <Predicate = true> <Delay = 0.00>
ST_1 : Operation 88 [1/1] (0.00ns)   --->   "%mrv_3 = insertvalue { i26, i26, i26, i26, i26, i26, i26, i26 } %mrv_2, i26 %add_ln68_36, 3" [./src/conv2d_DSPopt.hpp:205]   --->   Operation 88 'insertvalue' 'mrv_3' <Predicate = true> <Delay = 0.00>
ST_1 : Operation 89 [1/1] (0.00ns)   --->   "%mrv_4 = insertvalue { i26, i26, i26, i26, i26, i26, i26, i26 } %mrv_3, i26 %add_ln68_37, 4" [./src/conv2d_DSPopt.hpp:205]   --->   Operation 89 'insertvalue' 'mrv_4' <Predicate = true> <Delay = 0.00>
ST_1 : Operation 90 [1/1] (0.00ns)   --->   "%mrv_5 = insertvalue { i26, i26, i26, i26, i26, i26, i26, i26 } %mrv_4, i26 %add_ln68_38, 5" [./src/conv2d_DSPopt.hpp:205]   --->   Operation 90 'insertvalue' 'mrv_5' <Predicate = true> <Delay = 0.00>
ST_1 : Operation 91 [1/1] (0.00ns)   --->   "%mrv_6 = insertvalue { i26, i26, i26, i26, i26, i26, i26, i26 } %mrv_5, i26 %add_ln68_39, 6" [./src/conv2d_DSPopt.hpp:205]   --->   Operation 91 'insertvalue' 'mrv_6' <Predicate = true> <Delay = 0.00>
ST_1 : Operation 92 [1/1] (0.00ns)   --->   "%mrv_7 = insertvalue { i26, i26, i26, i26, i26, i26, i26, i26 } %mrv_6, i26 %add_ln68_40, 7" [./src/conv2d_DSPopt.hpp:205]   --->   Operation 92 'insertvalue' 'mrv_7' <Predicate = true> <Delay = 0.00>
ST_1 : Operation 93 [1/1] (0.00ns)   --->   "ret { i26, i26, i26, i26, i26, i26, i26, i26 } %mrv_7" [./src/conv2d_DSPopt.hpp:205]   --->   Operation 93 'ret' <Predicate = true> <Delay = 0.00>


============================================================
+ Verbose Summary: Binding
============================================================
STG Binding: 
---------------- STG Properties BEGIN ----------------
- Is combinational: 1
- Is one-state seq: 0
- Is datapath-only: 0
- Is pipelined: 1
- Is top level: 0
Port [ Return ] is wired: 1; IO mode=ap_ctrl_hs:ce=0
Port [ w2_V]:  wired=1; compound=0; hidden=0; nouse=0; global=0; static=0; extern=0; dir=0; type=0; pingpong=0; private_global=0; IO mode=ap_none:ce=0
Port [ w1_V]:  wired=1; compound=0; hidden=0; nouse=0; global=0; static=0; extern=0; dir=0; type=0; pingpong=0; private_global=0; IO mode=ap_none:ce=0
Port [ w0_V]:  wired=1; compound=0; hidden=0; nouse=0; global=0; static=0; extern=0; dir=0; type=0; pingpong=0; private_global=0; IO mode=ap_none:ce=0
---------------- STG Properties END ------------------

---------------- Datapath Model BEGIN ----------------

<LifeTime>
<method=bitvector/>
w0_V_read    (read          ) [ 00]
w1_V_read    (read          ) [ 00]
w2_V_read    (read          ) [ 00]
trunc_ln647  (trunc         ) [ 00]
trunc_ln68   (trunc         ) [ 00]
shl_ln       (bitconcatenate) [ 00]
trunc_ln68_3 (trunc         ) [ 00]
shl_ln68_27  (bitconcatenate) [ 00]
sext_ln68    (sext          ) [ 00]
sext_ln68_34 (sext          ) [ 00]
add_ln68     (add           ) [ 00]
sext_ln68_35 (sext          ) [ 00]
add_ln68_33  (add           ) [ 00]
p_Result_1   (partselect    ) [ 00]
tmp_s        (partselect    ) [ 00]
shl_ln68_28  (bitconcatenate) [ 00]
tmp_31       (partselect    ) [ 00]
shl_ln68_29  (bitconcatenate) [ 00]
sext_ln68_36 (sext          ) [ 00]
sext_ln68_37 (sext          ) [ 00]
add_ln68_15  (add           ) [ 00]
sext_ln68_38 (sext          ) [ 00]
add_ln68_34  (add           ) [ 00]
p_Result_2   (partselect    ) [ 00]
tmp_32       (partselect    ) [ 00]
shl_ln68_30  (bitconcatenate) [ 00]
tmp_33       (partselect    ) [ 00]
shl_ln68_31  (bitconcatenate) [ 00]
sext_ln68_39 (sext          ) [ 00]
sext_ln68_40 (sext          ) [ 00]
add_ln68_2   (add           ) [ 00]
sext_ln68_41 (sext          ) [ 00]
add_ln68_35  (add           ) [ 00]
p_Result_3   (partselect    ) [ 00]
tmp_34       (partselect    ) [ 00]
shl_ln68_s   (bitconcatenate) [ 00]
tmp_35       (partselect    ) [ 00]
shl_ln68_32  (bitconcatenate) [ 00]
sext_ln68_42 (sext          ) [ 00]
sext_ln68_43 (sext          ) [ 00]
add_ln68_3   (add           ) [ 00]
sext_ln68_44 (sext          ) [ 00]
add_ln68_36  (add           ) [ 00]
p_Result_4   (partselect    ) [ 00]
tmp_36       (partselect    ) [ 00]
shl_ln68_33  (bitconcatenate) [ 00]
tmp_37       (partselect    ) [ 00]
shl_ln68_34  (bitconcatenate) [ 00]
sext_ln68_45 (sext          ) [ 00]
sext_ln68_46 (sext          ) [ 00]
add_ln68_4   (add           ) [ 00]
sext_ln68_47 (sext          ) [ 00]
add_ln68_37  (add           ) [ 00]
p_Result_5   (partselect    ) [ 00]
tmp_38       (partselect    ) [ 00]
shl_ln68_35  (bitconcatenate) [ 00]
tmp_39       (partselect    ) [ 00]
shl_ln68_36  (bitconcatenate) [ 00]
sext_ln68_48 (sext          ) [ 00]
sext_ln68_49 (sext          ) [ 00]
add_ln68_5   (add           ) [ 00]
sext_ln68_50 (sext          ) [ 00]
add_ln68_38  (add           ) [ 00]
p_Result_6   (partselect    ) [ 00]
tmp_40       (partselect    ) [ 00]
shl_ln68_37  (bitconcatenate) [ 00]
tmp_41       (partselect    ) [ 00]
shl_ln68_38  (bitconcatenate) [ 00]
sext_ln68_51 (sext          ) [ 00]
sext_ln68_52 (sext          ) [ 00]
add_ln68_6   (add           ) [ 00]
sext_ln68_53 (sext          ) [ 00]
add_ln68_39  (add           ) [ 00]
p_Result_7   (partselect    ) [ 00]
tmp_42       (partselect    ) [ 00]
shl_ln68_39  (bitconcatenate) [ 00]
tmp_43       (partselect    ) [ 00]
shl_ln68_40  (bitconcatenate) [ 00]
sext_ln68_54 (sext          ) [ 00]
sext_ln68_55 (sext          ) [ 00]
add_ln68_7   (add           ) [ 00]
sext_ln68_56 (sext          ) [ 00]
add_ln68_40  (add           ) [ 00]
mrv          (insertvalue   ) [ 00]
mrv_1        (insertvalue   ) [ 00]
mrv_2        (insertvalue   ) [ 00]
mrv_3        (insertvalue   ) [ 00]
mrv_4        (insertvalue   ) [ 00]
mrv_5        (insertvalue   ) [ 00]
mrv_6        (insertvalue   ) [ 00]
mrv_7        (insertvalue   ) [ 00]
ret_ln205    (ret           ) [ 00]
</LifeTime>

<model>

<comp_list>
<comp id="0" class="1000" name="w2_V">
<pin_list>
<pin id="1" dir="1" index="0" bw="1" slack="0"/>
</pin_list>
<bind>
<StgValue><ssdm name="w2_V"/></StgValue>
</bind>
</comp>

<comp id="2" class="1000" name="w1_V">
<pin_list>
<pin id="3" dir="1" index="0" bw="1" slack="0"/>
</pin_list>
<bind>
<StgValue><ssdm name="w1_V"/></StgValue>
</bind>
</comp>

<comp id="4" class="1000" name="w0_V">
<pin_list>
<pin id="5" dir="1" index="0" bw="1" slack="0"/>
</pin_list>
<bind>
<StgValue><ssdm name="w0_V"/></StgValue>
</bind>
</comp>

<comp id="6" class="1001" name="const_6">
<pin_list>
<pin id="7" dir="1" index="0" bw="1" slack="0"/>
</pin_list>
<bind>
<StgValue><ssdm name="_ssdm_op_Read.ap_auto.i32"/></StgValue>
</bind>
</comp>

<comp id="8" class="1001" name="const_8">
<pin_list>
<pin id="9" dir="1" index="0" bw="1" slack="0"/>
</pin_list>
<bind>
<StgValue><ssdm name="_ssdm_op_BitConcatenate.i26.i4.i22"/></StgValue>
</bind>
</comp>

<comp id="10" class="1001" name="const_10">
<pin_list>
<pin id="11" dir="1" index="0" bw="1" slack="0"/>
</pin_list>
<bind>
<StgValue><ssdm name=""/></StgValue>
</bind>
</comp>

<comp id="12" class="1001" name="const_12">
<pin_list>
<pin id="13" dir="1" index="0" bw="1" slack="0"/>
</pin_list>
<bind>
<StgValue><ssdm name="_ssdm_op_BitConcatenate.i15.i4.i11"/></StgValue>
</bind>
</comp>

<comp id="14" class="1001" name="const_14">
<pin_list>
<pin id="15" dir="1" index="0" bw="1" slack="0"/>
</pin_list>
<bind>
<StgValue><ssdm name=""/></StgValue>
</bind>
</comp>

<comp id="16" class="1001" name="const_16">
<pin_list>
<pin id="17" dir="1" index="0" bw="1" slack="0"/>
</pin_list>
<bind>
<StgValue><ssdm name="_ssdm_op_PartSelect.i4.i32.i32.i32"/></StgValue>
</bind>
</comp>

<comp id="18" class="1001" name="const_18">
<pin_list>
<pin id="19" dir="1" index="0" bw="1" slack="0"/>
</pin_list>
<bind>
<StgValue><ssdm name=""/></StgValue>
</bind>
</comp>

<comp id="20" class="1001" name="const_20">
<pin_list>
<pin id="21" dir="1" index="0" bw="1" slack="0"/>
</pin_list>
<bind>
<StgValue><ssdm name=""/></StgValue>
</bind>
</comp>

<comp id="22" class="1001" name="const_22">
<pin_list>
<pin id="23" dir="1" index="0" bw="1" slack="0"/>
</pin_list>
<bind>
<StgValue><ssdm name=""/></StgValue>
</bind>
</comp>

<comp id="24" class="1001" name="const_24">
<pin_list>
<pin id="25" dir="1" index="0" bw="1" slack="0"/>
</pin_list>
<bind>
<StgValue><ssdm name=""/></StgValue>
</bind>
</comp>

<comp id="26" class="1001" name="const_26">
<pin_list>
<pin id="27" dir="1" index="0" bw="1" slack="0"/>
</pin_list>
<bind>
<StgValue><ssdm name=""/></StgValue>
</bind>
</comp>

<comp id="28" class="1001" name="const_28">
<pin_list>
<pin id="29" dir="1" index="0" bw="1" slack="0"/>
</pin_list>
<bind>
<StgValue><ssdm name=""/></StgValue>
</bind>
</comp>

<comp id="30" class="1001" name="const_30">
<pin_list>
<pin id="31" dir="1" index="0" bw="1" slack="0"/>
</pin_list>
<bind>
<StgValue><ssdm name=""/></StgValue>
</bind>
</comp>

<comp id="32" class="1001" name="const_32">
<pin_list>
<pin id="33" dir="1" index="0" bw="1" slack="0"/>
</pin_list>
<bind>
<StgValue><ssdm name=""/></StgValue>
</bind>
</comp>

<comp id="34" class="1001" name="const_34">
<pin_list>
<pin id="35" dir="1" index="0" bw="1" slack="0"/>
</pin_list>
<bind>
<StgValue><ssdm name=""/></StgValue>
</bind>
</comp>

<comp id="36" class="1001" name="const_36">
<pin_list>
<pin id="37" dir="1" index="0" bw="1" slack="0"/>
</pin_list>
<bind>
<StgValue><ssdm name=""/></StgValue>
</bind>
</comp>

<comp id="38" class="1001" name="const_38">
<pin_list>
<pin id="39" dir="1" index="0" bw="1" slack="0"/>
</pin_list>
<bind>
<StgValue><ssdm name=""/></StgValue>
</bind>
</comp>

<comp id="40" class="1001" name="const_40">
<pin_list>
<pin id="41" dir="1" index="0" bw="1" slack="0"/>
</pin_list>
<bind>
<StgValue><ssdm name=""/></StgValue>
</bind>
</comp>

<comp id="42" class="1001" name="const_42">
<pin_list>
<pin id="43" dir="1" index="0" bw="1" slack="0"/>
</pin_list>
<bind>
<StgValue><ssdm name=""/></StgValue>
</bind>
</comp>

<comp id="44" class="1001" name="const_44">
<pin_list>
<pin id="45" dir="1" index="0" bw="1" slack="0"/>
</pin_list>
<bind>
<StgValue><ssdm name=""/></StgValue>
</bind>
</comp>

<comp id="46" class="1001" name="const_46">
<pin_list>
<pin id="47" dir="1" index="0" bw="1" slack="0"/>
</pin_list>
<bind>
<StgValue><ssdm name=""/></StgValue>
</bind>
</comp>

<comp id="48" class="1004" name="w0_V_read_read_fu_48">
<pin_list>
<pin id="49" dir="0" index="0" bw="32" slack="0"/>
<pin id="50" dir="0" index="1" bw="32" slack="0"/>
<pin id="51" dir="1" index="2" bw="32" slack="0"/>
</pin_list>
<bind>
<opcode="read(1150) " fcode="read"/>
<opset="w0_V_read/1 "/>
</bind>
</comp>

<comp id="54" class="1004" name="w1_V_read_read_fu_54">
<pin_list>
<pin id="55" dir="0" index="0" bw="32" slack="0"/>
<pin id="56" dir="0" index="1" bw="32" slack="0"/>
<pin id="57" dir="1" index="2" bw="32" slack="0"/>
</pin_list>
<bind>
<opcode="read(1150) " fcode="read"/>
<opset="w1_V_read/1 "/>
</bind>
</comp>

<comp id="60" class="1004" name="w2_V_read_read_fu_60">
<pin_list>
<pin id="61" dir="0" index="0" bw="32" slack="0"/>
<pin id="62" dir="0" index="1" bw="32" slack="0"/>
<pin id="63" dir="1" index="2" bw="32" slack="0"/>
</pin_list>
<bind>
<opcode="read(1150) " fcode="read"/>
<opset="w2_V_read/1 "/>
</bind>
</comp>

<comp id="66" class="1004" name="trunc_ln647_fu_66">
<pin_list>
<pin id="67" dir="0" index="0" bw="32" slack="0"/>
<pin id="68" dir="1" index="1" bw="4" slack="0"/>
</pin_list>
<bind>
<opcode="trunc(33) " fcode="trunc"/>
<opset="trunc_ln647/1 "/>
</bind>
</comp>

<comp id="70" class="1004" name="trunc_ln68_fu_70">
<pin_list>
<pin id="71" dir="0" index="0" bw="32" slack="0"/>
<pin id="72" dir="1" index="1" bw="4" slack="0"/>
</pin_list>
<bind>
<opcode="trunc(33) " fcode="trunc"/>
<opset="trunc_ln68/1 "/>
</bind>
</comp>

<comp id="74" class="1004" name="shl_ln_fu_74">
<pin_list>
<pin id="75" dir="0" index="0" bw="26" slack="0"/>
<pin id="76" dir="0" index="1" bw="4" slack="0"/>
<pin id="77" dir="0" index="2" bw="1" slack="0"/>
<pin id="78" dir="1" index="3" bw="26" slack="0"/>
</pin_list>
<bind>
<opcode="bitconcatenate(1004) " fcode="bitconcatenate"/>
<opset="shl_ln/1 "/>
</bind>
</comp>

<comp id="82" class="1004" name="trunc_ln68_3_fu_82">
<pin_list>
<pin id="83" dir="0" index="0" bw="32" slack="0"/>
<pin id="84" dir="1" index="1" bw="4" slack="0"/>
</pin_list>
<bind>
<opcode="trunc(33) " fcode="trunc"/>
<opset="trunc_ln68_3/1 "/>
</bind>
</comp>

<comp id="86" class="1004" name="shl_ln68_27_fu_86">
<pin_list>
<pin id="87" dir="0" index="0" bw="15" slack="0"/>
<pin id="88" dir="0" index="1" bw="4" slack="0"/>
<pin id="89" dir="0" index="2" bw="1" slack="0"/>
<pin id="90" dir="1" index="3" bw="15" slack="0"/>
</pin_list>
<bind>
<opcode="bitconcatenate(1004) " fcode="bitconcatenate"/>
<opset="shl_ln68_27/1 "/>
</bind>
</comp>

<comp id="94" class="1004" name="sext_ln68_fu_94">
<pin_list>
<pin id="95" dir="0" index="0" bw="15" slack="0"/>
<pin id="96" dir="1" index="1" bw="16" slack="0"/>
</pin_list>
<bind>
<opcode="sext(35) " fcode="sext"/>
<opset="sext_ln68/1 "/>
</bind>
</comp>

<comp id="98" class="1004" name="sext_ln68_34_fu_98">
<pin_list>
<pin id="99" dir="0" index="0" bw="4" slack="0"/>
<pin id="100" dir="1" index="1" bw="16" slack="0"/>
</pin_list>
<bind>
<opcode="sext(35) " fcode="sext"/>
<opset="sext_ln68_34/1 "/>
</bind>
</comp>

<comp id="102" class="1004" name="add_ln68_fu_102">
<pin_list>
<pin id="103" dir="0" index="0" bw="15" slack="0"/>
<pin id="104" dir="0" index="1" bw="4" slack="0"/>
<pin id="105" dir="1" index="2" bw="16" slack="0"/>
</pin_list>
<bind>
<opcode="add(8) " fcode="add"/>
<opset="add_ln68/1 "/>
</bind>
</comp>

<comp id="108" class="1004" name="sext_ln68_35_fu_108">
<pin_list>
<pin id="109" dir="0" index="0" bw="16" slack="0"/>
<pin id="110" dir="1" index="1" bw="26" slack="0"/>
</pin_list>
<bind>
<opcode="sext(35) " fcode="sext"/>
<opset="sext_ln68_35/1 "/>
</bind>
</comp>

<comp id="112" class="1004" name="add_ln68_33_fu_112">
<pin_list>
<pin id="113" dir="0" index="0" bw="26" slack="0"/>
<pin id="114" dir="0" index="1" bw="16" slack="0"/>
<pin id="115" dir="1" index="2" bw="26" slack="0"/>
</pin_list>
<bind>
<opcode="add(8) " fcode="add"/>
<opset="add_ln68_33/1 "/>
</bind>
</comp>

<comp id="118" class="1004" name="p_Result_1_fu_118">
<pin_list>
<pin id="119" dir="0" index="0" bw="4" slack="0"/>
<pin id="120" dir="0" index="1" bw="32" slack="0"/>
<pin id="121" dir="0" index="2" bw="4" slack="0"/>
<pin id="122" dir="0" index="3" bw="4" slack="0"/>
<pin id="123" dir="1" index="4" bw="4" slack="0"/>
</pin_list>
<bind>
<opcode="partselect(1002) " fcode="partselect"/>
<opset="p_Result_1/1 "/>
</bind>
</comp>

<comp id="128" class="1004" name="tmp_s_fu_128">
<pin_list>
<pin id="129" dir="0" index="0" bw="4" slack="0"/>
<pin id="130" dir="0" index="1" bw="32" slack="0"/>
<pin id="131" dir="0" index="2" bw="4" slack="0"/>
<pin id="132" dir="0" index="3" bw="4" slack="0"/>
<pin id="133" dir="1" index="4" bw="4" slack="0"/>
</pin_list>
<bind>
<opcode="partselect(1002) " fcode="partselect"/>
<opset="tmp_s/1 "/>
</bind>
</comp>

<comp id="138" class="1004" name="shl_ln68_28_fu_138">
<pin_list>
<pin id="139" dir="0" index="0" bw="26" slack="0"/>
<pin id="140" dir="0" index="1" bw="4" slack="0"/>
<pin id="141" dir="0" index="2" bw="1" slack="0"/>
<pin id="142" dir="1" index="3" bw="26" slack="0"/>
</pin_list>
<bind>
<opcode="bitconcatenate(1004) " fcode="bitconcatenate"/>
<opset="shl_ln68_28/1 "/>
</bind>
</comp>

<comp id="146" class="1004" name="tmp_31_fu_146">
<pin_list>
<pin id="147" dir="0" index="0" bw="4" slack="0"/>
<pin id="148" dir="0" index="1" bw="32" slack="0"/>
<pin id="149" dir="0" index="2" bw="4" slack="0"/>
<pin id="150" dir="0" index="3" bw="4" slack="0"/>
<pin id="151" dir="1" index="4" bw="4" slack="0"/>
</pin_list>
<bind>
<opcode="partselect(1002) " fcode="partselect"/>
<opset="tmp_31/1 "/>
</bind>
</comp>

<comp id="156" class="1004" name="shl_ln68_29_fu_156">
<pin_list>
<pin id="157" dir="0" index="0" bw="15" slack="0"/>
<pin id="158" dir="0" index="1" bw="4" slack="0"/>
<pin id="159" dir="0" index="2" bw="1" slack="0"/>
<pin id="160" dir="1" index="3" bw="15" slack="0"/>
</pin_list>
<bind>
<opcode="bitconcatenate(1004) " fcode="bitconcatenate"/>
<opset="shl_ln68_29/1 "/>
</bind>
</comp>

<comp id="164" class="1004" name="sext_ln68_36_fu_164">
<pin_list>
<pin id="165" dir="0" index="0" bw="15" slack="0"/>
<pin id="166" dir="1" index="1" bw="16" slack="0"/>
</pin_list>
<bind>
<opcode="sext(35) " fcode="sext"/>
<opset="sext_ln68_36/1 "/>
</bind>
</comp>

<comp id="168" class="1004" name="sext_ln68_37_fu_168">
<pin_list>
<pin id="169" dir="0" index="0" bw="4" slack="0"/>
<pin id="170" dir="1" index="1" bw="16" slack="0"/>
</pin_list>
<bind>
<opcode="sext(35) " fcode="sext"/>
<opset="sext_ln68_37/1 "/>
</bind>
</comp>

<comp id="172" class="1004" name="add_ln68_15_fu_172">
<pin_list>
<pin id="173" dir="0" index="0" bw="15" slack="0"/>
<pin id="174" dir="0" index="1" bw="4" slack="0"/>
<pin id="175" dir="1" index="2" bw="16" slack="0"/>
</pin_list>
<bind>
<opcode="add(8) " fcode="add"/>
<opset="add_ln68_15/1 "/>
</bind>
</comp>

<comp id="178" class="1004" name="sext_ln68_38_fu_178">
<pin_list>
<pin id="179" dir="0" index="0" bw="16" slack="0"/>
<pin id="180" dir="1" index="1" bw="26" slack="0"/>
</pin_list>
<bind>
<opcode="sext(35) " fcode="sext"/>
<opset="sext_ln68_38/1 "/>
</bind>
</comp>

<comp id="182" class="1004" name="add_ln68_34_fu_182">
<pin_list>
<pin id="183" dir="0" index="0" bw="26" slack="0"/>
<pin id="184" dir="0" index="1" bw="16" slack="0"/>
<pin id="185" dir="1" index="2" bw="26" slack="0"/>
</pin_list>
<bind>
<opcode="add(8) " fcode="add"/>
<opset="add_ln68_34/1 "/>
</bind>
</comp>

<comp id="188" class="1004" name="p_Result_2_fu_188">
<pin_list>
<pin id="189" dir="0" index="0" bw="4" slack="0"/>
<pin id="190" dir="0" index="1" bw="32" slack="0"/>
<pin id="191" dir="0" index="2" bw="5" slack="0"/>
<pin id="192" dir="0" index="3" bw="5" slack="0"/>
<pin id="193" dir="1" index="4" bw="4" slack="0"/>
</pin_list>
<bind>
<opcode="partselect(1002) " fcode="partselect"/>
<opset="p_Result_2/1 "/>
</bind>
</comp>

<comp id="198" class="1004" name="tmp_32_fu_198">
<pin_list>
<pin id="199" dir="0" index="0" bw="4" slack="0"/>
<pin id="200" dir="0" index="1" bw="32" slack="0"/>
<pin id="201" dir="0" index="2" bw="5" slack="0"/>
<pin id="202" dir="0" index="3" bw="5" slack="0"/>
<pin id="203" dir="1" index="4" bw="4" slack="0"/>
</pin_list>
<bind>
<opcode="partselect(1002) " fcode="partselect"/>
<opset="tmp_32/1 "/>
</bind>
</comp>

<comp id="208" class="1004" name="shl_ln68_30_fu_208">
<pin_list>
<pin id="209" dir="0" index="0" bw="26" slack="0"/>
<pin id="210" dir="0" index="1" bw="4" slack="0"/>
<pin id="211" dir="0" index="2" bw="1" slack="0"/>
<pin id="212" dir="1" index="3" bw="26" slack="0"/>
</pin_list>
<bind>
<opcode="bitconcatenate(1004) " fcode="bitconcatenate"/>
<opset="shl_ln68_30/1 "/>
</bind>
</comp>

<comp id="216" class="1004" name="tmp_33_fu_216">
<pin_list>
<pin id="217" dir="0" index="0" bw="4" slack="0"/>
<pin id="218" dir="0" index="1" bw="32" slack="0"/>
<pin id="219" dir="0" index="2" bw="5" slack="0"/>
<pin id="220" dir="0" index="3" bw="5" slack="0"/>
<pin id="221" dir="1" index="4" bw="4" slack="0"/>
</pin_list>
<bind>
<opcode="partselect(1002) " fcode="partselect"/>
<opset="tmp_33/1 "/>
</bind>
</comp>

<comp id="226" class="1004" name="shl_ln68_31_fu_226">
<pin_list>
<pin id="227" dir="0" index="0" bw="15" slack="0"/>
<pin id="228" dir="0" index="1" bw="4" slack="0"/>
<pin id="229" dir="0" index="2" bw="1" slack="0"/>
<pin id="230" dir="1" index="3" bw="15" slack="0"/>
</pin_list>
<bind>
<opcode="bitconcatenate(1004) " fcode="bitconcatenate"/>
<opset="shl_ln68_31/1 "/>
</bind>
</comp>

<comp id="234" class="1004" name="sext_ln68_39_fu_234">
<pin_list>
<pin id="235" dir="0" index="0" bw="15" slack="0"/>
<pin id="236" dir="1" index="1" bw="16" slack="0"/>
</pin_list>
<bind>
<opcode="sext(35) " fcode="sext"/>
<opset="sext_ln68_39/1 "/>
</bind>
</comp>

<comp id="238" class="1004" name="sext_ln68_40_fu_238">
<pin_list>
<pin id="239" dir="0" index="0" bw="4" slack="0"/>
<pin id="240" dir="1" index="1" bw="16" slack="0"/>
</pin_list>
<bind>
<opcode="sext(35) " fcode="sext"/>
<opset="sext_ln68_40/1 "/>
</bind>
</comp>

<comp id="242" class="1004" name="add_ln68_2_fu_242">
<pin_list>
<pin id="243" dir="0" index="0" bw="15" slack="0"/>
<pin id="244" dir="0" index="1" bw="4" slack="0"/>
<pin id="245" dir="1" index="2" bw="16" slack="0"/>
</pin_list>
<bind>
<opcode="add(8) " fcode="add"/>
<opset="add_ln68_2/1 "/>
</bind>
</comp>

<comp id="248" class="1004" name="sext_ln68_41_fu_248">
<pin_list>
<pin id="249" dir="0" index="0" bw="16" slack="0"/>
<pin id="250" dir="1" index="1" bw="26" slack="0"/>
</pin_list>
<bind>
<opcode="sext(35) " fcode="sext"/>
<opset="sext_ln68_41/1 "/>
</bind>
</comp>

<comp id="252" class="1004" name="add_ln68_35_fu_252">
<pin_list>
<pin id="253" dir="0" index="0" bw="26" slack="0"/>
<pin id="254" dir="0" index="1" bw="16" slack="0"/>
<pin id="255" dir="1" index="2" bw="26" slack="0"/>
</pin_list>
<bind>
<opcode="add(8) " fcode="add"/>
<opset="add_ln68_35/1 "/>
</bind>
</comp>

<comp id="258" class="1004" name="p_Result_3_fu_258">
<pin_list>
<pin id="259" dir="0" index="0" bw="4" slack="0"/>
<pin id="260" dir="0" index="1" bw="32" slack="0"/>
<pin id="261" dir="0" index="2" bw="5" slack="0"/>
<pin id="262" dir="0" index="3" bw="5" slack="0"/>
<pin id="263" dir="1" index="4" bw="4" slack="0"/>
</pin_list>
<bind>
<opcode="partselect(1002) " fcode="partselect"/>
<opset="p_Result_3/1 "/>
</bind>
</comp>

<comp id="268" class="1004" name="tmp_34_fu_268">
<pin_list>
<pin id="269" dir="0" index="0" bw="4" slack="0"/>
<pin id="270" dir="0" index="1" bw="32" slack="0"/>
<pin id="271" dir="0" index="2" bw="5" slack="0"/>
<pin id="272" dir="0" index="3" bw="5" slack="0"/>
<pin id="273" dir="1" index="4" bw="4" slack="0"/>
</pin_list>
<bind>
<opcode="partselect(1002) " fcode="partselect"/>
<opset="tmp_34/1 "/>
</bind>
</comp>

<comp id="278" class="1004" name="shl_ln68_s_fu_278">
<pin_list>
<pin id="279" dir="0" index="0" bw="26" slack="0"/>
<pin id="280" dir="0" index="1" bw="4" slack="0"/>
<pin id="281" dir="0" index="2" bw="1" slack="0"/>
<pin id="282" dir="1" index="3" bw="26" slack="0"/>
</pin_list>
<bind>
<opcode="bitconcatenate(1004) " fcode="bitconcatenate"/>
<opset="shl_ln68_s/1 "/>
</bind>
</comp>

<comp id="286" class="1004" name="tmp_35_fu_286">
<pin_list>
<pin id="287" dir="0" index="0" bw="4" slack="0"/>
<pin id="288" dir="0" index="1" bw="32" slack="0"/>
<pin id="289" dir="0" index="2" bw="5" slack="0"/>
<pin id="290" dir="0" index="3" bw="5" slack="0"/>
<pin id="291" dir="1" index="4" bw="4" slack="0"/>
</pin_list>
<bind>
<opcode="partselect(1002) " fcode="partselect"/>
<opset="tmp_35/1 "/>
</bind>
</comp>

<comp id="296" class="1004" name="shl_ln68_32_fu_296">
<pin_list>
<pin id="297" dir="0" index="0" bw="15" slack="0"/>
<pin id="298" dir="0" index="1" bw="4" slack="0"/>
<pin id="299" dir="0" index="2" bw="1" slack="0"/>
<pin id="300" dir="1" index="3" bw="15" slack="0"/>
</pin_list>
<bind>
<opcode="bitconcatenate(1004) " fcode="bitconcatenate"/>
<opset="shl_ln68_32/1 "/>
</bind>
</comp>

<comp id="304" class="1004" name="sext_ln68_42_fu_304">
<pin_list>
<pin id="305" dir="0" index="0" bw="15" slack="0"/>
<pin id="306" dir="1" index="1" bw="16" slack="0"/>
</pin_list>
<bind>
<opcode="sext(35) " fcode="sext"/>
<opset="sext_ln68_42/1 "/>
</bind>
</comp>

<comp id="308" class="1004" name="sext_ln68_43_fu_308">
<pin_list>
<pin id="309" dir="0" index="0" bw="4" slack="0"/>
<pin id="310" dir="1" index="1" bw="16" slack="0"/>
</pin_list>
<bind>
<opcode="sext(35) " fcode="sext"/>
<opset="sext_ln68_43/1 "/>
</bind>
</comp>

<comp id="312" class="1004" name="add_ln68_3_fu_312">
<pin_list>
<pin id="313" dir="0" index="0" bw="15" slack="0"/>
<pin id="314" dir="0" index="1" bw="4" slack="0"/>
<pin id="315" dir="1" index="2" bw="16" slack="0"/>
</pin_list>
<bind>
<opcode="add(8) " fcode="add"/>
<opset="add_ln68_3/1 "/>
</bind>
</comp>

<comp id="318" class="1004" name="sext_ln68_44_fu_318">
<pin_list>
<pin id="319" dir="0" index="0" bw="16" slack="0"/>
<pin id="320" dir="1" index="1" bw="26" slack="0"/>
</pin_list>
<bind>
<opcode="sext(35) " fcode="sext"/>
<opset="sext_ln68_44/1 "/>
</bind>
</comp>

<comp id="322" class="1004" name="add_ln68_36_fu_322">
<pin_list>
<pin id="323" dir="0" index="0" bw="26" slack="0"/>
<pin id="324" dir="0" index="1" bw="16" slack="0"/>
<pin id="325" dir="1" index="2" bw="26" slack="0"/>
</pin_list>
<bind>
<opcode="add(8) " fcode="add"/>
<opset="add_ln68_36/1 "/>
</bind>
</comp>

<comp id="328" class="1004" name="p_Result_4_fu_328">
<pin_list>
<pin id="329" dir="0" index="0" bw="4" slack="0"/>
<pin id="330" dir="0" index="1" bw="32" slack="0"/>
<pin id="331" dir="0" index="2" bw="6" slack="0"/>
<pin id="332" dir="0" index="3" bw="6" slack="0"/>
<pin id="333" dir="1" index="4" bw="4" slack="0"/>
</pin_list>
<bind>
<opcode="partselect(1002) " fcode="partselect"/>
<opset="p_Result_4/1 "/>
</bind>
</comp>

<comp id="338" class="1004" name="tmp_36_fu_338">
<pin_list>
<pin id="339" dir="0" index="0" bw="4" slack="0"/>
<pin id="340" dir="0" index="1" bw="32" slack="0"/>
<pin id="341" dir="0" index="2" bw="6" slack="0"/>
<pin id="342" dir="0" index="3" bw="6" slack="0"/>
<pin id="343" dir="1" index="4" bw="4" slack="0"/>
</pin_list>
<bind>
<opcode="partselect(1002) " fcode="partselect"/>
<opset="tmp_36/1 "/>
</bind>
</comp>

<comp id="348" class="1004" name="shl_ln68_33_fu_348">
<pin_list>
<pin id="349" dir="0" index="0" bw="26" slack="0"/>
<pin id="350" dir="0" index="1" bw="4" slack="0"/>
<pin id="351" dir="0" index="2" bw="1" slack="0"/>
<pin id="352" dir="1" index="3" bw="26" slack="0"/>
</pin_list>
<bind>
<opcode="bitconcatenate(1004) " fcode="bitconcatenate"/>
<opset="shl_ln68_33/1 "/>
</bind>
</comp>

<comp id="356" class="1004" name="tmp_37_fu_356">
<pin_list>
<pin id="357" dir="0" index="0" bw="4" slack="0"/>
<pin id="358" dir="0" index="1" bw="32" slack="0"/>
<pin id="359" dir="0" index="2" bw="6" slack="0"/>
<pin id="360" dir="0" index="3" bw="6" slack="0"/>
<pin id="361" dir="1" index="4" bw="4" slack="0"/>
</pin_list>
<bind>
<opcode="partselect(1002) " fcode="partselect"/>
<opset="tmp_37/1 "/>
</bind>
</comp>

<comp id="366" class="1004" name="shl_ln68_34_fu_366">
<pin_list>
<pin id="367" dir="0" index="0" bw="15" slack="0"/>
<pin id="368" dir="0" index="1" bw="4" slack="0"/>
<pin id="369" dir="0" index="2" bw="1" slack="0"/>
<pin id="370" dir="1" index="3" bw="15" slack="0"/>
</pin_list>
<bind>
<opcode="bitconcatenate(1004) " fcode="bitconcatenate"/>
<opset="shl_ln68_34/1 "/>
</bind>
</comp>

<comp id="374" class="1004" name="sext_ln68_45_fu_374">
<pin_list>
<pin id="375" dir="0" index="0" bw="15" slack="0"/>
<pin id="376" dir="1" index="1" bw="16" slack="0"/>
</pin_list>
<bind>
<opcode="sext(35) " fcode="sext"/>
<opset="sext_ln68_45/1 "/>
</bind>
</comp>

<comp id="378" class="1004" name="sext_ln68_46_fu_378">
<pin_list>
<pin id="379" dir="0" index="0" bw="4" slack="0"/>
<pin id="380" dir="1" index="1" bw="16" slack="0"/>
</pin_list>
<bind>
<opcode="sext(35) " fcode="sext"/>
<opset="sext_ln68_46/1 "/>
</bind>
</comp>

<comp id="382" class="1004" name="add_ln68_4_fu_382">
<pin_list>
<pin id="383" dir="0" index="0" bw="15" slack="0"/>
<pin id="384" dir="0" index="1" bw="4" slack="0"/>
<pin id="385" dir="1" index="2" bw="16" slack="0"/>
</pin_list>
<bind>
<opcode="add(8) " fcode="add"/>
<opset="add_ln68_4/1 "/>
</bind>
</comp>

<comp id="388" class="1004" name="sext_ln68_47_fu_388">
<pin_list>
<pin id="389" dir="0" index="0" bw="16" slack="0"/>
<pin id="390" dir="1" index="1" bw="26" slack="0"/>
</pin_list>
<bind>
<opcode="sext(35) " fcode="sext"/>
<opset="sext_ln68_47/1 "/>
</bind>
</comp>

<comp id="392" class="1004" name="add_ln68_37_fu_392">
<pin_list>
<pin id="393" dir="0" index="0" bw="26" slack="0"/>
<pin id="394" dir="0" index="1" bw="16" slack="0"/>
<pin id="395" dir="1" index="2" bw="26" slack="0"/>
</pin_list>
<bind>
<opcode="add(8) " fcode="add"/>
<opset="add_ln68_37/1 "/>
</bind>
</comp>

<comp id="398" class="1004" name="p_Result_5_fu_398">
<pin_list>
<pin id="399" dir="0" index="0" bw="4" slack="0"/>
<pin id="400" dir="0" index="1" bw="32" slack="0"/>
<pin id="401" dir="0" index="2" bw="6" slack="0"/>
<pin id="402" dir="0" index="3" bw="6" slack="0"/>
<pin id="403" dir="1" index="4" bw="4" slack="0"/>
</pin_list>
<bind>
<opcode="partselect(1002) " fcode="partselect"/>
<opset="p_Result_5/1 "/>
</bind>
</comp>

<comp id="408" class="1004" name="tmp_38_fu_408">
<pin_list>
<pin id="409" dir="0" index="0" bw="4" slack="0"/>
<pin id="410" dir="0" index="1" bw="32" slack="0"/>
<pin id="411" dir="0" index="2" bw="6" slack="0"/>
<pin id="412" dir="0" index="3" bw="6" slack="0"/>
<pin id="413" dir="1" index="4" bw="4" slack="0"/>
</pin_list>
<bind>
<opcode="partselect(1002) " fcode="partselect"/>
<opset="tmp_38/1 "/>
</bind>
</comp>

<comp id="418" class="1004" name="shl_ln68_35_fu_418">
<pin_list>
<pin id="419" dir="0" index="0" bw="26" slack="0"/>
<pin id="420" dir="0" index="1" bw="4" slack="0"/>
<pin id="421" dir="0" index="2" bw="1" slack="0"/>
<pin id="422" dir="1" index="3" bw="26" slack="0"/>
</pin_list>
<bind>
<opcode="bitconcatenate(1004) " fcode="bitconcatenate"/>
<opset="shl_ln68_35/1 "/>
</bind>
</comp>

<comp id="426" class="1004" name="tmp_39_fu_426">
<pin_list>
<pin id="427" dir="0" index="0" bw="4" slack="0"/>
<pin id="428" dir="0" index="1" bw="32" slack="0"/>
<pin id="429" dir="0" index="2" bw="6" slack="0"/>
<pin id="430" dir="0" index="3" bw="6" slack="0"/>
<pin id="431" dir="1" index="4" bw="4" slack="0"/>
</pin_list>
<bind>
<opcode="partselect(1002) " fcode="partselect"/>
<opset="tmp_39/1 "/>
</bind>
</comp>

<comp id="436" class="1004" name="shl_ln68_36_fu_436">
<pin_list>
<pin id="437" dir="0" index="0" bw="15" slack="0"/>
<pin id="438" dir="0" index="1" bw="4" slack="0"/>
<pin id="439" dir="0" index="2" bw="1" slack="0"/>
<pin id="440" dir="1" index="3" bw="15" slack="0"/>
</pin_list>
<bind>
<opcode="bitconcatenate(1004) " fcode="bitconcatenate"/>
<opset="shl_ln68_36/1 "/>
</bind>
</comp>

<comp id="444" class="1004" name="sext_ln68_48_fu_444">
<pin_list>
<pin id="445" dir="0" index="0" bw="15" slack="0"/>
<pin id="446" dir="1" index="1" bw="16" slack="0"/>
</pin_list>
<bind>
<opcode="sext(35) " fcode="sext"/>
<opset="sext_ln68_48/1 "/>
</bind>
</comp>

<comp id="448" class="1004" name="sext_ln68_49_fu_448">
<pin_list>
<pin id="449" dir="0" index="0" bw="4" slack="0"/>
<pin id="450" dir="1" index="1" bw="16" slack="0"/>
</pin_list>
<bind>
<opcode="sext(35) " fcode="sext"/>
<opset="sext_ln68_49/1 "/>
</bind>
</comp>

<comp id="452" class="1004" name="add_ln68_5_fu_452">
<pin_list>
<pin id="453" dir="0" index="0" bw="15" slack="0"/>
<pin id="454" dir="0" index="1" bw="4" slack="0"/>
<pin id="455" dir="1" index="2" bw="16" slack="0"/>
</pin_list>
<bind>
<opcode="add(8) " fcode="add"/>
<opset="add_ln68_5/1 "/>
</bind>
</comp>

<comp id="458" class="1004" name="sext_ln68_50_fu_458">
<pin_list>
<pin id="459" dir="0" index="0" bw="16" slack="0"/>
<pin id="460" dir="1" index="1" bw="26" slack="0"/>
</pin_list>
<bind>
<opcode="sext(35) " fcode="sext"/>
<opset="sext_ln68_50/1 "/>
</bind>
</comp>

<comp id="462" class="1004" name="add_ln68_38_fu_462">
<pin_list>
<pin id="463" dir="0" index="0" bw="26" slack="0"/>
<pin id="464" dir="0" index="1" bw="16" slack="0"/>
<pin id="465" dir="1" index="2" bw="26" slack="0"/>
</pin_list>
<bind>
<opcode="add(8) " fcode="add"/>
<opset="add_ln68_38/1 "/>
</bind>
</comp>

<comp id="468" class="1004" name="p_Result_6_fu_468">
<pin_list>
<pin id="469" dir="0" index="0" bw="4" slack="0"/>
<pin id="470" dir="0" index="1" bw="32" slack="0"/>
<pin id="471" dir="0" index="2" bw="6" slack="0"/>
<pin id="472" dir="0" index="3" bw="6" slack="0"/>
<pin id="473" dir="1" index="4" bw="4" slack="0"/>
</pin_list>
<bind>
<opcode="partselect(1002) " fcode="partselect"/>
<opset="p_Result_6/1 "/>
</bind>
</comp>

<comp id="478" class="1004" name="tmp_40_fu_478">
<pin_list>
<pin id="479" dir="0" index="0" bw="4" slack="0"/>
<pin id="480" dir="0" index="1" bw="32" slack="0"/>
<pin id="481" dir="0" index="2" bw="6" slack="0"/>
<pin id="482" dir="0" index="3" bw="6" slack="0"/>
<pin id="483" dir="1" index="4" bw="4" slack="0"/>
</pin_list>
<bind>
<opcode="partselect(1002) " fcode="partselect"/>
<opset="tmp_40/1 "/>
</bind>
</comp>

<comp id="488" class="1004" name="shl_ln68_37_fu_488">
<pin_list>
<pin id="489" dir="0" index="0" bw="26" slack="0"/>
<pin id="490" dir="0" index="1" bw="4" slack="0"/>
<pin id="491" dir="0" index="2" bw="1" slack="0"/>
<pin id="492" dir="1" index="3" bw="26" slack="0"/>
</pin_list>
<bind>
<opcode="bitconcatenate(1004) " fcode="bitconcatenate"/>
<opset="shl_ln68_37/1 "/>
</bind>
</comp>

<comp id="496" class="1004" name="tmp_41_fu_496">
<pin_list>
<pin id="497" dir="0" index="0" bw="4" slack="0"/>
<pin id="498" dir="0" index="1" bw="32" slack="0"/>
<pin id="499" dir="0" index="2" bw="6" slack="0"/>
<pin id="500" dir="0" index="3" bw="6" slack="0"/>
<pin id="501" dir="1" index="4" bw="4" slack="0"/>
</pin_list>
<bind>
<opcode="partselect(1002) " fcode="partselect"/>
<opset="tmp_41/1 "/>
</bind>
</comp>

<comp id="506" class="1004" name="shl_ln68_38_fu_506">
<pin_list>
<pin id="507" dir="0" index="0" bw="15" slack="0"/>
<pin id="508" dir="0" index="1" bw="4" slack="0"/>
<pin id="509" dir="0" index="2" bw="1" slack="0"/>
<pin id="510" dir="1" index="3" bw="15" slack="0"/>
</pin_list>
<bind>
<opcode="bitconcatenate(1004) " fcode="bitconcatenate"/>
<opset="shl_ln68_38/1 "/>
</bind>
</comp>

<comp id="514" class="1004" name="sext_ln68_51_fu_514">
<pin_list>
<pin id="515" dir="0" index="0" bw="15" slack="0"/>
<pin id="516" dir="1" index="1" bw="16" slack="0"/>
</pin_list>
<bind>
<opcode="sext(35) " fcode="sext"/>
<opset="sext_ln68_51/1 "/>
</bind>
</comp>

<comp id="518" class="1004" name="sext_ln68_52_fu_518">
<pin_list>
<pin id="519" dir="0" index="0" bw="4" slack="0"/>
<pin id="520" dir="1" index="1" bw="16" slack="0"/>
</pin_list>
<bind>
<opcode="sext(35) " fcode="sext"/>
<opset="sext_ln68_52/1 "/>
</bind>
</comp>

<comp id="522" class="1004" name="add_ln68_6_fu_522">
<pin_list>
<pin id="523" dir="0" index="0" bw="15" slack="0"/>
<pin id="524" dir="0" index="1" bw="4" slack="0"/>
<pin id="525" dir="1" index="2" bw="16" slack="0"/>
</pin_list>
<bind>
<opcode="add(8) " fcode="add"/>
<opset="add_ln68_6/1 "/>
</bind>
</comp>

<comp id="528" class="1004" name="sext_ln68_53_fu_528">
<pin_list>
<pin id="529" dir="0" index="0" bw="16" slack="0"/>
<pin id="530" dir="1" index="1" bw="26" slack="0"/>
</pin_list>
<bind>
<opcode="sext(35) " fcode="sext"/>
<opset="sext_ln68_53/1 "/>
</bind>
</comp>

<comp id="532" class="1004" name="add_ln68_39_fu_532">
<pin_list>
<pin id="533" dir="0" index="0" bw="26" slack="0"/>
<pin id="534" dir="0" index="1" bw="16" slack="0"/>
<pin id="535" dir="1" index="2" bw="26" slack="0"/>
</pin_list>
<bind>
<opcode="add(8) " fcode="add"/>
<opset="add_ln68_39/1 "/>
</bind>
</comp>

<comp id="538" class="1004" name="p_Result_7_fu_538">
<pin_list>
<pin id="539" dir="0" index="0" bw="4" slack="0"/>
<pin id="540" dir="0" index="1" bw="32" slack="0"/>
<pin id="541" dir="0" index="2" bw="6" slack="0"/>
<pin id="542" dir="0" index="3" bw="6" slack="0"/>
<pin id="543" dir="1" index="4" bw="4" slack="0"/>
</pin_list>
<bind>
<opcode="partselect(1002) " fcode="partselect"/>
<opset="p_Result_7/1 "/>
</bind>
</comp>

<comp id="548" class="1004" name="tmp_42_fu_548">
<pin_list>
<pin id="549" dir="0" index="0" bw="4" slack="0"/>
<pin id="550" dir="0" index="1" bw="32" slack="0"/>
<pin id="551" dir="0" index="2" bw="6" slack="0"/>
<pin id="552" dir="0" index="3" bw="6" slack="0"/>
<pin id="553" dir="1" index="4" bw="4" slack="0"/>
</pin_list>
<bind>
<opcode="partselect(1002) " fcode="partselect"/>
<opset="tmp_42/1 "/>
</bind>
</comp>

<comp id="558" class="1004" name="shl_ln68_39_fu_558">
<pin_list>
<pin id="559" dir="0" index="0" bw="26" slack="0"/>
<pin id="560" dir="0" index="1" bw="4" slack="0"/>
<pin id="561" dir="0" index="2" bw="1" slack="0"/>
<pin id="562" dir="1" index="3" bw="26" slack="0"/>
</pin_list>
<bind>
<opcode="bitconcatenate(1004) " fcode="bitconcatenate"/>
<opset="shl_ln68_39/1 "/>
</bind>
</comp>

<comp id="566" class="1004" name="tmp_43_fu_566">
<pin_list>
<pin id="567" dir="0" index="0" bw="4" slack="0"/>
<pin id="568" dir="0" index="1" bw="32" slack="0"/>
<pin id="569" dir="0" index="2" bw="6" slack="0"/>
<pin id="570" dir="0" index="3" bw="6" slack="0"/>
<pin id="571" dir="1" index="4" bw="4" slack="0"/>
</pin_list>
<bind>
<opcode="partselect(1002) " fcode="partselect"/>
<opset="tmp_43/1 "/>
</bind>
</comp>

<comp id="576" class="1004" name="shl_ln68_40_fu_576">
<pin_list>
<pin id="577" dir="0" index="0" bw="15" slack="0"/>
<pin id="578" dir="0" index="1" bw="4" slack="0"/>
<pin id="579" dir="0" index="2" bw="1" slack="0"/>
<pin id="580" dir="1" index="3" bw="15" slack="0"/>
</pin_list>
<bind>
<opcode="bitconcatenate(1004) " fcode="bitconcatenate"/>
<opset="shl_ln68_40/1 "/>
</bind>
</comp>

<comp id="584" class="1004" name="sext_ln68_54_fu_584">
<pin_list>
<pin id="585" dir="0" index="0" bw="15" slack="0"/>
<pin id="586" dir="1" index="1" bw="16" slack="0"/>
</pin_list>
<bind>
<opcode="sext(35) " fcode="sext"/>
<opset="sext_ln68_54/1 "/>
</bind>
</comp>

<comp id="588" class="1004" name="sext_ln68_55_fu_588">
<pin_list>
<pin id="589" dir="0" index="0" bw="4" slack="0"/>
<pin id="590" dir="1" index="1" bw="16" slack="0"/>
</pin_list>
<bind>
<opcode="sext(35) " fcode="sext"/>
<opset="sext_ln68_55/1 "/>
</bind>
</comp>

<comp id="592" class="1004" name="add_ln68_7_fu_592">
<pin_list>
<pin id="593" dir="0" index="0" bw="15" slack="0"/>
<pin id="594" dir="0" index="1" bw="4" slack="0"/>
<pin id="595" dir="1" index="2" bw="16" slack="0"/>
</pin_list>
<bind>
<opcode="add(8) " fcode="add"/>
<opset="add_ln68_7/1 "/>
</bind>
</comp>

<comp id="598" class="1004" name="sext_ln68_56_fu_598">
<pin_list>
<pin id="599" dir="0" index="0" bw="16" slack="0"/>
<pin id="600" dir="1" index="1" bw="26" slack="0"/>
</pin_list>
<bind>
<opcode="sext(35) " fcode="sext"/>
<opset="sext_ln68_56/1 "/>
</bind>
</comp>

<comp id="602" class="1004" name="add_ln68_40_fu_602">
<pin_list>
<pin id="603" dir="0" index="0" bw="26" slack="0"/>
<pin id="604" dir="0" index="1" bw="16" slack="0"/>
<pin id="605" dir="1" index="2" bw="26" slack="0"/>
</pin_list>
<bind>
<opcode="add(8) " fcode="add"/>
<opset="add_ln68_40/1 "/>
</bind>
</comp>

<comp id="608" class="1004" name="mrv_fu_608">
<pin_list>
<pin id="609" dir="0" index="0" bw="208" slack="0"/>
<pin id="610" dir="0" index="1" bw="26" slack="0"/>
<pin id="611" dir="1" index="2" bw="208" slack="0"/>
</pin_list>
<bind>
<opcode="insertvalue(57) " fcode="insertvalue"/>
<opset="mrv/1 "/>
</bind>
</comp>

<comp id="614" class="1004" name="mrv_1_fu_614">
<pin_list>
<pin id="615" dir="0" index="0" bw="208" slack="0"/>
<pin id="616" dir="0" index="1" bw="26" slack="0"/>
<pin id="617" dir="1" index="2" bw="208" slack="0"/>
</pin_list>
<bind>
<opcode="insertvalue(57) " fcode="insertvalue"/>
<opset="mrv_1/1 "/>
</bind>
</comp>

<comp id="620" class="1004" name="mrv_2_fu_620">
<pin_list>
<pin id="621" dir="0" index="0" bw="208" slack="0"/>
<pin id="622" dir="0" index="1" bw="26" slack="0"/>
<pin id="623" dir="1" index="2" bw="208" slack="0"/>
</pin_list>
<bind>
<opcode="insertvalue(57) " fcode="insertvalue"/>
<opset="mrv_2/1 "/>
</bind>
</comp>

<comp id="626" class="1004" name="mrv_3_fu_626">
<pin_list>
<pin id="627" dir="0" index="0" bw="208" slack="0"/>
<pin id="628" dir="0" index="1" bw="26" slack="0"/>
<pin id="629" dir="1" index="2" bw="208" slack="0"/>
</pin_list>
<bind>
<opcode="insertvalue(57) " fcode="insertvalue"/>
<opset="mrv_3/1 "/>
</bind>
</comp>

<comp id="632" class="1004" name="mrv_4_fu_632">
<pin_list>
<pin id="633" dir="0" index="0" bw="208" slack="0"/>
<pin id="634" dir="0" index="1" bw="26" slack="0"/>
<pin id="635" dir="1" index="2" bw="208" slack="0"/>
</pin_list>
<bind>
<opcode="insertvalue(57) " fcode="insertvalue"/>
<opset="mrv_4/1 "/>
</bind>
</comp>

<comp id="638" class="1004" name="mrv_5_fu_638">
<pin_list>
<pin id="639" dir="0" index="0" bw="208" slack="0"/>
<pin id="640" dir="0" index="1" bw="26" slack="0"/>
<pin id="641" dir="1" index="2" bw="208" slack="0"/>
</pin_list>
<bind>
<opcode="insertvalue(57) " fcode="insertvalue"/>
<opset="mrv_5/1 "/>
</bind>
</comp>

<comp id="644" class="1004" name="mrv_6_fu_644">
<pin_list>
<pin id="645" dir="0" index="0" bw="208" slack="0"/>
<pin id="646" dir="0" index="1" bw="26" slack="0"/>
<pin id="647" dir="1" index="2" bw="208" slack="0"/>
</pin_list>
<bind>
<opcode="insertvalue(57) " fcode="insertvalue"/>
<opset="mrv_6/1 "/>
</bind>
</comp>

<comp id="650" class="1004" name="mrv_7_fu_650">
<pin_list>
<pin id="651" dir="0" index="0" bw="208" slack="0"/>
<pin id="652" dir="0" index="1" bw="26" slack="0"/>
<pin id="653" dir="1" index="2" bw="208" slack="2147483647"/>
</pin_list>
<bind>
<opcode="insertvalue(57) " fcode="insertvalue"/>
<opset="mrv_7/1 "/>
</bind>
</comp>

</comp_list>

<net_list>
<net id="52"><net_src comp="6" pin="0"/><net_sink comp="48" pin=0"/></net>

<net id="53"><net_src comp="4" pin="0"/><net_sink comp="48" pin=1"/></net>

<net id="58"><net_src comp="6" pin="0"/><net_sink comp="54" pin=0"/></net>

<net id="59"><net_src comp="2" pin="0"/><net_sink comp="54" pin=1"/></net>

<net id="64"><net_src comp="6" pin="0"/><net_sink comp="60" pin=0"/></net>

<net id="65"><net_src comp="0" pin="0"/><net_sink comp="60" pin=1"/></net>

<net id="69"><net_src comp="60" pin="2"/><net_sink comp="66" pin=0"/></net>

<net id="73"><net_src comp="48" pin="2"/><net_sink comp="70" pin=0"/></net>

<net id="79"><net_src comp="8" pin="0"/><net_sink comp="74" pin=0"/></net>

<net id="80"><net_src comp="70" pin="1"/><net_sink comp="74" pin=1"/></net>

<net id="81"><net_src comp="10" pin="0"/><net_sink comp="74" pin=2"/></net>

<net id="85"><net_src comp="54" pin="2"/><net_sink comp="82" pin=0"/></net>

<net id="91"><net_src comp="12" pin="0"/><net_sink comp="86" pin=0"/></net>

<net id="92"><net_src comp="82" pin="1"/><net_sink comp="86" pin=1"/></net>

<net id="93"><net_src comp="14" pin="0"/><net_sink comp="86" pin=2"/></net>

<net id="97"><net_src comp="86" pin="3"/><net_sink comp="94" pin=0"/></net>

<net id="101"><net_src comp="66" pin="1"/><net_sink comp="98" pin=0"/></net>

<net id="106"><net_src comp="94" pin="1"/><net_sink comp="102" pin=0"/></net>

<net id="107"><net_src comp="98" pin="1"/><net_sink comp="102" pin=1"/></net>

<net id="111"><net_src comp="102" pin="2"/><net_sink comp="108" pin=0"/></net>

<net id="116"><net_src comp="74" pin="3"/><net_sink comp="112" pin=0"/></net>

<net id="117"><net_src comp="108" pin="1"/><net_sink comp="112" pin=1"/></net>

<net id="124"><net_src comp="16" pin="0"/><net_sink comp="118" pin=0"/></net>

<net id="125"><net_src comp="60" pin="2"/><net_sink comp="118" pin=1"/></net>

<net id="126"><net_src comp="18" pin="0"/><net_sink comp="118" pin=2"/></net>

<net id="127"><net_src comp="20" pin="0"/><net_sink comp="118" pin=3"/></net>

<net id="134"><net_src comp="16" pin="0"/><net_sink comp="128" pin=0"/></net>

<net id="135"><net_src comp="48" pin="2"/><net_sink comp="128" pin=1"/></net>

<net id="136"><net_src comp="18" pin="0"/><net_sink comp="128" pin=2"/></net>

<net id="137"><net_src comp="20" pin="0"/><net_sink comp="128" pin=3"/></net>

<net id="143"><net_src comp="8" pin="0"/><net_sink comp="138" pin=0"/></net>

<net id="144"><net_src comp="128" pin="4"/><net_sink comp="138" pin=1"/></net>

<net id="145"><net_src comp="10" pin="0"/><net_sink comp="138" pin=2"/></net>

<net id="152"><net_src comp="16" pin="0"/><net_sink comp="146" pin=0"/></net>

<net id="153"><net_src comp="54" pin="2"/><net_sink comp="146" pin=1"/></net>

<net id="154"><net_src comp="18" pin="0"/><net_sink comp="146" pin=2"/></net>

<net id="155"><net_src comp="20" pin="0"/><net_sink comp="146" pin=3"/></net>

<net id="161"><net_src comp="12" pin="0"/><net_sink comp="156" pin=0"/></net>

<net id="162"><net_src comp="146" pin="4"/><net_sink comp="156" pin=1"/></net>

<net id="163"><net_src comp="14" pin="0"/><net_sink comp="156" pin=2"/></net>

<net id="167"><net_src comp="156" pin="3"/><net_sink comp="164" pin=0"/></net>

<net id="171"><net_src comp="118" pin="4"/><net_sink comp="168" pin=0"/></net>

<net id="176"><net_src comp="164" pin="1"/><net_sink comp="172" pin=0"/></net>

<net id="177"><net_src comp="168" pin="1"/><net_sink comp="172" pin=1"/></net>

<net id="181"><net_src comp="172" pin="2"/><net_sink comp="178" pin=0"/></net>

<net id="186"><net_src comp="138" pin="3"/><net_sink comp="182" pin=0"/></net>

<net id="187"><net_src comp="178" pin="1"/><net_sink comp="182" pin=1"/></net>

<net id="194"><net_src comp="16" pin="0"/><net_sink comp="188" pin=0"/></net>

<net id="195"><net_src comp="60" pin="2"/><net_sink comp="188" pin=1"/></net>

<net id="196"><net_src comp="22" pin="0"/><net_sink comp="188" pin=2"/></net>

<net id="197"><net_src comp="24" pin="0"/><net_sink comp="188" pin=3"/></net>

<net id="204"><net_src comp="16" pin="0"/><net_sink comp="198" pin=0"/></net>

<net id="205"><net_src comp="48" pin="2"/><net_sink comp="198" pin=1"/></net>

<net id="206"><net_src comp="22" pin="0"/><net_sink comp="198" pin=2"/></net>

<net id="207"><net_src comp="24" pin="0"/><net_sink comp="198" pin=3"/></net>

<net id="213"><net_src comp="8" pin="0"/><net_sink comp="208" pin=0"/></net>

<net id="214"><net_src comp="198" pin="4"/><net_sink comp="208" pin=1"/></net>

<net id="215"><net_src comp="10" pin="0"/><net_sink comp="208" pin=2"/></net>

<net id="222"><net_src comp="16" pin="0"/><net_sink comp="216" pin=0"/></net>

<net id="223"><net_src comp="54" pin="2"/><net_sink comp="216" pin=1"/></net>

<net id="224"><net_src comp="22" pin="0"/><net_sink comp="216" pin=2"/></net>

<net id="225"><net_src comp="24" pin="0"/><net_sink comp="216" pin=3"/></net>

<net id="231"><net_src comp="12" pin="0"/><net_sink comp="226" pin=0"/></net>

<net id="232"><net_src comp="216" pin="4"/><net_sink comp="226" pin=1"/></net>

<net id="233"><net_src comp="14" pin="0"/><net_sink comp="226" pin=2"/></net>

<net id="237"><net_src comp="226" pin="3"/><net_sink comp="234" pin=0"/></net>

<net id="241"><net_src comp="188" pin="4"/><net_sink comp="238" pin=0"/></net>

<net id="246"><net_src comp="234" pin="1"/><net_sink comp="242" pin=0"/></net>

<net id="247"><net_src comp="238" pin="1"/><net_sink comp="242" pin=1"/></net>

<net id="251"><net_src comp="242" pin="2"/><net_sink comp="248" pin=0"/></net>

<net id="256"><net_src comp="208" pin="3"/><net_sink comp="252" pin=0"/></net>

<net id="257"><net_src comp="248" pin="1"/><net_sink comp="252" pin=1"/></net>

<net id="264"><net_src comp="16" pin="0"/><net_sink comp="258" pin=0"/></net>

<net id="265"><net_src comp="60" pin="2"/><net_sink comp="258" pin=1"/></net>

<net id="266"><net_src comp="26" pin="0"/><net_sink comp="258" pin=2"/></net>

<net id="267"><net_src comp="28" pin="0"/><net_sink comp="258" pin=3"/></net>

<net id="274"><net_src comp="16" pin="0"/><net_sink comp="268" pin=0"/></net>

<net id="275"><net_src comp="48" pin="2"/><net_sink comp="268" pin=1"/></net>

<net id="276"><net_src comp="26" pin="0"/><net_sink comp="268" pin=2"/></net>

<net id="277"><net_src comp="28" pin="0"/><net_sink comp="268" pin=3"/></net>

<net id="283"><net_src comp="8" pin="0"/><net_sink comp="278" pin=0"/></net>

<net id="284"><net_src comp="268" pin="4"/><net_sink comp="278" pin=1"/></net>

<net id="285"><net_src comp="10" pin="0"/><net_sink comp="278" pin=2"/></net>

<net id="292"><net_src comp="16" pin="0"/><net_sink comp="286" pin=0"/></net>

<net id="293"><net_src comp="54" pin="2"/><net_sink comp="286" pin=1"/></net>

<net id="294"><net_src comp="26" pin="0"/><net_sink comp="286" pin=2"/></net>

<net id="295"><net_src comp="28" pin="0"/><net_sink comp="286" pin=3"/></net>

<net id="301"><net_src comp="12" pin="0"/><net_sink comp="296" pin=0"/></net>

<net id="302"><net_src comp="286" pin="4"/><net_sink comp="296" pin=1"/></net>

<net id="303"><net_src comp="14" pin="0"/><net_sink comp="296" pin=2"/></net>

<net id="307"><net_src comp="296" pin="3"/><net_sink comp="304" pin=0"/></net>

<net id="311"><net_src comp="258" pin="4"/><net_sink comp="308" pin=0"/></net>

<net id="316"><net_src comp="304" pin="1"/><net_sink comp="312" pin=0"/></net>

<net id="317"><net_src comp="308" pin="1"/><net_sink comp="312" pin=1"/></net>

<net id="321"><net_src comp="312" pin="2"/><net_sink comp="318" pin=0"/></net>

<net id="326"><net_src comp="278" pin="3"/><net_sink comp="322" pin=0"/></net>

<net id="327"><net_src comp="318" pin="1"/><net_sink comp="322" pin=1"/></net>

<net id="334"><net_src comp="16" pin="0"/><net_sink comp="328" pin=0"/></net>

<net id="335"><net_src comp="60" pin="2"/><net_sink comp="328" pin=1"/></net>

<net id="336"><net_src comp="30" pin="0"/><net_sink comp="328" pin=2"/></net>

<net id="337"><net_src comp="32" pin="0"/><net_sink comp="328" pin=3"/></net>

<net id="344"><net_src comp="16" pin="0"/><net_sink comp="338" pin=0"/></net>

<net id="345"><net_src comp="48" pin="2"/><net_sink comp="338" pin=1"/></net>

<net id="346"><net_src comp="30" pin="0"/><net_sink comp="338" pin=2"/></net>

<net id="347"><net_src comp="32" pin="0"/><net_sink comp="338" pin=3"/></net>

<net id="353"><net_src comp="8" pin="0"/><net_sink comp="348" pin=0"/></net>

<net id="354"><net_src comp="338" pin="4"/><net_sink comp="348" pin=1"/></net>

<net id="355"><net_src comp="10" pin="0"/><net_sink comp="348" pin=2"/></net>

<net id="362"><net_src comp="16" pin="0"/><net_sink comp="356" pin=0"/></net>

<net id="363"><net_src comp="54" pin="2"/><net_sink comp="356" pin=1"/></net>

<net id="364"><net_src comp="30" pin="0"/><net_sink comp="356" pin=2"/></net>

<net id="365"><net_src comp="32" pin="0"/><net_sink comp="356" pin=3"/></net>

<net id="371"><net_src comp="12" pin="0"/><net_sink comp="366" pin=0"/></net>

<net id="372"><net_src comp="356" pin="4"/><net_sink comp="366" pin=1"/></net>

<net id="373"><net_src comp="14" pin="0"/><net_sink comp="366" pin=2"/></net>

<net id="377"><net_src comp="366" pin="3"/><net_sink comp="374" pin=0"/></net>

<net id="381"><net_src comp="328" pin="4"/><net_sink comp="378" pin=0"/></net>

<net id="386"><net_src comp="374" pin="1"/><net_sink comp="382" pin=0"/></net>

<net id="387"><net_src comp="378" pin="1"/><net_sink comp="382" pin=1"/></net>

<net id="391"><net_src comp="382" pin="2"/><net_sink comp="388" pin=0"/></net>

<net id="396"><net_src comp="348" pin="3"/><net_sink comp="392" pin=0"/></net>

<net id="397"><net_src comp="388" pin="1"/><net_sink comp="392" pin=1"/></net>

<net id="404"><net_src comp="16" pin="0"/><net_sink comp="398" pin=0"/></net>

<net id="405"><net_src comp="60" pin="2"/><net_sink comp="398" pin=1"/></net>

<net id="406"><net_src comp="34" pin="0"/><net_sink comp="398" pin=2"/></net>

<net id="407"><net_src comp="36" pin="0"/><net_sink comp="398" pin=3"/></net>

<net id="414"><net_src comp="16" pin="0"/><net_sink comp="408" pin=0"/></net>

<net id="415"><net_src comp="48" pin="2"/><net_sink comp="408" pin=1"/></net>

<net id="416"><net_src comp="34" pin="0"/><net_sink comp="408" pin=2"/></net>

<net id="417"><net_src comp="36" pin="0"/><net_sink comp="408" pin=3"/></net>

<net id="423"><net_src comp="8" pin="0"/><net_sink comp="418" pin=0"/></net>

<net id="424"><net_src comp="408" pin="4"/><net_sink comp="418" pin=1"/></net>

<net id="425"><net_src comp="10" pin="0"/><net_sink comp="418" pin=2"/></net>

<net id="432"><net_src comp="16" pin="0"/><net_sink comp="426" pin=0"/></net>

<net id="433"><net_src comp="54" pin="2"/><net_sink comp="426" pin=1"/></net>

<net id="434"><net_src comp="34" pin="0"/><net_sink comp="426" pin=2"/></net>

<net id="435"><net_src comp="36" pin="0"/><net_sink comp="426" pin=3"/></net>

<net id="441"><net_src comp="12" pin="0"/><net_sink comp="436" pin=0"/></net>

<net id="442"><net_src comp="426" pin="4"/><net_sink comp="436" pin=1"/></net>

<net id="443"><net_src comp="14" pin="0"/><net_sink comp="436" pin=2"/></net>

<net id="447"><net_src comp="436" pin="3"/><net_sink comp="444" pin=0"/></net>

<net id="451"><net_src comp="398" pin="4"/><net_sink comp="448" pin=0"/></net>

<net id="456"><net_src comp="444" pin="1"/><net_sink comp="452" pin=0"/></net>

<net id="457"><net_src comp="448" pin="1"/><net_sink comp="452" pin=1"/></net>

<net id="461"><net_src comp="452" pin="2"/><net_sink comp="458" pin=0"/></net>

<net id="466"><net_src comp="418" pin="3"/><net_sink comp="462" pin=0"/></net>

<net id="467"><net_src comp="458" pin="1"/><net_sink comp="462" pin=1"/></net>

<net id="474"><net_src comp="16" pin="0"/><net_sink comp="468" pin=0"/></net>

<net id="475"><net_src comp="60" pin="2"/><net_sink comp="468" pin=1"/></net>

<net id="476"><net_src comp="38" pin="0"/><net_sink comp="468" pin=2"/></net>

<net id="477"><net_src comp="40" pin="0"/><net_sink comp="468" pin=3"/></net>

<net id="484"><net_src comp="16" pin="0"/><net_sink comp="478" pin=0"/></net>

<net id="485"><net_src comp="48" pin="2"/><net_sink comp="478" pin=1"/></net>

<net id="486"><net_src comp="38" pin="0"/><net_sink comp="478" pin=2"/></net>

<net id="487"><net_src comp="40" pin="0"/><net_sink comp="478" pin=3"/></net>

<net id="493"><net_src comp="8" pin="0"/><net_sink comp="488" pin=0"/></net>

<net id="494"><net_src comp="478" pin="4"/><net_sink comp="488" pin=1"/></net>

<net id="495"><net_src comp="10" pin="0"/><net_sink comp="488" pin=2"/></net>

<net id="502"><net_src comp="16" pin="0"/><net_sink comp="496" pin=0"/></net>

<net id="503"><net_src comp="54" pin="2"/><net_sink comp="496" pin=1"/></net>

<net id="504"><net_src comp="38" pin="0"/><net_sink comp="496" pin=2"/></net>

<net id="505"><net_src comp="40" pin="0"/><net_sink comp="496" pin=3"/></net>

<net id="511"><net_src comp="12" pin="0"/><net_sink comp="506" pin=0"/></net>

<net id="512"><net_src comp="496" pin="4"/><net_sink comp="506" pin=1"/></net>

<net id="513"><net_src comp="14" pin="0"/><net_sink comp="506" pin=2"/></net>

<net id="517"><net_src comp="506" pin="3"/><net_sink comp="514" pin=0"/></net>

<net id="521"><net_src comp="468" pin="4"/><net_sink comp="518" pin=0"/></net>

<net id="526"><net_src comp="514" pin="1"/><net_sink comp="522" pin=0"/></net>

<net id="527"><net_src comp="518" pin="1"/><net_sink comp="522" pin=1"/></net>

<net id="531"><net_src comp="522" pin="2"/><net_sink comp="528" pin=0"/></net>

<net id="536"><net_src comp="488" pin="3"/><net_sink comp="532" pin=0"/></net>

<net id="537"><net_src comp="528" pin="1"/><net_sink comp="532" pin=1"/></net>

<net id="544"><net_src comp="16" pin="0"/><net_sink comp="538" pin=0"/></net>

<net id="545"><net_src comp="60" pin="2"/><net_sink comp="538" pin=1"/></net>

<net id="546"><net_src comp="42" pin="0"/><net_sink comp="538" pin=2"/></net>

<net id="547"><net_src comp="44" pin="0"/><net_sink comp="538" pin=3"/></net>

<net id="554"><net_src comp="16" pin="0"/><net_sink comp="548" pin=0"/></net>

<net id="555"><net_src comp="48" pin="2"/><net_sink comp="548" pin=1"/></net>

<net id="556"><net_src comp="42" pin="0"/><net_sink comp="548" pin=2"/></net>

<net id="557"><net_src comp="44" pin="0"/><net_sink comp="548" pin=3"/></net>

<net id="563"><net_src comp="8" pin="0"/><net_sink comp="558" pin=0"/></net>

<net id="564"><net_src comp="548" pin="4"/><net_sink comp="558" pin=1"/></net>

<net id="565"><net_src comp="10" pin="0"/><net_sink comp="558" pin=2"/></net>

<net id="572"><net_src comp="16" pin="0"/><net_sink comp="566" pin=0"/></net>

<net id="573"><net_src comp="54" pin="2"/><net_sink comp="566" pin=1"/></net>

<net id="574"><net_src comp="42" pin="0"/><net_sink comp="566" pin=2"/></net>

<net id="575"><net_src comp="44" pin="0"/><net_sink comp="566" pin=3"/></net>

<net id="581"><net_src comp="12" pin="0"/><net_sink comp="576" pin=0"/></net>

<net id="582"><net_src comp="566" pin="4"/><net_sink comp="576" pin=1"/></net>

<net id="583"><net_src comp="14" pin="0"/><net_sink comp="576" pin=2"/></net>

<net id="587"><net_src comp="576" pin="3"/><net_sink comp="584" pin=0"/></net>

<net id="591"><net_src comp="538" pin="4"/><net_sink comp="588" pin=0"/></net>

<net id="596"><net_src comp="584" pin="1"/><net_sink comp="592" pin=0"/></net>

<net id="597"><net_src comp="588" pin="1"/><net_sink comp="592" pin=1"/></net>

<net id="601"><net_src comp="592" pin="2"/><net_sink comp="598" pin=0"/></net>

<net id="606"><net_src comp="558" pin="3"/><net_sink comp="602" pin=0"/></net>

<net id="607"><net_src comp="598" pin="1"/><net_sink comp="602" pin=1"/></net>

<net id="612"><net_src comp="46" pin="0"/><net_sink comp="608" pin=0"/></net>

<net id="613"><net_src comp="112" pin="2"/><net_sink comp="608" pin=1"/></net>

<net id="618"><net_src comp="608" pin="2"/><net_sink comp="614" pin=0"/></net>

<net id="619"><net_src comp="182" pin="2"/><net_sink comp="614" pin=1"/></net>

<net id="624"><net_src comp="614" pin="2"/><net_sink comp="620" pin=0"/></net>

<net id="625"><net_src comp="252" pin="2"/><net_sink comp="620" pin=1"/></net>

<net id="630"><net_src comp="620" pin="2"/><net_sink comp="626" pin=0"/></net>

<net id="631"><net_src comp="322" pin="2"/><net_sink comp="626" pin=1"/></net>

<net id="636"><net_src comp="626" pin="2"/><net_sink comp="632" pin=0"/></net>

<net id="637"><net_src comp="392" pin="2"/><net_sink comp="632" pin=1"/></net>

<net id="642"><net_src comp="632" pin="2"/><net_sink comp="638" pin=0"/></net>

<net id="643"><net_src comp="462" pin="2"/><net_sink comp="638" pin=1"/></net>

<net id="648"><net_src comp="638" pin="2"/><net_sink comp="644" pin=0"/></net>

<net id="649"><net_src comp="532" pin="2"/><net_sink comp="644" pin=1"/></net>

<net id="654"><net_src comp="644" pin="2"/><net_sink comp="650" pin=0"/></net>

<net id="655"><net_src comp="602" pin="2"/><net_sink comp="650" pin=1"/></net>

</net_list>

</model> 
---------------- Datapath Model END ------------------

* FSMD analyzer results:
  - Output states:
 - Input state : 
	Port: pack_weight_data.1 : w2_V | {1 }
	Port: pack_weight_data.1 : w1_V | {1 }
	Port: pack_weight_data.1 : w0_V | {1 }
  - Chain level:
	State 1
		shl_ln : 1
		shl_ln68_27 : 1
		sext_ln68 : 2
		sext_ln68_34 : 1
		add_ln68 : 3
		sext_ln68_35 : 4
		add_ln68_33 : 5
		shl_ln68_28 : 1
		shl_ln68_29 : 1
		sext_ln68_36 : 2
		sext_ln68_37 : 1
		add_ln68_15 : 3
		sext_ln68_38 : 4
		add_ln68_34 : 5
		shl_ln68_30 : 1
		shl_ln68_31 : 1
		sext_ln68_39 : 2
		sext_ln68_40 : 1
		add_ln68_2 : 3
		sext_ln68_41 : 4
		add_ln68_35 : 5
		shl_ln68_s : 1
		shl_ln68_32 : 1
		sext_ln68_42 : 2
		sext_ln68_43 : 1
		add_ln68_3 : 3
		sext_ln68_44 : 4
		add_ln68_36 : 5
		shl_ln68_33 : 1
		shl_ln68_34 : 1
		sext_ln68_45 : 2
		sext_ln68_46 : 1
		add_ln68_4 : 3
		sext_ln68_47 : 4
		add_ln68_37 : 5
		shl_ln68_35 : 1
		shl_ln68_36 : 1
		sext_ln68_48 : 2
		sext_ln68_49 : 1
		add_ln68_5 : 3
		sext_ln68_50 : 4
		add_ln68_38 : 5
		shl_ln68_37 : 1
		shl_ln68_38 : 1
		sext_ln68_51 : 2
		sext_ln68_52 : 1
		add_ln68_6 : 3
		sext_ln68_53 : 4
		add_ln68_39 : 5
		shl_ln68_39 : 1
		shl_ln68_40 : 1
		sext_ln68_54 : 2
		sext_ln68_55 : 1
		add_ln68_7 : 3
		sext_ln68_56 : 4
		add_ln68_40 : 5
		mrv : 6
		mrv_1 : 7
		mrv_2 : 8
		mrv_3 : 9
		mrv_4 : 10
		mrv_5 : 11
		mrv_6 : 12
		mrv_7 : 13
		ret_ln205 : 14


============================================================
+ Verbose Summary: Datapath Resource usage 
============================================================

* Functional unit list:
|----------|----------------------|---------|---------|
| Operation|    Functional Unit   |    FF   |   LUT   |
|----------|----------------------|---------|---------|
|          |    add_ln68_fu_102   |    0    |    22   |
|          |  add_ln68_33_fu_112  |    0    |    33   |
|          |  add_ln68_15_fu_172  |    0    |    22   |
|          |  add_ln68_34_fu_182  |    0    |    33   |
|          |   add_ln68_2_fu_242  |    0    |    22   |
|          |  add_ln68_35_fu_252  |    0    |    33   |
|          |   add_ln68_3_fu_312  |    0    |    22   |
|    add   |  add_ln68_36_fu_322  |    0    |    33   |
|          |   add_ln68_4_fu_382  |    0    |    22   |
|          |  add_ln68_37_fu_392  |    0    |    33   |
|          |   add_ln68_5_fu_452  |    0    |    22   |
|          |  add_ln68_38_fu_462  |    0    |    33   |
|          |   add_ln68_6_fu_522  |    0    |    22   |
|          |  add_ln68_39_fu_532  |    0    |    33   |
|          |   add_ln68_7_fu_592  |    0    |    22   |
|          |  add_ln68_40_fu_602  |    0    |    33   |
|----------|----------------------|---------|---------|
|          | w0_V_read_read_fu_48 |    0    |    0    |
|   read   | w1_V_read_read_fu_54 |    0    |    0    |
|          | w2_V_read_read_fu_60 |    0    |    0    |
|----------|----------------------|---------|---------|
|          |   trunc_ln647_fu_66  |    0    |    0    |
|   trunc  |   trunc_ln68_fu_70   |    0    |    0    |
|          |  trunc_ln68_3_fu_82  |    0    |    0    |
|----------|----------------------|---------|---------|
|          |     shl_ln_fu_74     |    0    |    0    |
|          |   shl_ln68_27_fu_86  |    0    |    0    |
|          |  shl_ln68_28_fu_138  |    0    |    0    |
|          |  shl_ln68_29_fu_156  |    0    |    0    |
|          |  shl_ln68_30_fu_208  |    0    |    0    |
|          |  shl_ln68_31_fu_226  |    0    |    0    |
|          |   shl_ln68_s_fu_278  |    0    |    0    |
|bitconcatenate|  shl_ln68_32_fu_296  |    0    |    0    |
|          |  shl_ln68_33_fu_348  |    0    |    0    |
|          |  shl_ln68_34_fu_366  |    0    |    0    |
|          |  shl_ln68_35_fu_418  |    0    |    0    |
|          |  shl_ln68_36_fu_436  |    0    |    0    |
|          |  shl_ln68_37_fu_488  |    0    |    0    |
|          |  shl_ln68_38_fu_506  |    0    |    0    |
|          |  shl_ln68_39_fu_558  |    0    |    0    |
|          |  shl_ln68_40_fu_576  |    0    |    0    |
|----------|----------------------|---------|---------|
|          |    sext_ln68_fu_94   |    0    |    0    |
|          |  sext_ln68_34_fu_98  |    0    |    0    |
|          |  sext_ln68_35_fu_108 |    0    |    0    |
|          |  sext_ln68_36_fu_164 |    0    |    0    |
|          |  sext_ln68_37_fu_168 |    0    |    0    |
|          |  sext_ln68_38_fu_178 |    0    |    0    |
|          |  sext_ln68_39_fu_234 |    0    |    0    |
|          |  sext_ln68_40_fu_238 |    0    |    0    |
|          |  sext_ln68_41_fu_248 |    0    |    0    |
|          |  sext_ln68_42_fu_304 |    0    |    0    |
|          |  sext_ln68_43_fu_308 |    0    |    0    |
|   sext   |  sext_ln68_44_fu_318 |    0    |    0    |
|          |  sext_ln68_45_fu_374 |    0    |    0    |
|          |  sext_ln68_46_fu_378 |    0    |    0    |
|          |  sext_ln68_47_fu_388 |    0    |    0    |
|          |  sext_ln68_48_fu_444 |    0    |    0    |
|          |  sext_ln68_49_fu_448 |    0    |    0    |
|          |  sext_ln68_50_fu_458 |    0    |    0    |
|          |  sext_ln68_51_fu_514 |    0    |    0    |
|          |  sext_ln68_52_fu_518 |    0    |    0    |
|          |  sext_ln68_53_fu_528 |    0    |    0    |
|          |  sext_ln68_54_fu_584 |    0    |    0    |
|          |  sext_ln68_55_fu_588 |    0    |    0    |
|          |  sext_ln68_56_fu_598 |    0    |    0    |
|----------|----------------------|---------|---------|
|          |   p_Result_1_fu_118  |    0    |    0    |
|          |     tmp_s_fu_128     |    0    |    0    |
|          |     tmp_31_fu_146    |    0    |    0    |
|          |   p_Result_2_fu_188  |    0    |    0    |
|          |     tmp_32_fu_198    |    0    |    0    |
|          |     tmp_33_fu_216    |    0    |    0    |
|          |   p_Result_3_fu_258  |    0    |    0    |
|          |     tmp_34_fu_268    |    0    |    0    |
|          |     tmp_35_fu_286    |    0    |    0    |
|          |   p_Result_4_fu_328  |    0    |    0    |
|partselect|     tmp_36_fu_338    |    0    |    0    |
|          |     tmp_37_fu_356    |    0    |    0    |
|          |   p_Result_5_fu_398  |    0    |    0    |
|          |     tmp_38_fu_408    |    0    |    0    |
|          |     tmp_39_fu_426    |    0    |    0    |
|          |   p_Result_6_fu_468  |    0    |    0    |
|          |     tmp_40_fu_478    |    0    |    0    |
|          |     tmp_41_fu_496    |    0    |    0    |
|          |   p_Result_7_fu_538  |    0    |    0    |
|          |     tmp_42_fu_548    |    0    |    0    |
|          |     tmp_43_fu_566    |    0    |    0    |
|----------|----------------------|---------|---------|
|          |      mrv_fu_608      |    0    |    0    |
|          |     mrv_1_fu_614     |    0    |    0    |
|          |     mrv_2_fu_620     |    0    |    0    |
|insertvalue|     mrv_3_fu_626     |    0    |    0    |
|          |     mrv_4_fu_632     |    0    |    0    |
|          |     mrv_5_fu_638     |    0    |    0    |
|          |     mrv_6_fu_644     |    0    |    0    |
|          |     mrv_7_fu_650     |    0    |    0    |
|----------|----------------------|---------|---------|
|   Total  |                      |    0    |   440   |
|----------|----------------------|---------|---------|

Memories:
N/A

* Register list:
N/A

* Multiplexer (MUX) list: 
|--------|------|------|------|--------|
|  Comp  |  Pin | Size |  BW  | S x BW |
|--------|------|------|------|--------|
|  Total |      |      |      |    0   |
|--------|------|------|------|--------|



* Summary:
+-----------+--------+--------+
|           |   FF   |   LUT  |
+-----------+--------+--------+
|  Function |    0   |   440  |
|   Memory  |    -   |    -   |
|Multiplexer|    -   |    -   |
|  Register |    -   |    -   |
+-----------+--------+--------+
|   Total   |    0   |   440  |
+-----------+--------+--------+
