

================================================================
== Vivado HLS Report for 'StreamingDataWidthCo_1'
================================================================
* Date:           Tue May 10 21:14:52 2022

* Version:        2019.2 (Build 2704478 on Wed Nov 06 22:10:23 MST 2019)
* Project:        ultra_core
* Solution:       ultracore_125
* Product family: zynquplus
* Target device:  xczu3eg-sbva484-1-e


================================================================
== Performance Estimates
================================================================
+ Timing: 
    * Summary: 
    +--------+---------+----------+------------+
    |  Clock |  Target | Estimated| Uncertainty|
    +--------+---------+----------+------------+
    |ap_clk  | 4.00 ns | 3.500 ns |   0.50 ns  |
    +--------+---------+----------+------------+

+ Latency: 
    * Summary: 
    +---------+---------+----------+----------+-----+-----+---------+
    |  Latency (cycles) |  Latency (absolute) |  Interval | Pipeline|
    |   min   |   max   |    min   |    max   | min | max |   Type  |
    +---------+---------+----------+----------+-----+-----+---------+
    |        ?|        ?|         ?|         ?|    ?|    ?|   none  |
    +---------+---------+----------+----------+-----+-----+---------+

    + Detail: 
        * Instance: 
        N/A

        * Loop: 
        +----------+---------+---------+----------+-----------+-----------+------+----------+
        |          |  Latency (cycles) | Iteration|  Initiation Interval  | Trip |          |
        | Loop Name|   min   |   max   |  Latency |  achieved |   target  | Count| Pipelined|
        +----------+---------+---------+----------+-----------+-----------+------+----------+
        |- Loop 1  |        ?|        ?|         3|          1|          1|     ?|    yes   |
        +----------+---------+---------+----------+-----------+-----------+------+----------+

============================================================
+ Verbose Summary: Synthesis Manager
============================================================
InlineROM: 1
ExposeGlobal: 0
============================================================
+ Verbose Summary: CDFG Model
============================================================
IsTopModel: 0
ResetActiveHigh: 1
IsCombinational: 2
IsDatapathOnly: 0
HasWiredReturn: 1
HasMFsm: 0
HasVarLatency: 1
IsPipeline: 0
IsRtlPipelined: 0
IsInstanceOverlapped: 0
IsDontTouch: 0
HasImplIP: 0
IsGatedGlobalClock: 0

+ Individual pipeline summary: 
  * Pipeline-0: initiation interval (II) = 1, depth = 3


============================================================
+ Verbose Summary: Schedule
============================================================
* Number of FSM states : 7
* Pipeline : 1
  Pipeline-0 : II = 1, D = 3, States = { 4 5 6 }
* Dataflow Pipeline: 0

* FSM state transitions: 
1 --> 2 
2 --> 3 
3 --> 4 
4 --> 7 5 
5 --> 6 
6 --> 4 
7 --> 

* FSM state operations: 

State 1 <SV = 0> <Delay = 3.50>
ST_1 : Operation 8 [1/1] (1.75ns)   --->   "%numReps_read = call i32 @_ssdm_op_Read.ap_fifo.i32P(i32* %numReps)" [./src/stream_tools.h:185]   --->   Operation 8 'read' 'numReps_read' <Predicate = true> <Delay = 1.75> <Core = "FIFO">   --->   Core 32 'FIFO' <Latency = 0> <II = 1> <Delay = 2.16> <Storage> <Opcode : 'read' 'write' 'nbread' 'nbwrite'> <Ports = 0> <Width = 32> <Depth = 2> <FIFO>
ST_1 : Operation 9 [1/1] (1.75ns)   --->   "call void @_ssdm_op_Write.ap_fifo.i32P(i32* %numReps_out, i32 %numReps_read)" [./src/ultranet.cpp:90]   --->   Operation 9 'write' <Predicate = true> <Delay = 1.75> <Core = "FIFO">   --->   Core 32 'FIFO' <Latency = 0> <II = 1> <Delay = 2.16> <Storage> <Opcode : 'read' 'write' 'nbread' 'nbwrite'> <Ports = 0> <Width = 32> <Depth = 2> <FIFO>

State 2 <SV = 1> <Delay = 2.96>
ST_2 : Operation 10 [2/2] (2.96ns)   --->   "%totalIters = mul i32 %numReps_read, 230400" [./src/stream_tools.h:190->./src/ultranet.cpp:90]   --->   Operation 10 'mul' 'totalIters' <Predicate = true> <Delay = 2.96> <Core = "MulnS">   --->   Core 17 'MulnS' <Latency = 1> <II = 1> <Delay = 2.96> <FuncUnit> <Opcode : 'mul'> <InPorts = 2> <OutPorts = 1>

State 3 <SV = 2> <Delay = 2.96>
ST_3 : Operation 11 [1/1] (0.00ns)   --->   "call void (...)* @_ssdm_op_SpecInterface(i24* %out_V_V, [8 x i8]* @ap_fifo_str, i32 0, i32 0, [1 x i8]* @p_str, i32 0, i32 0, [1 x i8]* @p_str, [1 x i8]* @p_str, [1 x i8]* @p_str, i32 2, i32 2, i32 16, i32 16, [1 x i8]* @p_str, [1 x i8]* @p_str)"   --->   Operation 11 'specinterface' <Predicate = true> <Delay = 0.00>
ST_3 : Operation 12 [1/1] (0.00ns)   --->   "call void (...)* @_ssdm_op_SpecInterface(i192* %in_V_V, [8 x i8]* @ap_fifo_str, i32 0, i32 0, [1 x i8]* @p_str, i32 0, i32 0, [1 x i8]* @p_str, [1 x i8]* @p_str, [1 x i8]* @p_str, i32 2, i32 2, i32 16, i32 16, [1 x i8]* @p_str, [1 x i8]* @p_str)"   --->   Operation 12 'specinterface' <Predicate = true> <Delay = 0.00>
ST_3 : Operation 13 [1/1] (0.00ns)   --->   "call void (...)* @_ssdm_op_SpecInterface(i32* %numReps, [8 x i8]* @ap_fifo_str, i32 0, i32 0, [1 x i8]* @p_str, i32 0, i32 0, [1 x i8]* @p_str, [1 x i8]* @p_str, [1 x i8]* @p_str, i32 2, i32 2, i32 16, i32 16, [1 x i8]* @p_str, [11 x i8]* @ScalarProp_str)"   --->   Operation 13 'specinterface' <Predicate = true> <Delay = 0.00>
ST_3 : Operation 14 [1/1] (0.00ns)   --->   "call void (...)* @_ssdm_op_SpecInterface(i32* %numReps_out, [8 x i8]* @ap_fifo_str, i32 0, i32 0, [1 x i8]* @p_str, i32 0, i32 0, [1 x i8]* @p_str, [1 x i8]* @p_str, [1 x i8]* @p_str, i32 2, i32 2, i32 16, i32 16, [1 x i8]* @p_str, [11 x i8]* @ScalarProp_str)"   --->   Operation 14 'specinterface' <Predicate = true> <Delay = 0.00>
ST_3 : Operation 15 [1/2] (2.96ns)   --->   "%totalIters = mul i32 %numReps_read, 230400" [./src/stream_tools.h:190->./src/ultranet.cpp:90]   --->   Operation 15 'mul' 'totalIters' <Predicate = true> <Delay = 2.96> <Core = "MulnS">   --->   Core 17 'MulnS' <Latency = 1> <II = 1> <Delay = 2.96> <FuncUnit> <Opcode : 'mul'> <InPorts = 2> <OutPorts = 1>
ST_3 : Operation 16 [1/1] (0.75ns)   --->   "br label %0" [./src/stream_tools.h:193->./src/ultranet.cpp:90]   --->   Operation 16 'br' <Predicate = true> <Delay = 0.75>

State 4 <SV = 3> <Delay = 2.83>
ST_4 : Operation 17 [1/1] (0.00ns)   --->   "%p_025_0_i = phi i168 [ 0, %entry ], [ %trunc_ln, %hls_label_16_end ]" [./src/stream_tools.h:203->./src/ultranet.cpp:90]   --->   Operation 17 'phi' 'p_025_0_i' <Predicate = true> <Delay = 0.00>
ST_4 : Operation 18 [1/1] (0.00ns)   --->   "%o_0_i = phi i32 [ 0, %entry ], [ %select_ln207, %hls_label_16_end ]" [./src/stream_tools.h:207->./src/ultranet.cpp:90]   --->   Operation 18 'phi' 'o_0_i' <Predicate = true> <Delay = 0.00>
ST_4 : Operation 19 [1/1] (0.00ns)   --->   "%t_0_i = phi i32 [ 0, %entry ], [ %t, %hls_label_16_end ]"   --->   Operation 19 'phi' 't_0_i' <Predicate = true> <Delay = 0.00>
ST_4 : Operation 20 [1/1] (1.11ns)   --->   "%icmp_ln193 = icmp eq i32 %t_0_i, %totalIters" [./src/stream_tools.h:193->./src/ultranet.cpp:90]   --->   Operation 20 'icmp' 'icmp_ln193' <Predicate = true> <Delay = 1.11> <Core = "Cmp">   --->   Core 25 'Cmp' <Latency = 0> <II = 1> <Delay = 1.11> <FuncUnit> <Opcode : 'icmp'> <InPorts = 2> <OutPorts = 1>
ST_4 : Operation 21 [1/1] (1.20ns)   --->   "%t = add i32 %t_0_i, 1" [./src/stream_tools.h:193->./src/ultranet.cpp:90]   --->   Operation 21 'add' 't' <Predicate = true> <Delay = 1.20> <Core = "AddSub">   --->   Core 14 'AddSub' <Latency = 0> <II = 1> <Delay = 1.20> <FuncUnit> <Opcode : 'add' 'sub'> <InPorts = 2> <OutPorts = 1>
ST_4 : Operation 22 [1/1] (0.00ns)   --->   "br i1 %icmp_ln193, label %.exit, label %hls_label_16_begin" [./src/stream_tools.h:193->./src/ultranet.cpp:90]   --->   Operation 22 'br' <Predicate = true> <Delay = 0.00>
ST_4 : Operation 23 [1/1] (1.11ns)   --->   "%icmp_ln196 = icmp eq i32 %o_0_i, 0" [./src/stream_tools.h:196->./src/ultranet.cpp:90]   --->   Operation 23 'icmp' 'icmp_ln196' <Predicate = (!icmp_ln193)> <Delay = 1.11> <Core = "Cmp">   --->   Core 25 'Cmp' <Latency = 0> <II = 1> <Delay = 1.11> <FuncUnit> <Opcode : 'icmp'> <InPorts = 2> <OutPorts = 1>
ST_4 : Operation 24 [1/1] (1.20ns)   --->   "%o = add i32 1, %o_0_i" [./src/stream_tools.h:205->./src/ultranet.cpp:90]   --->   Operation 24 'add' 'o' <Predicate = (!icmp_ln193)> <Delay = 1.20> <Core = "AddSub">   --->   Core 14 'AddSub' <Latency = 0> <II = 1> <Delay = 1.20> <FuncUnit> <Opcode : 'add' 'sub'> <InPorts = 2> <OutPorts = 1>
ST_4 : Operation 25 [1/1] (1.11ns)   --->   "%icmp_ln207 = icmp eq i32 %o, 8" [./src/stream_tools.h:207->./src/ultranet.cpp:90]   --->   Operation 25 'icmp' 'icmp_ln207' <Predicate = (!icmp_ln193)> <Delay = 1.11> <Core = "Cmp">   --->   Core 25 'Cmp' <Latency = 0> <II = 1> <Delay = 1.11> <FuncUnit> <Opcode : 'icmp'> <InPorts = 2> <OutPorts = 1>
ST_4 : Operation 26 [1/1] (0.52ns)   --->   "%select_ln207 = select i1 %icmp_ln207, i32 0, i32 %o" [./src/stream_tools.h:207->./src/ultranet.cpp:90]   --->   Operation 26 'select' 'select_ln207' <Predicate = (!icmp_ln193)> <Delay = 0.52> <Core = "Sel">   --->   Core 26 'Sel' <Latency = 0> <II = 1> <Delay = 0.52> <FuncUnit> <Opcode : 'select'> <InPorts = 3> <OutPorts = 1>

State 5 <SV = 4> <Delay = 1.75>
ST_5 : Operation 27 [1/1] (1.75ns)   --->   "%tmp_V_6 = call i192 @_ssdm_op_Read.ap_fifo.volatile.i192P(i192* %in_V_V)" [./src/stream_tools.h:197->./src/ultranet.cpp:90]   --->   Operation 27 'read' 'tmp_V_6' <Predicate = (!icmp_ln193 & icmp_ln196)> <Delay = 1.75> <Core = "FIFO">   --->   Core 32 'FIFO' <Latency = 0> <II = 1> <Delay = 2.16> <Storage> <Opcode : 'read' 'write' 'nbread' 'nbwrite'> <Ports = 0> <Width = 32> <Depth = 2> <FIFO>
ST_5 : Operation 28 [1/1] (0.75ns)   --->   "br label %hls_label_16_end" [./src/stream_tools.h:198->./src/ultranet.cpp:90]   --->   Operation 28 'br' <Predicate = (!icmp_ln193 & icmp_ln196)> <Delay = 0.75>

State 6 <SV = 5> <Delay = 2.50>
ST_6 : Operation 29 [1/1] (0.00ns)   --->   "%zext_ln193 = zext i168 %p_025_0_i to i192" [./src/stream_tools.h:193->./src/ultranet.cpp:90]   --->   Operation 29 'zext' 'zext_ln193' <Predicate = (!icmp_ln193)> <Delay = 0.00>
ST_6 : Operation 30 [1/1] (0.00ns)   --->   "%tmp_i = call i32 (...)* @_ssdm_op_SpecRegionBegin([13 x i8]* @p_str50027)" [./src/stream_tools.h:193->./src/ultranet.cpp:90]   --->   Operation 30 'specregionbegin' 'tmp_i' <Predicate = (!icmp_ln193)> <Delay = 0.00>
ST_6 : Operation 31 [1/1] (0.00ns)   --->   "call void (...)* @_ssdm_op_SpecPipeline(i32 1, i32 1, i32 1, i32 0, [1 x i8]* @p_str49942) nounwind" [./src/stream_tools.h:194->./src/ultranet.cpp:90]   --->   Operation 31 'specpipeline' <Predicate = (!icmp_ln193)> <Delay = 0.00>
ST_6 : Operation 32 [1/1] (0.75ns)   --->   "br i1 %icmp_ln196, label %1, label %hls_label_16_end" [./src/stream_tools.h:196->./src/ultranet.cpp:90]   --->   Operation 32 'br' <Predicate = (!icmp_ln193)> <Delay = 0.75>
ST_6 : Operation 33 [1/1] (0.00ns)   --->   "%p_Val2_s = phi i192 [ %tmp_V_6, %1 ], [ %zext_ln193, %hls_label_16_begin ]"   --->   Operation 33 'phi' 'p_Val2_s' <Predicate = (!icmp_ln193)> <Delay = 0.00>
ST_6 : Operation 34 [1/1] (0.00ns)   --->   "%eo_V = trunc i192 %p_Val2_s to i24" [./src/stream_tools.h:200->./src/ultranet.cpp:90]   --->   Operation 34 'trunc' 'eo_V' <Predicate = (!icmp_ln193)> <Delay = 0.00>
ST_6 : Operation 35 [1/1] (1.75ns)   --->   "call void @_ssdm_op_Write.ap_fifo.volatile.i24P(i24* %out_V_V, i24 %eo_V)" [./src/stream_tools.h:201->./src/ultranet.cpp:90]   --->   Operation 35 'write' <Predicate = (!icmp_ln193)> <Delay = 1.75> <Core = "FIFO">   --->   Core 32 'FIFO' <Latency = 0> <II = 1> <Delay = 2.16> <Storage> <Opcode : 'read' 'write' 'nbread' 'nbwrite'> <Ports = 0> <Width = 32> <Depth = 2> <FIFO>
ST_6 : Operation 36 [1/1] (0.00ns)   --->   "%trunc_ln = call i168 @_ssdm_op_PartSelect.i168.i192.i32.i32(i192 %p_Val2_s, i32 24, i32 191)" [./src/stream_tools.h:203->./src/ultranet.cpp:90]   --->   Operation 36 'partselect' 'trunc_ln' <Predicate = (!icmp_ln193)> <Delay = 0.00>
ST_6 : Operation 37 [1/1] (0.00ns)   --->   "%empty = call i32 (...)* @_ssdm_op_SpecRegionEnd([13 x i8]* @p_str50027, i32 %tmp_i)" [./src/stream_tools.h:210->./src/ultranet.cpp:90]   --->   Operation 37 'specregionend' 'empty' <Predicate = (!icmp_ln193)> <Delay = 0.00>
ST_6 : Operation 38 [1/1] (0.00ns)   --->   "br label %0" [./src/stream_tools.h:193->./src/ultranet.cpp:90]   --->   Operation 38 'br' <Predicate = (!icmp_ln193)> <Delay = 0.00>

State 7 <SV = 4> <Delay = 0.00>
ST_7 : Operation 39 [1/1] (0.00ns)   --->   "ret void" [./src/ultranet.cpp:90]   --->   Operation 39 'ret' <Predicate = true> <Delay = 0.00>


============================================================
+ Verbose Summary: Timing violations
============================================================
Target clock period: 4ns, clock uncertainty: 0.5ns.

 <State 1>: 3.5ns
The critical path consists of the following:
	fifo read on port 'numReps' (./src/stream_tools.h:185) [8]  (1.75 ns)
	fifo write on port 'numReps_out' (./src/ultranet.cpp:90) [10]  (1.75 ns)

 <State 2>: 2.96ns
The critical path consists of the following:
	'mul' operation ('totalIters', ./src/stream_tools.h:190->./src/ultranet.cpp:90) [11]  (2.96 ns)

 <State 3>: 2.96ns
The critical path consists of the following:
	'mul' operation ('totalIters', ./src/stream_tools.h:190->./src/ultranet.cpp:90) [11]  (2.96 ns)

 <State 4>: 2.84ns
The critical path consists of the following:
	'phi' operation ('o_0_i', ./src/stream_tools.h:207->./src/ultranet.cpp:90) with incoming values : ('select_ln207', ./src/stream_tools.h:207->./src/ultranet.cpp:90) [15]  (0 ns)
	'add' operation ('o', ./src/stream_tools.h:205->./src/ultranet.cpp:90) [34]  (1.2 ns)
	'icmp' operation ('icmp_ln207', ./src/stream_tools.h:207->./src/ultranet.cpp:90) [35]  (1.11 ns)
	'select' operation ('select_ln207', ./src/stream_tools.h:207->./src/ultranet.cpp:90) [36]  (0.525 ns)

 <State 5>: 1.75ns
The critical path consists of the following:
	fifo read on port 'in_V_V' (./src/stream_tools.h:197->./src/ultranet.cpp:90) [27]  (1.75 ns)

 <State 6>: 2.5ns
The critical path consists of the following:
	multiplexor before 'phi' operation ('ei.V') with incoming values : ('zext_ln193', ./src/stream_tools.h:193->./src/ultranet.cpp:90) ('tmp.V', ./src/stream_tools.h:197->./src/ultranet.cpp:90) [30]  (0.755 ns)
	'phi' operation ('ei.V') with incoming values : ('zext_ln193', ./src/stream_tools.h:193->./src/ultranet.cpp:90) ('tmp.V', ./src/stream_tools.h:197->./src/ultranet.cpp:90) [30]  (0 ns)
	fifo write on port 'out_V_V' (./src/stream_tools.h:201->./src/ultranet.cpp:90) [32]  (1.75 ns)

 <State 7>: 0ns
The critical path consists of the following:


============================================================
+ Verbose Summary: Binding
============================================================
N/A
* FSMD analyzer results:
  - Output states:
 - Input state : 
  - Chain level:
	State 1
	State 2
	State 3
	State 4
	State 5
	State 6
	State 7


============================================================
+ Verbose Summary: Datapath Resource usage 
============================================================
N/A
