

================================================================
== Vivado HLS Report for 'stream_out_data_4'
================================================================
* Date:           Tue May 10 21:15:22 2022

* Version:        2019.2 (Build 2704478 on Wed Nov 06 22:10:23 MST 2019)
* Project:        ultra_core
* Solution:       ultracore_125
* Product family: zynquplus
* Target device:  xczu3eg-sbva484-1-e


================================================================
== Performance Estimates
================================================================
+ Timing: 
    * Summary: 
    +--------+---------+----------+------------+
    |  Clock |  Target | Estimated| Uncertainty|
    +--------+---------+----------+------------+
    |ap_clk  | 4.00 ns | 3.471 ns |   0.50 ns  |
    +--------+---------+----------+------------+

+ Latency: 
    * Summary: 
    +---------+---------+----------+-----------+-----+-------+---------+
    |  Latency (cycles) |  Latency (absolute)  |   Interval  | Pipeline|
    |   min   |   max   |    min   |    max    | min |  max  |   Type  |
    +---------+---------+----------+-----------+-----+-------+---------+
    |        1|    16900| 4.000 ns | 67.600 us |    1|  16900|   none  |
    +---------+---------+----------+-----------+-----+-------+---------+

    + Detail: 
        * Instance: 
        N/A

        * Loop: 
        +----------+---------+---------+----------+-----------+-----------+-------+----------+
        |          |  Latency (cycles) | Iteration|  Initiation Interval  |  Trip |          |
        | Loop Name|   min   |   max   |  Latency |  achieved |   target  | Count | Pipelined|
        +----------+---------+---------+----------+-----------+-----------+-------+----------+
        |- Loop 1  |    16898|    16898|         4|          1|          1|  16896|    yes   |
        +----------+---------+---------+----------+-----------+-----------+-------+----------+

============================================================
+ Verbose Summary: Synthesis Manager
============================================================
InlineROM: 1
ExposeGlobal: 0
============================================================
+ Verbose Summary: CDFG Model
============================================================
IsTopModel: 0
ResetActiveHigh: 1
IsCombinational: 0
IsDatapathOnly: 0
HasWiredReturn: 1
HasMFsm: 0
HasVarLatency: 1
IsPipeline: 0
IsRtlPipelined: 0
IsInstanceOverlapped: 0
IsDontTouch: 0
HasImplIP: 0
IsGatedGlobalClock: 0

+ Individual pipeline summary: 
  * Pipeline-0: initiation interval (II) = 1, depth = 4


============================================================
+ Verbose Summary: Schedule
============================================================
* Number of FSM states : 6
* Pipeline : 1
  Pipeline-0 : II = 1, D = 4, States = { 2 3 4 5 }
* Dataflow Pipeline: 0

* FSM state transitions: 
1 --> 6 2 
2 --> 6 3 
3 --> 4 
4 --> 5 
5 --> 2 
6 --> 

* FSM state operations: 

State 1 <SV = 0> <Delay = 0.93>
ST_1 : Operation 7 [1/1] (0.00ns)   --->   "call void (...)* @_ssdm_op_SpecInterface(i32* %out_V_V, [8 x i8]* @ap_fifo_str, i32 0, i32 0, [1 x i8]* @p_str, i32 0, i32 0, [1 x i8]* @p_str, [1 x i8]* @p_str, [1 x i8]* @p_str, i32 2, i32 2, i32 16, i32 16, [1 x i8]* @p_str, [1 x i8]* @p_str)"   --->   Operation 7 'specinterface' <Predicate = true> <Delay = 0.00>
ST_1 : Operation 8 [1/1] (0.00ns)   --->   "call void (...)* @_ssdm_op_SpecMemCore([704 x i16]* %row_buffer_0_V, [704 x i16]* %row_buffer_1_V, [1 x i8]* @p_str49942, [13 x i8]* @p_str49978, [1 x i8]* @p_str49942, i32 -1, [1 x i8]* @p_str49942, [1 x i8]* @p_str49942, [1 x i8]* @p_str49942, [1 x i8]* @p_str49942, [1 x i8]* @p_str49942)"   --->   Operation 8 'specmemcore' <Predicate = true> <Delay = 0.00>
ST_1 : Operation 9 [1/1] (0.00ns)   --->   "%startRowBufferIdx_V_s = call i2 @_ssdm_op_Read.ap_auto.i2(i2 %startRowBufferIdx_V)" [./src/conv2d_DSPopt.hpp:50]   --->   Operation 9 'read' 'startRowBufferIdx_V_s' <Predicate = true> <Delay = 0.00>
ST_1 : Operation 10 [1/1] (0.00ns)   --->   "%outRowIdx_V_read = call i10 @_ssdm_op_Read.ap_auto.i10(i10 %outRowIdx_V)" [./src/conv2d_DSPopt.hpp:50]   --->   Operation 10 'read' 'outRowIdx_V_read' <Predicate = true> <Delay = 0.00>
ST_1 : Operation 11 [1/1] (0.00ns)   --->   "%skip_flag_read = call i1 @_ssdm_op_Read.ap_auto.i1(i1 %skip_flag)" [./src/conv2d_DSPopt.hpp:50]   --->   Operation 11 'read' 'skip_flag_read' <Predicate = true> <Delay = 0.00>
ST_1 : Operation 12 [1/1] (0.00ns)   --->   "br i1 %skip_flag_read, label %.loopexit, label %.preheader609.preheader" [./src/conv2d_DSPopt.hpp:59]   --->   Operation 12 'br' <Predicate = true> <Delay = 0.00>
ST_1 : Operation 13 [1/1] (0.00ns)   --->   "%sext_ln1354 = sext i10 %outRowIdx_V_read to i11" [./src/conv2d_DSPopt.hpp:83]   --->   Operation 13 'sext' 'sext_ln1354' <Predicate = (!skip_flag_read)> <Delay = 0.00>
ST_1 : Operation 14 [1/1] (0.93ns)   --->   "%ret_V = add i11 %sext_ln1354, -1" [./src/conv2d_DSPopt.hpp:83]   --->   Operation 14 'add' 'ret_V' <Predicate = (!skip_flag_read)> <Delay = 0.93> <Core = "AddSub">   --->   Core 14 'AddSub' <Latency = 0> <II = 1> <Delay = 0.93> <FuncUnit> <Opcode : 'add' 'sub'> <InPorts = 2> <OutPorts = 1>
ST_1 : Operation 15 [1/1] (0.75ns)   --->   "br label %.preheader608" [./src/conv2d_DSPopt.hpp:65]   --->   Operation 15 'br' <Predicate = (!skip_flag_read)> <Delay = 0.75>

State 2 <SV = 1> <Delay = 3.47>
ST_2 : Operation 16 [1/1] (0.00ns)   --->   "%indvar_flatten = phi i15 [ 0, %.preheader609.preheader ], [ %add_ln65, %hls_label_56 ]" [./src/conv2d_DSPopt.hpp:65]   --->   Operation 16 'phi' 'indvar_flatten' <Predicate = true> <Delay = 0.00>
ST_2 : Operation 17 [1/1] (0.00ns)   --->   "%t_V_1 = phi i8 [ 0, %.preheader609.preheader ], [ %infoldIdx_V_1, %hls_label_56 ]"   --->   Operation 17 'phi' 't_V_1' <Predicate = true> <Delay = 0.00>
ST_2 : Operation 18 [1/1] (0.00ns)   --->   "%t_V = phi i8 [ 0, %.preheader609.preheader ], [ %select_ln96, %hls_label_56 ]" [./src/conv2d_DSPopt.hpp:96]   --->   Operation 18 'phi' 't_V' <Predicate = true> <Delay = 0.00>
ST_2 : Operation 19 [1/1] (0.00ns)   --->   "%cycle_0 = phi i10 [ 0, %.preheader609.preheader ], [ %cycle, %hls_label_56 ]"   --->   Operation 19 'phi' 'cycle_0' <Predicate = true> <Delay = 0.00>
ST_2 : Operation 20 [1/1] (0.86ns)   --->   "%icmp_ln65 = icmp eq i15 %indvar_flatten, -15872" [./src/conv2d_DSPopt.hpp:65]   --->   Operation 20 'icmp' 'icmp_ln65' <Predicate = true> <Delay = 0.86> <Core = "Cmp">   --->   Core 25 'Cmp' <Latency = 0> <II = 1> <Delay = 0.85> <FuncUnit> <Opcode : 'icmp'> <InPorts = 2> <OutPorts = 1>
ST_2 : Operation 21 [1/1] (1.00ns)   --->   "%add_ln65 = add i15 %indvar_flatten, 1" [./src/conv2d_DSPopt.hpp:65]   --->   Operation 21 'add' 'add_ln65' <Predicate = true> <Delay = 1.00> <Core = "AddSub">   --->   Core 14 'AddSub' <Latency = 0> <II = 1> <Delay = 0.93> <FuncUnit> <Opcode : 'add' 'sub'> <InPorts = 2> <OutPorts = 1>
ST_2 : Operation 22 [1/1] (0.00ns)   --->   "br i1 %icmp_ln65, label %.loopexit.loopexit, label %hls_label_56" [./src/conv2d_DSPopt.hpp:65]   --->   Operation 22 'br' <Predicate = true> <Delay = 0.00>
ST_2 : Operation 23 [1/1] (0.85ns)   --->   "%icmp_ln66 = icmp eq i10 %cycle_0, -496" [./src/conv2d_DSPopt.hpp:66]   --->   Operation 23 'icmp' 'icmp_ln66' <Predicate = (!icmp_ln65)> <Delay = 0.85> <Core = "Cmp">   --->   Core 25 'Cmp' <Latency = 0> <II = 1> <Delay = 0.85> <FuncUnit> <Opcode : 'icmp'> <InPorts = 2> <OutPorts = 1>
ST_2 : Operation 24 [1/1] (0.47ns)   --->   "%select_ln66 = select i1 %icmp_ln66, i10 0, i10 %cycle_0" [./src/conv2d_DSPopt.hpp:66]   --->   Operation 24 'select' 'select_ln66' <Predicate = (!icmp_ln65)> <Delay = 0.47> <Core = "Sel">   --->   Core 26 'Sel' <Latency = 0> <II = 1> <Delay = 0.42> <FuncUnit> <Opcode : 'select'> <InPorts = 3> <OutPorts = 1>
ST_2 : Operation 25 [1/1] (0.00ns)   --->   "%wr_V = call i2 @_ssdm_op_PartSelect.i2.i8.i32.i32(i8 %t_V_1, i32 4, i32 5)" [./src/conv2d_DSPopt.hpp:70]   --->   Operation 25 'partselect' 'wr_V' <Predicate = (!icmp_ln65)> <Delay = 0.00>
ST_2 : Operation 26 [1/1] (0.00ns)   --->   "%simdIdx_V = trunc i8 %t_V_1 to i4" [./src/conv2d_DSPopt.hpp:71]   --->   Operation 26 'trunc' 'simdIdx_V' <Predicate = (!icmp_ln65)> <Delay = 0.00>
ST_2 : Operation 27 [1/1] (0.62ns)   --->   "%rowBufferIdx_V = add i2 %wr_V, %startRowBufferIdx_V_s" [./src/conv2d_DSPopt.hpp:77]   --->   Operation 27 'add' 'rowBufferIdx_V' <Predicate = (!icmp_ln65)> <Delay = 0.62> <Core = "AddSub">   --->   Core 14 'AddSub' <Latency = 0> <II = 1> <Delay = 0.93> <FuncUnit> <Opcode : 'add' 'sub'> <InPorts = 2> <OutPorts = 1>
ST_2 : Operation 28 [1/1] (0.00ns)   --->   "%trunc_ln544 = trunc i8 %t_V to i7" [./src/conv2d_DSPopt.hpp:80]   --->   Operation 28 'trunc' 'trunc_ln544' <Predicate = (!icmp_ln65)> <Delay = 0.00>
ST_2 : Operation 29 [1/1] (0.00ns)   --->   "%zext_ln544_cast = call i11 @_ssdm_op_BitConcatenate.i11.i7.i4(i7 %trunc_ln544, i4 %simdIdx_V)" [./src/conv2d_DSPopt.hpp:80]   --->   Operation 29 'bitconcatenate' 'zext_ln544_cast' <Predicate = (!icmp_ln65)> <Delay = 0.00>
ST_2 : Operation 30 [1/1] (0.00ns)   --->   "%zext_ln321 = zext i2 %rowBufferIdx_V to i11" [./src/conv2d_DSPopt.hpp:80]   --->   Operation 30 'zext' 'zext_ln321' <Predicate = (!icmp_ln65)> <Delay = 0.00>
ST_2 : Operation 31 [1/1] (0.63ns) (grouped into DSP with root node add_ln321)   --->   "%mul_ln321 = mul i11 176, %zext_ln321" [./src/conv2d_DSPopt.hpp:80]   --->   Operation 31 'mul' 'mul_ln321' <Predicate = (!icmp_ln65)> <Delay = 0.63> <Core = "DSP48">   --->   Core 88 'DSP48' <Latency = 0> <II = 1> <Delay = 2.84> <IPBlock> <Opcode : 'mul' 'add' 'sub' 'select'> <InPorts = 2> <OutPorts = 1> <Sync> <CReg>
ST_2 : Operation 32 [1/1] (2.20ns) (root node of the DSP)   --->   "%add_ln321 = add i11 %mul_ln321, %zext_ln544_cast" [./src/conv2d_DSPopt.hpp:80]   --->   Operation 32 'add' 'add_ln321' <Predicate = (!icmp_ln65)> <Delay = 2.20> <Core = "DSP48">   --->   Core 88 'DSP48' <Latency = 0> <II = 1> <Delay = 2.84> <IPBlock> <Opcode : 'mul' 'add' 'sub' 'select'> <InPorts = 2> <OutPorts = 1> <Sync> <CReg>
ST_2 : Operation 33 [1/1] (0.00ns)   --->   "%zext_ln1353 = zext i2 %wr_V to i11" [./src/conv2d_DSPopt.hpp:83]   --->   Operation 33 'zext' 'zext_ln1353' <Predicate = (!icmp_ln65)> <Delay = 0.00>
ST_2 : Operation 34 [1/1] (0.94ns)   --->   "%ret_V_1 = add i11 %zext_ln1353, %ret_V" [./src/conv2d_DSPopt.hpp:83]   --->   Operation 34 'add' 'ret_V_1' <Predicate = (!icmp_ln65)> <Delay = 0.94> <Core = "AddSub">   --->   Core 14 'AddSub' <Latency = 0> <II = 1> <Delay = 0.93> <FuncUnit> <Opcode : 'add' 'sub'> <InPorts = 2> <OutPorts = 1>
ST_2 : Operation 35 [1/1] (0.00ns)   --->   "%tmp_6 = call i1 @_ssdm_op_BitSelect.i1.i11.i32(i11 %ret_V_1, i32 10)" [./src/conv2d_DSPopt.hpp:83]   --->   Operation 35 'bitselect' 'tmp_6' <Predicate = (!icmp_ln65)> <Delay = 0.00>
ST_2 : Operation 36 [1/1] (0.85ns)   --->   "%icmp_ln891 = icmp sgt i11 %ret_V_1, 9" [./src/conv2d_DSPopt.hpp:83]   --->   Operation 36 'icmp' 'icmp_ln891' <Predicate = (!icmp_ln65)> <Delay = 0.85> <Core = "Cmp">   --->   Core 25 'Cmp' <Latency = 0> <II = 1> <Delay = 0.85> <FuncUnit> <Opcode : 'icmp'> <InPorts = 2> <OutPorts = 1>
ST_2 : Operation 37 [1/1] (0.33ns)   --->   "%or_ln83 = or i1 %tmp_6, %icmp_ln891" [./src/conv2d_DSPopt.hpp:83]   --->   Operation 37 'or' 'or_ln83' <Predicate = (!icmp_ln65)> <Delay = 0.33> <Core = "LogicGate">   --->   Core 27 'LogicGate' <Latency = 0> <II = 1> <Delay = 0.33> <FuncUnit> <Opcode : 'and' 'or' 'xor'> <InPorts = 2> <OutPorts = 1>
ST_2 : Operation 38 [1/1] (0.85ns)   --->   "%icmp_ln96 = icmp eq i10 %select_ln66, -497" [./src/conv2d_DSPopt.hpp:96]   --->   Operation 38 'icmp' 'icmp_ln96' <Predicate = (!icmp_ln65)> <Delay = 0.85> <Core = "Cmp">   --->   Core 25 'Cmp' <Latency = 0> <II = 1> <Delay = 0.85> <FuncUnit> <Opcode : 'icmp'> <InPorts = 2> <OutPorts = 1>
ST_2 : Operation 39 [1/1] (0.85ns)   --->   "%icmp_ln879 = icmp eq i8 %t_V_1, 47" [./src/conv2d_DSPopt.hpp:98]   --->   Operation 39 'icmp' 'icmp_ln879' <Predicate = (!icmp_ln65)> <Delay = 0.85> <Core = "Cmp">   --->   Core 25 'Cmp' <Latency = 0> <II = 1> <Delay = 0.85> <FuncUnit> <Opcode : 'icmp'> <InPorts = 2> <OutPorts = 1>
ST_2 : Operation 40 [1/1] (0.90ns)   --->   "%w_V = add i8 1, %t_V" [./src/conv2d_DSPopt.hpp:99]   --->   Operation 40 'add' 'w_V' <Predicate = (!icmp_ln65)> <Delay = 0.90> <Core = "AddSub">   --->   Core 14 'AddSub' <Latency = 0> <II = 1> <Delay = 0.93> <FuncUnit> <Opcode : 'add' 'sub'> <InPorts = 2> <OutPorts = 1>
ST_2 : Operation 41 [1/1] (0.00ns) (grouped into LUT with out node select_ln96)   --->   "%select_ln98 = select i1 %icmp_ln879, i8 %w_V, i8 %t_V" [./src/conv2d_DSPopt.hpp:98]   --->   Operation 41 'select' 'select_ln98' <Predicate = (!icmp_ln65)> <Delay = 0.00> <Core = "Sel">   --->   Core 26 'Sel' <Latency = 0> <II = 1> <Delay = 0.42> <FuncUnit> <Opcode : 'select'> <InPorts = 3> <OutPorts = 1>
ST_2 : Operation 42 [1/1] (0.44ns) (out node of the LUT)   --->   "%select_ln96 = select i1 %icmp_ln96, i8 0, i8 %select_ln98" [./src/conv2d_DSPopt.hpp:96]   --->   Operation 42 'select' 'select_ln96' <Predicate = (!icmp_ln65)> <Delay = 0.44> <Core = "Sel">   --->   Core 26 'Sel' <Latency = 0> <II = 1> <Delay = 0.42> <FuncUnit> <Opcode : 'select'> <InPorts = 3> <OutPorts = 1>
ST_2 : Operation 43 [1/1] (0.90ns)   --->   "%infoldIdx_V = add i8 1, %t_V_1" [./src/conv2d_DSPopt.hpp:105]   --->   Operation 43 'add' 'infoldIdx_V' <Predicate = (!icmp_ln65)> <Delay = 0.90> <Core = "AddSub">   --->   Core 14 'AddSub' <Latency = 0> <II = 1> <Delay = 0.93> <FuncUnit> <Opcode : 'add' 'sub'> <InPorts = 2> <OutPorts = 1>
ST_2 : Operation 44 [1/1] (0.44ns)   --->   "%infoldIdx_V_1 = select i1 %icmp_ln879, i8 0, i8 %infoldIdx_V" [./src/conv2d_DSPopt.hpp:102]   --->   Operation 44 'select' 'infoldIdx_V_1' <Predicate = (!icmp_ln65)> <Delay = 0.44> <Core = "Sel">   --->   Core 26 'Sel' <Latency = 0> <II = 1> <Delay = 0.42> <FuncUnit> <Opcode : 'select'> <InPorts = 3> <OutPorts = 1>
ST_2 : Operation 45 [1/1] (0.93ns)   --->   "%cycle = add i10 1, %select_ln66" [./src/conv2d_DSPopt.hpp:66]   --->   Operation 45 'add' 'cycle' <Predicate = (!icmp_ln65)> <Delay = 0.93> <Core = "AddSub">   --->   Core 14 'AddSub' <Latency = 0> <II = 1> <Delay = 0.93> <FuncUnit> <Opcode : 'add' 'sub'> <InPorts = 2> <OutPorts = 1>

State 3 <SV = 2> <Delay = 1.35>
ST_3 : Operation 46 [1/1] (0.00ns)   --->   "%sext_ln321 = sext i11 %add_ln321 to i64" [./src/conv2d_DSPopt.hpp:80]   --->   Operation 46 'sext' 'sext_ln321' <Predicate = (!icmp_ln65)> <Delay = 0.00>
ST_3 : Operation 47 [1/1] (0.00ns)   --->   "%row_buffer_0_V_addr = getelementptr [704 x i16]* %row_buffer_0_V, i64 0, i64 %sext_ln321" [./src/conv2d_DSPopt.hpp:80]   --->   Operation 47 'getelementptr' 'row_buffer_0_V_addr' <Predicate = (!icmp_ln65)> <Delay = 0.00>
ST_3 : Operation 48 [1/1] (0.00ns)   --->   "%row_buffer_1_V_addr = getelementptr [704 x i16]* %row_buffer_1_V, i64 0, i64 %sext_ln321" [./src/conv2d_DSPopt.hpp:80]   --->   Operation 48 'getelementptr' 'row_buffer_1_V_addr' <Predicate = (!icmp_ln65)> <Delay = 0.00>
ST_3 : Operation 49 [2/2] (1.35ns)   --->   "%row_buffer_0_V_load = load i16* %row_buffer_0_V_addr, align 2" [./src/conv2d_DSPopt.hpp:80]   --->   Operation 49 'load' 'row_buffer_0_V_load' <Predicate = (!icmp_ln65)> <Delay = 1.35> <Core = "RAM_S2P_BRAM">   --->   Core 48 'RAM_S2P_BRAM' <Latency = 1> <II = 1> <Delay = 1.35> <Storage> <Opcode : 'load' 'store'> <Ports = 2> <Width = 16> <Depth = 704> <RAM>
ST_3 : Operation 50 [2/2] (1.35ns)   --->   "%row_buffer_1_V_load = load i16* %row_buffer_1_V_addr, align 2" [./src/conv2d_DSPopt.hpp:80]   --->   Operation 50 'load' 'row_buffer_1_V_load' <Predicate = (!icmp_ln65)> <Delay = 1.35> <Core = "RAM_S2P_BRAM">   --->   Core 48 'RAM_S2P_BRAM' <Latency = 1> <II = 1> <Delay = 1.35> <Storage> <Opcode : 'load' 'store'> <Ports = 2> <Width = 16> <Depth = 704> <RAM>

State 4 <SV = 3> <Delay = 1.77>
ST_4 : Operation 51 [1/2] (1.35ns)   --->   "%row_buffer_0_V_load = load i16* %row_buffer_0_V_addr, align 2" [./src/conv2d_DSPopt.hpp:80]   --->   Operation 51 'load' 'row_buffer_0_V_load' <Predicate = (!icmp_ln65)> <Delay = 1.35> <Core = "RAM_S2P_BRAM">   --->   Core 48 'RAM_S2P_BRAM' <Latency = 1> <II = 1> <Delay = 1.35> <Storage> <Opcode : 'load' 'store'> <Ports = 2> <Width = 16> <Depth = 704> <RAM>
ST_4 : Operation 52 [1/2] (1.35ns)   --->   "%row_buffer_1_V_load = load i16* %row_buffer_1_V_addr, align 2" [./src/conv2d_DSPopt.hpp:80]   --->   Operation 52 'load' 'row_buffer_1_V_load' <Predicate = (!icmp_ln65)> <Delay = 1.35> <Core = "RAM_S2P_BRAM">   --->   Core 48 'RAM_S2P_BRAM' <Latency = 1> <II = 1> <Delay = 1.35> <Storage> <Opcode : 'load' 'store'> <Ports = 2> <Width = 16> <Depth = 704> <RAM>
ST_4 : Operation 53 [1/1] (0.00ns)   --->   "%trunc_ln647 = trunc i16 %row_buffer_0_V_load to i8" [./src/conv2d_DSPopt.hpp:89]   --->   Operation 53 'trunc' 'trunc_ln647' <Predicate = (!icmp_ln65 & !or_ln83)> <Delay = 0.00>
ST_4 : Operation 54 [1/1] (0.00ns)   --->   "%p_Result_s = call i8 @_ssdm_op_PartSelect.i8.i16.i32.i32(i16 %row_buffer_0_V_load, i32 8, i32 15)" [./src/conv2d_DSPopt.hpp:91]   --->   Operation 54 'partselect' 'p_Result_s' <Predicate = (!icmp_ln65 & !or_ln83)> <Delay = 0.00>
ST_4 : Operation 55 [1/1] (0.00ns)   --->   "%trunc_ln647_1 = trunc i16 %row_buffer_1_V_load to i8" [./src/conv2d_DSPopt.hpp:89]   --->   Operation 55 'trunc' 'trunc_ln647_1' <Predicate = (!icmp_ln65 & !or_ln83)> <Delay = 0.00>
ST_4 : Operation 56 [1/1] (0.00ns)   --->   "%p_Result_24_1 = call i16 @_ssdm_op_BitConcatenate.i16.i8.i8(i8 %trunc_ln647_1, i8 %trunc_ln647)" [./src/conv2d_DSPopt.hpp:89]   --->   Operation 56 'bitconcatenate' 'p_Result_24_1' <Predicate = (!icmp_ln65 & !or_ln83)> <Delay = 0.00>
ST_4 : Operation 57 [1/1] (0.00ns)   --->   "%p_Result_25_1 = call i8 @_ssdm_op_PartSelect.i8.i16.i32.i32(i16 %row_buffer_1_V_load, i32 8, i32 15)" [./src/conv2d_DSPopt.hpp:91]   --->   Operation 57 'partselect' 'p_Result_25_1' <Predicate = (!icmp_ln65 & !or_ln83)> <Delay = 0.00>
ST_4 : Operation 58 [1/1] (0.00ns)   --->   "%p_Result_26_1 = call i16 @_ssdm_op_BitConcatenate.i16.i8.i8(i8 %p_Result_25_1, i8 %p_Result_s)" [./src/conv2d_DSPopt.hpp:91]   --->   Operation 58 'bitconcatenate' 'p_Result_26_1' <Predicate = (!icmp_ln65 & !or_ln83)> <Delay = 0.00>
ST_4 : Operation 59 [1/1] (0.42ns)   --->   "%v1_V = select i1 %or_ln83, i16 0, i16 %p_Result_26_1" [./src/conv2d_DSPopt.hpp:83]   --->   Operation 59 'select' 'v1_V' <Predicate = (!icmp_ln65)> <Delay = 0.42> <Core = "Sel">   --->   Core 26 'Sel' <Latency = 0> <II = 1> <Delay = 0.42> <FuncUnit> <Opcode : 'select'> <InPorts = 3> <OutPorts = 1>
ST_4 : Operation 60 [1/1] (0.42ns)   --->   "%v2_V = select i1 %or_ln83, i16 0, i16 %p_Result_24_1" [./src/conv2d_DSPopt.hpp:83]   --->   Operation 60 'select' 'v2_V' <Predicate = (!icmp_ln65)> <Delay = 0.42> <Core = "Sel">   --->   Core 26 'Sel' <Latency = 0> <II = 1> <Delay = 0.42> <FuncUnit> <Opcode : 'select'> <InPorts = 3> <OutPorts = 1>

State 5 <SV = 4> <Delay = 1.75>
ST_5 : Operation 61 [1/1] (0.00ns)   --->   "%empty = call i32 (...)* @_ssdm_op_SpecLoopTripCount(i64 16896, i64 16896, i64 16896)"   --->   Operation 61 'speclooptripcount' 'empty' <Predicate = (!icmp_ln65)> <Delay = 0.00>
ST_5 : Operation 62 [1/1] (0.00ns)   --->   "%tmp = call i32 (...)* @_ssdm_op_SpecRegionBegin([13 x i8]* @p_str49988)" [./src/conv2d_DSPopt.hpp:66]   --->   Operation 62 'specregionbegin' 'tmp' <Predicate = (!icmp_ln65)> <Delay = 0.00>
ST_5 : Operation 63 [1/1] (0.00ns)   --->   "call void (...)* @_ssdm_op_SpecPipeline(i32 -1, i32 1, i32 1, i32 0, [1 x i8]* @p_str49942) nounwind" [./src/conv2d_DSPopt.hpp:72]   --->   Operation 63 'specpipeline' <Predicate = (!icmp_ln65)> <Delay = 0.00>
ST_5 : Operation 64 [1/1] (0.00ns)   --->   "%p_Result_s_71 = call i32 @_ssdm_op_BitConcatenate.i32.i16.i16(i16 %v1_V, i16 %v2_V)" [./src/conv2d_DSPopt.hpp:94]   --->   Operation 64 'bitconcatenate' 'p_Result_s_71' <Predicate = (!icmp_ln65)> <Delay = 0.00>
ST_5 : Operation 65 [1/1] (1.75ns)   --->   "call void @_ssdm_op_Write.ap_fifo.volatile.i32P(i32* %out_V_V, i32 %p_Result_s_71)" [./src/conv2d_DSPopt.hpp:94]   --->   Operation 65 'write' <Predicate = (!icmp_ln65)> <Delay = 1.75> <Core = "FIFO">   --->   Core 32 'FIFO' <Latency = 0> <II = 1> <Delay = 2.16> <Storage> <Opcode : 'read' 'write' 'nbread' 'nbwrite'> <Ports = 0> <Width = 32> <Depth = 2> <FIFO>
ST_5 : Operation 66 [1/1] (0.00ns)   --->   "%empty_72 = call i32 (...)* @_ssdm_op_SpecRegionEnd([13 x i8]* @p_str49988, i32 %tmp)" [./src/conv2d_DSPopt.hpp:107]   --->   Operation 66 'specregionend' 'empty_72' <Predicate = (!icmp_ln65)> <Delay = 0.00>
ST_5 : Operation 67 [1/1] (0.00ns)   --->   "br label %.preheader608" [./src/conv2d_DSPopt.hpp:66]   --->   Operation 67 'br' <Predicate = (!icmp_ln65)> <Delay = 0.00>

State 6 <SV = 2> <Delay = 0.00>
ST_6 : Operation 68 [1/1] (0.00ns)   --->   "br label %.loopexit"   --->   Operation 68 'br' <Predicate = (!skip_flag_read)> <Delay = 0.00>
ST_6 : Operation 69 [1/1] (0.00ns)   --->   "ret void" [./src/conv2d_DSPopt.hpp:109]   --->   Operation 69 'ret' <Predicate = true> <Delay = 0.00>


============================================================
+ Verbose Summary: Binding
============================================================
STG Binding: 
---------------- STG Properties BEGIN ----------------
- Is combinational: 0
- Is one-state seq: 0
- Is datapath-only: 0
- Is pipelined: 0
- Is top level: 0
Port [ Return ] is wired: 1; IO mode=ap_ctrl_hs:ce=0
Port [ out_V_V]:  wired=1; compound=1; hidden=0; nouse=0; global=0; static=0; extern=0; dir=1; type=3; pingpong=0; private_global=0; IO mode=ap_fifo:ce=0
Port [ row_buffer_0_V]:  wired=1; compound=1; hidden=0; nouse=0; global=0; static=0; extern=0; dir=0; type=1; pingpong=0; private_global=0; MemPort=[13]; IO mode=ap_memory:ce=0
Port [ row_buffer_1_V]:  wired=1; compound=1; hidden=0; nouse=0; global=0; static=0; extern=0; dir=0; type=1; pingpong=0; private_global=0; MemPort=[13]; IO mode=ap_memory:ce=0
Port [ skip_flag]:  wired=1; compound=0; hidden=0; nouse=0; global=0; static=0; extern=0; dir=0; type=0; pingpong=0; private_global=0; IO mode=ap_none:ce=0
Port [ outRowIdx_V]:  wired=1; compound=0; hidden=0; nouse=0; global=0; static=0; extern=0; dir=0; type=0; pingpong=0; private_global=0; IO mode=ap_none:ce=0
Port [ startRowBufferIdx_V]:  wired=1; compound=0; hidden=0; nouse=0; global=0; static=0; extern=0; dir=0; type=0; pingpong=0; private_global=0; IO mode=ap_none:ce=0
---------------- STG Properties END ------------------

---------------- Datapath Model BEGIN ----------------

<LifeTime>
<method=bitvector/>
specinterface_ln0     (specinterface    ) [ 0000000]
specmemcore_ln0       (specmemcore      ) [ 0000000]
startRowBufferIdx_V_s (read             ) [ 0011110]
outRowIdx_V_read      (read             ) [ 0000000]
skip_flag_read        (read             ) [ 0111111]
br_ln59               (br               ) [ 0000000]
sext_ln1354           (sext             ) [ 0000000]
ret_V                 (add              ) [ 0011110]
br_ln65               (br               ) [ 0111110]
indvar_flatten        (phi              ) [ 0010000]
t_V_1                 (phi              ) [ 0010000]
t_V                   (phi              ) [ 0010000]
cycle_0               (phi              ) [ 0010000]
icmp_ln65             (icmp             ) [ 0011110]
add_ln65              (add              ) [ 0111110]
br_ln65               (br               ) [ 0000000]
icmp_ln66             (icmp             ) [ 0000000]
select_ln66           (select           ) [ 0000000]
wr_V                  (partselect       ) [ 0000000]
simdIdx_V             (trunc            ) [ 0000000]
rowBufferIdx_V        (add              ) [ 0000000]
trunc_ln544           (trunc            ) [ 0000000]
zext_ln544_cast       (bitconcatenate   ) [ 0000000]
zext_ln321            (zext             ) [ 0000000]
mul_ln321             (mul              ) [ 0000000]
add_ln321             (add              ) [ 0011000]
zext_ln1353           (zext             ) [ 0000000]
ret_V_1               (add              ) [ 0000000]
tmp_6                 (bitselect        ) [ 0000000]
icmp_ln891            (icmp             ) [ 0000000]
or_ln83               (or               ) [ 0011100]
icmp_ln96             (icmp             ) [ 0000000]
icmp_ln879            (icmp             ) [ 0000000]
w_V                   (add              ) [ 0000000]
select_ln98           (select           ) [ 0000000]
select_ln96           (select           ) [ 0111110]
infoldIdx_V           (add              ) [ 0000000]
infoldIdx_V_1         (select           ) [ 0111110]
cycle                 (add              ) [ 0111110]
sext_ln321            (sext             ) [ 0000000]
row_buffer_0_V_addr   (getelementptr    ) [ 0010100]
row_buffer_1_V_addr   (getelementptr    ) [ 0010100]
row_buffer_0_V_load   (load             ) [ 0000000]
row_buffer_1_V_load   (load             ) [ 0000000]
trunc_ln647           (trunc            ) [ 0000000]
p_Result_s            (partselect       ) [ 0000000]
trunc_ln647_1         (trunc            ) [ 0000000]
p_Result_24_1         (bitconcatenate   ) [ 0000000]
p_Result_25_1         (partselect       ) [ 0000000]
p_Result_26_1         (bitconcatenate   ) [ 0000000]
v1_V                  (select           ) [ 0010010]
v2_V                  (select           ) [ 0010010]
empty                 (speclooptripcount) [ 0000000]
tmp                   (specregionbegin  ) [ 0000000]
specpipeline_ln72     (specpipeline     ) [ 0000000]
p_Result_s_71         (bitconcatenate   ) [ 0000000]
write_ln94            (write            ) [ 0000000]
empty_72              (specregionend    ) [ 0000000]
br_ln66               (br               ) [ 0111110]
br_ln0                (br               ) [ 0000000]
ret_ln109             (ret              ) [ 0000000]
</LifeTime>

<model>

<comp_list>
<comp id="0" class="1000" name="out_V_V">
<pin_list>
<pin id="1" dir="1" index="0" bw="1" slack="0"/>
</pin_list>
<bind>
<StgValue><ssdm name="out_V_V"/></StgValue>
</bind>
</comp>

<comp id="2" class="1000" name="row_buffer_0_V">
<pin_list>
<pin id="3" dir="1" index="0" bw="1" slack="0"/>
</pin_list>
<bind>
<StgValue><ssdm name="row_buffer_0_V"/><MemPortTyVec>1 3 </MemPortTyVec>
</StgValue>
</bind>
</comp>

<comp id="4" class="1000" name="row_buffer_1_V">
<pin_list>
<pin id="5" dir="1" index="0" bw="1" slack="0"/>
</pin_list>
<bind>
<StgValue><ssdm name="row_buffer_1_V"/><MemPortTyVec>1 3 </MemPortTyVec>
</StgValue>
</bind>
</comp>

<comp id="6" class="1000" name="skip_flag">
<pin_list>
<pin id="7" dir="1" index="0" bw="1" slack="0"/>
</pin_list>
<bind>
<StgValue><ssdm name="skip_flag"/></StgValue>
</bind>
</comp>

<comp id="8" class="1000" name="outRowIdx_V">
<pin_list>
<pin id="9" dir="1" index="0" bw="1" slack="0"/>
</pin_list>
<bind>
<StgValue><ssdm name="outRowIdx_V"/></StgValue>
</bind>
</comp>

<comp id="10" class="1000" name="startRowBufferIdx_V">
<pin_list>
<pin id="11" dir="1" index="0" bw="1" slack="0"/>
</pin_list>
<bind>
<StgValue><ssdm name="startRowBufferIdx_V"/></StgValue>
</bind>
</comp>

<comp id="12" class="1001" name="const_12">
<pin_list>
<pin id="13" dir="1" index="0" bw="1" slack="2147483647"/>
</pin_list>
<bind>
<StgValue><ssdm name="_ssdm_op_SpecInterface"/></StgValue>
</bind>
</comp>

<comp id="14" class="1001" name="const_14">
<pin_list>
<pin id="15" dir="1" index="0" bw="1" slack="2147483647"/>
</pin_list>
<bind>
<StgValue><ssdm name="ap_fifo_str"/></StgValue>
</bind>
</comp>

<comp id="16" class="1001" name="const_16">
<pin_list>
<pin id="17" dir="1" index="0" bw="1" slack="2147483647"/>
</pin_list>
<bind>
<StgValue><ssdm name=""/></StgValue>
</bind>
</comp>

<comp id="18" class="1001" name="const_18">
<pin_list>
<pin id="19" dir="1" index="0" bw="1" slack="2147483647"/>
</pin_list>
<bind>
<StgValue><ssdm name="p_str"/></StgValue>
</bind>
</comp>

<comp id="20" class="1001" name="const_20">
<pin_list>
<pin id="21" dir="1" index="0" bw="1" slack="2147483647"/>
</pin_list>
<bind>
<StgValue><ssdm name=""/></StgValue>
</bind>
</comp>

<comp id="22" class="1001" name="const_22">
<pin_list>
<pin id="23" dir="1" index="0" bw="1" slack="2147483647"/>
</pin_list>
<bind>
<StgValue><ssdm name=""/></StgValue>
</bind>
</comp>

<comp id="24" class="1001" name="const_24">
<pin_list>
<pin id="25" dir="1" index="0" bw="1" slack="2147483647"/>
</pin_list>
<bind>
<StgValue><ssdm name="_ssdm_op_SpecMemCore"/></StgValue>
</bind>
</comp>

<comp id="26" class="1001" name="const_26">
<pin_list>
<pin id="27" dir="1" index="0" bw="1" slack="2147483647"/>
</pin_list>
<bind>
<StgValue><ssdm name="p_str49942"/></StgValue>
</bind>
</comp>

<comp id="28" class="1001" name="const_28">
<pin_list>
<pin id="29" dir="1" index="0" bw="1" slack="2147483647"/>
</pin_list>
<bind>
<StgValue><ssdm name="p_str49978"/></StgValue>
</bind>
</comp>

<comp id="30" class="1001" name="const_30">
<pin_list>
<pin id="31" dir="1" index="0" bw="1" slack="2147483647"/>
</pin_list>
<bind>
<StgValue><ssdm name=""/></StgValue>
</bind>
</comp>

<comp id="32" class="1001" name="const_32">
<pin_list>
<pin id="33" dir="1" index="0" bw="1" slack="0"/>
</pin_list>
<bind>
<StgValue><ssdm name="_ssdm_op_Read.ap_auto.i2"/></StgValue>
</bind>
</comp>

<comp id="34" class="1001" name="const_34">
<pin_list>
<pin id="35" dir="1" index="0" bw="1" slack="0"/>
</pin_list>
<bind>
<StgValue><ssdm name="_ssdm_op_Read.ap_auto.i10"/></StgValue>
</bind>
</comp>

<comp id="36" class="1001" name="const_36">
<pin_list>
<pin id="37" dir="1" index="0" bw="1" slack="0"/>
</pin_list>
<bind>
<StgValue><ssdm name="_ssdm_op_Read.ap_auto.i1"/></StgValue>
</bind>
</comp>

<comp id="38" class="1001" name="const_38">
<pin_list>
<pin id="39" dir="1" index="0" bw="1" slack="0"/>
</pin_list>
<bind>
<StgValue><ssdm name=""/></StgValue>
</bind>
</comp>

<comp id="40" class="1001" name="const_40">
<pin_list>
<pin id="41" dir="1" index="0" bw="1" slack="1"/>
</pin_list>
<bind>
<StgValue><ssdm name=""/></StgValue>
</bind>
</comp>

<comp id="42" class="1001" name="const_42">
<pin_list>
<pin id="43" dir="1" index="0" bw="1" slack="0"/>
</pin_list>
<bind>
<StgValue><ssdm name=""/></StgValue>
</bind>
</comp>

<comp id="44" class="1001" name="const_44">
<pin_list>
<pin id="45" dir="1" index="0" bw="1" slack="0"/>
</pin_list>
<bind>
<StgValue><ssdm name=""/></StgValue>
</bind>
</comp>

<comp id="46" class="1001" name="const_46">
<pin_list>
<pin id="47" dir="1" index="0" bw="1" slack="0"/>
</pin_list>
<bind>
<StgValue><ssdm name=""/></StgValue>
</bind>
</comp>

<comp id="48" class="1001" name="const_48">
<pin_list>
<pin id="49" dir="1" index="0" bw="1" slack="0"/>
</pin_list>
<bind>
<StgValue><ssdm name=""/></StgValue>
</bind>
</comp>

<comp id="50" class="1001" name="const_50">
<pin_list>
<pin id="51" dir="1" index="0" bw="1" slack="0"/>
</pin_list>
<bind>
<StgValue><ssdm name=""/></StgValue>
</bind>
</comp>

<comp id="52" class="1001" name="const_52">
<pin_list>
<pin id="53" dir="1" index="0" bw="1" slack="0"/>
</pin_list>
<bind>
<StgValue><ssdm name="_ssdm_op_PartSelect.i2.i8.i32.i32"/></StgValue>
</bind>
</comp>

<comp id="54" class="1001" name="const_54">
<pin_list>
<pin id="55" dir="1" index="0" bw="1" slack="0"/>
</pin_list>
<bind>
<StgValue><ssdm name=""/></StgValue>
</bind>
</comp>

<comp id="56" class="1001" name="const_56">
<pin_list>
<pin id="57" dir="1" index="0" bw="1" slack="0"/>
</pin_list>
<bind>
<StgValue><ssdm name=""/></StgValue>
</bind>
</comp>

<comp id="58" class="1001" name="const_58">
<pin_list>
<pin id="59" dir="1" index="0" bw="1" slack="0"/>
</pin_list>
<bind>
<StgValue><ssdm name="_ssdm_op_BitConcatenate.i11.i7.i4"/></StgValue>
</bind>
</comp>

<comp id="60" class="1001" name="const_60">
<pin_list>
<pin id="61" dir="1" index="0" bw="1" slack="0"/>
</pin_list>
<bind>
<StgValue><ssdm name=""/></StgValue>
</bind>
</comp>

<comp id="62" class="1001" name="const_62">
<pin_list>
<pin id="63" dir="1" index="0" bw="1" slack="0"/>
</pin_list>
<bind>
<StgValue><ssdm name="_ssdm_op_BitSelect.i1.i11.i32"/></StgValue>
</bind>
</comp>

<comp id="64" class="1001" name="const_64">
<pin_list>
<pin id="65" dir="1" index="0" bw="1" slack="0"/>
</pin_list>
<bind>
<StgValue><ssdm name=""/></StgValue>
</bind>
</comp>

<comp id="66" class="1001" name="const_66">
<pin_list>
<pin id="67" dir="1" index="0" bw="1" slack="0"/>
</pin_list>
<bind>
<StgValue><ssdm name=""/></StgValue>
</bind>
</comp>

<comp id="68" class="1001" name="const_68">
<pin_list>
<pin id="69" dir="1" index="0" bw="1" slack="0"/>
</pin_list>
<bind>
<StgValue><ssdm name=""/></StgValue>
</bind>
</comp>

<comp id="70" class="1001" name="const_70">
<pin_list>
<pin id="71" dir="1" index="0" bw="1" slack="0"/>
</pin_list>
<bind>
<StgValue><ssdm name=""/></StgValue>
</bind>
</comp>

<comp id="72" class="1001" name="const_72">
<pin_list>
<pin id="73" dir="1" index="0" bw="1" slack="0"/>
</pin_list>
<bind>
<StgValue><ssdm name=""/></StgValue>
</bind>
</comp>

<comp id="74" class="1001" name="const_74">
<pin_list>
<pin id="75" dir="1" index="0" bw="1" slack="0"/>
</pin_list>
<bind>
<StgValue><ssdm name=""/></StgValue>
</bind>
</comp>

<comp id="76" class="1001" name="const_76">
<pin_list>
<pin id="77" dir="1" index="0" bw="1" slack="0"/>
</pin_list>
<bind>
<StgValue><ssdm name=""/></StgValue>
</bind>
</comp>

<comp id="78" class="1001" name="const_78">
<pin_list>
<pin id="79" dir="1" index="0" bw="1" slack="0"/>
</pin_list>
<bind>
<StgValue><ssdm name="_ssdm_op_PartSelect.i8.i16.i32.i32"/></StgValue>
</bind>
</comp>

<comp id="80" class="1001" name="const_80">
<pin_list>
<pin id="81" dir="1" index="0" bw="1" slack="0"/>
</pin_list>
<bind>
<StgValue><ssdm name=""/></StgValue>
</bind>
</comp>

<comp id="82" class="1001" name="const_82">
<pin_list>
<pin id="83" dir="1" index="0" bw="1" slack="0"/>
</pin_list>
<bind>
<StgValue><ssdm name=""/></StgValue>
</bind>
</comp>

<comp id="84" class="1001" name="const_84">
<pin_list>
<pin id="85" dir="1" index="0" bw="1" slack="0"/>
</pin_list>
<bind>
<StgValue><ssdm name="_ssdm_op_BitConcatenate.i16.i8.i8"/></StgValue>
</bind>
</comp>

<comp id="86" class="1001" name="const_86">
<pin_list>
<pin id="87" dir="1" index="0" bw="1" slack="0"/>
</pin_list>
<bind>
<StgValue><ssdm name=""/></StgValue>
</bind>
</comp>

<comp id="88" class="1001" name="const_88">
<pin_list>
<pin id="89" dir="1" index="0" bw="1" slack="2147483647"/>
</pin_list>
<bind>
<StgValue><ssdm name="_ssdm_op_SpecLoopTripCount"/></StgValue>
</bind>
</comp>

<comp id="90" class="1001" name="const_90">
<pin_list>
<pin id="91" dir="1" index="0" bw="1" slack="2147483647"/>
</pin_list>
<bind>
<StgValue><ssdm name=""/></StgValue>
</bind>
</comp>

<comp id="92" class="1001" name="const_92">
<pin_list>
<pin id="93" dir="1" index="0" bw="1" slack="2147483647"/>
</pin_list>
<bind>
<StgValue><ssdm name="_ssdm_op_SpecRegionBegin"/></StgValue>
</bind>
</comp>

<comp id="94" class="1001" name="const_94">
<pin_list>
<pin id="95" dir="1" index="0" bw="1" slack="2147483647"/>
</pin_list>
<bind>
<StgValue><ssdm name="p_str49988"/></StgValue>
</bind>
</comp>

<comp id="96" class="1001" name="const_96">
<pin_list>
<pin id="97" dir="1" index="0" bw="1" slack="2147483647"/>
</pin_list>
<bind>
<StgValue><ssdm name="_ssdm_op_SpecPipeline"/></StgValue>
</bind>
</comp>

<comp id="98" class="1001" name="const_98">
<pin_list>
<pin id="99" dir="1" index="0" bw="1" slack="2147483647"/>
</pin_list>
<bind>
<StgValue><ssdm name=""/></StgValue>
</bind>
</comp>

<comp id="100" class="1001" name="const_100">
<pin_list>
<pin id="101" dir="1" index="0" bw="1" slack="0"/>
</pin_list>
<bind>
<StgValue><ssdm name="_ssdm_op_BitConcatenate.i32.i16.i16"/></StgValue>
</bind>
</comp>

<comp id="102" class="1001" name="const_102">
<pin_list>
<pin id="103" dir="1" index="0" bw="1" slack="0"/>
</pin_list>
<bind>
<StgValue><ssdm name="_ssdm_op_Write.ap_fifo.volatile.i32P"/></StgValue>
</bind>
</comp>

<comp id="104" class="1001" name="const_104">
<pin_list>
<pin id="105" dir="1" index="0" bw="1" slack="2147483647"/>
</pin_list>
<bind>
<StgValue><ssdm name="_ssdm_op_SpecRegionEnd"/></StgValue>
</bind>
</comp>

<comp id="106" class="1004" name="startRowBufferIdx_V_s_read_fu_106">
<pin_list>
<pin id="107" dir="0" index="0" bw="2" slack="0"/>
<pin id="108" dir="0" index="1" bw="2" slack="0"/>
<pin id="109" dir="1" index="2" bw="2" slack="1"/>
</pin_list>
<bind>
<opcode="read(1150) " fcode="read"/>
<opset="startRowBufferIdx_V_s/1 "/>
</bind>
</comp>

<comp id="112" class="1004" name="outRowIdx_V_read_read_fu_112">
<pin_list>
<pin id="113" dir="0" index="0" bw="10" slack="0"/>
<pin id="114" dir="0" index="1" bw="10" slack="0"/>
<pin id="115" dir="1" index="2" bw="10" slack="0"/>
</pin_list>
<bind>
<opcode="read(1150) " fcode="read"/>
<opset="outRowIdx_V_read/1 "/>
</bind>
</comp>

<comp id="118" class="1004" name="skip_flag_read_read_fu_118">
<pin_list>
<pin id="119" dir="0" index="0" bw="1" slack="0"/>
<pin id="120" dir="0" index="1" bw="1" slack="0"/>
<pin id="121" dir="1" index="2" bw="1" slack="1"/>
</pin_list>
<bind>
<opcode="read(1150) " fcode="read"/>
<opset="skip_flag_read/1 "/>
</bind>
</comp>

<comp id="124" class="1004" name="write_ln94_write_fu_124">
<pin_list>
<pin id="125" dir="0" index="0" bw="0" slack="0"/>
<pin id="126" dir="0" index="1" bw="32" slack="0"/>
<pin id="127" dir="0" index="2" bw="32" slack="0"/>
<pin id="128" dir="1" index="3" bw="0" slack="2147483647"/>
</pin_list>
<bind>
<opcode="write(1151) " fcode="write"/>
<opset="write_ln94/5 "/>
</bind>
</comp>

<comp id="131" class="1004" name="row_buffer_0_V_addr_gep_fu_131">
<pin_list>
<pin id="132" dir="0" index="0" bw="16" slack="0"/>
<pin id="133" dir="0" index="1" bw="1" slack="0"/>
<pin id="134" dir="0" index="2" bw="11" slack="0"/>
<pin id="135" dir="1" index="3" bw="10" slack="0"/>
</pin_list>
<bind>
<opcode="getelementptr(29) " fcode="getelementptr"/>
<opset="row_buffer_0_V_addr/3 "/>
</bind>
</comp>

<comp id="138" class="1004" name="row_buffer_1_V_addr_gep_fu_138">
<pin_list>
<pin id="139" dir="0" index="0" bw="16" slack="0"/>
<pin id="140" dir="0" index="1" bw="1" slack="0"/>
<pin id="141" dir="0" index="2" bw="11" slack="0"/>
<pin id="142" dir="1" index="3" bw="10" slack="0"/>
</pin_list>
<bind>
<opcode="getelementptr(29) " fcode="getelementptr"/>
<opset="row_buffer_1_V_addr/3 "/>
</bind>
</comp>

<comp id="145" class="1004" name="grp_access_fu_145">
<pin_list>
<pin id="146" dir="0" index="0" bw="10" slack="0"/>
<pin id="147" dir="0" index="1" bw="16" slack="2147483647"/>
<pin id="148" dir="0" index="2" bw="0" slack="2147483647"/>
<pin id="149" dir="1" index="3" bw="16" slack="0"/>
</pin_list>
<bind>
<opcode="load(27) " fcode="load"/>
<opset="row_buffer_0_V_load/3 "/>
</bind>
</comp>

<comp id="151" class="1004" name="grp_access_fu_151">
<pin_list>
<pin id="152" dir="0" index="0" bw="10" slack="0"/>
<pin id="153" dir="0" index="1" bw="16" slack="2147483647"/>
<pin id="154" dir="0" index="2" bw="0" slack="2147483647"/>
<pin id="155" dir="1" index="3" bw="16" slack="0"/>
</pin_list>
<bind>
<opcode="load(27) " fcode="load"/>
<opset="row_buffer_1_V_load/3 "/>
</bind>
</comp>

<comp id="157" class="1005" name="indvar_flatten_reg_157">
<pin_list>
<pin id="158" dir="0" index="0" bw="15" slack="1"/>
<pin id="159" dir="1" index="1" bw="15" slack="1"/>
</pin_list>
<bind>
<opset="indvar_flatten (phireg) "/>
</bind>
</comp>

<comp id="161" class="1004" name="indvar_flatten_phi_fu_161">
<pin_list>
<pin id="162" dir="0" index="0" bw="1" slack="1"/>
<pin id="163" dir="0" index="1" bw="0" slack="2147483647"/>
<pin id="164" dir="0" index="2" bw="15" slack="0"/>
<pin id="165" dir="0" index="3" bw="0" slack="2147483647"/>
<pin id="166" dir="1" index="4" bw="15" slack="0"/>
</pin_list>
<bind>
<opcode="phi(47) " fcode="phi"/>
<opset="indvar_flatten/2 "/>
</bind>
</comp>

<comp id="168" class="1005" name="t_V_1_reg_168">
<pin_list>
<pin id="169" dir="0" index="0" bw="8" slack="1"/>
<pin id="170" dir="1" index="1" bw="8" slack="1"/>
</pin_list>
<bind>
<opset="t_V_1 (phireg) "/>
</bind>
</comp>

<comp id="172" class="1004" name="t_V_1_phi_fu_172">
<pin_list>
<pin id="173" dir="0" index="0" bw="1" slack="1"/>
<pin id="174" dir="0" index="1" bw="0" slack="2147483647"/>
<pin id="175" dir="0" index="2" bw="8" slack="0"/>
<pin id="176" dir="0" index="3" bw="0" slack="2147483647"/>
<pin id="177" dir="1" index="4" bw="8" slack="0"/>
</pin_list>
<bind>
<opcode="phi(47) " fcode="phi"/>
<opset="t_V_1/2 "/>
</bind>
</comp>

<comp id="179" class="1005" name="t_V_reg_179">
<pin_list>
<pin id="180" dir="0" index="0" bw="8" slack="1"/>
<pin id="181" dir="1" index="1" bw="8" slack="1"/>
</pin_list>
<bind>
<opset="t_V (phireg) "/>
</bind>
</comp>

<comp id="183" class="1004" name="t_V_phi_fu_183">
<pin_list>
<pin id="184" dir="0" index="0" bw="1" slack="1"/>
<pin id="185" dir="0" index="1" bw="0" slack="2147483647"/>
<pin id="186" dir="0" index="2" bw="8" slack="0"/>
<pin id="187" dir="0" index="3" bw="0" slack="2147483647"/>
<pin id="188" dir="1" index="4" bw="8" slack="0"/>
</pin_list>
<bind>
<opcode="phi(47) " fcode="phi"/>
<opset="t_V/2 "/>
</bind>
</comp>

<comp id="190" class="1005" name="cycle_0_reg_190">
<pin_list>
<pin id="191" dir="0" index="0" bw="10" slack="1"/>
<pin id="192" dir="1" index="1" bw="10" slack="1"/>
</pin_list>
<bind>
<opset="cycle_0 (phireg) "/>
</bind>
</comp>

<comp id="194" class="1004" name="cycle_0_phi_fu_194">
<pin_list>
<pin id="195" dir="0" index="0" bw="1" slack="1"/>
<pin id="196" dir="0" index="1" bw="0" slack="2147483647"/>
<pin id="197" dir="0" index="2" bw="10" slack="0"/>
<pin id="198" dir="0" index="3" bw="0" slack="2147483647"/>
<pin id="199" dir="1" index="4" bw="10" slack="0"/>
</pin_list>
<bind>
<opcode="phi(47) " fcode="phi"/>
<opset="cycle_0/2 "/>
</bind>
</comp>

<comp id="201" class="1004" name="sext_ln1354_fu_201">
<pin_list>
<pin id="202" dir="0" index="0" bw="10" slack="0"/>
<pin id="203" dir="1" index="1" bw="11" slack="0"/>
</pin_list>
<bind>
<opcode="sext(35) " fcode="sext"/>
<opset="sext_ln1354/1 "/>
</bind>
</comp>

<comp id="205" class="1004" name="ret_V_fu_205">
<pin_list>
<pin id="206" dir="0" index="0" bw="10" slack="0"/>
<pin id="207" dir="0" index="1" bw="1" slack="0"/>
<pin id="208" dir="1" index="2" bw="11" slack="1"/>
</pin_list>
<bind>
<opcode="add(8) " fcode="add"/>
<opset="ret_V/1 "/>
</bind>
</comp>

<comp id="211" class="1004" name="icmp_ln65_fu_211">
<pin_list>
<pin id="212" dir="0" index="0" bw="15" slack="0"/>
<pin id="213" dir="0" index="1" bw="15" slack="0"/>
<pin id="214" dir="1" index="2" bw="1" slack="1"/>
</pin_list>
<bind>
<opcode="icmp(45) " fcode="icmp"/>
<opset="icmp_ln65/2 "/>
</bind>
</comp>

<comp id="217" class="1004" name="add_ln65_fu_217">
<pin_list>
<pin id="218" dir="0" index="0" bw="15" slack="0"/>
<pin id="219" dir="0" index="1" bw="1" slack="0"/>
<pin id="220" dir="1" index="2" bw="15" slack="0"/>
</pin_list>
<bind>
<opcode="add(8) " fcode="add"/>
<opset="add_ln65/2 "/>
</bind>
</comp>

<comp id="223" class="1004" name="icmp_ln66_fu_223">
<pin_list>
<pin id="224" dir="0" index="0" bw="10" slack="0"/>
<pin id="225" dir="0" index="1" bw="10" slack="0"/>
<pin id="226" dir="1" index="2" bw="1" slack="0"/>
</pin_list>
<bind>
<opcode="icmp(45) " fcode="icmp"/>
<opset="icmp_ln66/2 "/>
</bind>
</comp>

<comp id="229" class="1004" name="select_ln66_fu_229">
<pin_list>
<pin id="230" dir="0" index="0" bw="1" slack="0"/>
<pin id="231" dir="0" index="1" bw="1" slack="0"/>
<pin id="232" dir="0" index="2" bw="10" slack="0"/>
<pin id="233" dir="1" index="3" bw="10" slack="0"/>
</pin_list>
<bind>
<opcode="select(49) " fcode="select"/>
<opset="select_ln66/2 "/>
</bind>
</comp>

<comp id="237" class="1004" name="wr_V_fu_237">
<pin_list>
<pin id="238" dir="0" index="0" bw="2" slack="0"/>
<pin id="239" dir="0" index="1" bw="8" slack="0"/>
<pin id="240" dir="0" index="2" bw="4" slack="0"/>
<pin id="241" dir="0" index="3" bw="4" slack="0"/>
<pin id="242" dir="1" index="4" bw="2" slack="0"/>
</pin_list>
<bind>
<opcode="partselect(1002) " fcode="partselect"/>
<opset="wr_V/2 "/>
</bind>
</comp>

<comp id="247" class="1004" name="simdIdx_V_fu_247">
<pin_list>
<pin id="248" dir="0" index="0" bw="8" slack="0"/>
<pin id="249" dir="1" index="1" bw="4" slack="0"/>
</pin_list>
<bind>
<opcode="trunc(33) " fcode="trunc"/>
<opset="simdIdx_V/2 "/>
</bind>
</comp>

<comp id="251" class="1004" name="rowBufferIdx_V_fu_251">
<pin_list>
<pin id="252" dir="0" index="0" bw="2" slack="0"/>
<pin id="253" dir="0" index="1" bw="2" slack="1"/>
<pin id="254" dir="1" index="2" bw="2" slack="0"/>
</pin_list>
<bind>
<opcode="add(8) " fcode="add"/>
<opset="rowBufferIdx_V/2 "/>
</bind>
</comp>

<comp id="256" class="1004" name="trunc_ln544_fu_256">
<pin_list>
<pin id="257" dir="0" index="0" bw="8" slack="0"/>
<pin id="258" dir="1" index="1" bw="7" slack="0"/>
</pin_list>
<bind>
<opcode="trunc(33) " fcode="trunc"/>
<opset="trunc_ln544/2 "/>
</bind>
</comp>

<comp id="260" class="1004" name="zext_ln544_cast_fu_260">
<pin_list>
<pin id="261" dir="0" index="0" bw="11" slack="0"/>
<pin id="262" dir="0" index="1" bw="7" slack="0"/>
<pin id="263" dir="0" index="2" bw="4" slack="0"/>
<pin id="264" dir="1" index="3" bw="11" slack="0"/>
</pin_list>
<bind>
<opcode="bitconcatenate(1004) " fcode="bitconcatenate"/>
<opset="zext_ln544_cast/2 "/>
</bind>
</comp>

<comp id="268" class="1004" name="zext_ln321_fu_268">
<pin_list>
<pin id="269" dir="0" index="0" bw="2" slack="0"/>
<pin id="270" dir="1" index="1" bw="11" slack="0"/>
</pin_list>
<bind>
<opcode="zext(34) " fcode="zext"/>
<opset="zext_ln321/2 "/>
</bind>
</comp>

<comp id="272" class="1004" name="zext_ln1353_fu_272">
<pin_list>
<pin id="273" dir="0" index="0" bw="2" slack="0"/>
<pin id="274" dir="1" index="1" bw="11" slack="0"/>
</pin_list>
<bind>
<opcode="zext(34) " fcode="zext"/>
<opset="zext_ln1353/2 "/>
</bind>
</comp>

<comp id="276" class="1004" name="ret_V_1_fu_276">
<pin_list>
<pin id="277" dir="0" index="0" bw="2" slack="0"/>
<pin id="278" dir="0" index="1" bw="11" slack="1"/>
<pin id="279" dir="1" index="2" bw="11" slack="0"/>
</pin_list>
<bind>
<opcode="add(8) " fcode="add"/>
<opset="ret_V_1/2 "/>
</bind>
</comp>

<comp id="281" class="1004" name="tmp_6_fu_281">
<pin_list>
<pin id="282" dir="0" index="0" bw="1" slack="0"/>
<pin id="283" dir="0" index="1" bw="11" slack="0"/>
<pin id="284" dir="0" index="2" bw="5" slack="0"/>
<pin id="285" dir="1" index="3" bw="1" slack="0"/>
</pin_list>
<bind>
<opcode="bitselect(1000) " fcode="bitselect"/>
<opset="tmp_6/2 "/>
</bind>
</comp>

<comp id="289" class="1004" name="icmp_ln891_fu_289">
<pin_list>
<pin id="290" dir="0" index="0" bw="11" slack="0"/>
<pin id="291" dir="0" index="1" bw="5" slack="0"/>
<pin id="292" dir="1" index="2" bw="1" slack="0"/>
</pin_list>
<bind>
<opcode="icmp(45) " fcode="icmp"/>
<opset="icmp_ln891/2 "/>
</bind>
</comp>

<comp id="295" class="1004" name="or_ln83_fu_295">
<pin_list>
<pin id="296" dir="0" index="0" bw="1" slack="0"/>
<pin id="297" dir="0" index="1" bw="1" slack="0"/>
<pin id="298" dir="1" index="2" bw="1" slack="2"/>
</pin_list>
<bind>
<opcode="or(24) " fcode="or"/>
<opset="or_ln83/2 "/>
</bind>
</comp>

<comp id="301" class="1004" name="icmp_ln96_fu_301">
<pin_list>
<pin id="302" dir="0" index="0" bw="10" slack="0"/>
<pin id="303" dir="0" index="1" bw="10" slack="0"/>
<pin id="304" dir="1" index="2" bw="1" slack="0"/>
</pin_list>
<bind>
<opcode="icmp(45) " fcode="icmp"/>
<opset="icmp_ln96/2 "/>
</bind>
</comp>

<comp id="307" class="1004" name="icmp_ln879_fu_307">
<pin_list>
<pin id="308" dir="0" index="0" bw="8" slack="0"/>
<pin id="309" dir="0" index="1" bw="7" slack="0"/>
<pin id="310" dir="1" index="2" bw="1" slack="0"/>
</pin_list>
<bind>
<opcode="icmp(45) " fcode="icmp"/>
<opset="icmp_ln879/2 "/>
</bind>
</comp>

<comp id="313" class="1004" name="w_V_fu_313">
<pin_list>
<pin id="314" dir="0" index="0" bw="1" slack="0"/>
<pin id="315" dir="0" index="1" bw="8" slack="0"/>
<pin id="316" dir="1" index="2" bw="8" slack="0"/>
</pin_list>
<bind>
<opcode="add(8) " fcode="add"/>
<opset="w_V/2 "/>
</bind>
</comp>

<comp id="319" class="1004" name="select_ln98_fu_319">
<pin_list>
<pin id="320" dir="0" index="0" bw="1" slack="0"/>
<pin id="321" dir="0" index="1" bw="8" slack="0"/>
<pin id="322" dir="0" index="2" bw="8" slack="0"/>
<pin id="323" dir="1" index="3" bw="8" slack="0"/>
</pin_list>
<bind>
<opcode="select(49) " fcode="select"/>
<opset="select_ln98/2 "/>
</bind>
</comp>

<comp id="327" class="1004" name="select_ln96_fu_327">
<pin_list>
<pin id="328" dir="0" index="0" bw="1" slack="0"/>
<pin id="329" dir="0" index="1" bw="1" slack="0"/>
<pin id="330" dir="0" index="2" bw="8" slack="0"/>
<pin id="331" dir="1" index="3" bw="8" slack="0"/>
</pin_list>
<bind>
<opcode="select(49) " fcode="select"/>
<opset="select_ln96/2 "/>
</bind>
</comp>

<comp id="335" class="1004" name="infoldIdx_V_fu_335">
<pin_list>
<pin id="336" dir="0" index="0" bw="1" slack="0"/>
<pin id="337" dir="0" index="1" bw="8" slack="0"/>
<pin id="338" dir="1" index="2" bw="8" slack="0"/>
</pin_list>
<bind>
<opcode="add(8) " fcode="add"/>
<opset="infoldIdx_V/2 "/>
</bind>
</comp>

<comp id="341" class="1004" name="infoldIdx_V_1_fu_341">
<pin_list>
<pin id="342" dir="0" index="0" bw="1" slack="0"/>
<pin id="343" dir="0" index="1" bw="1" slack="0"/>
<pin id="344" dir="0" index="2" bw="8" slack="0"/>
<pin id="345" dir="1" index="3" bw="8" slack="0"/>
</pin_list>
<bind>
<opcode="select(49) " fcode="select"/>
<opset="infoldIdx_V_1/2 "/>
</bind>
</comp>

<comp id="349" class="1004" name="cycle_fu_349">
<pin_list>
<pin id="350" dir="0" index="0" bw="1" slack="0"/>
<pin id="351" dir="0" index="1" bw="10" slack="0"/>
<pin id="352" dir="1" index="2" bw="10" slack="0"/>
</pin_list>
<bind>
<opcode="add(8) " fcode="add"/>
<opset="cycle/2 "/>
</bind>
</comp>

<comp id="355" class="1004" name="sext_ln321_fu_355">
<pin_list>
<pin id="356" dir="0" index="0" bw="11" slack="1"/>
<pin id="357" dir="1" index="1" bw="64" slack="0"/>
</pin_list>
<bind>
<opcode="sext(35) " fcode="sext"/>
<opset="sext_ln321/3 "/>
</bind>
</comp>

<comp id="360" class="1004" name="trunc_ln647_fu_360">
<pin_list>
<pin id="361" dir="0" index="0" bw="16" slack="0"/>
<pin id="362" dir="1" index="1" bw="8" slack="0"/>
</pin_list>
<bind>
<opcode="trunc(33) " fcode="trunc"/>
<opset="trunc_ln647/4 "/>
</bind>
</comp>

<comp id="364" class="1004" name="p_Result_s_fu_364">
<pin_list>
<pin id="365" dir="0" index="0" bw="8" slack="0"/>
<pin id="366" dir="0" index="1" bw="16" slack="0"/>
<pin id="367" dir="0" index="2" bw="5" slack="0"/>
<pin id="368" dir="0" index="3" bw="5" slack="0"/>
<pin id="369" dir="1" index="4" bw="8" slack="0"/>
</pin_list>
<bind>
<opcode="partselect(1002) " fcode="partselect"/>
<opset="p_Result_s/4 "/>
</bind>
</comp>

<comp id="374" class="1004" name="trunc_ln647_1_fu_374">
<pin_list>
<pin id="375" dir="0" index="0" bw="16" slack="0"/>
<pin id="376" dir="1" index="1" bw="8" slack="0"/>
</pin_list>
<bind>
<opcode="trunc(33) " fcode="trunc"/>
<opset="trunc_ln647_1/4 "/>
</bind>
</comp>

<comp id="378" class="1004" name="p_Result_24_1_fu_378">
<pin_list>
<pin id="379" dir="0" index="0" bw="16" slack="0"/>
<pin id="380" dir="0" index="1" bw="8" slack="0"/>
<pin id="381" dir="0" index="2" bw="8" slack="0"/>
<pin id="382" dir="1" index="3" bw="16" slack="0"/>
</pin_list>
<bind>
<opcode="bitconcatenate(1004) " fcode="bitconcatenate"/>
<opset="p_Result_24_1/4 "/>
</bind>
</comp>

<comp id="386" class="1004" name="p_Result_25_1_fu_386">
<pin_list>
<pin id="387" dir="0" index="0" bw="8" slack="0"/>
<pin id="388" dir="0" index="1" bw="16" slack="0"/>
<pin id="389" dir="0" index="2" bw="5" slack="0"/>
<pin id="390" dir="0" index="3" bw="5" slack="0"/>
<pin id="391" dir="1" index="4" bw="8" slack="0"/>
</pin_list>
<bind>
<opcode="partselect(1002) " fcode="partselect"/>
<opset="p_Result_25_1/4 "/>
</bind>
</comp>

<comp id="396" class="1004" name="p_Result_26_1_fu_396">
<pin_list>
<pin id="397" dir="0" index="0" bw="16" slack="0"/>
<pin id="398" dir="0" index="1" bw="8" slack="0"/>
<pin id="399" dir="0" index="2" bw="8" slack="0"/>
<pin id="400" dir="1" index="3" bw="16" slack="0"/>
</pin_list>
<bind>
<opcode="bitconcatenate(1004) " fcode="bitconcatenate"/>
<opset="p_Result_26_1/4 "/>
</bind>
</comp>

<comp id="404" class="1004" name="v1_V_fu_404">
<pin_list>
<pin id="405" dir="0" index="0" bw="1" slack="2"/>
<pin id="406" dir="0" index="1" bw="1" slack="0"/>
<pin id="407" dir="0" index="2" bw="16" slack="0"/>
<pin id="408" dir="1" index="3" bw="16" slack="1"/>
</pin_list>
<bind>
<opcode="select(49) " fcode="select"/>
<opset="v1_V/4 "/>
</bind>
</comp>

<comp id="411" class="1004" name="v2_V_fu_411">
<pin_list>
<pin id="412" dir="0" index="0" bw="1" slack="2"/>
<pin id="413" dir="0" index="1" bw="1" slack="0"/>
<pin id="414" dir="0" index="2" bw="16" slack="0"/>
<pin id="415" dir="1" index="3" bw="16" slack="1"/>
</pin_list>
<bind>
<opcode="select(49) " fcode="select"/>
<opset="v2_V/4 "/>
</bind>
</comp>

<comp id="418" class="1004" name="p_Result_s_71_fu_418">
<pin_list>
<pin id="419" dir="0" index="0" bw="32" slack="0"/>
<pin id="420" dir="0" index="1" bw="16" slack="1"/>
<pin id="421" dir="0" index="2" bw="16" slack="1"/>
<pin id="422" dir="1" index="3" bw="32" slack="0"/>
</pin_list>
<bind>
<opcode="bitconcatenate(1004) " fcode="bitconcatenate"/>
<opset="p_Result_s_71/5 "/>
</bind>
</comp>

<comp id="425" class="1007" name="grp_fu_425">
<pin_list>
<pin id="426" dir="0" index="0" bw="11" slack="0"/>
<pin id="427" dir="0" index="1" bw="2" slack="0"/>
<pin id="428" dir="0" index="2" bw="11" slack="0"/>
<pin id="429" dir="1" index="3" bw="11" slack="1"/>
</pin_list>
<bind>
<opcode="muladd(1172) " fcode="muladd"/>
<opset="mul_ln321/2 add_ln321/2 "/>
</bind>
</comp>

<comp id="433" class="1005" name="startRowBufferIdx_V_s_reg_433">
<pin_list>
<pin id="434" dir="0" index="0" bw="2" slack="1"/>
<pin id="435" dir="1" index="1" bw="2" slack="1"/>
</pin_list>
<bind>
<opset="startRowBufferIdx_V_s "/>
</bind>
</comp>

<comp id="438" class="1005" name="skip_flag_read_reg_438">
<pin_list>
<pin id="439" dir="0" index="0" bw="1" slack="1"/>
<pin id="440" dir="1" index="1" bw="1" slack="2147483647"/>
</pin_list>
<bind>
<opset="skip_flag_read "/>
</bind>
</comp>

<comp id="442" class="1005" name="ret_V_reg_442">
<pin_list>
<pin id="443" dir="0" index="0" bw="11" slack="1"/>
<pin id="444" dir="1" index="1" bw="11" slack="1"/>
</pin_list>
<bind>
<opset="ret_V "/>
</bind>
</comp>

<comp id="447" class="1005" name="icmp_ln65_reg_447">
<pin_list>
<pin id="448" dir="0" index="0" bw="1" slack="1"/>
<pin id="449" dir="1" index="1" bw="1" slack="2147483647"/>
</pin_list>
<bind>
<opset="icmp_ln65 "/>
</bind>
</comp>

<comp id="451" class="1005" name="add_ln65_reg_451">
<pin_list>
<pin id="452" dir="0" index="0" bw="15" slack="0"/>
<pin id="453" dir="1" index="1" bw="15" slack="0"/>
</pin_list>
<bind>
<opset="add_ln65 "/>
</bind>
</comp>

<comp id="456" class="1005" name="add_ln321_reg_456">
<pin_list>
<pin id="457" dir="0" index="0" bw="11" slack="1"/>
<pin id="458" dir="1" index="1" bw="11" slack="1"/>
</pin_list>
<bind>
<opset="add_ln321 "/>
</bind>
</comp>

<comp id="461" class="1005" name="or_ln83_reg_461">
<pin_list>
<pin id="462" dir="0" index="0" bw="1" slack="2"/>
<pin id="463" dir="1" index="1" bw="1" slack="2"/>
</pin_list>
<bind>
<opset="or_ln83 "/>
</bind>
</comp>

<comp id="467" class="1005" name="select_ln96_reg_467">
<pin_list>
<pin id="468" dir="0" index="0" bw="8" slack="0"/>
<pin id="469" dir="1" index="1" bw="8" slack="0"/>
</pin_list>
<bind>
<opset="select_ln96 "/>
</bind>
</comp>

<comp id="472" class="1005" name="infoldIdx_V_1_reg_472">
<pin_list>
<pin id="473" dir="0" index="0" bw="8" slack="0"/>
<pin id="474" dir="1" index="1" bw="8" slack="0"/>
</pin_list>
<bind>
<opset="infoldIdx_V_1 "/>
</bind>
</comp>

<comp id="477" class="1005" name="cycle_reg_477">
<pin_list>
<pin id="478" dir="0" index="0" bw="10" slack="0"/>
<pin id="479" dir="1" index="1" bw="10" slack="0"/>
</pin_list>
<bind>
<opset="cycle "/>
</bind>
</comp>

<comp id="482" class="1005" name="row_buffer_0_V_addr_reg_482">
<pin_list>
<pin id="483" dir="0" index="0" bw="10" slack="1"/>
<pin id="484" dir="1" index="1" bw="10" slack="1"/>
</pin_list>
<bind>
<opset="row_buffer_0_V_addr "/>
</bind>
</comp>

<comp id="487" class="1005" name="row_buffer_1_V_addr_reg_487">
<pin_list>
<pin id="488" dir="0" index="0" bw="10" slack="1"/>
<pin id="489" dir="1" index="1" bw="10" slack="1"/>
</pin_list>
<bind>
<opset="row_buffer_1_V_addr "/>
</bind>
</comp>

<comp id="492" class="1005" name="v1_V_reg_492">
<pin_list>
<pin id="493" dir="0" index="0" bw="16" slack="1"/>
<pin id="494" dir="1" index="1" bw="16" slack="1"/>
</pin_list>
<bind>
<opset="v1_V "/>
</bind>
</comp>

<comp id="497" class="1005" name="v2_V_reg_497">
<pin_list>
<pin id="498" dir="0" index="0" bw="16" slack="1"/>
<pin id="499" dir="1" index="1" bw="16" slack="1"/>
</pin_list>
<bind>
<opset="v2_V "/>
</bind>
</comp>

</comp_list>

<net_list>
<net id="110"><net_src comp="32" pin="0"/><net_sink comp="106" pin=0"/></net>

<net id="111"><net_src comp="10" pin="0"/><net_sink comp="106" pin=1"/></net>

<net id="116"><net_src comp="34" pin="0"/><net_sink comp="112" pin=0"/></net>

<net id="117"><net_src comp="8" pin="0"/><net_sink comp="112" pin=1"/></net>

<net id="122"><net_src comp="36" pin="0"/><net_sink comp="118" pin=0"/></net>

<net id="123"><net_src comp="6" pin="0"/><net_sink comp="118" pin=1"/></net>

<net id="129"><net_src comp="102" pin="0"/><net_sink comp="124" pin=0"/></net>

<net id="130"><net_src comp="0" pin="0"/><net_sink comp="124" pin=1"/></net>

<net id="136"><net_src comp="2" pin="0"/><net_sink comp="131" pin=0"/></net>

<net id="137"><net_src comp="76" pin="0"/><net_sink comp="131" pin=1"/></net>

<net id="143"><net_src comp="4" pin="0"/><net_sink comp="138" pin=0"/></net>

<net id="144"><net_src comp="76" pin="0"/><net_sink comp="138" pin=1"/></net>

<net id="150"><net_src comp="131" pin="3"/><net_sink comp="145" pin=0"/></net>

<net id="156"><net_src comp="138" pin="3"/><net_sink comp="151" pin=0"/></net>

<net id="160"><net_src comp="40" pin="0"/><net_sink comp="157" pin=0"/></net>

<net id="167"><net_src comp="157" pin="1"/><net_sink comp="161" pin=0"/></net>

<net id="171"><net_src comp="42" pin="0"/><net_sink comp="168" pin=0"/></net>

<net id="178"><net_src comp="168" pin="1"/><net_sink comp="172" pin=0"/></net>

<net id="182"><net_src comp="42" pin="0"/><net_sink comp="179" pin=0"/></net>

<net id="189"><net_src comp="179" pin="1"/><net_sink comp="183" pin=0"/></net>

<net id="193"><net_src comp="44" pin="0"/><net_sink comp="190" pin=0"/></net>

<net id="200"><net_src comp="190" pin="1"/><net_sink comp="194" pin=0"/></net>

<net id="204"><net_src comp="112" pin="2"/><net_sink comp="201" pin=0"/></net>

<net id="209"><net_src comp="201" pin="1"/><net_sink comp="205" pin=0"/></net>

<net id="210"><net_src comp="38" pin="0"/><net_sink comp="205" pin=1"/></net>

<net id="215"><net_src comp="161" pin="4"/><net_sink comp="211" pin=0"/></net>

<net id="216"><net_src comp="46" pin="0"/><net_sink comp="211" pin=1"/></net>

<net id="221"><net_src comp="161" pin="4"/><net_sink comp="217" pin=0"/></net>

<net id="222"><net_src comp="48" pin="0"/><net_sink comp="217" pin=1"/></net>

<net id="227"><net_src comp="194" pin="4"/><net_sink comp="223" pin=0"/></net>

<net id="228"><net_src comp="50" pin="0"/><net_sink comp="223" pin=1"/></net>

<net id="234"><net_src comp="223" pin="2"/><net_sink comp="229" pin=0"/></net>

<net id="235"><net_src comp="44" pin="0"/><net_sink comp="229" pin=1"/></net>

<net id="236"><net_src comp="194" pin="4"/><net_sink comp="229" pin=2"/></net>

<net id="243"><net_src comp="52" pin="0"/><net_sink comp="237" pin=0"/></net>

<net id="244"><net_src comp="172" pin="4"/><net_sink comp="237" pin=1"/></net>

<net id="245"><net_src comp="54" pin="0"/><net_sink comp="237" pin=2"/></net>

<net id="246"><net_src comp="56" pin="0"/><net_sink comp="237" pin=3"/></net>

<net id="250"><net_src comp="172" pin="4"/><net_sink comp="247" pin=0"/></net>

<net id="255"><net_src comp="237" pin="4"/><net_sink comp="251" pin=0"/></net>

<net id="259"><net_src comp="183" pin="4"/><net_sink comp="256" pin=0"/></net>

<net id="265"><net_src comp="58" pin="0"/><net_sink comp="260" pin=0"/></net>

<net id="266"><net_src comp="256" pin="1"/><net_sink comp="260" pin=1"/></net>

<net id="267"><net_src comp="247" pin="1"/><net_sink comp="260" pin=2"/></net>

<net id="271"><net_src comp="251" pin="2"/><net_sink comp="268" pin=0"/></net>

<net id="275"><net_src comp="237" pin="4"/><net_sink comp="272" pin=0"/></net>

<net id="280"><net_src comp="272" pin="1"/><net_sink comp="276" pin=0"/></net>

<net id="286"><net_src comp="62" pin="0"/><net_sink comp="281" pin=0"/></net>

<net id="287"><net_src comp="276" pin="2"/><net_sink comp="281" pin=1"/></net>

<net id="288"><net_src comp="64" pin="0"/><net_sink comp="281" pin=2"/></net>

<net id="293"><net_src comp="276" pin="2"/><net_sink comp="289" pin=0"/></net>

<net id="294"><net_src comp="66" pin="0"/><net_sink comp="289" pin=1"/></net>

<net id="299"><net_src comp="281" pin="3"/><net_sink comp="295" pin=0"/></net>

<net id="300"><net_src comp="289" pin="2"/><net_sink comp="295" pin=1"/></net>

<net id="305"><net_src comp="229" pin="3"/><net_sink comp="301" pin=0"/></net>

<net id="306"><net_src comp="68" pin="0"/><net_sink comp="301" pin=1"/></net>

<net id="311"><net_src comp="172" pin="4"/><net_sink comp="307" pin=0"/></net>

<net id="312"><net_src comp="70" pin="0"/><net_sink comp="307" pin=1"/></net>

<net id="317"><net_src comp="72" pin="0"/><net_sink comp="313" pin=0"/></net>

<net id="318"><net_src comp="183" pin="4"/><net_sink comp="313" pin=1"/></net>

<net id="324"><net_src comp="307" pin="2"/><net_sink comp="319" pin=0"/></net>

<net id="325"><net_src comp="313" pin="2"/><net_sink comp="319" pin=1"/></net>

<net id="326"><net_src comp="183" pin="4"/><net_sink comp="319" pin=2"/></net>

<net id="332"><net_src comp="301" pin="2"/><net_sink comp="327" pin=0"/></net>

<net id="333"><net_src comp="42" pin="0"/><net_sink comp="327" pin=1"/></net>

<net id="334"><net_src comp="319" pin="3"/><net_sink comp="327" pin=2"/></net>

<net id="339"><net_src comp="72" pin="0"/><net_sink comp="335" pin=0"/></net>

<net id="340"><net_src comp="172" pin="4"/><net_sink comp="335" pin=1"/></net>

<net id="346"><net_src comp="307" pin="2"/><net_sink comp="341" pin=0"/></net>

<net id="347"><net_src comp="42" pin="0"/><net_sink comp="341" pin=1"/></net>

<net id="348"><net_src comp="335" pin="2"/><net_sink comp="341" pin=2"/></net>

<net id="353"><net_src comp="74" pin="0"/><net_sink comp="349" pin=0"/></net>

<net id="354"><net_src comp="229" pin="3"/><net_sink comp="349" pin=1"/></net>

<net id="358"><net_src comp="355" pin="1"/><net_sink comp="131" pin=2"/></net>

<net id="359"><net_src comp="355" pin="1"/><net_sink comp="138" pin=2"/></net>

<net id="363"><net_src comp="145" pin="3"/><net_sink comp="360" pin=0"/></net>

<net id="370"><net_src comp="78" pin="0"/><net_sink comp="364" pin=0"/></net>

<net id="371"><net_src comp="145" pin="3"/><net_sink comp="364" pin=1"/></net>

<net id="372"><net_src comp="80" pin="0"/><net_sink comp="364" pin=2"/></net>

<net id="373"><net_src comp="82" pin="0"/><net_sink comp="364" pin=3"/></net>

<net id="377"><net_src comp="151" pin="3"/><net_sink comp="374" pin=0"/></net>

<net id="383"><net_src comp="84" pin="0"/><net_sink comp="378" pin=0"/></net>

<net id="384"><net_src comp="374" pin="1"/><net_sink comp="378" pin=1"/></net>

<net id="385"><net_src comp="360" pin="1"/><net_sink comp="378" pin=2"/></net>

<net id="392"><net_src comp="78" pin="0"/><net_sink comp="386" pin=0"/></net>

<net id="393"><net_src comp="151" pin="3"/><net_sink comp="386" pin=1"/></net>

<net id="394"><net_src comp="80" pin="0"/><net_sink comp="386" pin=2"/></net>

<net id="395"><net_src comp="82" pin="0"/><net_sink comp="386" pin=3"/></net>

<net id="401"><net_src comp="84" pin="0"/><net_sink comp="396" pin=0"/></net>

<net id="402"><net_src comp="386" pin="4"/><net_sink comp="396" pin=1"/></net>

<net id="403"><net_src comp="364" pin="4"/><net_sink comp="396" pin=2"/></net>

<net id="409"><net_src comp="86" pin="0"/><net_sink comp="404" pin=1"/></net>

<net id="410"><net_src comp="396" pin="3"/><net_sink comp="404" pin=2"/></net>

<net id="416"><net_src comp="86" pin="0"/><net_sink comp="411" pin=1"/></net>

<net id="417"><net_src comp="378" pin="3"/><net_sink comp="411" pin=2"/></net>

<net id="423"><net_src comp="100" pin="0"/><net_sink comp="418" pin=0"/></net>

<net id="424"><net_src comp="418" pin="3"/><net_sink comp="124" pin=2"/></net>

<net id="430"><net_src comp="60" pin="0"/><net_sink comp="425" pin=0"/></net>

<net id="431"><net_src comp="268" pin="1"/><net_sink comp="425" pin=1"/></net>

<net id="432"><net_src comp="260" pin="3"/><net_sink comp="425" pin=2"/></net>

<net id="436"><net_src comp="106" pin="2"/><net_sink comp="433" pin=0"/></net>

<net id="437"><net_src comp="433" pin="1"/><net_sink comp="251" pin=1"/></net>

<net id="441"><net_src comp="118" pin="2"/><net_sink comp="438" pin=0"/></net>

<net id="445"><net_src comp="205" pin="2"/><net_sink comp="442" pin=0"/></net>

<net id="446"><net_src comp="442" pin="1"/><net_sink comp="276" pin=1"/></net>

<net id="450"><net_src comp="211" pin="2"/><net_sink comp="447" pin=0"/></net>

<net id="454"><net_src comp="217" pin="2"/><net_sink comp="451" pin=0"/></net>

<net id="455"><net_src comp="451" pin="1"/><net_sink comp="161" pin=2"/></net>

<net id="459"><net_src comp="425" pin="3"/><net_sink comp="456" pin=0"/></net>

<net id="460"><net_src comp="456" pin="1"/><net_sink comp="355" pin=0"/></net>

<net id="464"><net_src comp="295" pin="2"/><net_sink comp="461" pin=0"/></net>

<net id="465"><net_src comp="461" pin="1"/><net_sink comp="404" pin=0"/></net>

<net id="466"><net_src comp="461" pin="1"/><net_sink comp="411" pin=0"/></net>

<net id="470"><net_src comp="327" pin="3"/><net_sink comp="467" pin=0"/></net>

<net id="471"><net_src comp="467" pin="1"/><net_sink comp="183" pin=2"/></net>

<net id="475"><net_src comp="341" pin="3"/><net_sink comp="472" pin=0"/></net>

<net id="476"><net_src comp="472" pin="1"/><net_sink comp="172" pin=2"/></net>

<net id="480"><net_src comp="349" pin="2"/><net_sink comp="477" pin=0"/></net>

<net id="481"><net_src comp="477" pin="1"/><net_sink comp="194" pin=2"/></net>

<net id="485"><net_src comp="131" pin="3"/><net_sink comp="482" pin=0"/></net>

<net id="486"><net_src comp="482" pin="1"/><net_sink comp="145" pin=0"/></net>

<net id="490"><net_src comp="138" pin="3"/><net_sink comp="487" pin=0"/></net>

<net id="491"><net_src comp="487" pin="1"/><net_sink comp="151" pin=0"/></net>

<net id="495"><net_src comp="404" pin="3"/><net_sink comp="492" pin=0"/></net>

<net id="496"><net_src comp="492" pin="1"/><net_sink comp="418" pin=1"/></net>

<net id="500"><net_src comp="411" pin="3"/><net_sink comp="497" pin=0"/></net>

<net id="501"><net_src comp="497" pin="1"/><net_sink comp="418" pin=2"/></net>

</net_list>

</model> 
---------------- Datapath Model END ------------------

* FSMD analyzer results:
  - Output states:
	Port: out_V_V | {5 }
 - Input state : 
	Port: stream_out_data.4 : row_buffer_0_V | {3 4 }
	Port: stream_out_data.4 : row_buffer_1_V | {3 4 }
	Port: stream_out_data.4 : skip_flag | {1 }
	Port: stream_out_data.4 : outRowIdx_V | {1 }
	Port: stream_out_data.4 : startRowBufferIdx_V | {1 }
  - Chain level:
	State 1
		ret_V : 1
	State 2
		icmp_ln65 : 1
		add_ln65 : 1
		br_ln65 : 2
		icmp_ln66 : 1
		select_ln66 : 2
		wr_V : 1
		simdIdx_V : 1
		rowBufferIdx_V : 2
		trunc_ln544 : 1
		zext_ln544_cast : 2
		zext_ln321 : 3
		mul_ln321 : 4
		add_ln321 : 5
		zext_ln1353 : 2
		ret_V_1 : 3
		tmp_6 : 4
		icmp_ln891 : 4
		or_ln83 : 5
		icmp_ln96 : 3
		icmp_ln879 : 1
		w_V : 1
		select_ln98 : 2
		select_ln96 : 4
		infoldIdx_V : 1
		infoldIdx_V_1 : 2
		cycle : 3
	State 3
		row_buffer_0_V_addr : 1
		row_buffer_1_V_addr : 1
		row_buffer_0_V_load : 2
		row_buffer_1_V_load : 2
	State 4
		trunc_ln647 : 1
		p_Result_s : 1
		trunc_ln647_1 : 1
		p_Result_24_1 : 2
		p_Result_25_1 : 1
		p_Result_26_1 : 2
		v1_V : 3
		v2_V : 3
	State 5
		write_ln94 : 1
		empty_72 : 1
	State 6


============================================================
+ Verbose Summary: Datapath Resource usage 
============================================================

* Functional unit list:
|----------|-----------------------------------|---------|---------|---------|
| Operation|          Functional Unit          |  DSP48E |    FF   |   LUT   |
|----------|-----------------------------------|---------|---------|---------|
|          |            ret_V_fu_205           |    0    |    0    |    17   |
|          |          add_ln65_fu_217          |    0    |    0    |    22   |
|          |       rowBufferIdx_V_fu_251       |    0    |    0    |    9    |
|    add   |           ret_V_1_fu_276          |    0    |    0    |    18   |
|          |             w_V_fu_313            |    0    |    0    |    15   |
|          |         infoldIdx_V_fu_335        |    0    |    0    |    15   |
|          |            cycle_fu_349           |    0    |    0    |    17   |
|----------|-----------------------------------|---------|---------|---------|
|          |         select_ln66_fu_229        |    0    |    0    |    9    |
|          |         select_ln98_fu_319        |    0    |    0    |    8    |
|  select  |         select_ln96_fu_327        |    0    |    0    |    8    |
|          |        infoldIdx_V_1_fu_341       |    0    |    0    |    8    |
|          |            v1_V_fu_404            |    0    |    0    |    16   |
|          |            v2_V_fu_411            |    0    |    0    |    16   |
|----------|-----------------------------------|---------|---------|---------|
|          |          icmp_ln65_fu_211         |    0    |    0    |    13   |
|          |          icmp_ln66_fu_223         |    0    |    0    |    13   |
|   icmp   |         icmp_ln891_fu_289         |    0    |    0    |    13   |
|          |          icmp_ln96_fu_301         |    0    |    0    |    13   |
|          |         icmp_ln879_fu_307         |    0    |    0    |    11   |
|----------|-----------------------------------|---------|---------|---------|
|    or    |           or_ln83_fu_295          |    0    |    0    |    2    |
|----------|-----------------------------------|---------|---------|---------|
|  muladd  |             grp_fu_425            |    1    |    0    |    0    |
|----------|-----------------------------------|---------|---------|---------|
|          | startRowBufferIdx_V_s_read_fu_106 |    0    |    0    |    0    |
|   read   |    outRowIdx_V_read_read_fu_112   |    0    |    0    |    0    |
|          |     skip_flag_read_read_fu_118    |    0    |    0    |    0    |
|----------|-----------------------------------|---------|---------|---------|
|   write  |      write_ln94_write_fu_124      |    0    |    0    |    0    |
|----------|-----------------------------------|---------|---------|---------|
|   sext   |         sext_ln1354_fu_201        |    0    |    0    |    0    |
|          |         sext_ln321_fu_355         |    0    |    0    |    0    |
|----------|-----------------------------------|---------|---------|---------|
|          |            wr_V_fu_237            |    0    |    0    |    0    |
|partselect|         p_Result_s_fu_364         |    0    |    0    |    0    |
|          |        p_Result_25_1_fu_386       |    0    |    0    |    0    |
|----------|-----------------------------------|---------|---------|---------|
|          |          simdIdx_V_fu_247         |    0    |    0    |    0    |
|   trunc  |         trunc_ln544_fu_256        |    0    |    0    |    0    |
|          |         trunc_ln647_fu_360        |    0    |    0    |    0    |
|          |        trunc_ln647_1_fu_374       |    0    |    0    |    0    |
|----------|-----------------------------------|---------|---------|---------|
|          |       zext_ln544_cast_fu_260      |    0    |    0    |    0    |
|bitconcatenate|        p_Result_24_1_fu_378       |    0    |    0    |    0    |
|          |        p_Result_26_1_fu_396       |    0    |    0    |    0    |
|          |        p_Result_s_71_fu_418       |    0    |    0    |    0    |
|----------|-----------------------------------|---------|---------|---------|
|   zext   |         zext_ln321_fu_268         |    0    |    0    |    0    |
|          |         zext_ln1353_fu_272        |    0    |    0    |    0    |
|----------|-----------------------------------|---------|---------|---------|
| bitselect|            tmp_6_fu_281           |    0    |    0    |    0    |
|----------|-----------------------------------|---------|---------|---------|
|   Total  |                                   |    1    |    0    |   243   |
|----------|-----------------------------------|---------|---------|---------|

Memories:
N/A

* Register list:
+-----------------------------+--------+
|                             |   FF   |
+-----------------------------+--------+
|      add_ln321_reg_456      |   11   |
|       add_ln65_reg_451      |   15   |
|       cycle_0_reg_190       |   10   |
|        cycle_reg_477        |   10   |
|      icmp_ln65_reg_447      |    1   |
|    indvar_flatten_reg_157   |   15   |
|    infoldIdx_V_1_reg_472    |    8   |
|       or_ln83_reg_461       |    1   |
|        ret_V_reg_442        |   11   |
| row_buffer_0_V_addr_reg_482 |   10   |
| row_buffer_1_V_addr_reg_487 |   10   |
|     select_ln96_reg_467     |    8   |
|    skip_flag_read_reg_438   |    1   |
|startRowBufferIdx_V_s_reg_433|    2   |
|        t_V_1_reg_168        |    8   |
|         t_V_reg_179         |    8   |
|         v1_V_reg_492        |   16   |
|         v2_V_reg_497        |   16   |
+-----------------------------+--------+
|            Total            |   161  |
+-----------------------------+--------+

* Multiplexer (MUX) list: 
|-------------------|------|------|------|--------||---------||---------|
|        Comp       |  Pin | Size |  BW  | S x BW ||  Delay  ||   LUT   |
|-------------------|------|------|------|--------||---------||---------|
| grp_access_fu_145 |  p0  |   2  |  10  |   20   ||    9    |
| grp_access_fu_151 |  p0  |   2  |  10  |   20   ||    9    |
|-------------------|------|------|------|--------||---------||---------|
|       Total       |      |      |      |   40   ||   1.51  ||    18   |
|-------------------|------|------|------|--------||---------||---------|



* Summary:
+-----------+--------+--------+--------+--------+
|           | DSP48E |  Delay |   FF   |   LUT  |
+-----------+--------+--------+--------+--------+
|  Function |    1   |    -   |    0   |   243  |
|   Memory  |    -   |    -   |    -   |    -   |
|Multiplexer|    -   |    1   |    -   |   18   |
|  Register |    -   |    -   |   161  |    -   |
+-----------+--------+--------+--------+--------+
|   Total   |    1   |    1   |   161  |   261  |
+-----------+--------+--------+--------+--------+
