

================================================================
== Vivado HLS Report for 'conv3padding713'
================================================================
* Date:           Tue May 10 21:16:09 2022

* Version:        2019.2 (Build 2704478 on Wed Nov 06 22:10:23 MST 2019)
* Project:        ultra_core
* Solution:       ultracore_125
* Product family: zynquplus
* Target device:  xczu3eg-sbva484-1-e


================================================================
== Performance Estimates
================================================================
+ Timing: 
    * Summary: 
    +--------+---------+----------+------------+
    |  Clock |  Target | Estimated| Uncertainty|
    +--------+---------+----------+------------+
    |ap_clk  | 4.00 ns | 3.500 ns |   0.50 ns  |
    +--------+---------+----------+------------+

+ Latency: 
    * Summary: 
    +---------+---------+----------+----------+-----+-----+---------+
    |  Latency (cycles) |  Latency (absolute) |  Interval | Pipeline|
    |   min   |   max   |    min   |    max   | min | max |   Type  |
    +---------+---------+----------+----------+-----+-----+---------+
    |        ?|        ?|         ?|         ?|    ?|    ?|   none  |
    +---------+---------+----------+----------+-----+-----+---------+

    + Detail: 
        * Instance: 
        +------------------------------+-------------------+---------+---------+----------+-----------+-----+------+---------+
        |                              |                   |  Latency (cycles) |  Latency (absolute)  |  Interval  | Pipeline|
        |           Instance           |       Module      |   min   |   max   |    min   |    max    | min |  max |   Type  |
        +------------------------------+-------------------+---------+---------+----------+-----------+-----+------+---------+
        |grp_stream_out_data_2_fu_145  |stream_out_data_2  |        1|     8068| 4.000 ns | 32.272 us |    1|  8068|   none  |
        |grp_stream_in_row_1_fu_157    |stream_in_row_1    |        1|      171| 4.000 ns |  0.684 us |    1|   171|   none  |
        +------------------------------+-------------------+---------+---------+----------+-----------+-----+------+---------+

        * Loop: 
        +----------+---------+---------+----------+-----------+-----------+------+----------+
        |          |  Latency (cycles) | Iteration|  Initiation Interval  | Trip |          |
        | Loop Name|   min   |   max   |  Latency |  achieved |   target  | Count| Pipelined|
        +----------+---------+---------+----------+-----------+-----------+------+----------+
        |- Loop 1  |        ?|        ?| 4 ~ 8071 |          -|          -|     ?|    no    |
        +----------+---------+---------+----------+-----------+-----------+------+----------+



================================================================
== Utilization Estimates
================================================================
* Summary: 
+-----------------+---------+-------+--------+-------+-----+
|       Name      | BRAM_18K| DSP48E|   FF   |  LUT  | URAM|
+-----------------+---------+-------+--------+-------+-----+
|DSP              |        -|      -|       -|      -|    -|
|Expression       |        -|      -|       0|    233|    -|
|FIFO             |        -|      -|       -|      -|    -|
|Instance         |        0|      1|     411|    697|    -|
|Memory           |        4|      -|       0|      0|    0|
|Multiplexer      |        -|      -|       -|    153|    -|
|Register         |        -|      -|     163|      -|    -|
+-----------------+---------+-------+--------+-------+-----+
|Total            |        4|      1|     574|   1083|    0|
+-----------------+---------+-------+--------+-------+-----+
|Available        |      432|    360|  141120|  70560|    0|
+-----------------+---------+-------+--------+-------+-----+
|Utilization (%)  |    ~0   |   ~0  |   ~0   |      1|    0|
+-----------------+---------+-------+--------+-------+-----+

+ Detail: 
    * Instance: 
    +------------------------------+-------------------+---------+-------+-----+-----+-----+
    |           Instance           |       Module      | BRAM_18K| DSP48E|  FF | LUT | URAM|
    +------------------------------+-------------------+---------+-------+-----+-----+-----+
    |grp_stream_in_row_1_fu_157    |stream_in_row_1    |        0|      0|  213|  300|    0|
    |grp_stream_out_data_2_fu_145  |stream_out_data_2  |        0|      1|  198|  397|    0|
    +------------------------------+-------------------+---------+-------+-----+-----+-----+
    |Total                         |                   |        0|      1|  411|  697|    0|
    +------------------------------+-------------------+---------+-------+-----+-----+-----+

    * DSP48E: 
    N/A

    * Memory: 
    +------------------+----------------------+---------+---+----+-----+------+-----+------+-------------+
    |      Memory      |        Module        | BRAM_18K| FF| LUT| URAM| Words| Bits| Banks| W*Bits*Banks|
    +------------------+----------------------+---------+---+----+-----+------+-----+------+-------------+
    |row_buffer_0_V_U  |conv3padding713_rczy  |        4|  0|   0|    0|   672|   64|     1|        43008|
    +------------------+----------------------+---------+---+----+-----+------+-----+------+-------------+
    |Total             |                      |        4|  0|   0|    0|   672|   64|     1|        43008|
    +------------------+----------------------+---------+---+----+-----+------+-----+------+-------------+

    * FIFO: 
    N/A

    * Expression: 
    +---------------------------------+----------+-------+---+----+------------+------------+
    |          Variable Name          | Operation| DSP48E| FF| LUT| Bitwidth P0| Bitwidth P1|
    +---------------------------------+----------+-------+---+----+------------+------------+
    |add_ln130_fu_179_p2              |     +    |      0|  0|  39|          32|          32|
    |loadBufferIdx_V_fu_235_p2        |     +    |      0|  0|   9|           2|           1|
    |rep_fu_223_p2                    |     +    |      0|  0|  39|          32|           1|
    |rowIdx_V_fu_247_p2               |     +    |      0|  0|  17|          10|           1|
    |storeBufferIdx_V_fu_196_p2       |     +    |      0|  0|   9|           2|           1|
    |icmp_ln130_fu_191_p2             |   icmp   |      0|  0|  20|          32|          32|
    |icmp_ln132_fu_202_p2             |   icmp   |      0|  0|  20|          32|          32|
    |icmp_ln134_fu_217_p2             |   icmp   |      0|  0|  20|          31|           1|
    |icmp_ln879_fu_241_p2             |   icmp   |      0|  0|  13|          10|           5|
    |ap_block_state1                  |    or    |      0|  0|   2|           1|           1|
    |ap_block_state4_on_subcall_done  |    or    |      0|  0|   2|           1|           1|
    |or_ln130_fu_185_p2               |    or    |      0|  0|  32|           2|          32|
    |rowIdx_V_4_fu_253_p3             |  select  |      0|  0|   9|           1|           1|
    |xor_ln132_fu_229_p2              |    xor   |      0|  0|   2|           1|           2|
    +---------------------------------+----------+-------+---+----+------------+------------+
    |Total                            |          |      0|  0| 233|         189|         143|
    +---------------------------------+----------+-------+---+----+------------+------------+

    * Multiplexer: 
    +-----------------------+----+-----------+-----+-----------+
    |          Name         | LUT| Input Size| Bits| Total Bits|
    +-----------------------+----+-----------+-----+-----------+
    |ap_NS_fsm              |  27|          5|    1|          5|
    |ap_done                |   9|          2|    1|          2|
    |in_V_V_read            |   9|          2|    1|          2|
    |padding_out_V_V_write  |   9|          2|    1|          2|
    |real_start             |   9|          2|    1|          2|
    |rep_0_i_i_i_reg_134    |   9|          2|   32|         64|
    |reps_blk_n             |   9|          2|    1|          2|
    |reps_c_i_blk_n         |   9|          2|    1|          2|
    |reps_out_blk_n         |   9|          2|    1|          2|
    |row_buffer_0_V_ce0     |   9|          2|    1|          2|
    |row_buffer_0_V_ce1     |   9|          2|    1|          2|
    |row_buffer_0_V_we1     |   9|          2|    1|          2|
    |t_V_11_reg_98          |   9|          2|    2|          4|
    |t_V_12_reg_122         |   9|          2|   10|         20|
    |t_V_reg_110            |   9|          2|    2|          4|
    +-----------------------+----+-----------+-----+-----------+
    |Total                  | 153|         33|   57|        117|
    +-----------------------+----+-----------+-----+-----------+

    * Register: 
    +-------------------------------------------+----+----+-----+-----------+
    |                    Name                   | FF | LUT| Bits| Const Bits|
    +-------------------------------------------+----+----+-----+-----------+
    |add_ln130_reg_261                          |  30|   0|   32|          2|
    |ap_CS_fsm                                  |   4|   0|    4|          0|
    |ap_done_reg                                |   1|   0|    1|          0|
    |grp_stream_in_row_1_fu_157_ap_start_reg    |   1|   0|    1|          0|
    |grp_stream_out_data_2_fu_145_ap_start_reg  |   1|   0|    1|          0|
    |icmp_ln132_reg_279                         |   1|   0|    1|          0|
    |icmp_ln134_reg_284                         |   1|   0|    1|          0|
    |loadBufferIdx_V_reg_299                    |   2|   0|    2|          0|
    |or_ln130_reg_266                           |  30|   0|   32|          2|
    |rep_0_i_i_i_reg_134                        |  32|   0|   32|          0|
    |rep_reg_289                                |  32|   0|   32|          0|
    |rowIdx_V_4_reg_304                         |  10|   0|   10|          0|
    |start_once_reg                             |   1|   0|    1|          0|
    |storeBufferIdx_V_reg_274                   |   2|   0|    2|          0|
    |t_V_11_reg_98                              |   2|   0|    2|          0|
    |t_V_12_reg_122                             |  10|   0|   10|          0|
    |t_V_reg_110                                |   2|   0|    2|          0|
    |xor_ln132_reg_294                          |   1|   0|    1|          0|
    +-------------------------------------------+----+----+-----+-----------+
    |Total                                      | 163|   0|  167|          4|
    +-------------------------------------------+----+----+-----+-----------+



================================================================
== Interface
================================================================
* Summary: 
+------------------------+-----+-----+------------+-----------------+--------------+
|        RTL Ports       | Dir | Bits|  Protocol  |  Source Object  |    C Type    |
+------------------------+-----+-----+------------+-----------------+--------------+
|ap_clk                  |  in |    1| ap_ctrl_hs | conv3padding713 | return value |
|ap_rst                  |  in |    1| ap_ctrl_hs | conv3padding713 | return value |
|ap_start                |  in |    1| ap_ctrl_hs | conv3padding713 | return value |
|start_full_n            |  in |    1| ap_ctrl_hs | conv3padding713 | return value |
|ap_done                 | out |    1| ap_ctrl_hs | conv3padding713 | return value |
|ap_continue             |  in |    1| ap_ctrl_hs | conv3padding713 | return value |
|ap_idle                 | out |    1| ap_ctrl_hs | conv3padding713 | return value |
|ap_ready                | out |    1| ap_ctrl_hs | conv3padding713 | return value |
|start_out               | out |    1| ap_ctrl_hs | conv3padding713 | return value |
|start_write             | out |    1| ap_ctrl_hs | conv3padding713 | return value |
|reps_dout               |  in |   32|   ap_fifo  |       reps      |    pointer   |
|reps_empty_n            |  in |    1|   ap_fifo  |       reps      |    pointer   |
|reps_read               | out |    1|   ap_fifo  |       reps      |    pointer   |
|reps_out_din            | out |   32|   ap_fifo  |     reps_out    |    pointer   |
|reps_out_full_n         |  in |    1|   ap_fifo  |     reps_out    |    pointer   |
|reps_out_write          | out |    1|   ap_fifo  |     reps_out    |    pointer   |
|in_V_V_dout             |  in |   64|   ap_fifo  |      in_V_V     |    pointer   |
|in_V_V_empty_n          |  in |    1|   ap_fifo  |      in_V_V     |    pointer   |
|in_V_V_read             | out |    1|   ap_fifo  |      in_V_V     |    pointer   |
|padding_out_V_V_din     | out |   64|   ap_fifo  | padding_out_V_V |    pointer   |
|padding_out_V_V_full_n  |  in |    1|   ap_fifo  | padding_out_V_V |    pointer   |
|padding_out_V_V_write   | out |    1|   ap_fifo  | padding_out_V_V |    pointer   |
|reps_c_i_din            | out |   32|   ap_fifo  |     reps_c_i    |    pointer   |
|reps_c_i_full_n         |  in |    1|   ap_fifo  |     reps_c_i    |    pointer   |
|reps_c_i_write          | out |    1|   ap_fifo  |     reps_c_i    |    pointer   |
+------------------------+-----+-----+------------+-----------------+--------------+

