

================================================================
== Vivado HLS Report for 'conv1x1convert718'
================================================================
* Date:           Tue May 10 21:16:34 2022

* Version:        2019.2 (Build 2704478 on Wed Nov 06 22:10:23 MST 2019)
* Project:        ultra_core
* Solution:       ultracore_125
* Product family: zynquplus
* Target device:  xczu3eg-sbva484-1-e


================================================================
== Performance Estimates
================================================================
+ Timing: 
    * Summary: 
    +--------+---------+----------+------------+
    |  Clock |  Target | Estimated| Uncertainty|
    +--------+---------+----------+------------+
    |ap_clk  | 4.00 ns | 3.500 ns |   0.50 ns  |
    +--------+---------+----------+------------+

+ Latency: 
    * Summary: 
    +---------+---------+----------+----------+-----+-----+---------+
    |  Latency (cycles) |  Latency (absolute) |  Interval | Pipeline|
    |   min   |   max   |    min   |    max   | min | max |   Type  |
    +---------+---------+----------+----------+-----+-----+---------+
    |        ?|        ?|         ?|         ?|    ?|    ?|   none  |
    +---------+---------+----------+----------+-----+-----+---------+

    + Detail: 
        * Instance: 
        +---------------------------------+----------------------+---------+---------+----------+-----------+-----+------+---------+
        |                                 |                      |  Latency (cycles) |  Latency (absolute)  |  Interval  | Pipeline|
        |             Instance            |        Module        |   min   |   max   |    min   |    max    | min |  max |   Type  |
        +---------------------------------+----------------------+---------+---------+----------+-----------+-----+------+---------+
        |grp_streamInOneRowTwoPix_fu_121  |streamInOneRowTwoPix  |        1|      642| 4.000 ns |  2.568 us |    1|   642|   none  |
        |grp_streamOutOneRowTwoPi_fu_132  |streamOutOneRowTwoPi  |        1|     5763| 4.000 ns | 23.052 us |    1|  5763|   none  |
        +---------------------------------+----------------------+---------+---------+----------+-----------+-----+------+---------+

        * Loop: 
        +----------+---------+---------+----------+-----------+-----------+------+----------+
        |          |  Latency (cycles) | Iteration|  Initiation Interval  | Trip |          |
        | Loop Name|   min   |   max   |  Latency |  achieved |   target  | Count| Pipelined|
        +----------+---------+---------+----------+-----------+-----------+------+----------+
        |- Loop 1  |        ?|        ?| 3 ~ 5765 |          -|          -|     ?|    no    |
        +----------+---------+---------+----------+-----------+-----------+------+----------+



================================================================
== Utilization Estimates
================================================================
* Summary: 
+-----------------+---------+-------+--------+-------+-----+
|       Name      | BRAM_18K| DSP48E|   FF   |  LUT  | URAM|
+-----------------+---------+-------+--------+-------+-----+
|DSP              |        -|      -|       -|      -|    -|
|Expression       |        -|      -|       0|    180|    -|
|FIFO             |        -|      -|       -|      -|    -|
|Instance         |        -|      -|     154|    687|    -|
|Memory           |        2|      -|       0|      0|    0|
|Multiplexer      |        -|      -|       -|    165|    -|
|Register         |        -|      -|     139|      -|    -|
+-----------------+---------+-------+--------+-------+-----+
|Total            |        2|      0|     293|   1032|    0|
+-----------------+---------+-------+--------+-------+-----+
|Available        |      432|    360|  141120|  70560|    0|
+-----------------+---------+-------+--------+-------+-----+
|Utilization (%)  |    ~0   |      0|   ~0   |      1|    0|
+-----------------+---------+-------+--------+-------+-----+

+ Detail: 
    * Instance: 
    +---------------------------------+----------------------+---------+-------+----+-----+-----+
    |             Instance            |        Module        | BRAM_18K| DSP48E| FF | LUT | URAM|
    +---------------------------------+----------------------+---------+-------+----+-----+-----+
    |grp_streamInOneRowTwoPix_fu_121  |streamInOneRowTwoPix  |        0|      0|  98|  405|    0|
    |grp_streamOutOneRowTwoPi_fu_132  |streamOutOneRowTwoPi  |        0|      0|  56|  282|    0|
    +---------------------------------+----------------------+---------+-------+----+-----+-----+
    |Total                            |                      |        0|      0| 154|  687|    0|
    +---------------------------------+----------------------+---------+-------+----+-----+-----+

    * DSP48E: 
    N/A

    * Memory: 
    +------------------+----------------------+---------+---+----+-----+------+-----+------+-------------+
    |      Memory      |        Module        | BRAM_18K| FF| LUT| URAM| Words| Bits| Banks| W*Bits*Banks|
    +------------------+----------------------+---------+---+----+-----+------+-----+------+-------------+
    |row_buffer_0_V_U  |conv1x1convert718dOK  |        1|  0|   0|    0|   640|    8|     1|         5120|
    |row_buffer_1_V_U  |conv1x1convert718dOK  |        1|  0|   0|    0|   640|    8|     1|         5120|
    +------------------+----------------------+---------+---+----+-----+------+-----+------+-------------+
    |Total             |                      |        2|  0|   0|    0|  1280|   16|     2|        10240|
    +------------------+----------------------+---------+---+----+-----+------+-----+------+-------------+

    * FIFO: 
    N/A

    * Expression: 
    +---------------------------------+----------+-------+---+----+------------+------------+
    |          Variable Name          | Operation| DSP48E| FF| LUT| Bitwidth P0| Bitwidth P1|
    +---------------------------------+----------+-------+---+----+------------+------------+
    |add_ln97_fu_155_p2               |     +    |      0|  0|  39|          32|          32|
    |rep_fu_172_p2                    |     +    |      0|  0|  39|          32|           1|
    |icmp_ln100_fu_178_p2             |   icmp   |      0|  0|  20|          32|          32|
    |icmp_ln102_fu_190_p2             |   icmp   |      0|  0|  20|          32|           1|
    |icmp_ln97_fu_167_p2              |   icmp   |      0|  0|  20|          32|          32|
    |ap_block_state1                  |    or    |      0|  0|   2|           1|           1|
    |ap_block_state3_on_subcall_done  |    or    |      0|  0|   2|           1|           1|
    |or_ln97_fu_161_p2                |    or    |      0|  0|  32|           1|          32|
    |loadBufferIdx_V_fu_197_p2        |    xor   |      0|  0|   2|           1|           2|
    |storeBufferIdx_V_fu_203_p2       |    xor   |      0|  0|   2|           1|           2|
    |xor_ln100_fu_183_p2              |    xor   |      0|  0|   2|           1|           2|
    +---------------------------------+----------+-------+---+----+------------+------------+
    |Total                            |          |      0|  0| 180|         166|         138|
    +---------------------------------+----------+-------+---+----+------------+------------+

    * Multiplexer: 
    +---------------------+----+-----------+-----+-----------+
    |         Name        | LUT| Input Size| Bits| Total Bits|
    +---------------------+----+-----------+-----+-----------+
    |ap_NS_fsm            |  21|          4|    1|          4|
    |ap_done              |   9|          2|    1|          2|
    |conv1in_V_V_write    |   9|          2|    1|          2|
    |in_V_V_read          |   9|          2|    1|          2|
    |real_start           |   9|          2|    1|          2|
    |rep_0_i_i_i_reg_110  |   9|          2|   32|         64|
    |reps_blk_n           |   9|          2|    1|          2|
    |reps_c_i_blk_n       |   9|          2|    1|          2|
    |reps_out_blk_n       |   9|          2|    1|          2|
    |row_buffer_0_V_ce0   |   9|          2|    1|          2|
    |row_buffer_0_V_ce1   |   9|          2|    1|          2|
    |row_buffer_0_V_we1   |   9|          2|    1|          2|
    |row_buffer_1_V_ce0   |   9|          2|    1|          2|
    |row_buffer_1_V_ce1   |   9|          2|    1|          2|
    |row_buffer_1_V_we1   |   9|          2|    1|          2|
    |t_V_21_reg_86        |   9|          2|    1|          2|
    |t_V_reg_98           |   9|          2|    1|          2|
    +---------------------+----+-----------+-----+-----------+
    |Total                | 165|         36|   48|         98|
    +---------------------+----+-----------+-----+-----------+

    * Register: 
    +----------------------------------------------+----+----+-----+-----------+
    |                     Name                     | FF | LUT| Bits| Const Bits|
    +----------------------------------------------+----+----+-----+-----------+
    |add_ln97_reg_209                              |  31|   0|   32|          1|
    |ap_CS_fsm                                     |   3|   0|    3|          0|
    |ap_done_reg                                   |   1|   0|    1|          0|
    |grp_streamInOneRowTwoPix_fu_121_ap_start_reg  |   1|   0|    1|          0|
    |grp_streamOutOneRowTwoPi_fu_132_ap_start_reg  |   1|   0|    1|          0|
    |icmp_ln102_reg_232                            |   1|   0|    1|          0|
    |loadBufferIdx_V_reg_237                       |   1|   0|    1|          0|
    |or_ln97_reg_214                               |  31|   0|   32|          1|
    |rep_0_i_i_i_reg_110                           |  32|   0|   32|          0|
    |rep_reg_222                                   |  32|   0|   32|          0|
    |start_once_reg                                |   1|   0|    1|          0|
    |storeBufferIdx_V_reg_242                      |   1|   0|    1|          0|
    |t_V_21_reg_86                                 |   1|   0|    1|          0|
    |t_V_reg_98                                    |   1|   0|    1|          0|
    |xor_ln100_reg_227                             |   1|   0|    1|          0|
    +----------------------------------------------+----+----+-----+-----------+
    |Total                                         | 139|   0|  141|          2|
    +----------------------------------------------+----+----+-----+-----------+



================================================================
== Interface
================================================================
* Summary: 
+--------------------+-----+-----+------------+-------------------+--------------+
|      RTL Ports     | Dir | Bits|  Protocol  |   Source Object   |    C Type    |
+--------------------+-----+-----+------------+-------------------+--------------+
|ap_clk              |  in |    1| ap_ctrl_hs | conv1x1convert718 | return value |
|ap_rst              |  in |    1| ap_ctrl_hs | conv1x1convert718 | return value |
|ap_start            |  in |    1| ap_ctrl_hs | conv1x1convert718 | return value |
|start_full_n        |  in |    1| ap_ctrl_hs | conv1x1convert718 | return value |
|ap_done             | out |    1| ap_ctrl_hs | conv1x1convert718 | return value |
|ap_continue         |  in |    1| ap_ctrl_hs | conv1x1convert718 | return value |
|ap_idle             | out |    1| ap_ctrl_hs | conv1x1convert718 | return value |
|ap_ready            | out |    1| ap_ctrl_hs | conv1x1convert718 | return value |
|start_out           | out |    1| ap_ctrl_hs | conv1x1convert718 | return value |
|start_write         | out |    1| ap_ctrl_hs | conv1x1convert718 | return value |
|reps_dout           |  in |   32|   ap_fifo  |        reps       |    pointer   |
|reps_empty_n        |  in |    1|   ap_fifo  |        reps       |    pointer   |
|reps_read           | out |    1|   ap_fifo  |        reps       |    pointer   |
|reps_out_din        | out |   32|   ap_fifo  |      reps_out     |    pointer   |
|reps_out_full_n     |  in |    1|   ap_fifo  |      reps_out     |    pointer   |
|reps_out_write      | out |    1|   ap_fifo  |      reps_out     |    pointer   |
|in_V_V_dout         |  in |   16|   ap_fifo  |       in_V_V      |    pointer   |
|in_V_V_empty_n      |  in |    1|   ap_fifo  |       in_V_V      |    pointer   |
|in_V_V_read         | out |    1|   ap_fifo  |       in_V_V      |    pointer   |
|conv1in_V_V_din     | out |   16|   ap_fifo  |    conv1in_V_V    |    pointer   |
|conv1in_V_V_full_n  |  in |    1|   ap_fifo  |    conv1in_V_V    |    pointer   |
|conv1in_V_V_write   | out |    1|   ap_fifo  |    conv1in_V_V    |    pointer   |
|reps_c_i_din        | out |   32|   ap_fifo  |      reps_c_i     |    pointer   |
|reps_c_i_full_n     |  in |    1|   ap_fifo  |      reps_c_i     |    pointer   |
|reps_c_i_write      | out |    1|   ap_fifo  |      reps_c_i     |    pointer   |
+--------------------+-----+-----+------------+-------------------+--------------+

