

================================================================
== Vivado HLS Report for 'conv3padding_l0710'
================================================================
* Date:           Tue May 10 21:15:48 2022

* Version:        2019.2 (Build 2704478 on Wed Nov 06 22:10:23 MST 2019)
* Project:        ultra_core
* Solution:       ultracore_125
* Product family: zynquplus
* Target device:  xczu3eg-sbva484-1-e


================================================================
== Performance Estimates
================================================================
+ Timing: 
    * Summary: 
    +--------+---------+----------+------------+
    |  Clock |  Target | Estimated| Uncertainty|
    +--------+---------+----------+------------+
    |ap_clk  | 4.00 ns | 3.500 ns |   0.50 ns  |
    +--------+---------+----------+------------+

+ Latency: 
    * Summary: 
    +---------+---------+----------+----------+-----+-----+---------+
    |  Latency (cycles) |  Latency (absolute) |  Interval | Pipeline|
    |   min   |   max   |    min   |    max   | min | max |   Type  |
    +---------+---------+----------+----------+-----+-----+---------+
    |        ?|        ?|         ?|         ?|    ?|    ?|   none  |
    +---------+---------+----------+----------+-----+-----+---------+

    + Detail: 
        * Instance: 
        +-------------------------------+--------------------+---------+---------+----------+----------+-----+-----+---------+
        |                               |                    |  Latency (cycles) |  Latency (absolute) |  Interval | Pipeline|
        |            Instance           |       Module       |   min   |   max   |    min   |    max   | min | max |   Type  |
        +-------------------------------+--------------------+---------+---------+----------+----------+-----+-----+---------+
        |grp_stream_out_data_l0_fu_161  |stream_out_data_l0  |        1|      964| 4.000 ns | 3.856 us |    1|  964|   none  |
        |grp_stream_in_row_l0_fu_176    |stream_in_row_l0    |        1|      325| 4.000 ns | 1.300 us |    1|  325|   none  |
        +-------------------------------+--------------------+---------+---------+----------+----------+-----+-----+---------+

        * Loop: 
        +----------+---------+---------+----------+-----------+-----------+------+----------+
        |          |  Latency (cycles) | Iteration|  Initiation Interval  | Trip |          |
        | Loop Name|   min   |   max   |  Latency |  achieved |   target  | Count| Pipelined|
        +----------+---------+---------+----------+-----------+-----------+------+----------+
        |- Loop 1  |        ?|        ?|  3 ~ 966 |          -|          -|     ?|    no    |
        +----------+---------+---------+----------+-----------+-----------+------+----------+



================================================================
== Utilization Estimates
================================================================
* Summary: 
+-----------------+---------+-------+--------+-------+-----+
|       Name      | BRAM_18K| DSP48E|   FF   |  LUT  | URAM|
+-----------------+---------+-------+--------+-------+-----+
|DSP              |        -|      -|       -|      -|    -|
|Expression       |        -|      -|       0|    233|    -|
|FIFO             |        -|      -|       -|      -|    -|
|Instance         |        0|      -|     265|    529|    -|
|Memory           |        4|      -|       0|      0|    0|
|Multiplexer      |        -|      -|       -|    228|    -|
|Register         |        -|      -|     155|      -|    -|
+-----------------+---------+-------+--------+-------+-----+
|Total            |        4|      0|     420|    990|    0|
+-----------------+---------+-------+--------+-------+-----+
|Available        |      432|    360|  141120|  70560|    0|
+-----------------+---------+-------+--------+-------+-----+
|Utilization (%)  |    ~0   |      0|   ~0   |      1|    0|
+-----------------+---------+-------+--------+-------+-----+

+ Detail: 
    * Instance: 
    +-------------------------------+--------------------+---------+-------+-----+-----+-----+
    |            Instance           |       Module       | BRAM_18K| DSP48E|  FF | LUT | URAM|
    +-------------------------------+--------------------+---------+-------+-----+-----+-----+
    |grp_stream_in_row_l0_fu_176    |stream_in_row_l0    |        0|      0|   83|  155|    0|
    |grp_stream_out_data_l0_fu_161  |stream_out_data_l0  |        0|      0|  182|  374|    0|
    +-------------------------------+--------------------+---------+-------+-----+-----+-----+
    |Total                          |                    |        0|      0|  265|  529|    0|
    +-------------------------------+--------------------+---------+-------+-----+-----+-----+

    * DSP48E: 
    N/A

    * Memory: 
    +------------------+----------------------+---------+---+----+-----+------+-----+------+-------------+
    |      Memory      |        Module        | BRAM_18K| FF| LUT| URAM| Words| Bits| Banks| W*Bits*Banks|
    +------------------+----------------------+---------+---+----+-----+------+-----+------+-------------+
    |row_buffer_0_V_U  |conv3padding_l071pcA  |        1|  0|   0|    0|   322|   24|     1|         7728|
    |row_buffer_1_V_U  |conv3padding_l071pcA  |        1|  0|   0|    0|   322|   24|     1|         7728|
    |row_buffer_2_V_U  |conv3padding_l071pcA  |        1|  0|   0|    0|   322|   24|     1|         7728|
    |row_buffer_3_V_U  |conv3padding_l071pcA  |        1|  0|   0|    0|   322|   24|     1|         7728|
    +------------------+----------------------+---------+---+----+-----+------+-----+------+-------------+
    |Total             |                      |        4|  0|   0|    0|  1288|   96|     4|        30912|
    +------------------+----------------------+---------+---+----+-----+------+-----+------+-------------+

    * FIFO: 
    N/A

    * Expression: 
    +---------------------------------+----------+-------+---+----+------------+------------+
    |          Variable Name          | Operation| DSP48E| FF| LUT| Bitwidth P0| Bitwidth P1|
    +---------------------------------+----------+-------+---+----+------------+------------+
    |add_ln85_fu_201_p2               |     +    |      0|  0|  39|          32|          32|
    |loadBufferIdx_V_fu_253_p2        |     +    |      0|  0|   9|           2|           1|
    |rep_fu_279_p2                    |     +    |      0|  0|  39|          32|           1|
    |rowIdx_V_fu_265_p2               |     +    |      0|  0|  17|          10|           1|
    |storeBufferIdx_V_fu_218_p2       |     +    |      0|  0|   9|           2|           1|
    |icmp_ln85_fu_213_p2              |   icmp   |      0|  0|  20|          32|          32|
    |icmp_ln879_fu_259_p2             |   icmp   |      0|  0|  13|          10|           8|
    |icmp_ln87_fu_224_p2              |   icmp   |      0|  0|  20|          32|          32|
    |icmp_ln89_fu_246_p2              |   icmp   |      0|  0|  20|          31|           1|
    |ap_block_state1                  |    or    |      0|  0|   2|           1|           1|
    |ap_block_state3_on_subcall_done  |    or    |      0|  0|   2|           1|           1|
    |or_ln85_fu_207_p2                |    or    |      0|  0|  32|           2|          32|
    |rowIdx_V_1_fu_271_p3             |  select  |      0|  0|   9|           1|           1|
    |xor_ln87_fu_229_p2               |    xor   |      0|  0|   2|           1|           2|
    +---------------------------------+----------+-------+---+----+------------+------------+
    |Total                            |          |      0|  0| 233|         189|         146|
    +---------------------------------+----------+-------+---+----+------------+------------+

    * Multiplexer: 
    +-----------------------+----+-----------+-----+-----------+
    |          Name         | LUT| Input Size| Bits| Total Bits|
    +-----------------------+----+-----------+-----+-----------+
    |ap_NS_fsm              |  21|          4|    1|          4|
    |ap_done                |   9|          2|    1|          2|
    |in_V_V_read            |   9|          2|    1|          2|
    |padding_out_V_V_write  |   9|          2|    1|          2|
    |real_start             |   9|          2|    1|          2|
    |rep_0_i_i_i_reg_150    |   9|          2|   32|         64|
    |reps_blk_n             |   9|          2|    1|          2|
    |reps_c_i_blk_n         |   9|          2|    1|          2|
    |reps_out_blk_n         |   9|          2|    1|          2|
    |row_buffer_0_V_ce0     |   9|          2|    1|          2|
    |row_buffer_0_V_ce1     |   9|          2|    1|          2|
    |row_buffer_0_V_we1     |   9|          2|    1|          2|
    |row_buffer_1_V_ce0     |   9|          2|    1|          2|
    |row_buffer_1_V_ce1     |   9|          2|    1|          2|
    |row_buffer_1_V_we1     |   9|          2|    1|          2|
    |row_buffer_2_V_ce0     |   9|          2|    1|          2|
    |row_buffer_2_V_ce1     |   9|          2|    1|          2|
    |row_buffer_2_V_we1     |   9|          2|    1|          2|
    |row_buffer_3_V_ce0     |   9|          2|    1|          2|
    |row_buffer_3_V_ce1     |   9|          2|    1|          2|
    |row_buffer_3_V_we1     |   9|          2|    1|          2|
    |t_V_5_reg_114          |   9|          2|    2|          4|
    |t_V_6_reg_138          |   9|          2|   10|         20|
    |t_V_reg_126            |   9|          2|    2|          4|
    +-----------------------+----+-----------+-----+-----------+
    |Total                  | 228|         50|   66|        134|
    +-----------------------+----+-----------+-----+-----------+

    * Register: 
    +--------------------------------------------+----+----+-----+-----------+
    |                    Name                    | FF | LUT| Bits| Const Bits|
    +--------------------------------------------+----+----+-----+-----------+
    |add_ln85_reg_285                            |  27|   0|   32|          5|
    |ap_CS_fsm                                   |   3|   0|    3|          0|
    |ap_done_reg                                 |   1|   0|    1|          0|
    |grp_stream_in_row_l0_fu_176_ap_start_reg    |   1|   0|    1|          0|
    |grp_stream_out_data_l0_fu_161_ap_start_reg  |   1|   0|    1|          0|
    |icmp_ln89_reg_308                           |   1|   0|    1|          0|
    |loadBufferIdx_V_reg_313                     |   2|   0|    2|          0|
    |or_ln85_reg_290                             |  27|   0|   32|          5|
    |rep_0_i_i_i_reg_150                         |  32|   0|   32|          0|
    |rep_reg_323                                 |  32|   0|   32|          0|
    |rowIdx_V_1_reg_318                          |  10|   0|   10|          0|
    |start_once_reg                              |   1|   0|    1|          0|
    |storeBufferIdx_V_reg_298                    |   2|   0|    2|          0|
    |t_V_5_reg_114                               |   2|   0|    2|          0|
    |t_V_6_reg_138                               |  10|   0|   10|          0|
    |t_V_reg_126                                 |   2|   0|    2|          0|
    |xor_ln87_reg_303                            |   1|   0|    1|          0|
    +--------------------------------------------+----+----+-----+-----------+
    |Total                                       | 155|   0|  165|         10|
    +--------------------------------------------+----+----+-----+-----------+



================================================================
== Interface
================================================================
* Summary: 
+------------------------+-----+-----+------------+--------------------+--------------+
|        RTL Ports       | Dir | Bits|  Protocol  |    Source Object   |    C Type    |
+------------------------+-----+-----+------------+--------------------+--------------+
|ap_clk                  |  in |    1| ap_ctrl_hs | conv3padding_l0710 | return value |
|ap_rst                  |  in |    1| ap_ctrl_hs | conv3padding_l0710 | return value |
|ap_start                |  in |    1| ap_ctrl_hs | conv3padding_l0710 | return value |
|start_full_n            |  in |    1| ap_ctrl_hs | conv3padding_l0710 | return value |
|ap_done                 | out |    1| ap_ctrl_hs | conv3padding_l0710 | return value |
|ap_continue             |  in |    1| ap_ctrl_hs | conv3padding_l0710 | return value |
|ap_idle                 | out |    1| ap_ctrl_hs | conv3padding_l0710 | return value |
|ap_ready                | out |    1| ap_ctrl_hs | conv3padding_l0710 | return value |
|start_out               | out |    1| ap_ctrl_hs | conv3padding_l0710 | return value |
|start_write             | out |    1| ap_ctrl_hs | conv3padding_l0710 | return value |
|reps_dout               |  in |   32|   ap_fifo  |        reps        |    pointer   |
|reps_empty_n            |  in |    1|   ap_fifo  |        reps        |    pointer   |
|reps_read               | out |    1|   ap_fifo  |        reps        |    pointer   |
|reps_out_din            | out |   32|   ap_fifo  |      reps_out      |    pointer   |
|reps_out_full_n         |  in |    1|   ap_fifo  |      reps_out      |    pointer   |
|reps_out_write          | out |    1|   ap_fifo  |      reps_out      |    pointer   |
|in_V_V_dout             |  in |   24|   ap_fifo  |       in_V_V       |    pointer   |
|in_V_V_empty_n          |  in |    1|   ap_fifo  |       in_V_V       |    pointer   |
|in_V_V_read             | out |    1|   ap_fifo  |       in_V_V       |    pointer   |
|padding_out_V_V_din     | out |   72|   ap_fifo  |   padding_out_V_V  |    pointer   |
|padding_out_V_V_full_n  |  in |    1|   ap_fifo  |   padding_out_V_V  |    pointer   |
|padding_out_V_V_write   | out |    1|   ap_fifo  |   padding_out_V_V  |    pointer   |
|reps_c_i_din            | out |   32|   ap_fifo  |      reps_c_i      |    pointer   |
|reps_c_i_full_n         |  in |    1|   ap_fifo  |      reps_c_i      |    pointer   |
|reps_c_i_write          | out |    1|   ap_fifo  |      reps_c_i      |    pointer   |
+------------------------+-----+-----+------------+--------------------+--------------+

