

================================================================
== Vivado HLS Report for 'do_compute2'
================================================================
* Date:           Tue May 10 21:16:38 2022

* Version:        2019.2 (Build 2704478 on Wed Nov 06 22:10:23 MST 2019)
* Project:        ultra_core
* Solution:       ultracore_125
* Product family: zynquplus
* Target device:  xczu3eg-sbva484-1-e


================================================================
== Performance Estimates
================================================================
+ Timing: 
    * Summary: 
    +--------+---------+----------+------------+
    |  Clock |  Target | Estimated| Uncertainty|
    +--------+---------+----------+------------+
    |ap_clk  | 4.00 ns | 4.178 ns |   0.50 ns  |
    +--------+---------+----------+------------+

+ Latency: 
    * Summary: 
    +---------+---------+----------+----------+-----+-----+----------+
    |  Latency (cycles) |  Latency (absolute) |  Interval | Pipeline |
    |   min   |   max   |    min   |    max   | min | max |   Type   |
    +---------+---------+----------+----------+-----+-----+----------+
    |        ?|        ?|         ?|         ?|    ?|    ?| dataflow |
    +---------+---------+----------+----------+-----+-----+----------+

    + Detail: 
        * Instance: 
        +---------------------------+------------------------+---------+---------+----------+----------+-----+-----+----------+
        |                           |                        |  Latency (cycles) |  Latency (absolute) |  Interval | Pipeline |
        |          Instance         |         Module         |   min   |   max   |    min   |    max   | min | max |   Type   |
        +---------------------------+------------------------+---------+---------+----------+----------+-----+-----+----------+
        |conv3x3_bn_act_DSPop_1_U0  |conv3x3_bn_act_DSPop_1  |        ?|        ?|         ?|         ?|    ?|    ?| dataflow |
        |conv3x3_bn_act_DSPop_U0    |conv3x3_bn_act_DSPop    |        ?|        ?|         ?|         ?|    ?|    ?| dataflow |
        |conv3x3_l0_bn_act_DS_U0    |conv3x3_l0_bn_act_DS    |        ?|        ?|         ?|         ?|    ?|    ?| dataflow |
        |conv3x3_bn_act_DSPop_2_U0  |conv3x3_bn_act_DSPop_2  |        ?|        ?|         ?|         ?|    ?|    ?| dataflow |
        |resize_batch_U0            |resize_batch            |        ?|        ?|         ?|         ?|    ?|    ?|   none   |
        |conv3x3_bn_act_DSPop_3_U0  |conv3x3_bn_act_DSPop_3  |        ?|        ?|         ?|         ?|    ?|    ?| dataflow |
        |conv3x3_bn_act_DSPop_4_U0  |conv3x3_bn_act_DSPop_4  |        ?|        ?|         ?|         ?|    ?|    ?| dataflow |
        |conv3x3_bn_act_DSPop_5_U0  |conv3x3_bn_act_DSPop_5  |        ?|        ?|         ?|         ?|    ?|    ?| dataflow |
        |conv3x3_bn_act_DSPop_6_U0  |conv3x3_bn_act_DSPop_6  |        ?|        ?|         ?|         ?|    ?|    ?| dataflow |
        |conv1x1_DSPopt_U0          |conv1x1_DSPopt          |        ?|        ?|         ?|         ?|    ?|    ?| dataflow |
        |StreamingDataWidthCo_1_U0  |StreamingDataWidthCo_1  |        ?|        ?|         ?|         ?|    ?|    ?|   none   |
        |max_pool2x2_3_U0           |max_pool2x2_3           |        ?|        ?|         ?|         ?|    ?|    ?|   none   |
        |max_pool2x2_1_U0           |max_pool2x2_1           |        ?|        ?|         ?|         ?|    ?|    ?|   none   |
        |max_pool2x2_U0             |max_pool2x2             |        ?|        ?|         ?|         ?|    ?|    ?|   none   |
        |max_pool2x2_2_U0           |max_pool2x2_2           |        ?|        ?|         ?|         ?|    ?|    ?|   none   |
        |StreamingDataWidthCo_U0    |StreamingDataWidthCo    |        ?|        ?|         ?|         ?|    ?|    ?|   none   |
        |ExtractPixels_U0           |ExtractPixels           |        ?|        ?|         ?|         ?|    ?|    ?|   none   |
        |AddLast_3600u_U0           |AddLast_3600u_s         |        ?|        ?|         ?|         ?|    ?|    ?|   none   |
        +---------------------------+------------------------+---------+---------+----------+----------+-----+-----+----------+

        * Loop: 
        N/A



================================================================
== Utilization Estimates
================================================================
* Summary: 
+-----------------+---------+-------+--------+-------+-----+
|       Name      | BRAM_18K| DSP48E|   FF   |  LUT  | URAM|
+-----------------+---------+-------+--------+-------+-----+
|DSP              |        -|      -|       -|      -|    -|
|Expression       |        -|      -|       0|      2|    -|
|FIFO             |       55|      -|    1336|   2194|    -|
|Instance         |      177|    380|   71237|  85328|    0|
|Memory           |        -|      -|       -|      -|    -|
|Multiplexer      |        -|      -|       -|      -|    -|
|Register         |        -|      -|       -|      -|    -|
+-----------------+---------+-------+--------+-------+-----+
|Total            |      232|    380|   72573|  87524|    0|
+-----------------+---------+-------+--------+-------+-----+
|Available        |      432|    360|  141120|  70560|    0|
+-----------------+---------+-------+--------+-------+-----+
|Utilization (%)  |       53|    105|      51|    124|    0|
+-----------------+---------+-------+--------+-------+-----+

+ Detail: 
    * Instance: 
    +---------------------------+------------------------+---------+-------+-------+-------+-----+
    |          Instance         |         Module         | BRAM_18K| DSP48E|   FF  |  LUT  | URAM|
    +---------------------------+------------------------+---------+-------+-------+-------+-----+
    |AddLast_3600u_U0           |AddLast_3600u_s         |        0|      2|    299|    248|    0|
    |ExtractPixels_U0           |ExtractPixels           |        0|      2|    302|    216|    0|
    |StreamingDataWidthCo_U0    |StreamingDataWidthCo    |        0|      2|    432|    306|    0|
    |StreamingDataWidthCo_1_U0  |StreamingDataWidthCo_1  |        0|      2|    859|    385|    0|
    |conv1x1_DSPopt_U0          |conv1x1_DSPopt          |        4|      3|   1622|   2360|    0|
    |conv3x3_bn_act_DSPop_U0    |conv3x3_bn_act_DSPop    |       28|     75|  13769|  17278|    0|
    |conv3x3_bn_act_DSPop_1_U0  |conv3x3_bn_act_DSPop_1  |       28|     83|  15423|  19304|    0|
    |conv3x3_bn_act_DSPop_2_U0  |conv3x3_bn_act_DSPop_2  |       16|     41|   8211|  10823|    0|
    |conv3x3_bn_act_DSPop_3_U0  |conv3x3_bn_act_DSPop_3  |       14|     13|   2984|   4417|    0|
    |conv3x3_bn_act_DSPop_4_U0  |conv3x3_bn_act_DSPop_4  |       14|     13|   2990|   4354|    0|
    |conv3x3_bn_act_DSPop_5_U0  |conv3x3_bn_act_DSPop_5  |       14|     13|   2954|   4385|    0|
    |conv3x3_bn_act_DSPop_6_U0  |conv3x3_bn_act_DSPop_6  |       14|     13|   2948|   4374|    0|
    |conv3x3_l0_bn_act_DS_U0    |conv3x3_l0_bn_act_DS    |       28|     80|  12680|  10768|    0|
    |max_pool2x2_U0             |max_pool2x2             |        1|      0|    401|    694|    0|
    |max_pool2x2_1_U0           |max_pool2x2_1           |        1|      0|    382|    759|    0|
    |max_pool2x2_2_U0           |max_pool2x2_2           |        1|      0|    398|    691|    0|
    |max_pool2x2_3_U0           |max_pool2x2_3           |        2|      0|    651|    920|    0|
    |resize_batch_U0            |resize_batch            |       12|     38|   3932|   3046|    0|
    +---------------------------+------------------------+---------+-------+-------+-------+-----+
    |Total                      |                        |      177|    380|  71237|  85328|    0|
    +---------------------------+------------------------+---------+-------+-------+-------+-----+

    * DSP48E: 
    N/A

    * Memory: 
    N/A

    * FIFO: 
    +-------------------------+---------+-----+----+-----+------+-----+---------+
    |           Name          | BRAM_18K|  FF | LUT| URAM| Depth| Bits| Size:D*B|
    +-------------------------+---------+-----+----+-----+------+-----+---------+
    |conv_0_out_V_V_U         |        8|  150|   0|    -|   128|  128|    16384|
    |conv_1_out_V_V_U         |        2|   53|   0|    -|   128|   32|     4096|
    |conv_2_out_V_V_U         |        4|   85|   0|    -|   128|   64|     8192|
    |conv_3_out_V_V_U         |        2|   53|   0|    -|   128|   32|     4096|
    |conv_4_out_V_V_U         |        1|   37|   0|    -|   128|   16|     2048|
    |conv_5_out_V_V_U         |        1|   37|   0|    -|   128|   16|     2048|
    |conv_6_out_V_V_U         |        1|   37|   0|    -|   128|   16|     2048|
    |conv_7_out_V_V_U         |        1|   37|   0|    -|   128|   16|     2048|
    |conv_8_out_V_V_U         |        4|   83|   0|    -|    64|   64|     4096|
    |in_stream0_V_V_U         |       11|  226|   0|    -|  1024|  192|   196608|
    |in_stream1_V_V_U         |        0|    7|   0|    -|    16|   24|      384|
    |in_stream2_V_V_U         |        0|    7|   0|    -|    16|   24|      384|
    |in_stream_extract_V_s_U  |        4|   98|   0|    -|  1024|   64|    65536|
    |pool_0_out_V_V_U         |        8|  150|   0|    -|   128|  128|    16384|
    |pool_1_out_V_V_U         |        2|   53|   0|    -|   128|   32|     4096|
    |pool_2_out_V_V_U         |        4|   85|   0|    -|   128|   64|     8192|
    |pool_3_out_V_V_U         |        2|   53|   0|    -|   128|   32|     4096|
    |reps_c10_U               |        0|    5|   0|    -|     2|   32|       64|
    |reps_c11_U               |        0|    5|   0|    -|     2|   32|       64|
    |reps_c12_U               |        0|    5|   0|    -|     2|   32|       64|
    |reps_c13_U               |        0|    5|   0|    -|     2|   32|       64|
    |reps_c14_U               |        0|    5|   0|    -|     2|   32|       64|
    |reps_c15_U               |        0|    5|   0|    -|     2|   32|       64|
    |reps_c16_U               |        0|    5|   0|    -|     2|   32|       64|
    |reps_c1_U                |        0|    5|   0|    -|     2|   32|       64|
    |reps_c2_U                |        0|    5|   0|    -|     2|   32|       64|
    |reps_c3_U                |        0|    5|   0|    -|     2|   32|       64|
    |reps_c4_U                |        0|    5|   0|    -|     2|   32|       64|
    |reps_c5_U                |        0|    5|   0|    -|     2|   32|       64|
    |reps_c6_U                |        0|    5|   0|    -|     2|   32|       64|
    |reps_c7_U                |        0|    5|   0|    -|     2|   32|       64|
    |reps_c8_U                |        0|    5|   0|    -|     2|   32|       64|
    |reps_c9_U                |        0|    5|   0|    -|     2|   32|       64|
    |reps_c_U                 |        0|    5|   0|    -|     2|   32|       64|
    +-------------------------+---------+-----+----+-----+------+-----+---------+
    |Total                    |       55| 1336|   0|    0|  3714| 1488|   341824|
    +-------------------------+---------+-----+----+-----+------+-----+---------+

    * Expression: 
    +--------------+----------+-------+---+----+------------+------------+
    | Variable Name| Operation| DSP48E| FF| LUT| Bitwidth P0| Bitwidth P1|
    +--------------+----------+-------+---+----+------------+------------+
    |ap_idle       |    and   |      0|  0|   2|           1|           1|
    +--------------+----------+-------+---+----+------------+------------+
    |Total         |          |      0|  0|   2|           1|           1|
    +--------------+----------+-------+---+----+------------+------------+

    * Multiplexer: 
    N/A

    * Register: 
    N/A



================================================================
== Interface
================================================================
* Summary: 
+--------------+-----+-----+------------+--------------+--------------+
|   RTL Ports  | Dir | Bits|  Protocol  | Source Object|    C Type    |
+--------------+-----+-----+------------+--------------+--------------+
|in_r_TDATA    |  in |   64|    axis    |  in_V_data_V |    pointer   |
|in_r_TLAST    |  in |    1|    axis    |  in_V_last_V |    pointer   |
|in_r_TKEEP    |  in |    8|    axis    |  in_V_keep_V |    pointer   |
|in_r_TVALID   |  in |    1|    axis    |  in_V_keep_V |    pointer   |
|in_r_TREADY   | out |    1|    axis    |  in_V_keep_V |    pointer   |
|out_r_TDATA   | out |   64|    axis    | out_V_data_V |    pointer   |
|out_r_TLAST   | out |    1|    axis    | out_V_last_V |    pointer   |
|out_r_TKEEP   | out |    8|    axis    | out_V_keep_V |    pointer   |
|out_r_TVALID  | out |    1|    axis    | out_V_keep_V |    pointer   |
|out_r_TREADY  |  in |    1|    axis    | out_V_keep_V |    pointer   |
|reps          |  in |   32|   ap_none  |     reps     |    scalar    |
|reps_ap_vld   |  in |    1|   ap_none  |     reps     |    scalar    |
|ap_clk        |  in |    1| ap_ctrl_hs |  do_compute2 | return value |
|ap_rst        |  in |    1| ap_ctrl_hs |  do_compute2 | return value |
|ap_start      |  in |    1| ap_ctrl_hs |  do_compute2 | return value |
|ap_done       | out |    1| ap_ctrl_hs |  do_compute2 | return value |
|ap_ready      | out |    1| ap_ctrl_hs |  do_compute2 | return value |
|ap_idle       | out |    1| ap_ctrl_hs |  do_compute2 | return value |
|ap_continue   |  in |    1| ap_ctrl_hs |  do_compute2 | return value |
+--------------+-----+-----+------------+--------------+--------------+

