

================================================================
== Vivado HLS Report for 'ExtractPixels'
================================================================
* Date:           Tue May 10 21:15:46 2022

* Version:        2019.2 (Build 2704478 on Wed Nov 06 22:10:23 MST 2019)
* Project:        ultra_core
* Solution:       ultracore_125
* Product family: zynquplus
* Target device:  xczu3eg-sbva484-1-e


================================================================
== Performance Estimates
================================================================
+ Timing: 
    * Summary: 
    +--------+---------+----------+------------+
    |  Clock |  Target | Estimated| Uncertainty|
    +--------+---------+----------+------------+
    |ap_clk  | 4.00 ns | 2.960 ns |   0.50 ns  |
    +--------+---------+----------+------------+

+ Latency: 
    * Summary: 
    +---------+---------+----------+----------+-----+-----+---------+
    |  Latency (cycles) |  Latency (absolute) |  Interval | Pipeline|
    |   min   |   max   |    min   |    max   | min | max |   Type  |
    +---------+---------+----------+----------+-----+-----+---------+
    |        ?|        ?|         ?|         ?|    ?|    ?|   none  |
    +---------+---------+----------+----------+-----+-----+---------+

    + Detail: 
        * Instance: 
        N/A

        * Loop: 
        +----------+---------+---------+----------+-----------+-----------+------+----------+
        |          |  Latency (cycles) | Iteration|  Initiation Interval  | Trip |          |
        | Loop Name|   min   |   max   |  Latency |  achieved |   target  | Count| Pipelined|
        +----------+---------+---------+----------+-----------+-----------+------+----------+
        |- Loop 1  |        ?|        ?|         2|          1|          1|     ?|    yes   |
        +----------+---------+---------+----------+-----------+-----------+------+----------+



================================================================
== Utilization Estimates
================================================================
* Summary: 
+-----------------+---------+-------+--------+-------+-----+
|       Name      | BRAM_18K| DSP48E|   FF   |  LUT  | URAM|
+-----------------+---------+-------+--------+-------+-----+
|DSP              |        -|      -|       -|      -|    -|
|Expression       |        -|      -|       0|     71|    -|
|FIFO             |        -|      -|       -|      -|    -|
|Instance         |        -|      2|     165|     49|    -|
|Memory           |        -|      -|       -|      -|    -|
|Multiplexer      |        -|      -|       -|     96|    -|
|Register         |        -|      -|     137|      -|    -|
+-----------------+---------+-------+--------+-------+-----+
|Total            |        0|      2|     302|    216|    0|
+-----------------+---------+-------+--------+-------+-----+
|Available        |      432|    360|  141120|  70560|    0|
+-----------------+---------+-------+--------+-------+-----+
|Utilization (%)  |        0|   ~0  |   ~0   |   ~0  |    0|
+-----------------+---------+-------+--------+-------+-----+

+ Detail: 
    * Instance: 
    +-------------------------+----------------------+---------+-------+-----+----+-----+
    |         Instance        |        Module        | BRAM_18K| DSP48E|  FF | LUT| URAM|
    +-------------------------+----------------------+---------+-------+-----+----+-----+
    |ultra_net_mul_32sbkb_U1  |ultra_net_mul_32sbkb  |        0|      2|  165|  49|    0|
    +-------------------------+----------------------+---------+-------+-----+----+-----+
    |Total                    |                      |        0|      2|  165|  49|    0|
    +-------------------------+----------------------+---------+-------+-----+----+-----+

    * DSP48E: 
    N/A

    * Memory: 
    N/A

    * FIFO: 
    N/A

    * Expression: 
    +----------------------------------+----------+-------+---+----+------------+------------+
    |           Variable Name          | Operation| DSP48E| FF| LUT| Bitwidth P0| Bitwidth P1|
    +----------------------------------+----------+-------+---+----+------------+------------+
    |rep_fu_105_p2                     |     +    |      0|  0|  39|          32|           1|
    |ap_block_state3_pp0_stage0_iter0  |    and   |      0|  0|   2|           1|           1|
    |ap_block_state4_pp0_stage0_iter1  |    and   |      0|  0|   2|           1|           1|
    |icmp_ln64_fu_100_p2               |   icmp   |      0|  0|  20|          32|          32|
    |ap_block_pp0_stage0_01001         |    or    |      0|  0|   2|           1|           1|
    |ap_block_state1                   |    or    |      0|  0|   2|           1|           1|
    |ap_enable_pp0                     |    xor   |      0|  0|   2|           1|           2|
    |ap_enable_reg_pp0_iter1           |    xor   |      0|  0|   2|           2|           1|
    +----------------------------------+----------+-------+---+----+------------+------------+
    |Total                             |          |      0|  0|  71|          71|          40|
    +----------------------------------+----------+-------+---+----+------------+------------+

    * Multiplexer: 
    +-------------------------+----+-----------+-----+-----------+
    |           Name          | LUT| Input Size| Bits| Total Bits|
    +-------------------------+----+-----------+-----+-----------+
    |ap_NS_fsm                |  27|          5|    1|          5|
    |ap_done                  |   9|          2|    1|          2|
    |ap_enable_reg_pp0_iter1  |  15|          3|    1|          3|
    |in_r_TDATA_blk_n         |   9|          2|    1|          2|
    |out_V_V_blk_n            |   9|          2|    1|          2|
    |real_start               |   9|          2|    1|          2|
    |rep_0_i_reg_83           |   9|          2|   32|         64|
    |reps_out_blk_n           |   9|          2|    1|          2|
    +-------------------------+----+-----------+-----+-----------+
    |Total                    |  96|         20|   39|         82|
    +-------------------------+----+-----------+-----+-----------+

    * Register: 
    +-------------------------+----+----+-----+-----------+
    |           Name          | FF | LUT| Bits| Const Bits|
    +-------------------------+----+----+-----+-----------+
    |ap_CS_fsm                |   4|   0|    4|          0|
    |ap_done_reg              |   1|   0|    1|          0|
    |ap_enable_reg_pp0_iter0  |   1|   0|    1|          0|
    |ap_enable_reg_pp0_iter1  |   1|   0|    1|          0|
    |icmp_ln64_reg_125        |   1|   0|    1|          0|
    |mul_ln64_reg_120         |  32|   0|   32|          0|
    |rep_0_i_reg_83           |  32|   0|   32|          0|
    |start_once_reg           |   1|   0|    1|          0|
    |tmp_data_V_reg_134       |  64|   0|   64|          0|
    +-------------------------+----+----+-----+-----------+
    |Total                    | 137|   0|  137|          0|
    +-------------------------+----+----+-----+-----------+



================================================================
== Interface
================================================================
* Summary: 
+-----------------+-----+-----+------------+---------------+--------------+
|    RTL Ports    | Dir | Bits|  Protocol  | Source Object |    C Type    |
+-----------------+-----+-----+------------+---------------+--------------+
|ap_clk           |  in |    1| ap_ctrl_hs | ExtractPixels | return value |
|ap_rst           |  in |    1| ap_ctrl_hs | ExtractPixels | return value |
|ap_start         |  in |    1| ap_ctrl_hs | ExtractPixels | return value |
|start_full_n     |  in |    1| ap_ctrl_hs | ExtractPixels | return value |
|ap_done          | out |    1| ap_ctrl_hs | ExtractPixels | return value |
|ap_continue      |  in |    1| ap_ctrl_hs | ExtractPixels | return value |
|ap_idle          | out |    1| ap_ctrl_hs | ExtractPixels | return value |
|ap_ready         | out |    1| ap_ctrl_hs | ExtractPixels | return value |
|start_out        | out |    1| ap_ctrl_hs | ExtractPixels | return value |
|start_write      | out |    1| ap_ctrl_hs | ExtractPixels | return value |
|in_r_TDATA       |  in |   64|    axis    |  in_V_data_V  |    pointer   |
|in_r_TVALID      |  in |    1|    axis    |  in_V_data_V  |    pointer   |
|in_r_TREADY      | out |    1|    axis    |  in_V_keep_V  |    pointer   |
|in_r_TKEEP       |  in |    8|    axis    |  in_V_keep_V  |    pointer   |
|in_r_TLAST       |  in |    1|    axis    |  in_V_last_V  |    pointer   |
|out_V_V_din      | out |   64|   ap_fifo  |    out_V_V    |    pointer   |
|out_V_V_full_n   |  in |    1|   ap_fifo  |    out_V_V    |    pointer   |
|out_V_V_write    | out |    1|   ap_fifo  |    out_V_V    |    pointer   |
|reps             |  in |   32|   ap_none  |      reps     |    scalar    |
|reps_out_din     | out |   32|   ap_fifo  |    reps_out   |    pointer   |
|reps_out_full_n  |  in |    1|   ap_fifo  |    reps_out   |    pointer   |
|reps_out_write   | out |    1|   ap_fifo  |    reps_out   |    pointer   |
+-----------------+-----+-----+------------+---------------+--------------+

