

================================================================
== Vivado HLS Report for 'mat_to_stream'
================================================================
* Date:           Tue May 10 21:15:47 2022

* Version:        2019.2 (Build 2704478 on Wed Nov 06 22:10:23 MST 2019)
* Project:        ultra_core
* Solution:       ultracore_125
* Product family: zynquplus
* Target device:  xczu3eg-sbva484-1-e


================================================================
== Performance Estimates
================================================================
+ Timing: 
    * Summary: 
    +--------+---------+----------+------------+
    |  Clock |  Target | Estimated| Uncertainty|
    +--------+---------+----------+------------+
    |ap_clk  | 4.00 ns | 3.500 ns |   0.50 ns  |
    +--------+---------+----------+------------+

+ Latency: 
    * Summary: 
    +---------+---------+----------+----------+-------+-------+---------+
    |  Latency (cycles) |  Latency (absolute) |    Interval   | Pipeline|
    |   min   |   max   |    min   |    max   |  min  |  max  |   Type  |
    +---------+---------+----------+----------+-------+-------+---------+
    |    51202|    51202| 0.205 ms | 0.205 ms |  51202|  51202|   none  |
    +---------+---------+----------+----------+-------+-------+---------+

    + Detail: 
        * Instance: 
        N/A

        * Loop: 
        +----------+---------+---------+----------+-----------+-----------+-------+----------+
        |          |  Latency (cycles) | Iteration|  Initiation Interval  |  Trip |          |
        | Loop Name|   min   |   max   |  Latency |  achieved |   target  | Count | Pipelined|
        +----------+---------+---------+----------+-----------+-----------+-------+----------+
        |- Loop 1  |    51200|    51200|         2|          1|          1|  51200|    yes   |
        +----------+---------+---------+----------+-----------+-----------+-------+----------+



================================================================
== Utilization Estimates
================================================================
* Summary: 
+-----------------+---------+-------+--------+-------+-----+
|       Name      | BRAM_18K| DSP48E|   FF   |  LUT  | URAM|
+-----------------+---------+-------+--------+-------+-----+
|DSP              |        -|      -|       -|      -|    -|
|Expression       |        -|      -|       0|     46|    -|
|FIFO             |        -|      -|       -|      -|    -|
|Instance         |        -|      -|       -|      -|    -|
|Memory           |        -|      -|       -|      -|    -|
|Multiplexer      |        -|      -|       -|     90|    -|
|Register         |        -|      -|      23|      -|    -|
+-----------------+---------+-------+--------+-------+-----+
|Total            |        0|      0|      23|    136|    0|
+-----------------+---------+-------+--------+-------+-----+
|Available        |      432|    360|  141120|  70560|    0|
+-----------------+---------+-------+--------+-------+-----+
|Utilization (%)  |        0|      0|   ~0   |   ~0  |    0|
+-----------------+---------+-------+--------+-------+-----+

+ Detail: 
    * Instance: 
    N/A

    * DSP48E: 
    N/A

    * Memory: 
    N/A

    * FIFO: 
    N/A

    * Expression: 
    +----------------------------------+----------+-------+---+----+------------+------------+
    |           Variable Name          | Operation| DSP48E| FF| LUT| Bitwidth P0| Bitwidth P1|
    +----------------------------------+----------+-------+---+----+------------+------------+
    |add_ln56_fu_94_p2                 |     +    |      0|  0|  23|          16|           1|
    |ap_block_pp0_stage0_01001         |    and   |      0|  0|   2|           1|           1|
    |icmp_ln56_fu_88_p2                |   icmp   |      0|  0|  13|          16|          15|
    |ap_block_state1                   |    or    |      0|  0|   2|           1|           1|
    |ap_block_state3_pp0_stage0_iter1  |    or    |      0|  0|   2|           1|           1|
    |ap_enable_pp0                     |    xor   |      0|  0|   2|           1|           2|
    |ap_enable_reg_pp0_iter1           |    xor   |      0|  0|   2|           2|           1|
    +----------------------------------+----------+-------+---+----+------------+------------+
    |Total                             |          |      0|  0|  46|          38|          22|
    +----------------------------------+----------+-------+---+----+------------+------------+

    * Multiplexer: 
    +----------------------------------+----+-----------+-----+-----------+
    |               Name               | LUT| Input Size| Bits| Total Bits|
    +----------------------------------+----+-----------+-----+-----------+
    |ap_NS_fsm                         |  21|          4|    1|          4|
    |ap_done                           |   9|          2|    1|          2|
    |ap_enable_reg_pp0_iter1           |  15|          3|    1|          3|
    |indvar_flatten_reg_77             |   9|          2|   16|         32|
    |out_V_V_blk_n                     |   9|          2|    1|          2|
    |resize_img_data_stream_0_V_blk_n  |   9|          2|    1|          2|
    |resize_img_data_stream_1_V_blk_n  |   9|          2|    1|          2|
    |resize_img_data_stream_2_V_blk_n  |   9|          2|    1|          2|
    +----------------------------------+----+-----------+-----+-----------+
    |Total                             |  90|         19|   23|         49|
    +----------------------------------+----+-----------+-----+-----------+

    * Register: 
    +-------------------------+----+----+-----+-----------+
    |           Name          | FF | LUT| Bits| Const Bits|
    +-------------------------+----+----+-----+-----------+
    |ap_CS_fsm                |   3|   0|    3|          0|
    |ap_done_reg              |   1|   0|    1|          0|
    |ap_enable_reg_pp0_iter0  |   1|   0|    1|          0|
    |ap_enable_reg_pp0_iter1  |   1|   0|    1|          0|
    |icmp_ln56_reg_111        |   1|   0|    1|          0|
    |indvar_flatten_reg_77    |  16|   0|   16|          0|
    +-------------------------+----+----+-----+-----------+
    |Total                    |  23|   0|   23|          0|
    +-------------------------+----+----+-----+-----------+



================================================================
== Interface
================================================================
* Summary: 
+------------------------------------+-----+-----+------------+----------------------------+--------------+
|              RTL Ports             | Dir | Bits|  Protocol  |        Source Object       |    C Type    |
+------------------------------------+-----+-----+------------+----------------------------+--------------+
|ap_clk                              |  in |    1| ap_ctrl_hs |        mat_to_stream       | return value |
|ap_rst                              |  in |    1| ap_ctrl_hs |        mat_to_stream       | return value |
|ap_start                            |  in |    1| ap_ctrl_hs |        mat_to_stream       | return value |
|ap_done                             | out |    1| ap_ctrl_hs |        mat_to_stream       | return value |
|ap_continue                         |  in |    1| ap_ctrl_hs |        mat_to_stream       | return value |
|ap_idle                             | out |    1| ap_ctrl_hs |        mat_to_stream       | return value |
|ap_ready                            | out |    1| ap_ctrl_hs |        mat_to_stream       | return value |
|resize_img_data_stream_0_V_dout     |  in |    8|   ap_fifo  | resize_img_data_stream_0_V |    pointer   |
|resize_img_data_stream_0_V_empty_n  |  in |    1|   ap_fifo  | resize_img_data_stream_0_V |    pointer   |
|resize_img_data_stream_0_V_read     | out |    1|   ap_fifo  | resize_img_data_stream_0_V |    pointer   |
|resize_img_data_stream_1_V_dout     |  in |    8|   ap_fifo  | resize_img_data_stream_1_V |    pointer   |
|resize_img_data_stream_1_V_empty_n  |  in |    1|   ap_fifo  | resize_img_data_stream_1_V |    pointer   |
|resize_img_data_stream_1_V_read     | out |    1|   ap_fifo  | resize_img_data_stream_1_V |    pointer   |
|resize_img_data_stream_2_V_dout     |  in |    8|   ap_fifo  | resize_img_data_stream_2_V |    pointer   |
|resize_img_data_stream_2_V_empty_n  |  in |    1|   ap_fifo  | resize_img_data_stream_2_V |    pointer   |
|resize_img_data_stream_2_V_read     | out |    1|   ap_fifo  | resize_img_data_stream_2_V |    pointer   |
|out_V_V_din                         | out |   24|   ap_fifo  |           out_V_V          |    pointer   |
|out_V_V_full_n                      |  in |    1|   ap_fifo  |           out_V_V          |    pointer   |
|out_V_V_write                       | out |    1|   ap_fifo  |           out_V_V          |    pointer   |
+------------------------------------+-----+-----+------------+----------------------------+--------------+

