

================================================================
== Vivado HLS Report for 'max2_PE_4u_16u_s'
================================================================
* Date:           Tue May 10 21:15:53 2022

* Version:        2019.2 (Build 2704478 on Wed Nov 06 22:10:23 MST 2019)
* Project:        ultra_core
* Solution:       ultracore_125
* Product family: zynquplus
* Target device:  xczu3eg-sbva484-1-e


================================================================
== Performance Estimates
================================================================
+ Timing: 
    * Summary: 
    +--------+---------+----------+------------+
    |  Clock |  Target | Estimated| Uncertainty|
    +--------+---------+----------+------------+
    |ap_clk  | 4.00 ns | 1.334 ns |   0.50 ns  |
    +--------+---------+----------+------------+

+ Latency: 
    * Summary: 
    +---------+---------+----------+----------+-----+-----+----------+
    |  Latency (cycles) |  Latency (absolute) |  Interval | Pipeline |
    |   min   |   max   |    min   |    max   | min | max |   Type   |
    +---------+---------+----------+----------+-----+-----+----------+
    |        0|        0|   0 ns   |   0 ns   |    1|    1| function |
    +---------+---------+----------+----------+-----+-----+----------+

    + Detail: 
        * Instance: 
        N/A

        * Loop: 
        N/A



================================================================
== Utilization Estimates
================================================================
* Summary: 
+-----------------+---------+-------+--------+-------+-----+
|       Name      | BRAM_18K| DSP48E|   FF   |  LUT  | URAM|
+-----------------+---------+-------+--------+-------+-----+
|DSP              |        -|      -|       -|      -|    -|
|Expression       |        -|      -|       0|    208|    -|
|FIFO             |        -|      -|       -|      -|    -|
|Instance         |        -|      -|       -|      -|    -|
|Memory           |        -|      -|       -|      -|    -|
|Multiplexer      |        -|      -|       -|      -|    -|
|Register         |        -|      -|       -|      -|    -|
+-----------------+---------+-------+--------+-------+-----+
|Total            |        0|      0|       0|    208|    0|
+-----------------+---------+-------+--------+-------+-----+
|Available        |      432|    360|  141120|  70560|    0|
+-----------------+---------+-------+--------+-------+-----+
|Utilization (%)  |        0|      0|       0|   ~0  |    0|
+-----------------+---------+-------+--------+-------+-----+

+ Detail: 
    * Instance: 
    N/A

    * DSP48E: 
    N/A

    * Memory: 
    N/A

    * FIFO: 
    N/A

    * Expression: 
    +--------------------------+----------+-------+---+----+------------+------------+
    |       Variable Name      | Operation| DSP48E| FF| LUT| Bitwidth P0| Bitwidth P1|
    +--------------------------+----------+-------+---+----+------------+------------+
    |icmp_ln895_10_fu_430_p2   |   icmp   |      0|  0|   9|           4|           4|
    |icmp_ln895_11_fu_464_p2   |   icmp   |      0|  0|   9|           4|           4|
    |icmp_ln895_12_fu_498_p2   |   icmp   |      0|  0|   9|           4|           4|
    |icmp_ln895_13_fu_532_p2   |   icmp   |      0|  0|   9|           4|           4|
    |icmp_ln895_14_fu_566_p2   |   icmp   |      0|  0|   9|           4|           4|
    |icmp_ln895_15_fu_600_p2   |   icmp   |      0|  0|   9|           4|           4|
    |icmp_ln895_1_fu_124_p2    |   icmp   |      0|  0|   9|           4|           4|
    |icmp_ln895_2_fu_158_p2    |   icmp   |      0|  0|   9|           4|           4|
    |icmp_ln895_3_fu_192_p2    |   icmp   |      0|  0|   9|           4|           4|
    |icmp_ln895_4_fu_226_p2    |   icmp   |      0|  0|   9|           4|           4|
    |icmp_ln895_5_fu_260_p2    |   icmp   |      0|  0|   9|           4|           4|
    |icmp_ln895_6_fu_294_p2    |   icmp   |      0|  0|   9|           4|           4|
    |icmp_ln895_7_fu_328_p2    |   icmp   |      0|  0|   9|           4|           4|
    |icmp_ln895_8_fu_362_p2    |   icmp   |      0|  0|   9|           4|           4|
    |icmp_ln895_9_fu_396_p2    |   icmp   |      0|  0|   9|           4|           4|
    |icmp_ln895_fu_90_p2       |   icmp   |      0|  0|   9|           4|           4|
    |select_ln18_11_fu_130_p3  |  select  |      0|  0|   4|           1|           4|
    |select_ln18_12_fu_164_p3  |  select  |      0|  0|   4|           1|           4|
    |select_ln18_13_fu_198_p3  |  select  |      0|  0|   4|           1|           4|
    |select_ln18_14_fu_232_p3  |  select  |      0|  0|   4|           1|           4|
    |select_ln18_15_fu_266_p3  |  select  |      0|  0|   4|           1|           4|
    |select_ln18_16_fu_300_p3  |  select  |      0|  0|   4|           1|           4|
    |select_ln18_17_fu_334_p3  |  select  |      0|  0|   4|           1|           4|
    |select_ln18_18_fu_368_p3  |  select  |      0|  0|   4|           1|           4|
    |select_ln18_19_fu_402_p3  |  select  |      0|  0|   4|           1|           4|
    |select_ln18_20_fu_436_p3  |  select  |      0|  0|   4|           1|           4|
    |select_ln18_21_fu_470_p3  |  select  |      0|  0|   4|           1|           4|
    |select_ln18_22_fu_504_p3  |  select  |      0|  0|   4|           1|           4|
    |select_ln18_23_fu_538_p3  |  select  |      0|  0|   4|           1|           4|
    |select_ln18_24_fu_572_p3  |  select  |      0|  0|   4|           1|           4|
    |select_ln18_25_fu_606_p3  |  select  |      0|  0|   4|           1|           4|
    |select_ln18_fu_96_p3      |  select  |      0|  0|   4|           1|           4|
    +--------------------------+----------+-------+---+----+------------+------------+
    |Total                     |          |      0|  0| 208|          80|         128|
    +--------------------------+----------+-------+---+----+------------+------------+

    * Multiplexer: 
    N/A

    * Register: 
    N/A



================================================================
== Interface
================================================================
* Summary: 
+-----------+-----+-----+------------+------------------+--------------+
| RTL Ports | Dir | Bits|  Protocol  |   Source Object  |    C Type    |
+-----------+-----+-----+------------+------------------+--------------+
|ap_ready   | out |    1| ap_ctrl_hs | max2_PE<4u, 16u> | return value |
|ap_return  | out |   64| ap_ctrl_hs | max2_PE<4u, 16u> | return value |
|data0_V    |  in |   64|   ap_none  |      data0_V     |    scalar    |
|data1_V    |  in |   64|   ap_none  |      data1_V     |    scalar    |
+-----------+-----+-----+------------+------------------+--------------+

