

================================================================
== Vivado HLS Report for 'max_pool2x2_1'
================================================================
* Date:           Tue May 10 21:16:08 2022

* Version:        2019.2 (Build 2704478 on Wed Nov 06 22:10:23 MST 2019)
* Project:        ultra_core
* Solution:       ultracore_125
* Product family: zynquplus
* Target device:  xczu3eg-sbva484-1-e


================================================================
== Performance Estimates
================================================================
+ Timing: 
    * Summary: 
    +--------+---------+----------+------------+
    |  Clock |  Target | Estimated| Uncertainty|
    +--------+---------+----------+------------+
    |ap_clk  | 4.00 ns | 3.500 ns |   0.50 ns  |
    +--------+---------+----------+------------+

+ Latency: 
    * Summary: 
    +---------+---------+----------+----------+-----+-----+---------+
    |  Latency (cycles) |  Latency (absolute) |  Interval | Pipeline|
    |   min   |   max   |    min   |    max   | min | max |   Type  |
    +---------+---------+----------+----------+-----+-----+---------+
    |        ?|        ?|         ?|         ?|    ?|    ?|   none  |
    +---------+---------+----------+----------+-----+-----+---------+

    + Detail: 
        * Instance: 
        N/A

        * Loop: 
        +----------+---------+---------+----------+-----------+-----------+------+----------+
        |          |  Latency (cycles) | Iteration|  Initiation Interval  | Trip |          |
        | Loop Name|   min   |   max   |  Latency |  achieved |   target  | Count| Pipelined|
        +----------+---------+---------+----------+-----------+-----------+------+----------+
        |- Loop 1  |        ?|        ?|         4|          1|          1|     ?|    yes   |
        +----------+---------+---------+----------+-----------+-----------+------+----------+



================================================================
== Utilization Estimates
================================================================
* Summary: 
+-----------------+---------+-------+--------+-------+-----+
|       Name      | BRAM_18K| DSP48E|   FF   |  LUT  | URAM|
+-----------------+---------+-------+--------+-------+-----+
|DSP              |        -|      -|       -|      -|    -|
|Expression       |        -|      -|       0|    565|    -|
|FIFO             |        -|      -|       -|      -|    -|
|Instance         |        -|      -|       -|      -|    -|
|Memory           |        1|      -|       0|      0|    0|
|Multiplexer      |        -|      -|       -|    162|    -|
|Register         |        0|      -|     382|     32|    -|
+-----------------+---------+-------+--------+-------+-----+
|Total            |        1|      0|     382|    759|    0|
+-----------------+---------+-------+--------+-------+-----+
|Available        |      432|    360|  141120|  70560|    0|
+-----------------+---------+-------+--------+-------+-----+
|Utilization (%)  |    ~0   |      0|   ~0   |      1|    0|
+-----------------+---------+-------+--------+-------+-----+

+ Detail: 
    * Instance: 
    N/A

    * DSP48E: 
    N/A

    * Memory: 
    +---------------+----------------------+---------+---+----+-----+------+-----+------+-------------+
    |     Memory    |        Module        | BRAM_18K| FF| LUT| URAM| Words| Bits| Banks| W*Bits*Banks|
    +---------------+----------------------+---------+---+----+-----+------+-----+------+-------------+
    |row_store_V_U  |max_pool2x2_1_rowcxx  |        1|  0|   0|    0|   320|   32|     1|        10240|
    +---------------+----------------------+---------+---+----+-----+------+-----+------+-------------+
    |Total          |                      |        1|  0|   0|    0|   320|   32|     1|        10240|
    +---------------+----------------------+---------+---+----+-----+------+-----+------+-------------+

    * FIFO: 
    N/A

    * Expression: 
    +----------------------------------+----------+-------+---+----+------------+------------+
    |           Variable Name          | Operation| DSP48E| FF| LUT| Bitwidth P0| Bitwidth P1|
    +----------------------------------+----------+-------+---+----+------------+------------+
    |add_ln35_5_fu_309_p2              |     +    |      0|  0|  48|          41|           1|
    |add_ln35_fu_268_p2                |     +    |      0|  0|  39|          32|          32|
    |add_ln36_2_fu_409_p2              |     +    |      0|  0|  17|          10|           1|
    |addr_fu_699_p2                    |     +    |      0|  0|  16|           9|           9|
    |bound4_fu_298_p2                  |     +    |      0|  0|  48|          41|          41|
    |h_fu_315_p2                       |     +    |      0|  0|  39|           1|          32|
    |peIdx_fu_365_p2                   |     +    |      0|  0|  12|           1|           4|
    |w_fu_403_p2                       |     +    |      0|  0|  15|           6|           1|
    |and_ln35_fu_359_p2                |    and   |      0|  0|   2|           1|           1|
    |and_ln51_fu_397_p2                |    and   |      0|  0|   2|           1|           1|
    |ap_block_state4_pp0_stage0_iter1  |    and   |      0|  0|   2|           1|           1|
    |ap_block_state6_pp0_stage0_iter3  |    and   |      0|  0|   2|           1|           1|
    |icmp_ln35_fu_304_p2               |   icmp   |      0|  0|  24|          41|          41|
    |icmp_ln36_fu_321_p2               |   icmp   |      0|  0|  13|          10|           9|
    |icmp_ln37_fu_353_p2               |   icmp   |      0|  0|  11|           6|           6|
    |icmp_ln895_10_fu_542_p2           |   icmp   |      0|  0|   9|           4|           4|
    |icmp_ln895_11_fu_576_p2           |   icmp   |      0|  0|   9|           4|           4|
    |icmp_ln895_12_fu_610_p2           |   icmp   |      0|  0|   9|           4|           4|
    |icmp_ln895_13_fu_644_p2           |   icmp   |      0|  0|   9|           4|           4|
    |icmp_ln895_14_fu_678_p2           |   icmp   |      0|  0|   9|           4|           4|
    |icmp_ln895_15_fu_727_p2           |   icmp   |      0|  0|   9|           4|           4|
    |icmp_ln895_16_fu_749_p2           |   icmp   |      0|  0|   9|           4|           4|
    |icmp_ln895_17_fu_771_p2           |   icmp   |      0|  0|   9|           4|           4|
    |icmp_ln895_18_fu_793_p2           |   icmp   |      0|  0|   9|           4|           4|
    |icmp_ln895_19_fu_815_p2           |   icmp   |      0|  0|   9|           4|           4|
    |icmp_ln895_20_fu_837_p2           |   icmp   |      0|  0|   9|           4|           4|
    |icmp_ln895_21_fu_859_p2           |   icmp   |      0|  0|   9|           4|           4|
    |icmp_ln895_22_fu_881_p2           |   icmp   |      0|  0|   9|           4|           4|
    |icmp_ln895_8_fu_474_p2            |   icmp   |      0|  0|   9|           4|           4|
    |icmp_ln895_9_fu_508_p2            |   icmp   |      0|  0|   9|           4|           4|
    |icmp_ln895_fu_440_p2              |   icmp   |      0|  0|   9|           4|           4|
    |ap_block_pp0_stage0_01001         |    or    |      0|  0|   2|           1|           1|
    |ap_block_state1                   |    or    |      0|  0|   2|           1|           1|
    |or_ln36_fu_371_p2                 |    or    |      0|  0|   2|           1|           1|
    |select_ln18_10_fu_548_p3          |  select  |      0|  0|   4|           1|           4|
    |select_ln18_11_fu_582_p3          |  select  |      0|  0|   4|           1|           4|
    |select_ln18_12_fu_616_p3          |  select  |      0|  0|   4|           1|           4|
    |select_ln18_13_fu_650_p3          |  select  |      0|  0|   4|           1|           4|
    |select_ln18_14_fu_684_p3          |  select  |      0|  0|   4|           1|           4|
    |select_ln18_15_fu_732_p3          |  select  |      0|  0|   4|           1|           4|
    |select_ln18_16_fu_754_p3          |  select  |      0|  0|   4|           1|           4|
    |select_ln18_17_fu_776_p3          |  select  |      0|  0|   4|           1|           4|
    |select_ln18_18_fu_798_p3          |  select  |      0|  0|   4|           1|           4|
    |select_ln18_19_fu_820_p3          |  select  |      0|  0|   4|           1|           4|
    |select_ln18_20_fu_842_p3          |  select  |      0|  0|   4|           1|           4|
    |select_ln18_21_fu_864_p3          |  select  |      0|  0|   4|           1|           4|
    |select_ln18_22_fu_886_p3          |  select  |      0|  0|   4|           1|           4|
    |select_ln18_8_fu_480_p3           |  select  |      0|  0|   4|           1|           4|
    |select_ln18_9_fu_514_p3           |  select  |      0|  0|   4|           1|           4|
    |select_ln18_fu_446_p3             |  select  |      0|  0|   4|           1|           4|
    |select_ln35_3_fu_335_p3           |  select  |      0|  0|  32|           1|          32|
    |select_ln35_fu_327_p3             |  select  |      0|  0|   4|           1|           1|
    |select_ln36_3_fu_385_p3           |  select  |      0|  0|   4|           1|           4|
    |select_ln36_4_fu_415_p3           |  select  |      0|  0|   9|           1|           1|
    |select_ln36_fu_377_p3             |  select  |      0|  0|   6|           1|           1|
    |ap_enable_pp0                     |    xor   |      0|  0|   2|           1|           2|
    |ap_enable_reg_pp0_iter1           |    xor   |      0|  0|   2|           2|           1|
    |xor_ln35_fu_347_p2                |    xor   |      0|  0|   2|           1|           2|
    +----------------------------------+----------+-------+---+----+------------+------------+
    |Total                             |          |      0|  0| 565|         294|         356|
    +----------------------------------+----------+-------+---+----+------------+------------+

    * Multiplexer: 
    +------------------------------------+----+-----------+-----+-----------+
    |                Name                | LUT| Input Size| Bits| Total Bits|
    +------------------------------------+----+-----------+-----+-----------+
    |ap_NS_fsm                           |  27|          5|    1|          5|
    |ap_done                             |   9|          2|    1|          2|
    |ap_enable_reg_pp0_iter1             |   9|          2|    1|          2|
    |ap_enable_reg_pp0_iter3             |   9|          2|    1|          2|
    |ap_phi_mux_h_0_i_phi_fu_218_p4      |   9|          2|   32|         64|
    |ap_phi_mux_peIdx_0_i_phi_fu_240_p4  |   9|          2|    4|          8|
    |h_0_i_reg_214                       |   9|          2|   32|         64|
    |indvar_flatten17_reg_203            |   9|          2|   41|         82|
    |indvar_flatten_reg_225              |   9|          2|   10|         20|
    |out_V_V_blk_n                       |   9|          2|    1|          2|
    |peIdx_0_i_reg_236                   |   9|          2|    4|          8|
    |real_start                          |   9|          2|    1|          2|
    |reps_blk_n                          |   9|          2|    1|          2|
    |reps_out_blk_n                      |   9|          2|    1|          2|
    |vec_V_V_blk_n                       |   9|          2|    1|          2|
    |w_0_i_reg_247                       |   9|          2|    6|         12|
    +------------------------------------+----+-----------+-----+-----------+
    |Total                               | 162|         35|  138|        279|
    +------------------------------------+----+-----------+-----+-----------+

    * Register: 
    +----------------------------------+----+----+-----+-----------+
    |               Name               | FF | LUT| Bits| Const Bits|
    +----------------------------------+----+----+-----+-----------+
    |and_ln51_reg_990                  |   1|   0|    1|          0|
    |ap_CS_fsm                         |   4|   0|    4|          0|
    |ap_done_reg                       |   1|   0|    1|          0|
    |ap_enable_reg_pp0_iter0           |   1|   0|    1|          0|
    |ap_enable_reg_pp0_iter1           |   1|   0|    1|          0|
    |ap_enable_reg_pp0_iter2           |   1|   0|    1|          0|
    |ap_enable_reg_pp0_iter3           |   1|   0|    1|          0|
    |bound4_reg_956                    |  32|   0|   41|          9|
    |h_0_i_reg_214                     |  32|   0|   32|          0|
    |icmp_ln35_reg_961                 |   1|   0|    1|          0|
    |indvar_flatten17_reg_203          |  41|   0|   41|          0|
    |indvar_flatten_reg_225            |  10|   0|   10|          0|
    |p_Repl2_13_fu_152                 |  32|   0|   32|          0|
    |p_Repl2_s_fu_148                  |  32|   0|   32|          0|
    |peIdx_0_i_reg_236                 |   4|   0|    4|          0|
    |reps_read_reg_950                 |  32|   0|   32|          0|
    |row_store_V_addr_reg_1060         |   9|   0|    9|          0|
    |select_ln18_10_reg_1025           |   4|   0|    4|          0|
    |select_ln18_11_reg_1032           |   4|   0|    4|          0|
    |select_ln18_12_reg_1039           |   4|   0|    4|          0|
    |select_ln18_13_reg_1046           |   4|   0|    4|          0|
    |select_ln18_14_reg_1053           |   4|   0|    4|          0|
    |select_ln18_8_reg_1011            |   4|   0|    4|          0|
    |select_ln18_9_reg_1018            |   4|   0|    4|          0|
    |select_ln18_reg_1004              |   4|   0|    4|          0|
    |select_ln35_3_reg_970             |  32|   0|   32|          0|
    |select_ln36_3_reg_984             |   4|   0|    4|          0|
    |select_ln36_reg_979               |   6|   0|    6|          0|
    |start_once_reg                    |   1|   0|    1|          0|
    |trunc_ln35_reg_975                |   1|   0|    1|          0|
    |trunc_ln35_reg_975_pp0_iter1_reg  |   1|   0|    1|          0|
    |w_0_i_reg_247                     |   6|   0|    6|          0|
    |and_ln51_reg_990                  |  64|  32|    1|          0|
    +----------------------------------+----+----+-----+-----------+
    |Total                             | 382|  32|  328|          9|
    +----------------------------------+----+----+-----+-----------+



================================================================
== Interface
================================================================
* Summary: 
+-----------------+-----+-----+------------+---------------+--------------+
|    RTL Ports    | Dir | Bits|  Protocol  | Source Object |    C Type    |
+-----------------+-----+-----+------------+---------------+--------------+
|ap_clk           |  in |    1| ap_ctrl_hs | max_pool2x2.1 | return value |
|ap_rst           |  in |    1| ap_ctrl_hs | max_pool2x2.1 | return value |
|ap_start         |  in |    1| ap_ctrl_hs | max_pool2x2.1 | return value |
|start_full_n     |  in |    1| ap_ctrl_hs | max_pool2x2.1 | return value |
|ap_done          | out |    1| ap_ctrl_hs | max_pool2x2.1 | return value |
|ap_continue      |  in |    1| ap_ctrl_hs | max_pool2x2.1 | return value |
|ap_idle          | out |    1| ap_ctrl_hs | max_pool2x2.1 | return value |
|ap_ready         | out |    1| ap_ctrl_hs | max_pool2x2.1 | return value |
|start_out        | out |    1| ap_ctrl_hs | max_pool2x2.1 | return value |
|start_write      | out |    1| ap_ctrl_hs | max_pool2x2.1 | return value |
|vec_V_V_dout     |  in |   64|   ap_fifo  |    vec_V_V    |    pointer   |
|vec_V_V_empty_n  |  in |    1|   ap_fifo  |    vec_V_V    |    pointer   |
|vec_V_V_read     | out |    1|   ap_fifo  |    vec_V_V    |    pointer   |
|out_V_V_din      | out |   64|   ap_fifo  |    out_V_V    |    pointer   |
|out_V_V_full_n   |  in |    1|   ap_fifo  |    out_V_V    |    pointer   |
|out_V_V_write    | out |    1|   ap_fifo  |    out_V_V    |    pointer   |
|reps_dout        |  in |   32|   ap_fifo  |      reps     |    pointer   |
|reps_empty_n     |  in |    1|   ap_fifo  |      reps     |    pointer   |
|reps_read        | out |    1|   ap_fifo  |      reps     |    pointer   |
|reps_out_din     | out |   32|   ap_fifo  |    reps_out   |    pointer   |
|reps_out_full_n  |  in |    1|   ap_fifo  |    reps_out   |    pointer   |
|reps_out_write   | out |    1|   ap_fifo  |    reps_out   |    pointer   |
+-----------------+-----+-----+------------+---------------+--------------+

