

================================================================
== Vivado HLS Report for 'pack_weight_data_1'
================================================================
* Date:           Tue May 10 21:16:10 2022

* Version:        2019.2 (Build 2704478 on Wed Nov 06 22:10:23 MST 2019)
* Project:        ultra_core
* Solution:       ultracore_125
* Product family: zynquplus
* Target device:  xczu3eg-sbva484-1-e


================================================================
== Performance Estimates
================================================================
+ Timing: 
    * Summary: 
    +--------+---------+----------+------------+
    |  Clock |  Target | Estimated| Uncertainty|
    +--------+---------+----------+------------+
    |ap_clk  | 4.00 ns | 2.135 ns |   0.50 ns  |
    +--------+---------+----------+------------+

+ Latency: 
    * Summary: 
    +---------+---------+----------+----------+-----+-----+----------+
    |  Latency (cycles) |  Latency (absolute) |  Interval | Pipeline |
    |   min   |   max   |    min   |    max   | min | max |   Type   |
    +---------+---------+----------+----------+-----+-----+----------+
    |        0|        0|   0 ns   |   0 ns   |    1|    1| function |
    +---------+---------+----------+----------+-----+-----+----------+

    + Detail: 
        * Instance: 
        N/A

        * Loop: 
        N/A



================================================================
== Utilization Estimates
================================================================
* Summary: 
+-----------------+---------+-------+--------+-------+-----+
|       Name      | BRAM_18K| DSP48E|   FF   |  LUT  | URAM|
+-----------------+---------+-------+--------+-------+-----+
|DSP              |        -|      -|       -|      -|    -|
|Expression       |        -|      -|       0|    448|    -|
|FIFO             |        -|      -|       -|      -|    -|
|Instance         |        -|      -|       -|      -|    -|
|Memory           |        -|      -|       -|      -|    -|
|Multiplexer      |        -|      -|       -|      -|    -|
|Register         |        -|      -|       -|      -|    -|
+-----------------+---------+-------+--------+-------+-----+
|Total            |        0|      0|       0|    448|    0|
+-----------------+---------+-------+--------+-------+-----+
|Available        |      432|    360|  141120|  70560|    0|
+-----------------+---------+-------+--------+-------+-----+
|Utilization (%)  |        0|      0|       0|   ~0  |    0|
+-----------------+---------+-------+--------+-------+-----+

+ Detail: 
    * Instance: 
    N/A

    * DSP48E: 
    N/A

    * Memory: 
    N/A

    * FIFO: 
    N/A

    * Expression: 
    +-----------------------+----------+-------+---+----+------------+------------+
    |     Variable Name     | Operation| DSP48E| FF| LUT| Bitwidth P0| Bitwidth P1|
    +-----------------------+----------+-------+---+----+------------+------------+
    |add_ln68_15_fu_172_p2  |     +    |      0|  0|  23|          16|          16|
    |add_ln68_2_fu_242_p2   |     +    |      0|  0|  23|          16|          16|
    |add_ln68_33_fu_112_p2  |     +    |      0|  0|  33|          26|          26|
    |add_ln68_34_fu_182_p2  |     +    |      0|  0|  33|          26|          26|
    |add_ln68_35_fu_252_p2  |     +    |      0|  0|  33|          26|          26|
    |add_ln68_36_fu_322_p2  |     +    |      0|  0|  33|          26|          26|
    |add_ln68_37_fu_392_p2  |     +    |      0|  0|  33|          26|          26|
    |add_ln68_38_fu_462_p2  |     +    |      0|  0|  33|          26|          26|
    |add_ln68_39_fu_532_p2  |     +    |      0|  0|  33|          26|          26|
    |add_ln68_3_fu_312_p2   |     +    |      0|  0|  23|          16|          16|
    |add_ln68_40_fu_602_p2  |     +    |      0|  0|  33|          26|          26|
    |add_ln68_4_fu_382_p2   |     +    |      0|  0|  23|          16|          16|
    |add_ln68_5_fu_452_p2   |     +    |      0|  0|  23|          16|          16|
    |add_ln68_6_fu_522_p2   |     +    |      0|  0|  23|          16|          16|
    |add_ln68_7_fu_592_p2   |     +    |      0|  0|  23|          16|          16|
    |add_ln68_fu_102_p2     |     +    |      0|  0|  23|          16|          16|
    +-----------------------+----------+-------+---+----+------------+------------+
    |Total                  |          |      0|  0| 448|         336|         336|
    +-----------------------+----------+-------+---+----+------------+------------+

    * Multiplexer: 
    N/A

    * Register: 
    N/A



================================================================
== Interface
================================================================
* Summary: 
+-------------+-----+-----+------------+--------------------+--------------+
|  RTL Ports  | Dir | Bits|  Protocol  |    Source Object   |    C Type    |
+-------------+-----+-----+------------+--------------------+--------------+
|ap_ready     | out |    1| ap_ctrl_hs | pack_weight_data.1 | return value |
|ap_return_0  | out |   26| ap_ctrl_hs | pack_weight_data.1 | return value |
|ap_return_1  | out |   26| ap_ctrl_hs | pack_weight_data.1 | return value |
|ap_return_2  | out |   26| ap_ctrl_hs | pack_weight_data.1 | return value |
|ap_return_3  | out |   26| ap_ctrl_hs | pack_weight_data.1 | return value |
|ap_return_4  | out |   26| ap_ctrl_hs | pack_weight_data.1 | return value |
|ap_return_5  | out |   26| ap_ctrl_hs | pack_weight_data.1 | return value |
|ap_return_6  | out |   26| ap_ctrl_hs | pack_weight_data.1 | return value |
|ap_return_7  | out |   26| ap_ctrl_hs | pack_weight_data.1 | return value |
|w2_V         |  in |   32|   ap_none  |        w2_V        |    scalar    |
|w1_V         |  in |   32|   ap_none  |        w1_V        |    scalar    |
|w0_V         |  in |   32|   ap_none  |        w0_V        |    scalar    |
+-------------+-----+-----+------------+--------------------+--------------+

