

================================================================
== Vivado HLS Report for 'simd_MAC_2'
================================================================
* Date:           Tue May 10 21:15:55 2022

* Version:        2019.2 (Build 2704478 on Wed Nov 06 22:10:23 MST 2019)
* Project:        ultra_core
* Solution:       ultracore_125
* Product family: zynquplus
* Target device:  xczu3eg-sbva484-1-e


================================================================
== Performance Estimates
================================================================
+ Timing: 
    * Summary: 
    +--------+---------+----------+------------+
    |  Clock |  Target | Estimated| Uncertainty|
    +--------+---------+----------+------------+
    |ap_clk  | 4.00 ns | 3.429 ns |   0.50 ns  |
    +--------+---------+----------+------------+

+ Latency: 
    * Summary: 
    +---------+---------+----------+----------+-----+-----+----------+
    |  Latency (cycles) |  Latency (absolute) |  Interval | Pipeline |
    |   min   |   max   |    min   |    max   | min | max |   Type   |
    +---------+---------+----------+----------+-----+-----+----------+
    |        2|        2| 8.000 ns | 8.000 ns |    1|    1| function |
    +---------+---------+----------+----------+-----+-----+----------+

    + Detail: 
        * Instance: 
        N/A

        * Loop: 
        N/A



================================================================
== Utilization Estimates
================================================================
* Summary: 
+-----------------+---------+-------+--------+-------+-----+
|       Name      | BRAM_18K| DSP48E|   FF   |  LUT  | URAM|
+-----------------+---------+-------+--------+-------+-----+
|DSP              |        -|     16|       -|      -|    -|
|Expression       |        -|      -|       0|   2256|    -|
|FIFO             |        -|      -|       -|      -|    -|
|Instance         |        -|      -|       -|      -|    -|
|Memory           |        -|      -|       -|      -|    -|
|Multiplexer      |        -|      -|       -|     36|    -|
|Register         |        -|      -|    2061|      -|    -|
+-----------------+---------+-------+--------+-------+-----+
|Total            |        0|     16|    2061|   2292|    0|
+-----------------+---------+-------+--------+-------+-----+
|Available        |      432|    360|  141120|  70560|    0|
+-----------------+---------+-------+--------+-------+-----+
|Utilization (%)  |        0|      4|       1|      3|    0|
+-----------------+---------+-------+--------+-------+-----+

+ Detail: 
    * Instance: 
    N/A

    * DSP48E: 
    +---------------------------+----------------------+-----------+
    |          Instance         |        Module        | Expression|
    +---------------------------+----------------------+-----------+
    |ultra_net_mul_mulbml_U238  |ultra_net_mul_mulbml  |  i0 * i1  |
    |ultra_net_mul_mulbml_U239  |ultra_net_mul_mulbml  |  i0 * i1  |
    |ultra_net_mul_mulbml_U240  |ultra_net_mul_mulbml  |  i0 * i1  |
    |ultra_net_mul_mulbml_U241  |ultra_net_mul_mulbml  |  i0 * i1  |
    |ultra_net_mul_mulbml_U242  |ultra_net_mul_mulbml  |  i0 * i1  |
    |ultra_net_mul_mulbml_U243  |ultra_net_mul_mulbml  |  i0 * i1  |
    |ultra_net_mul_mulbml_U244  |ultra_net_mul_mulbml  |  i0 * i1  |
    |ultra_net_mul_mulbml_U245  |ultra_net_mul_mulbml  |  i0 * i1  |
    |ultra_net_mul_mulbml_U246  |ultra_net_mul_mulbml  |  i0 * i1  |
    |ultra_net_mul_mulbml_U247  |ultra_net_mul_mulbml  |  i0 * i1  |
    |ultra_net_mul_mulbml_U248  |ultra_net_mul_mulbml  |  i0 * i1  |
    |ultra_net_mul_mulbml_U249  |ultra_net_mul_mulbml  |  i0 * i1  |
    |ultra_net_mul_mulbml_U250  |ultra_net_mul_mulbml  |  i0 * i1  |
    |ultra_net_mul_mulbml_U251  |ultra_net_mul_mulbml  |  i0 * i1  |
    |ultra_net_mul_mulbml_U252  |ultra_net_mul_mulbml  |  i0 * i1  |
    |ultra_net_mul_mulbml_U253  |ultra_net_mul_mulbml  |  i0 * i1  |
    +---------------------------+----------------------+-----------+

    * Memory: 
    N/A

    * FIFO: 
    N/A

    * Expression: 
    +-------------------------+----------+-------+---+----+------------+------------+
    |      Variable Name      | Operation| DSP48E| FF| LUT| Bitwidth P0| Bitwidth P1|
    +-------------------------+----------+-------+---+----+------------+------------+
    |add_ln215_1_fu_713_p2    |     +    |      0|  0|  18|          11|          11|
    |add_ln215_2_fu_895_p2    |     +    |      0|  0|  18|          11|          11|
    |add_ln215_3_fu_1071_p2   |     +    |      0|  0|  18|          11|          11|
    |add_ln215_fu_537_p2      |     +    |      0|  0|  18|          11|          11|
    |add_ln700_13_fu_516_p2   |     +    |      0|  0|  48|          41|          41|
    |add_ln700_14_fu_533_p2   |     +    |      0|  0|  29|          22|          22|
    |add_ln700_15_fu_544_p2   |     +    |      0|  0|  48|          41|          41|
    |add_ln700_16_fu_548_p2   |     +    |      0|  0|  49|          42|          42|
    |add_ln700_17_fu_558_p2   |     +    |      0|  0|  49|          42|          42|
    |add_ln700_18_fu_572_p2   |     +    |      0|  0|  50|          43|          43|
    |add_ln700_19_fu_578_p2   |     +    |      0|  0|  40|          33|          33|
    |add_ln700_20_fu_584_p2   |     +    |      0|  0|  18|          22|          22|
    |add_ln700_21_fu_589_p2   |     +    |      0|  0|  18|          22|          22|
    |add_ln700_22_fu_594_p2   |     +    |      0|  0|  18|          11|          11|
    |add_ln700_23_fu_599_p2   |     +    |      0|  0|  18|          11|          11|
    |add_ln700_24_fu_692_p2   |     +    |      0|  0|  48|          41|          41|
    |add_ln700_25_fu_696_p2   |     +    |      0|  0|  49|          42|          42|
    |add_ln700_26_fu_709_p2   |     +    |      0|  0|  29|          22|          22|
    |add_ln700_27_fu_720_p2   |     +    |      0|  0|  48|          41|          41|
    |add_ln700_28_fu_724_p2   |     +    |      0|  0|  49|          42|          42|
    |add_ln700_29_fu_734_p2   |     +    |      0|  0|  49|          42|          42|
    |add_ln700_30_fu_748_p2   |     +    |      0|  0|  50|          43|          43|
    |add_ln700_31_fu_754_p2   |     +    |      0|  0|  40|          33|          33|
    |add_ln700_32_fu_760_p2   |     +    |      0|  0|  18|          22|          22|
    |add_ln700_33_fu_862_p2   |     +    |      0|  0|  19|          12|          12|
    |add_ln700_34_fu_1266_p2  |     +    |      0|  0|  19|          12|          12|
    |add_ln700_35_fu_1279_p2  |     +    |      0|  0|  19|          12|          12|
    |add_ln700_36_fu_1293_p2  |     +    |      0|  0|  19|          12|          12|
    |add_ln700_37_fu_878_p2   |     +    |      0|  0|  49|          42|          42|
    |add_ln700_38_fu_765_p2   |     +    |      0|  0|  18|          22|          22|
    |add_ln700_39_fu_930_p2   |     +    |      0|  0|  50|          43|          43|
    |add_ln700_40_fu_770_p2   |     +    |      0|  0|  18|          11|          11|
    |add_ln700_41_fu_775_p2   |     +    |      0|  0|  18|          11|          11|
    |add_ln700_42_fu_874_p2   |     +    |      0|  0|  48|          41|          41|
    |add_ln700_43_fu_891_p2   |     +    |      0|  0|  29|          22|          22|
    |add_ln700_44_fu_1054_p2  |     +    |      0|  0|  49|          42|          42|
    |add_ln700_45_fu_902_p2   |     +    |      0|  0|  48|          41|          41|
    |add_ln700_46_fu_1106_p2  |     +    |      0|  0|  50|          43|          43|
    |add_ln700_47_fu_1340_p2  |     +    |      0|  0|  20|          13|          13|
    |add_ln700_48_fu_1363_p2  |     +    |      0|  0|  20|          13|          13|
    |add_ln700_49_fu_1386_p2  |     +    |      0|  0|  20|          13|          13|
    |add_ln700_50_fu_1410_p2  |     +    |      0|  0|  20|          13|          13|
    |add_ln700_51_fu_906_p2   |     +    |      0|  0|  49|          42|          42|
    |add_ln700_52_fu_916_p2   |     +    |      0|  0|  49|          42|          42|
    |add_ln700_53_fu_936_p2   |     +    |      0|  0|  40|          33|          33|
    |add_ln700_54_fu_942_p2   |     +    |      0|  0|  18|          22|          22|
    |add_ln700_55_fu_947_p2   |     +    |      0|  0|  18|          22|          22|
    |add_ln700_56_fu_952_p2   |     +    |      0|  0|  18|          11|          11|
    |add_ln700_57_fu_957_p2   |     +    |      0|  0|  18|          11|          11|
    |add_ln700_58_fu_1050_p2  |     +    |      0|  0|  48|          41|          41|
    |add_ln700_59_fu_1067_p2  |     +    |      0|  0|  29|          22|          22|
    |add_ln700_60_fu_1078_p2  |     +    |      0|  0|  48|          41|          41|
    |add_ln700_61_fu_1082_p2  |     +    |      0|  0|  49|          42|          42|
    |add_ln700_62_fu_1092_p2  |     +    |      0|  0|  49|          42|          42|
    |add_ln700_63_fu_1112_p2  |     +    |      0|  0|  40|          33|          33|
    |add_ln700_64_fu_1118_p2  |     +    |      0|  0|  18|          22|          22|
    |add_ln700_65_fu_1123_p2  |     +    |      0|  0|  18|          22|          22|
    |add_ln700_66_fu_1128_p2  |     +    |      0|  0|  18|          11|          11|
    |add_ln700_67_fu_1133_p2  |     +    |      0|  0|  18|          11|          11|
    |add_ln700_68_fu_1220_p2  |     +    |      0|  0|  19|          12|          12|
    |add_ln700_69_fu_1353_p2  |     +    |      0|  0|  19|          12|          12|
    |add_ln700_70_fu_1376_p2  |     +    |      0|  0|  19|          12|          12|
    |add_ln700_71_fu_1400_p2  |     +    |      0|  0|  19|          12|          12|
    |add_ln700_fu_520_p2      |     +    |      0|  0|  49|          42|          42|
    |add_ln78_10_fu_1192_p2   |     +    |      0|  0|  18|          11|          11|
    |add_ln78_11_fu_1331_p2   |     +    |      0|  0|  18|          11|          11|
    |add_ln78_1_fu_658_p2     |     +    |      0|  0|  18|          11|          11|
    |add_ln78_2_fu_1232_p2    |     +    |      0|  0|  18|          11|          11|
    |add_ln78_3_fu_806_p2     |     +    |      0|  0|  18|          11|          11|
    |add_ln78_4_fu_834_p2     |     +    |      0|  0|  18|          11|          11|
    |add_ln78_5_fu_1254_p2    |     +    |      0|  0|  18|          11|          11|
    |add_ln78_6_fu_988_p2     |     +    |      0|  0|  18|          11|          11|
    |add_ln78_7_fu_1016_p2    |     +    |      0|  0|  18|          11|          11|
    |add_ln78_8_fu_1309_p2    |     +    |      0|  0|  18|          11|          11|
    |add_ln78_9_fu_1164_p2    |     +    |      0|  0|  18|          11|          11|
    |add_ln78_fu_630_p2       |     +    |      0|  0|  18|          11|          11|
    +-------------------------+----------+-------+---+----+------------+------------+
    |Total                    |          |      0|  0|2256|        1812|        1812|
    +-------------------------+----------+-------+---+----+------------+------------+

    * Multiplexer: 
    +-------------+----+-----------+-----+-----------+
    |     Name    | LUT| Input Size| Bits| Total Bits|
    +-------------+----+-----------+-----+-----------+
    |ap_return_0  |   9|          2|   16|         32|
    |ap_return_1  |   9|          2|   16|         32|
    |ap_return_2  |   9|          2|   16|         32|
    |ap_return_3  |   9|          2|   16|         32|
    +-------------+----+-----------+-----+-----------+
    |Total        |  36|          8|   64|        128|
    +-------------+----+-----------+-----+-----------+

    * Register: 
    +-------------------------+----+----+-----+-----------+
    |           Name          | FF | LUT| Bits| Const Bits|
    +-------------------------+----+----+-----+-----------+
    |add_ln700_33_reg_1868    |  12|   0|   12|          0|
    |add_ln700_68_reg_1913    |  12|   0|   12|          0|
    |add_ln78_10_reg_1898     |  11|   0|   11|          0|
    |add_ln78_1_reg_1833      |  11|   0|   11|          0|
    |add_ln78_3_reg_1848      |  11|   0|   11|          0|
    |add_ln78_4_reg_1853      |  11|   0|   11|          0|
    |add_ln78_6_reg_1873      |  11|   0|   11|          0|
    |add_ln78_7_reg_1878      |  11|   0|   11|          0|
    |add_ln78_9_reg_1893      |  11|   0|   11|          0|
    |add_ln78_reg_1828        |  11|   0|   11|          0|
    |ap_ce_reg                |   1|   0|    1|          0|
    |ap_return_0_int_reg      |  16|   0|   16|          0|
    |ap_return_1_int_reg      |  16|   0|   16|          0|
    |ap_return_2_int_reg      |  16|   0|   16|          0|
    |ap_return_3_int_reg      |  16|   0|   16|          0|
    |ipack_0_V_read_int_reg   |  15|   0|   15|          0|
    |ipack_10_V_read_int_reg  |  15|   0|   15|          0|
    |ipack_11_V_read_int_reg  |  15|   0|   15|          0|
    |ipack_12_V_read_int_reg  |  15|   0|   15|          0|
    |ipack_13_V_read_int_reg  |  15|   0|   15|          0|
    |ipack_14_V_read_int_reg  |  15|   0|   15|          0|
    |ipack_15_V_read_int_reg  |  15|   0|   15|          0|
    |ipack_1_V_read_int_reg   |  15|   0|   15|          0|
    |ipack_2_V_read_int_reg   |  15|   0|   15|          0|
    |ipack_3_V_read_int_reg   |  15|   0|   15|          0|
    |ipack_4_V_read_int_reg   |  15|   0|   15|          0|
    |ipack_5_V_read_int_reg   |  15|   0|   15|          0|
    |ipack_6_V_read_int_reg   |  15|   0|   15|          0|
    |ipack_7_V_read_int_reg   |  15|   0|   15|          0|
    |ipack_8_V_read_int_reg   |  15|   0|   15|          0|
    |ipack_9_V_read_int_reg   |  15|   0|   15|          0|
    |mul_ln1352_12_reg_1578   |  41|   0|   41|          0|
    |mul_ln1352_13_reg_1604   |  41|   0|   41|          0|
    |mul_ln1352_14_reg_1620   |  41|   0|   41|          0|
    |mul_ln1352_15_reg_1636   |  41|   0|   41|          0|
    |mul_ln1352_16_reg_1642   |  41|   0|   41|          0|
    |mul_ln1352_17_reg_1668   |  41|   0|   41|          0|
    |mul_ln1352_18_reg_1684   |  41|   0|   41|          0|
    |mul_ln1352_19_reg_1700   |  41|   0|   41|          0|
    |mul_ln1352_20_reg_1706   |  41|   0|   41|          0|
    |mul_ln1352_21_reg_1732   |  41|   0|   41|          0|
    |mul_ln1352_22_reg_1748   |  41|   0|   41|          0|
    |mul_ln1352_23_reg_1764   |  41|   0|   41|          0|
    |mul_ln1352_24_reg_1770   |  41|   0|   41|          0|
    |mul_ln1352_25_reg_1796   |  41|   0|   41|          0|
    |mul_ln1352_26_reg_1812   |  41|   0|   41|          0|
    |mul_ln1352_reg_1572      |  41|   0|   41|          0|
    |tmp_13_reg_1843          |   1|   0|    1|          0|
    |tmp_16_reg_1863          |   1|   0|    1|          0|
    |tmp_19_reg_1888          |   1|   0|    1|          0|
    |tmp_1_reg_1883           |  10|   0|   10|          0|
    |tmp_22_reg_1908          |   1|   0|    1|          0|
    |tmp_2_reg_1903           |  10|   0|   10|          0|
    |tmp_reg_1838             |  10|   0|   10|          0|
    |tmp_s_reg_1858           |  10|   0|   10|          0|
    |trunc_ln700_10_reg_1631  |  22|   0|   22|          0|
    |trunc_ln700_13_reg_1648  |  11|   0|   11|          0|
    |trunc_ln700_14_reg_1653  |  11|   0|   11|          0|
    |trunc_ln700_15_reg_1658  |  22|   0|   22|          0|
    |trunc_ln700_16_reg_1663  |  22|   0|   22|          0|
    |trunc_ln700_17_reg_1674  |  22|   0|   22|          0|
    |trunc_ln700_18_reg_1679  |  11|   0|   11|          0|
    |trunc_ln700_19_reg_1690  |  11|   0|   11|          0|
    |trunc_ln700_20_reg_1695  |  22|   0|   22|          0|
    |trunc_ln700_23_reg_1712  |  11|   0|   11|          0|
    |trunc_ln700_24_reg_1717  |  11|   0|   11|          0|
    |trunc_ln700_25_reg_1722  |  22|   0|   22|          0|
    |trunc_ln700_26_reg_1727  |  22|   0|   22|          0|
    |trunc_ln700_27_reg_1738  |  22|   0|   22|          0|
    |trunc_ln700_28_reg_1743  |  11|   0|   11|          0|
    |trunc_ln700_29_reg_1754  |  11|   0|   11|          0|
    |trunc_ln700_30_reg_1759  |  22|   0|   22|          0|
    |trunc_ln700_33_reg_1776  |  11|   0|   11|          0|
    |trunc_ln700_34_reg_1781  |  11|   0|   11|          0|
    |trunc_ln700_35_reg_1786  |  22|   0|   22|          0|
    |trunc_ln700_36_reg_1791  |  22|   0|   22|          0|
    |trunc_ln700_37_reg_1802  |  22|   0|   22|          0|
    |trunc_ln700_38_reg_1807  |  11|   0|   11|          0|
    |trunc_ln700_39_reg_1818  |  11|   0|   11|          0|
    |trunc_ln700_40_reg_1823  |  22|   0|   22|          0|
    |trunc_ln700_4_reg_1589   |  11|   0|   11|          0|
    |trunc_ln700_5_reg_1594   |  22|   0|   22|          0|
    |trunc_ln700_6_reg_1599   |  22|   0|   22|          0|
    |trunc_ln700_7_reg_1610   |  22|   0|   22|          0|
    |trunc_ln700_8_reg_1615   |  11|   0|   11|          0|
    |trunc_ln700_9_reg_1626   |  11|   0|   11|          0|
    |trunc_ln700_reg_1584     |  11|   0|   11|          0|
    |wpack_0_V_read_int_reg   |  26|   0|   26|          0|
    |wpack_10_V_read_int_reg  |  26|   0|   26|          0|
    |wpack_11_V_read_int_reg  |  26|   0|   26|          0|
    |wpack_12_V_read_int_reg  |  26|   0|   26|          0|
    |wpack_13_V_read_int_reg  |  26|   0|   26|          0|
    |wpack_14_V_read_int_reg  |  26|   0|   26|          0|
    |wpack_15_V_read_int_reg  |  26|   0|   26|          0|
    |wpack_1_V_read_int_reg   |  26|   0|   26|          0|
    |wpack_2_V_read_int_reg   |  26|   0|   26|          0|
    |wpack_3_V_read_int_reg   |  26|   0|   26|          0|
    |wpack_4_V_read_int_reg   |  26|   0|   26|          0|
    |wpack_5_V_read_int_reg   |  26|   0|   26|          0|
    |wpack_6_V_read_int_reg   |  26|   0|   26|          0|
    |wpack_7_V_read_int_reg   |  26|   0|   26|          0|
    |wpack_8_V_read_int_reg   |  26|   0|   26|          0|
    |wpack_9_V_read_int_reg   |  26|   0|   26|          0|
    +-------------------------+----+----+-----+-----------+
    |Total                    |2061|   0| 2061|          0|
    +-------------------------+----+----+-----+-----------+



================================================================
== Interface
================================================================
* Summary: 
+-----------------+-----+-----+------------+-----------------+--------------+
|    RTL Ports    | Dir | Bits|  Protocol  |  Source Object  |    C Type    |
+-----------------+-----+-----+------------+-----------------+--------------+
|ap_clk           |  in |    1| ap_ctrl_hs |    simd_MAC.2   | return value |
|ap_rst           |  in |    1| ap_ctrl_hs |    simd_MAC.2   | return value |
|ap_return_0      | out |   16| ap_ctrl_hs |    simd_MAC.2   | return value |
|ap_return_1      | out |   16| ap_ctrl_hs |    simd_MAC.2   | return value |
|ap_return_2      | out |   16| ap_ctrl_hs |    simd_MAC.2   | return value |
|ap_return_3      | out |   16| ap_ctrl_hs |    simd_MAC.2   | return value |
|ap_ce            |  in |    1| ap_ctrl_hs |    simd_MAC.2   | return value |
|wpack_0_V_read   |  in |   26|   ap_none  |  wpack_0_V_read |    scalar    |
|wpack_1_V_read   |  in |   26|   ap_none  |  wpack_1_V_read |    scalar    |
|wpack_2_V_read   |  in |   26|   ap_none  |  wpack_2_V_read |    scalar    |
|wpack_3_V_read   |  in |   26|   ap_none  |  wpack_3_V_read |    scalar    |
|wpack_4_V_read   |  in |   26|   ap_none  |  wpack_4_V_read |    scalar    |
|wpack_5_V_read   |  in |   26|   ap_none  |  wpack_5_V_read |    scalar    |
|wpack_6_V_read   |  in |   26|   ap_none  |  wpack_6_V_read |    scalar    |
|wpack_7_V_read   |  in |   26|   ap_none  |  wpack_7_V_read |    scalar    |
|wpack_8_V_read   |  in |   26|   ap_none  |  wpack_8_V_read |    scalar    |
|wpack_9_V_read   |  in |   26|   ap_none  |  wpack_9_V_read |    scalar    |
|wpack_10_V_read  |  in |   26|   ap_none  | wpack_10_V_read |    scalar    |
|wpack_11_V_read  |  in |   26|   ap_none  | wpack_11_V_read |    scalar    |
|wpack_12_V_read  |  in |   26|   ap_none  | wpack_12_V_read |    scalar    |
|wpack_13_V_read  |  in |   26|   ap_none  | wpack_13_V_read |    scalar    |
|wpack_14_V_read  |  in |   26|   ap_none  | wpack_14_V_read |    scalar    |
|wpack_15_V_read  |  in |   26|   ap_none  | wpack_15_V_read |    scalar    |
|ipack_0_V_read   |  in |   15|   ap_none  |  ipack_0_V_read |    scalar    |
|ipack_1_V_read   |  in |   15|   ap_none  |  ipack_1_V_read |    scalar    |
|ipack_2_V_read   |  in |   15|   ap_none  |  ipack_2_V_read |    scalar    |
|ipack_3_V_read   |  in |   15|   ap_none  |  ipack_3_V_read |    scalar    |
|ipack_4_V_read   |  in |   15|   ap_none  |  ipack_4_V_read |    scalar    |
|ipack_5_V_read   |  in |   15|   ap_none  |  ipack_5_V_read |    scalar    |
|ipack_6_V_read   |  in |   15|   ap_none  |  ipack_6_V_read |    scalar    |
|ipack_7_V_read   |  in |   15|   ap_none  |  ipack_7_V_read |    scalar    |
|ipack_8_V_read   |  in |   15|   ap_none  |  ipack_8_V_read |    scalar    |
|ipack_9_V_read   |  in |   15|   ap_none  |  ipack_9_V_read |    scalar    |
|ipack_10_V_read  |  in |   15|   ap_none  | ipack_10_V_read |    scalar    |
|ipack_11_V_read  |  in |   15|   ap_none  | ipack_11_V_read |    scalar    |
|ipack_12_V_read  |  in |   15|   ap_none  | ipack_12_V_read |    scalar    |
|ipack_13_V_read  |  in |   15|   ap_none  | ipack_13_V_read |    scalar    |
|ipack_14_V_read  |  in |   15|   ap_none  | ipack_14_V_read |    scalar    |
|ipack_15_V_read  |  in |   15|   ap_none  | ipack_15_V_read |    scalar    |
+-----------------+-----+-----+------------+-----------------+--------------+

