

================================================================
== Vivado HLS Report for 'StreamingDataWidthCo_1'
================================================================
* Date:           Tue May 10 21:15:46 2022

* Version:        2019.2 (Build 2704478 on Wed Nov 06 22:10:23 MST 2019)
* Project:        ultra_core
* Solution:       ultracore_125
* Product family: zynquplus
* Target device:  xczu3eg-sbva484-1-e


================================================================
== Performance Estimates
================================================================
+ Timing: 
    * Summary: 
    +--------+---------+----------+------------+
    |  Clock |  Target | Estimated| Uncertainty|
    +--------+---------+----------+------------+
    |ap_clk  | 4.00 ns | 3.500 ns |   0.50 ns  |
    +--------+---------+----------+------------+

+ Latency: 
    * Summary: 
    +---------+---------+----------+----------+-----+-----+---------+
    |  Latency (cycles) |  Latency (absolute) |  Interval | Pipeline|
    |   min   |   max   |    min   |    max   | min | max |   Type  |
    +---------+---------+----------+----------+-----+-----+---------+
    |        ?|        ?|         ?|         ?|    ?|    ?|   none  |
    +---------+---------+----------+----------+-----+-----+---------+

    + Detail: 
        * Instance: 
        N/A

        * Loop: 
        +----------+---------+---------+----------+-----------+-----------+------+----------+
        |          |  Latency (cycles) | Iteration|  Initiation Interval  | Trip |          |
        | Loop Name|   min   |   max   |  Latency |  achieved |   target  | Count| Pipelined|
        +----------+---------+---------+----------+-----------+-----------+------+----------+
        |- Loop 1  |        ?|        ?|         3|          1|          1|     ?|    yes   |
        +----------+---------+---------+----------+-----------+-----------+------+----------+



================================================================
== Utilization Estimates
================================================================
* Summary: 
+-----------------+---------+-------+--------+-------+-----+
|       Name      | BRAM_18K| DSP48E|   FF   |  LUT  | URAM|
+-----------------+---------+-------+--------+-------+-----+
|DSP              |        -|      -|       -|      -|    -|
|Expression       |        -|      -|       0|    186|    -|
|FIFO             |        -|      -|       -|      -|    -|
|Instance         |        -|      2|     165|     49|    -|
|Memory           |        -|      -|       -|      -|    -|
|Multiplexer      |        -|      -|       -|    150|    -|
|Register         |        -|      -|     694|      -|    -|
+-----------------+---------+-------+--------+-------+-----+
|Total            |        0|      2|     859|    385|    0|
+-----------------+---------+-------+--------+-------+-----+
|Available        |      432|    360|  141120|  70560|    0|
+-----------------+---------+-------+--------+-------+-----+
|Utilization (%)  |        0|   ~0  |   ~0   |   ~0  |    0|
+-----------------+---------+-------+--------+-------+-----+

+ Detail: 
    * Instance: 
    +--------------------------+----------------------+---------+-------+-----+----+-----+
    |         Instance         |        Module        | BRAM_18K| DSP48E|  FF | LUT| URAM|
    +--------------------------+----------------------+---------+-------+-----+----+-----+
    |ultra_net_mul_32scud_U14  |ultra_net_mul_32scud  |        0|      2|  165|  49|    0|
    +--------------------------+----------------------+---------+-------+-----+----+-----+
    |Total                     |                      |        0|      2|  165|  49|    0|
    +--------------------------+----------------------+---------+-------+-----+----+-----+

    * DSP48E: 
    N/A

    * Memory: 
    N/A

    * FIFO: 
    N/A

    * Expression: 
    +----------------------------------+----------+-------+---+----+------------+------------+
    |           Variable Name          | Operation| DSP48E| FF| LUT| Bitwidth P0| Bitwidth P1|
    +----------------------------------+----------+-------+---+----+------------+------------+
    |o_fu_146_p2                       |     +    |      0|  0|  39|           1|          32|
    |t_fu_134_p2                       |     +    |      0|  0|  39|          32|           1|
    |ap_block_state5_pp0_stage0_iter1  |    and   |      0|  0|   2|           1|           1|
    |ap_block_state6_pp0_stage0_iter2  |    and   |      0|  0|   2|           1|           1|
    |ap_condition_173                  |    and   |      0|  0|   2|           1|           1|
    |ap_predicate_op27_read_state5     |    and   |      0|  0|   2|           1|           1|
    |icmp_ln193_fu_129_p2              |   icmp   |      0|  0|  20|          32|          32|
    |icmp_ln196_fu_140_p2              |   icmp   |      0|  0|  20|          32|           1|
    |icmp_ln207_fu_152_p2              |   icmp   |      0|  0|  20|          32|           4|
    |ap_block_pp0_stage0_01001         |    or    |      0|  0|   2|           1|           1|
    |ap_block_state1                   |    or    |      0|  0|   2|           1|           1|
    |select_ln207_fu_158_p3            |  select  |      0|  0|  32|           1|           1|
    |ap_enable_pp0                     |    xor   |      0|  0|   2|           1|           2|
    |ap_enable_reg_pp0_iter1           |    xor   |      0|  0|   2|           2|           1|
    +----------------------------------+----------+-------+---+----+------------+------------+
    |Total                             |          |      0|  0| 186|         139|          80|
    +----------------------------------+----------+-------+---+----+------------+------------+

    * Multiplexer: 
    +---------------------------------------+----+-----------+-----+-----------+
    |                  Name                 | LUT| Input Size| Bits| Total Bits|
    +---------------------------------------+----+-----------+-----+-----------+
    |ap_NS_fsm                              |  33|          6|    1|          6|
    |ap_done                                |   9|          2|    1|          2|
    |ap_enable_reg_pp0_iter1                |   9|          2|    1|          2|
    |ap_enable_reg_pp0_iter2                |   9|          2|    1|          2|
    |ap_phi_mux_p_Val2_s_phi_fu_118_p4      |   9|          2|  192|        384|
    |ap_phi_reg_pp0_iter2_p_Val2_s_reg_115  |   9|          2|  192|        384|
    |in_V_V_blk_n                           |   9|          2|    1|          2|
    |numReps_blk_n                          |   9|          2|    1|          2|
    |numReps_out_blk_n                      |   9|          2|    1|          2|
    |o_0_i_reg_93                           |   9|          2|   32|         64|
    |out_V_V_blk_n                          |   9|          2|    1|          2|
    |p_025_0_i_reg_81                       |   9|          2|  168|        336|
    |real_start                             |   9|          2|    1|          2|
    |t_0_i_reg_104                          |   9|          2|   32|         64|
    +---------------------------------------+----+-----------+-----+-----------+
    |Total                                  | 150|         32|  625|       1254|
    +---------------------------------------+----+-----------+-----+-----------+

    * Register: 
    +---------------------------------------+-----+----+-----+-----------+
    |                  Name                 |  FF | LUT| Bits| Const Bits|
    +---------------------------------------+-----+----+-----+-----------+
    |ap_CS_fsm                              |    5|   0|    5|          0|
    |ap_done_reg                            |    1|   0|    1|          0|
    |ap_enable_reg_pp0_iter0                |    1|   0|    1|          0|
    |ap_enable_reg_pp0_iter1                |    1|   0|    1|          0|
    |ap_enable_reg_pp0_iter2                |    1|   0|    1|          0|
    |ap_phi_reg_pp0_iter1_p_Val2_s_reg_115  |  192|   0|  192|          0|
    |ap_phi_reg_pp0_iter2_p_Val2_s_reg_115  |  192|   0|  192|          0|
    |icmp_ln193_reg_196                     |    1|   0|    1|          0|
    |icmp_ln193_reg_196_pp0_iter1_reg       |    1|   0|    1|          0|
    |icmp_ln196_reg_205                     |    1|   0|    1|          0|
    |icmp_ln196_reg_205_pp0_iter1_reg       |    1|   0|    1|          0|
    |numReps_read_reg_186                   |   32|   0|   32|          0|
    |o_0_i_reg_93                           |   32|   0|   32|          0|
    |p_025_0_i_reg_81                       |  168|   0|  168|          0|
    |start_once_reg                         |    1|   0|    1|          0|
    |t_0_i_reg_104                          |   32|   0|   32|          0|
    |totalIters_reg_191                     |   32|   0|   32|          0|
    +---------------------------------------+-----+----+-----+-----------+
    |Total                                  |  694|   0|  694|          0|
    +---------------------------------------+-----+----+-----+-----------+



================================================================
== Interface
================================================================
* Summary: 
+--------------------+-----+-----+------------+------------------------+--------------+
|      RTL Ports     | Dir | Bits|  Protocol  |      Source Object     |    C Type    |
+--------------------+-----+-----+------------+------------------------+--------------+
|ap_clk              |  in |    1| ap_ctrl_hs | StreamingDataWidthCo.1 | return value |
|ap_rst              |  in |    1| ap_ctrl_hs | StreamingDataWidthCo.1 | return value |
|ap_start            |  in |    1| ap_ctrl_hs | StreamingDataWidthCo.1 | return value |
|start_full_n        |  in |    1| ap_ctrl_hs | StreamingDataWidthCo.1 | return value |
|ap_done             | out |    1| ap_ctrl_hs | StreamingDataWidthCo.1 | return value |
|ap_continue         |  in |    1| ap_ctrl_hs | StreamingDataWidthCo.1 | return value |
|ap_idle             | out |    1| ap_ctrl_hs | StreamingDataWidthCo.1 | return value |
|ap_ready            | out |    1| ap_ctrl_hs | StreamingDataWidthCo.1 | return value |
|start_out           | out |    1| ap_ctrl_hs | StreamingDataWidthCo.1 | return value |
|start_write         | out |    1| ap_ctrl_hs | StreamingDataWidthCo.1 | return value |
|in_V_V_dout         |  in |  192|   ap_fifo  |         in_V_V         |    pointer   |
|in_V_V_empty_n      |  in |    1|   ap_fifo  |         in_V_V         |    pointer   |
|in_V_V_read         | out |    1|   ap_fifo  |         in_V_V         |    pointer   |
|out_V_V_din         | out |   24|   ap_fifo  |         out_V_V        |    pointer   |
|out_V_V_full_n      |  in |    1|   ap_fifo  |         out_V_V        |    pointer   |
|out_V_V_write       | out |    1|   ap_fifo  |         out_V_V        |    pointer   |
|numReps_dout        |  in |   32|   ap_fifo  |         numReps        |    pointer   |
|numReps_empty_n     |  in |    1|   ap_fifo  |         numReps        |    pointer   |
|numReps_read        | out |    1|   ap_fifo  |         numReps        |    pointer   |
|numReps_out_din     | out |   32|   ap_fifo  |       numReps_out      |    pointer   |
|numReps_out_full_n  |  in |    1|   ap_fifo  |       numReps_out      |    pointer   |
|numReps_out_write   | out |    1|   ap_fifo  |       numReps_out      |    pointer   |
+--------------------+-----+-----+------------+------------------------+--------------+

