

================================================================
== Vivado HLS Report for 'stream_in_row_1'
================================================================
* Date:           Tue May 10 21:16:08 2022

* Version:        2019.2 (Build 2704478 on Wed Nov 06 22:10:23 MST 2019)
* Project:        ultra_core
* Solution:       ultracore_125
* Product family: zynquplus
* Target device:  xczu3eg-sbva484-1-e


================================================================
== Performance Estimates
================================================================
+ Timing: 
    * Summary: 
    +--------+---------+----------+------------+
    |  Clock |  Target | Estimated| Uncertainty|
    +--------+---------+----------+------------+
    |ap_clk  | 4.00 ns | 3.159 ns |   0.50 ns  |
    +--------+---------+----------+------------+

+ Latency: 
    * Summary: 
    +---------+---------+----------+----------+-----+-----+---------+
    |  Latency (cycles) |  Latency (absolute) |  Interval | Pipeline|
    |   min   |   max   |    min   |    max   | min | max |   Type  |
    +---------+---------+----------+----------+-----+-----+---------+
    |        1|      171| 4.000 ns | 0.684 us |    1|  171|   none  |
    +---------+---------+----------+----------+-----+-----+---------+

    + Detail: 
        * Instance: 
        N/A

        * Loop: 
        +----------+---------+---------+----------+-----------+-----------+------+----------+
        |          |  Latency (cycles) | Iteration|  Initiation Interval  | Trip |          |
        | Loop Name|   min   |   max   |  Latency |  achieved |   target  | Count| Pipelined|
        +----------+---------+---------+----------+-----------+-----------+------+----------+
        |- Loop 1  |      169|      169|         3|          1|          1|   168|    yes   |
        +----------+---------+---------+----------+-----------+-----------+------+----------+



================================================================
== Utilization Estimates
================================================================
* Summary: 
+-----------------+---------+-------+--------+-------+-----+
|       Name      | BRAM_18K| DSP48E|   FF   |  LUT  | URAM|
+-----------------+---------+-------+--------+-------+-----+
|DSP              |        -|      -|       -|      -|    -|
|Expression       |        -|      0|       0|    171|    -|
|FIFO             |        -|      -|       -|      -|    -|
|Instance         |        -|      -|       -|      -|    -|
|Memory           |        -|      -|       -|      -|    -|
|Multiplexer      |        -|      -|       -|    129|    -|
|Register         |        -|      -|     213|      -|    -|
+-----------------+---------+-------+--------+-------+-----+
|Total            |        0|      0|     213|    300|    0|
+-----------------+---------+-------+--------+-------+-----+
|Available        |      432|    360|  141120|  70560|    0|
+-----------------+---------+-------+--------+-------+-----+
|Utilization (%)  |        0|      0|   ~0   |   ~0  |    0|
+-----------------+---------+-------+--------+-------+-----+

+ Detail: 
    * Instance: 
    N/A

    * DSP48E: 
    N/A

    * Memory: 
    N/A

    * FIFO: 
    N/A

    * Expression: 
    +----------------------------------+----------+-------+---+----+------------+------------+
    |           Variable Name          | Operation| DSP48E| FF| LUT| Bitwidth P0| Bitwidth P1|
    +----------------------------------+----------+-------+---+----+------------+------------+
    |mul_ln321_fu_191_p2               |     *    |      0|  0|  40|           2|           8|
    |add_ln28_fu_203_p2                |     +    |      0|  0|  15|           8|           1|
    |add_ln321_fu_287_p2               |     +    |      0|  0|  17|          10|          10|
    |add_ln42_fu_277_p2                |     +    |      0|  0|  16|           9|           9|
    |peIdx_fu_235_p2                   |     +    |      0|  0|  12|           4|           1|
    |w_fu_229_p2                       |     +    |      0|  0|  15|           5|           1|
    |ap_block_pp0_stage0_11001         |    and   |      0|  0|   2|           1|           1|
    |ap_block_state3_pp0_stage0_iter1  |    and   |      0|  0|   2|           1|           1|
    |ap_condition_112                  |    and   |      0|  0|   2|           1|           1|
    |ap_condition_97                   |    and   |      0|  0|   2|           1|           1|
    |ap_predicate_op29_read_state3     |    and   |      0|  0|   2|           1|           1|
    |icmp_ln28_fu_197_p2               |   icmp   |      0|  0|  11|           8|           8|
    |icmp_ln29_fu_209_p2               |   icmp   |      0|  0|  11|           5|           5|
    |icmp_ln33_fu_223_p2               |   icmp   |      0|  0|  11|           5|           5|
    |select_ln28_2_fu_241_p3           |  select  |      0|  0|   4|           1|           4|
    |select_ln28_fu_215_p3             |  select  |      0|  0|   5|           1|           1|
    |ap_enable_pp0                     |    xor   |      0|  0|   2|           1|           2|
    |ap_enable_reg_pp0_iter1           |    xor   |      0|  0|   2|           2|           1|
    +----------------------------------+----------+-------+---+----+------------+------------+
    |Total                             |          |      0|  0| 171|          66|          61|
    +----------------------------------+----------+-------+---+----+------------+------------+

    * Multiplexer: 
    +------------------------------------+----+-----------+-----+-----------+
    |                Name                | LUT| Input Size| Bits| Total Bits|
    +------------------------------------+----+-----------+-----+-----------+
    |ap_NS_fsm                           |  21|          4|    1|          4|
    |ap_enable_reg_pp0_iter1             |   9|          2|    1|          2|
    |ap_enable_reg_pp0_iter2             |   9|          2|    1|          2|
    |ap_phi_mux_peIdx_0_phi_fu_132_p4    |   9|          2|    4|          8|
    |ap_phi_reg_pp0_iter1_reg_V_reg_163  |   9|          2|   32|         64|
    |ap_phi_reg_pp0_iter1_v1_V_reg_176   |   9|          2|   32|         64|
    |ap_phi_reg_pp0_iter2_reg_V_reg_163  |   9|          2|   32|         64|
    |ap_phi_reg_pp0_iter2_v1_V_reg_176   |   9|          2|   32|         64|
    |in_V_V_blk_n                        |   9|          2|    1|          2|
    |indvar_flatten_reg_117              |   9|          2|    8|         16|
    |peIdx_0_reg_128                     |   9|          2|    4|          8|
    |v2_V_reg_140                        |   9|          2|   32|         64|
    |w_0_reg_152                         |   9|          2|    5|         10|
    +------------------------------------+----+-----------+-----+-----------+
    |Total                               | 129|         28|  185|        372|
    +------------------------------------+----+-----------+-----+-----------+

    * Register: 
    +------------------------------------+----+----+-----+-----------+
    |                Name                | FF | LUT| Bits| Const Bits|
    +------------------------------------+----+----+-----+-----------+
    |add_ln321_reg_357                   |  10|   0|   10|          0|
    |ap_CS_fsm                           |   3|   0|    3|          0|
    |ap_enable_reg_pp0_iter0             |   1|   0|    1|          0|
    |ap_enable_reg_pp0_iter1             |   1|   0|    1|          0|
    |ap_enable_reg_pp0_iter2             |   1|   0|    1|          0|
    |ap_phi_reg_pp0_iter1_reg_V_reg_163  |  32|   0|   32|          0|
    |ap_phi_reg_pp0_iter1_v1_V_reg_176   |  32|   0|   32|          0|
    |ap_phi_reg_pp0_iter2_reg_V_reg_163  |  32|   0|   32|          0|
    |ap_phi_reg_pp0_iter2_v1_V_reg_176   |  32|   0|   32|          0|
    |icmp_ln28_reg_314                   |   1|   0|    1|          0|
    |icmp_ln28_reg_314_pp0_iter1_reg     |   1|   0|    1|          0|
    |icmp_ln29_reg_323                   |   1|   0|    1|          0|
    |icmp_ln33_reg_333                   |   1|   0|    1|          0|
    |indvar_flatten_reg_117              |   8|   0|    8|          0|
    |mul_ln321_reg_309                   |   7|   0|   10|          3|
    |peIdx_0_reg_128                     |   4|   0|    4|          0|
    |select_ln28_2_reg_342               |   4|   0|    4|          0|
    |select_ln28_reg_328                 |   5|   0|    5|          0|
    |v2_V_reg_140                        |  32|   0|   32|          0|
    |w_0_reg_152                         |   5|   0|    5|          0|
    +------------------------------------+----+----+-----+-----------+
    |Total                               | 213|   0|  216|          3|
    +------------------------------------+----+----+-----+-----------+



================================================================
== Interface
================================================================
* Summary: 
+-----------------------+-----+-----+------------+-----------------+--------------+
|       RTL Ports       | Dir | Bits|  Protocol  |  Source Object  |    C Type    |
+-----------------------+-----+-----+------------+-----------------+--------------+
|ap_clk                 |  in |    1| ap_ctrl_hs | stream_in_row.1 | return value |
|ap_rst                 |  in |    1| ap_ctrl_hs | stream_in_row.1 | return value |
|ap_start               |  in |    1| ap_ctrl_hs | stream_in_row.1 | return value |
|ap_done                | out |    1| ap_ctrl_hs | stream_in_row.1 | return value |
|ap_idle                | out |    1| ap_ctrl_hs | stream_in_row.1 | return value |
|ap_ready               | out |    1| ap_ctrl_hs | stream_in_row.1 | return value |
|in_V_V_dout            |  in |   64|   ap_fifo  |      in_V_V     |    pointer   |
|in_V_V_empty_n         |  in |    1|   ap_fifo  |      in_V_V     |    pointer   |
|in_V_V_read            | out |    1|   ap_fifo  |      in_V_V     |    pointer   |
|row_buffer_V_address1  | out |   10|  ap_memory |   row_buffer_V  |     array    |
|row_buffer_V_ce1       | out |    1|  ap_memory |   row_buffer_V  |     array    |
|row_buffer_V_we1       | out |    1|  ap_memory |   row_buffer_V  |     array    |
|row_buffer_V_d1        | out |   64|  ap_memory |   row_buffer_V  |     array    |
|skip_flag              |  in |    1|   ap_none  |    skip_flag    |    scalar    |
|rowBufferIdx_V         |  in |    2|   ap_none  |  rowBufferIdx_V |    scalar    |
+-----------------------+-----+-----+------------+-----------------+--------------+

