

================================================================
== Vivado HLS Report for 'stream_in_row_4'
================================================================
* Date:           Tue May 10 21:15:53 2022

* Version:        2019.2 (Build 2704478 on Wed Nov 06 22:10:23 MST 2019)
* Project:        ultra_core
* Solution:       ultracore_125
* Product family: zynquplus
* Target device:  xczu3eg-sbva484-1-e


================================================================
== Performance Estimates
================================================================
+ Timing: 
    * Summary: 
    +--------+---------+----------+------------+
    |  Clock |  Target | Estimated| Uncertainty|
    +--------+---------+----------+------------+
    |ap_clk  | 4.00 ns | 2.170 ns |   0.50 ns  |
    +--------+---------+----------+------------+

+ Latency: 
    * Summary: 
    +---------+---------+----------+----------+-----+-----+---------+
    |  Latency (cycles) |  Latency (absolute) |  Interval | Pipeline|
    |   min   |   max   |    min   |    max   | min | max |   Type  |
    +---------+---------+----------+----------+-----+-----+---------+
    |        1|       84| 4.000 ns | 0.336 us |    1|   84|   none  |
    +---------+---------+----------+----------+-----+-----+---------+

    + Detail: 
        * Instance: 
        N/A

        * Loop: 
        +----------+---------+---------+----------+-----------+-----------+------+----------+
        |          |  Latency (cycles) | Iteration|  Initiation Interval  | Trip |          |
        | Loop Name|   min   |   max   |  Latency |  achieved |   target  | Count| Pipelined|
        +----------+---------+---------+----------+-----------+-----------+------+----------+
        |- Loop 1  |       82|       82|         3|          1|          1|    81|    yes   |
        +----------+---------+---------+----------+-----------+-----------+------+----------+



================================================================
== Utilization Estimates
================================================================
* Summary: 
+-----------------+---------+-------+--------+-------+-----+
|       Name      | BRAM_18K| DSP48E|   FF   |  LUT  | URAM|
+-----------------+---------+-------+--------+-------+-----+
|DSP              |        -|      -|       -|      -|    -|
|Expression       |        -|      0|       0|     97|    -|
|FIFO             |        -|      -|       -|      -|    -|
|Instance         |        -|      -|       -|      -|    -|
|Memory           |        -|      -|       -|      -|    -|
|Multiplexer      |        -|      -|       -|    102|    -|
|Register         |        -|      -|     363|      -|    -|
+-----------------+---------+-------+--------+-------+-----+
|Total            |        0|      0|     363|    199|    0|
+-----------------+---------+-------+--------+-------+-----+
|Available        |      432|    360|  141120|  70560|    0|
+-----------------+---------+-------+--------+-------+-----+
|Utilization (%)  |        0|      0|   ~0   |   ~0  |    0|
+-----------------+---------+-------+--------+-------+-----+

+ Detail: 
    * Instance: 
    N/A

    * DSP48E: 
    N/A

    * Memory: 
    N/A

    * FIFO: 
    N/A

    * Expression: 
    +----------------------------------+----------+-------+---+----+------------+------------+
    |           Variable Name          | Operation| DSP48E| FF| LUT| Bitwidth P0| Bitwidth P1|
    +----------------------------------+----------+-------+---+----+------------+------------+
    |mul_ln321_fu_154_p2               |     *    |      0|  0|  30|           2|           7|
    |add_ln29_fu_166_p2                |     +    |      0|  0|  15|           7|           1|
    |add_ln321_fu_182_p2               |     +    |      0|  0|  16|           9|           9|
    |ap_block_pp0_stage0_11001         |    and   |      0|  0|   2|           1|           1|
    |ap_block_state3_pp0_stage0_iter1  |    and   |      0|  0|   2|           1|           1|
    |ap_condition_133                  |    and   |      0|  0|   2|           1|           1|
    |ap_condition_93                   |    and   |      0|  0|   2|           1|           1|
    |ap_predicate_op24_read_state3     |    and   |      0|  0|   2|           1|           1|
    |icmp_ln29_fu_160_p2               |   icmp   |      0|  0|  11|           7|           7|
    |icmp_ln33_fu_172_p2               |   icmp   |      0|  0|  11|           7|           7|
    |ap_enable_pp0                     |    xor   |      0|  0|   2|           1|           2|
    |ap_enable_reg_pp0_iter1           |    xor   |      0|  0|   2|           2|           1|
    +----------------------------------+----------+-------+---+----+------------+------------+
    |Total                             |          |      0|  0|  97|          40|          39|
    +----------------------------------+----------+-------+---+----+------------+------------+

    * Multiplexer: 
    +--------------------------------------+----+-----------+-----+-----------+
    |                 Name                 | LUT| Input Size| Bits| Total Bits|
    +--------------------------------------+----+-----------+-----+-----------+
    |ap_NS_fsm                             |  21|          4|    1|          4|
    |ap_enable_reg_pp0_iter1               |   9|          2|    1|          2|
    |ap_enable_reg_pp0_iter2               |   9|          2|    1|          2|
    |ap_phi_reg_pp0_iter1_reg_V_0_reg_126  |   9|          2|   64|        128|
    |ap_phi_reg_pp0_iter1_v1_V_0_reg_139   |   9|          2|   64|        128|
    |ap_phi_reg_pp0_iter2_reg_V_0_reg_126  |   9|          2|   64|        128|
    |ap_phi_reg_pp0_iter2_v1_V_0_reg_139   |   9|          2|   64|        128|
    |in_V_V_blk_n                          |   9|          2|    1|          2|
    |v2_V_0_reg_103                        |   9|          2|   64|        128|
    |w_0_0_reg_115                         |   9|          2|    7|         14|
    +--------------------------------------+----+-----------+-----+-----------+
    |Total                                 | 102|         22|  331|        664|
    +--------------------------------------+----+-----------+-----+-----------+

    * Register: 
    +--------------------------------------+----+----+-----+-----------+
    |                 Name                 | FF | LUT| Bits| Const Bits|
    +--------------------------------------+----+----+-----+-----------+
    |add_ln321_reg_236                     |   9|   0|    9|          0|
    |add_ln321_reg_236_pp0_iter1_reg       |   9|   0|    9|          0|
    |ap_CS_fsm                             |   3|   0|    3|          0|
    |ap_enable_reg_pp0_iter0               |   1|   0|    1|          0|
    |ap_enable_reg_pp0_iter1               |   1|   0|    1|          0|
    |ap_enable_reg_pp0_iter2               |   1|   0|    1|          0|
    |ap_phi_reg_pp0_iter1_reg_V_0_reg_126  |  64|   0|   64|          0|
    |ap_phi_reg_pp0_iter1_v1_V_0_reg_139   |  64|   0|   64|          0|
    |ap_phi_reg_pp0_iter2_reg_V_0_reg_126  |  64|   0|   64|          0|
    |ap_phi_reg_pp0_iter2_v1_V_0_reg_139   |  64|   0|   64|          0|
    |icmp_ln29_reg_223                     |   1|   0|    1|          0|
    |icmp_ln29_reg_223_pp0_iter1_reg       |   1|   0|    1|          0|
    |icmp_ln33_reg_232                     |   1|   0|    1|          0|
    |mul_ln321_reg_218                     |   9|   0|    9|          0|
    |v2_V_0_reg_103                        |  64|   0|   64|          0|
    |w_0_0_reg_115                         |   7|   0|    7|          0|
    +--------------------------------------+----+----+-----+-----------+
    |Total                                 | 363|   0|  363|          0|
    +--------------------------------------+----+----+-----+-----------+



================================================================
== Interface
================================================================
* Summary: 
+-----------------------+-----+-----+------------+-----------------+--------------+
|       RTL Ports       | Dir | Bits|  Protocol  |  Source Object  |    C Type    |
+-----------------------+-----+-----+------------+-----------------+--------------+
|ap_clk                 |  in |    1| ap_ctrl_hs | stream_in_row.4 | return value |
|ap_rst                 |  in |    1| ap_ctrl_hs | stream_in_row.4 | return value |
|ap_start               |  in |    1| ap_ctrl_hs | stream_in_row.4 | return value |
|ap_done                | out |    1| ap_ctrl_hs | stream_in_row.4 | return value |
|ap_idle                | out |    1| ap_ctrl_hs | stream_in_row.4 | return value |
|ap_ready               | out |    1| ap_ctrl_hs | stream_in_row.4 | return value |
|in_V_V_dout            |  in |  128|   ap_fifo  |      in_V_V     |    pointer   |
|in_V_V_empty_n         |  in |    1|   ap_fifo  |      in_V_V     |    pointer   |
|in_V_V_read            | out |    1|   ap_fifo  |      in_V_V     |    pointer   |
|row_buffer_V_address1  | out |    9|  ap_memory |   row_buffer_V  |     array    |
|row_buffer_V_ce1       | out |    1|  ap_memory |   row_buffer_V  |     array    |
|row_buffer_V_we1       | out |    1|  ap_memory |   row_buffer_V  |     array    |
|row_buffer_V_d1        | out |  128|  ap_memory |   row_buffer_V  |     array    |
|skip_flag              |  in |    1|   ap_none  |    skip_flag    |    scalar    |
|rowBufferIdx_V         |  in |    2|   ap_none  |  rowBufferIdx_V |    scalar    |
+-----------------------+-----+-----+------------+-----------------+--------------+

