

================================================================
== Vivado HLS Report for 'stream_out_data'
================================================================
* Date:           Tue May 10 21:15:54 2022

* Version:        2019.2 (Build 2704478 on Wed Nov 06 22:10:23 MST 2019)
* Project:        ultra_core
* Solution:       ultracore_125
* Product family: zynquplus
* Target device:  xczu3eg-sbva484-1-e


================================================================
== Performance Estimates
================================================================
+ Timing: 
    * Summary: 
    +--------+---------+----------+------------+
    |  Clock |  Target | Estimated| Uncertainty|
    +--------+---------+----------+------------+
    |ap_clk  | 4.00 ns | 3.471 ns |   0.50 ns  |
    +--------+---------+----------+------------+

+ Latency: 
    * Summary: 
    +---------+---------+----------+----------+-----+------+---------+
    |  Latency (cycles) |  Latency (absolute) |  Interval  | Pipeline|
    |   min   |   max   |    min   |    max   | min |  max |   Type  |
    +---------+---------+----------+----------+-----+------+---------+
    |        1|     1948| 4.000 ns | 7.792 us |    1|  1948|   none  |
    +---------+---------+----------+----------+-----+------+---------+

    + Detail: 
        * Instance: 
        N/A

        * Loop: 
        +----------+---------+---------+----------+-----------+-----------+------+----------+
        |          |  Latency (cycles) | Iteration|  Initiation Interval  | Trip |          |
        | Loop Name|   min   |   max   |  Latency |  achieved |   target  | Count| Pipelined|
        +----------+---------+---------+----------+-----------+-----------+------+----------+
        |- Loop 1  |     1946|     1946|         4|          1|          1|  1944|    yes   |
        +----------+---------+---------+----------+-----------+-----------+------+----------+



================================================================
== Utilization Estimates
================================================================
* Summary: 
+-----------------+---------+-------+--------+-------+-----+
|       Name      | BRAM_18K| DSP48E|   FF   |  LUT  | URAM|
+-----------------+---------+-------+--------+-------+-----+
|DSP              |        -|      1|       -|      -|    -|
|Expression       |        -|      -|       0|    321|    -|
|FIFO             |        -|      -|       -|      -|    -|
|Instance         |        -|      -|       -|      -|    -|
|Memory           |        -|      -|       -|      -|    -|
|Multiplexer      |        -|      -|       -|     84|    -|
|Register         |        0|      -|     257|     32|    -|
+-----------------+---------+-------+--------+-------+-----+
|Total            |        0|      1|     257|    437|    0|
+-----------------+---------+-------+--------+-------+-----+
|Available        |      432|    360|  141120|  70560|    0|
+-----------------+---------+-------+--------+-------+-----+
|Utilization (%)  |        0|   ~0  |   ~0   |   ~0  |    0|
+-----------------+---------+-------+--------+-------+-----+

+ Detail: 
    * Instance: 
    N/A

    * DSP48E: 
    +---------------------------+----------------------+--------------+
    |          Instance         |        Module        |  Expression  |
    +---------------------------+----------------------+--------------+
    |ultra_net_mac_mulbkl_U222  |ultra_net_mac_mulbkl  | i0 * i1 + i2 |
    +---------------------------+----------------------+--------------+

    * Memory: 
    N/A

    * FIFO: 
    N/A

    * Expression: 
    +----------------------------------+----------+-------+---+----+------------+------------+
    |           Variable Name          | Operation| DSP48E| FF| LUT| Bitwidth P0| Bitwidth P1|
    +----------------------------------+----------+-------+---+----+------------+------------+
    |add_ln65_fu_186_p2                |     +    |      0|  0|  18|          11|           1|
    |cycle_fu_300_p2                   |     +    |      0|  0|  15|           1|           8|
    |infoldIdx_V_fu_286_p2             |     +    |      0|  0|  15|           1|           8|
    |ret_V_5_fu_174_p2                 |     +    |      0|  0|  18|          11|           2|
    |ret_V_6_fu_227_p2                 |     +    |      0|  0|  18|          11|          11|
    |rowBufferIdx_V_fu_210_p2          |     +    |      0|  0|   9|           2|           2|
    |w_V_fu_264_p2                     |     +    |      0|  0|  15|           1|           8|
    |ap_block_pp0_stage0_01001         |    and   |      0|  0|   2|           1|           1|
    |ap_block_state5_pp0_stage0_iter3  |    and   |      0|  0|   2|           1|           1|
    |icmp_ln65_fu_180_p2               |   icmp   |      0|  0|  13|          11|           8|
    |icmp_ln66_fu_192_p2               |   icmp   |      0|  0|  11|           8|           5|
    |icmp_ln879_fu_258_p2              |   icmp   |      0|  0|  11|           8|           2|
    |icmp_ln891_fu_240_p2              |   icmp   |      0|  0|  13|          11|           7|
    |icmp_ln96_fu_252_p2               |   icmp   |      0|  0|  11|           8|           5|
    |or_ln83_fu_246_p2                 |    or    |      0|  0|   2|           1|           1|
    |infoldIdx_V_5_fu_292_p3           |  select  |      0|  0|   8|           1|           1|
    |select_ln66_fu_198_p3             |  select  |      0|  0|   8|           1|           1|
    |select_ln96_fu_278_p3             |  select  |      0|  0|   8|           1|           1|
    |select_ln98_fu_270_p3             |  select  |      0|  0|   8|           1|           8|
    |v1_V_fu_324_p3                    |  select  |      0|  0|  56|           1|           1|
    |v2_V_fu_331_p3                    |  select  |      0|  0|  56|           1|           1|
    |ap_enable_pp0                     |    xor   |      0|  0|   2|           1|           2|
    |ap_enable_reg_pp0_iter1           |    xor   |      0|  0|   2|           2|           1|
    +----------------------------------+----------+-------+---+----+------------+------------+
    |Total                             |          |      0|  0| 321|          96|          86|
    +----------------------------------+----------+-------+---+----+------------+------------+

    * Multiplexer: 
    +-------------------------+----+-----------+-----+-----------+
    |           Name          | LUT| Input Size| Bits| Total Bits|
    +-------------------------+----+-----------+-----+-----------+
    |ap_NS_fsm                |  21|          4|    1|          4|
    |ap_enable_reg_pp0_iter1  |   9|          2|    1|          2|
    |ap_enable_reg_pp0_iter3  |   9|          2|    1|          2|
    |cycle_0_reg_159          |   9|          2|    8|         16|
    |indvar_flatten_reg_126   |   9|          2|   11|         22|
    |out_V_V_blk_n            |   9|          2|    1|          2|
    |ret_V_reg_137            |   9|          2|    8|         16|
    |t_V_reg_148              |   9|          2|    8|         16|
    +-------------------------+----+-----------+-----+-----------+
    |Total                    |  84|         18|   39|         80|
    +-------------------------+----+-----------+-----+-----------+

    * Register: 
    +-------------------------------+----+----+-----+-----------+
    |              Name             | FF | LUT| Bits| Const Bits|
    +-------------------------------+----+----+-----+-----------+
    |add_ln321_reg_376              |   9|   0|    9|          0|
    |ap_CS_fsm                      |   3|   0|    3|          0|
    |ap_enable_reg_pp0_iter0        |   1|   0|    1|          0|
    |ap_enable_reg_pp0_iter1        |   1|   0|    1|          0|
    |ap_enable_reg_pp0_iter2        |   1|   0|    1|          0|
    |ap_enable_reg_pp0_iter3        |   1|   0|    1|          0|
    |cycle_0_reg_159                |   8|   0|    8|          0|
    |icmp_ln65_reg_367              |   1|   0|    1|          0|
    |indvar_flatten_reg_126         |  11|   0|   11|          0|
    |or_ln83_reg_381                |   1|   0|    1|          0|
    |or_ln83_reg_381_pp0_iter1_reg  |   1|   0|    1|          0|
    |ret_V_5_reg_362                |  11|   0|   11|          0|
    |ret_V_reg_137                  |   8|   0|    8|          0|
    |t_V_reg_148                    |   8|   0|    8|          0|
    |v1_V_reg_407                   |  64|   0|   64|          0|
    |v2_V_reg_412                   |  64|   0|   64|          0|
    |icmp_ln65_reg_367              |  64|  32|    1|          0|
    +-------------------------------+----+----+-----+-----------+
    |Total                          | 257|  32|  194|          0|
    +-------------------------------+----+----+-----+-----------+



================================================================
== Interface
================================================================
* Summary: 
+-----------------------+-----+-----+------------+---------------------+--------------+
|       RTL Ports       | Dir | Bits|  Protocol  |    Source Object    |    C Type    |
+-----------------------+-----+-----+------------+---------------------+--------------+
|ap_clk                 |  in |    1| ap_ctrl_hs |   stream_out_data   | return value |
|ap_rst                 |  in |    1| ap_ctrl_hs |   stream_out_data   | return value |
|ap_start               |  in |    1| ap_ctrl_hs |   stream_out_data   | return value |
|ap_done                | out |    1| ap_ctrl_hs |   stream_out_data   | return value |
|ap_idle                | out |    1| ap_ctrl_hs |   stream_out_data   | return value |
|ap_ready               | out |    1| ap_ctrl_hs |   stream_out_data   | return value |
|out_V_V_din            | out |  128|   ap_fifo  |       out_V_V       |    pointer   |
|out_V_V_full_n         |  in |    1|   ap_fifo  |       out_V_V       |    pointer   |
|out_V_V_write          | out |    1|   ap_fifo  |       out_V_V       |    pointer   |
|row_buffer_V_address0  | out |    9|  ap_memory |     row_buffer_V    |     array    |
|row_buffer_V_ce0       | out |    1|  ap_memory |     row_buffer_V    |     array    |
|row_buffer_V_q0        |  in |  128|  ap_memory |     row_buffer_V    |     array    |
|skip_flag              |  in |    1|   ap_none  |      skip_flag      |    scalar    |
|outRowIdx_V            |  in |   10|   ap_none  |     outRowIdx_V     |    scalar    |
|startRowBufferIdx_V    |  in |    2|   ap_none  | startRowBufferIdx_V |    scalar    |
+-----------------------+-----+-----+------------+---------------------+--------------+

