

================================================================
== Vivado HLS Report for 'stream_out_data_3'
================================================================
* Date:           Tue May 10 21:16:16 2022

* Version:        2019.2 (Build 2704478 on Wed Nov 06 22:10:23 MST 2019)
* Project:        ultra_core
* Solution:       ultracore_125
* Product family: zynquplus
* Target device:  xczu3eg-sbva484-1-e


================================================================
== Performance Estimates
================================================================
+ Timing: 
    * Summary: 
    +--------+---------+----------+------------+
    |  Clock |  Target | Estimated| Uncertainty|
    +--------+---------+----------+------------+
    |ap_clk  | 4.00 ns | 3.471 ns |   0.50 ns  |
    +--------+---------+----------+------------+

+ Latency: 
    * Summary: 
    +---------+---------+----------+-----------+-----+-------+---------+
    |  Latency (cycles) |  Latency (absolute)  |   Interval  | Pipeline|
    |   min   |   max   |    min   |    max    | min |  max  |   Type  |
    +---------+---------+----------+-----------+-----+-------+---------+
    |        1|    16900| 4.000 ns | 67.600 us |    1|  16900|   none  |
    +---------+---------+----------+-----------+-----+-------+---------+

    + Detail: 
        * Instance: 
        N/A

        * Loop: 
        +----------+---------+---------+----------+-----------+-----------+-------+----------+
        |          |  Latency (cycles) | Iteration|  Initiation Interval  |  Trip |          |
        | Loop Name|   min   |   max   |  Latency |  achieved |   target  | Count | Pipelined|
        +----------+---------+---------+----------+-----------+-----------+-------+----------+
        |- Loop 1  |    16898|    16898|         4|          1|          1|  16896|    yes   |
        +----------+---------+---------+----------+-----------+-----------+-------+----------+



================================================================
== Utilization Estimates
================================================================
* Summary: 
+-----------------+---------+-------+--------+-------+-----+
|       Name      | BRAM_18K| DSP48E|   FF   |  LUT  | URAM|
+-----------------+---------+-------+--------+-------+-----+
|DSP              |        -|      1|       -|      -|    -|
|Expression       |        -|      -|       0|    252|    -|
|FIFO             |        -|      -|       -|      -|    -|
|Instance         |        -|      -|       -|      -|    -|
|Memory           |        -|      -|       -|      -|    -|
|Multiplexer      |        -|      -|       -|     84|    -|
|Register         |        0|      -|     169|     32|    -|
+-----------------+---------+-------+--------+-------+-----+
|Total            |        0|      1|     169|    368|    0|
+-----------------+---------+-------+--------+-------+-----+
|Available        |      432|    360|  141120|  70560|    0|
+-----------------+---------+-------+--------+-------+-----+
|Utilization (%)  |        0|   ~0  |   ~0   |   ~0  |    0|
+-----------------+---------+-------+--------+-------+-----+

+ Detail: 
    * Instance: 
    N/A

    * DSP48E: 
    +---------------------------+----------------------+--------------+
    |          Instance         |        Module        |  Expression  |
    +---------------------------+----------------------+--------------+
    |ultra_net_mac_mulcyx_U535  |ultra_net_mac_mulcyx  | i0 * i1 + i2 |
    +---------------------------+----------------------+--------------+

    * Memory: 
    N/A

    * FIFO: 
    N/A

    * Expression: 
    +----------------------------------+----------+-------+---+----+------------+------------+
    |           Variable Name          | Operation| DSP48E| FF| LUT| Bitwidth P0| Bitwidth P1|
    +----------------------------------+----------+-------+---+----+------------+------------+
    |add_ln65_fu_198_p2                |     +    |      0|  0|  22|          15|           1|
    |cycle_fu_330_p2                   |     +    |      0|  0|  17|           1|          10|
    |infoldIdx_V_fu_316_p2             |     +    |      0|  0|  15|           1|           8|
    |ret_V_2_fu_257_p2                 |     +    |      0|  0|  18|          11|          11|
    |ret_V_fu_186_p2                   |     +    |      0|  0|  18|          11|           2|
    |rowBufferIdx_V_fu_232_p2          |     +    |      0|  0|   9|           2|           2|
    |w_V_fu_294_p2                     |     +    |      0|  0|  15|           1|           8|
    |ap_block_pp0_stage0_01001         |    and   |      0|  0|   2|           1|           1|
    |ap_block_state5_pp0_stage0_iter3  |    and   |      0|  0|   2|           1|           1|
    |icmp_ln65_fu_192_p2               |   icmp   |      0|  0|  13|          15|          15|
    |icmp_ln66_fu_204_p2               |   icmp   |      0|  0|  13|          10|          10|
    |icmp_ln879_fu_288_p2              |   icmp   |      0|  0|  11|           8|           6|
    |icmp_ln891_fu_270_p2              |   icmp   |      0|  0|  13|          11|           4|
    |icmp_ln96_fu_282_p2               |   icmp   |      0|  0|  13|          10|          10|
    |or_ln83_fu_276_p2                 |    or    |      0|  0|   2|           1|           1|
    |infoldIdx_V_2_fu_322_p3           |  select  |      0|  0|   8|           1|           1|
    |select_ln66_fu_210_p3             |  select  |      0|  0|   9|           1|           1|
    |select_ln96_fu_308_p3             |  select  |      0|  0|   8|           1|           1|
    |select_ln98_fu_300_p3             |  select  |      0|  0|   8|           1|           8|
    |v1_V_fu_354_p3                    |  select  |      0|  0|  16|           1|           1|
    |v2_V_fu_361_p3                    |  select  |      0|  0|  16|           1|           1|
    |ap_enable_pp0                     |    xor   |      0|  0|   2|           1|           2|
    |ap_enable_reg_pp0_iter1           |    xor   |      0|  0|   2|           2|           1|
    +----------------------------------+----------+-------+---+----+------------+------------+
    |Total                             |          |      0|  0| 252|         108|         106|
    +----------------------------------+----------+-------+---+----+------------+------------+

    * Multiplexer: 
    +-------------------------+----+-----------+-----+-----------+
    |           Name          | LUT| Input Size| Bits| Total Bits|
    +-------------------------+----+-----------+-----+-----------+
    |ap_NS_fsm                |  21|          4|    1|          4|
    |ap_enable_reg_pp0_iter1  |   9|          2|    1|          2|
    |ap_enable_reg_pp0_iter3  |   9|          2|    1|          2|
    |cycle_0_reg_171          |   9|          2|   10|         20|
    |indvar_flatten_reg_138   |   9|          2|   15|         30|
    |out_V_V_blk_n            |   9|          2|    1|          2|
    |t_V_2_reg_149            |   9|          2|    8|         16|
    |t_V_reg_160              |   9|          2|    8|         16|
    +-------------------------+----+-----------+-----+-----------+
    |Total                    |  84|         18|   45|         92|
    +-------------------------+----+-----------+-----+-----------+

    * Register: 
    +-------------------------------+----+----+-----+-----------+
    |              Name             | FF | LUT| Bits| Const Bits|
    +-------------------------------+----+----+-----+-----------+
    |add_ln321_reg_406              |  11|   0|   11|          0|
    |ap_CS_fsm                      |   3|   0|    3|          0|
    |ap_enable_reg_pp0_iter0        |   1|   0|    1|          0|
    |ap_enable_reg_pp0_iter1        |   1|   0|    1|          0|
    |ap_enable_reg_pp0_iter2        |   1|   0|    1|          0|
    |ap_enable_reg_pp0_iter3        |   1|   0|    1|          0|
    |cycle_0_reg_171                |  10|   0|   10|          0|
    |icmp_ln65_reg_397              |   1|   0|    1|          0|
    |indvar_flatten_reg_138         |  15|   0|   15|          0|
    |or_ln83_reg_411                |   1|   0|    1|          0|
    |or_ln83_reg_411_pp0_iter1_reg  |   1|   0|    1|          0|
    |ret_V_reg_392                  |  11|   0|   11|          0|
    |t_V_2_reg_149                  |   8|   0|    8|          0|
    |t_V_reg_160                    |   8|   0|    8|          0|
    |v1_V_reg_437                   |  16|   0|   16|          0|
    |v2_V_reg_442                   |  16|   0|   16|          0|
    |icmp_ln65_reg_397              |  64|  32|    1|          0|
    +-------------------------------+----+----+-----+-----------+
    |Total                          | 169|  32|  106|          0|
    +-------------------------------+----+----+-----+-----------+



================================================================
== Interface
================================================================
* Summary: 
+-----------------------+-----+-----+------------+---------------------+--------------+
|       RTL Ports       | Dir | Bits|  Protocol  |    Source Object    |    C Type    |
+-----------------------+-----+-----+------------+---------------------+--------------+
|ap_clk                 |  in |    1| ap_ctrl_hs |  stream_out_data.3  | return value |
|ap_rst                 |  in |    1| ap_ctrl_hs |  stream_out_data.3  | return value |
|ap_start               |  in |    1| ap_ctrl_hs |  stream_out_data.3  | return value |
|ap_done                | out |    1| ap_ctrl_hs |  stream_out_data.3  | return value |
|ap_idle                | out |    1| ap_ctrl_hs |  stream_out_data.3  | return value |
|ap_ready               | out |    1| ap_ctrl_hs |  stream_out_data.3  | return value |
|out_V_V_din            | out |   32|   ap_fifo  |       out_V_V       |    pointer   |
|out_V_V_full_n         |  in |    1|   ap_fifo  |       out_V_V       |    pointer   |
|out_V_V_write          | out |    1|   ap_fifo  |       out_V_V       |    pointer   |
|row_buffer_V_address0  | out |   10|  ap_memory |     row_buffer_V    |     array    |
|row_buffer_V_ce0       | out |    1|  ap_memory |     row_buffer_V    |     array    |
|row_buffer_V_q0        |  in |   32|  ap_memory |     row_buffer_V    |     array    |
|skip_flag              |  in |    1|   ap_none  |      skip_flag      |    scalar    |
|outRowIdx_V            |  in |   10|   ap_none  |     outRowIdx_V     |    scalar    |
|startRowBufferIdx_V    |  in |    2|   ap_none  | startRowBufferIdx_V |    scalar    |
+-----------------------+-----+-----+------------+---------------------+--------------+

