Copyright 1986-2019 Xilinx, Inc. All Rights Reserved.
----------------------------------------------------------------------------------------------------------------------------------------------------------------------
| Tool Version     : Vivado v.2019.2.1 (win64) Build 2729669 Thu Dec  5 04:49:17 MST 2019
| Date             : Sun Sep  6 14:33:06 2020
| Host             : DESKTOP-APERTURE running 64-bit major release  (build 9200)
| Command          : report_power -file design_1_wrapper_power_routed.rpt -pb design_1_wrapper_power_summary_routed.pb -rpx design_1_wrapper_power_routed.rpx
| Design           : design_1_wrapper
| Device           : xczu3eg-sbva484-1-e
| Design State     : routed
| Grade            : extended
| Process          : typical
| Characterization : Production
----------------------------------------------------------------------------------------------------------------------------------------------------------------------

Power Report

Table of Contents
-----------------
1. Summary
1.1 On-Chip Components
1.2 Power Supply Summary
1.3 Confidence Level
2. Settings
2.1 Environment
2.2 Clock Constraints
3. Detailed Reports
3.1 By Hierarchy

1. Summary
----------

+--------------------------+--------------+
| Total On-Chip Power (W)  | 6.456        |
| Design Power Budget (W)  | Unspecified* |
| Power Budget Margin (W)  | NA           |
| Dynamic (W)              | 6.091        |
| Device Static (W)        | 0.365        |
| Effective TJA (C/W)      | 2.7          |
| Max Ambient (C)          | 82.3         |
| Junction Temperature (C) | 42.7         |
| Confidence Level         | Medium       |
| Setting File             | ---          |
| Simulation Activity File | ---          |
| Design Nets Matched      | NA           |
+--------------------------+--------------+
* Specify Design Power Budget using, set_operating_conditions -design_power_budget <value in Watts>


1.1 On-Chip Components
----------------------

+--------------------------+-----------+----------+-----------+-----------------+
| On-Chip                  | Power (W) | Used     | Available | Utilization (%) |
+--------------------------+-----------+----------+-----------+-----------------+
| Clocks                   |     0.340 |        3 |       --- |             --- |
| CLB Logic                |     0.898 |   129854 |       --- |             --- |
|   LUT as Logic           |     0.577 |    53858 |     70560 |           76.33 |
|   LUT as Distributed RAM |     0.232 |     2576 |     28800 |            8.94 |
|   Register               |     0.052 |    57271 |    141120 |           40.58 |
|   CARRY8                 |     0.027 |     2315 |      8820 |           26.25 |
|   LUT as Shift Register  |     0.010 |      588 |     28800 |            2.04 |
|   Others                 |     0.000 |     1592 |       --- |             --- |
|   F7/F8 Muxes            |     0.000 |       56 |     70560 |            0.08 |
| Signals                  |     1.693 |   117150 |       --- |             --- |
| Block RAM                |     1.113 |      209 |       216 |           96.76 |
| DSPs                     |     0.443 |      360 |       360 |          100.00 |
| PS8                      |     1.604 |        1 |       --- |             --- |
| Static Power             |     0.365 |          |           |                 |
|   PS Static              |     0.121 |          |           |                 |
|   PL Static              |     0.244 |          |           |                 |
| Total                    |     6.456 |          |           |                 |
+--------------------------+-----------+----------+-----------+-----------------+


1.2 Power Supply Summary
------------------------

+-----------------+-------------+-----------+-------------+------------+-------------+------------+
| Source          | Voltage (V) | Total (A) | Dynamic (A) | Static (A) | Budget (A)  | Margin (A) |
+-----------------+-------------+-----------+-------------+------------+-------------+------------+
| Vccint          |       0.850 |     5.195 |       5.106 |      0.089 | Unspecified | NA         |
| Vccint_io       |       0.850 |     0.029 |       0.000 |      0.029 | Unspecified | NA         |
| Vccbram         |       0.850 |     0.173 |       0.172 |      0.002 | Unspecified | NA         |
| Vccaux          |       1.800 |     0.046 |       0.000 |      0.046 | Unspecified | NA         |
| Vccaux_io       |       1.800 |     0.025 |       0.000 |      0.025 | Unspecified | NA         |
| Vcco33          |       3.300 |     0.000 |       0.000 |      0.000 | Unspecified | NA         |
| Vcco25          |       2.500 |     0.000 |       0.000 |      0.000 | Unspecified | NA         |
| Vcco18          |       1.800 |     0.000 |       0.000 |      0.000 | Unspecified | NA         |
| Vcco15          |       1.500 |     0.000 |       0.000 |      0.000 | Unspecified | NA         |
| Vcco135         |       1.350 |     0.000 |       0.000 |      0.000 | Unspecified | NA         |
| Vcco12          |       1.200 |     0.000 |       0.000 |      0.000 | Unspecified | NA         |
| Vcco10          |       1.000 |     0.000 |       0.000 |      0.000 | Unspecified | NA         |
| Vccadc          |       1.800 |     0.008 |       0.000 |      0.008 | Unspecified | NA         |
| VCC_PSINTFP     |       0.850 |     1.101 |       1.049 |      0.052 | Unspecified | NA         |
| VCC_PSINTLP     |       0.850 |     0.250 |       0.239 |      0.011 | Unspecified | NA         |
| VPS_MGTRAVCC    |       0.850 |     0.001 |       0.000 |      0.001 | Unspecified | NA         |
| VCC_PSINTFP_DDR |       0.850 |     0.243 |       0.237 |      0.007 | Unspecified | NA         |
| VCC_PSPLL       |       1.200 |     0.056 |       0.054 |      0.002 | Unspecified | NA         |
| VPS_MGTRAVTT    |       1.800 |     0.001 |       0.000 |      0.001 | Unspecified | NA         |
| VCCO_PSDDR_504  |       1.200 |     0.237 |       0.203 |      0.034 | Unspecified | NA         |
| VCC_PSAUX       |       1.800 |     0.002 |       0.000 |      0.002 | Unspecified | NA         |
| VCC_PSBATT      |       1.200 |     0.000 |       0.000 |      0.000 | Unspecified | NA         |
| VCC_PSDDR_PLL   |       1.800 |     0.001 |       0.000 |      0.001 | Unspecified | NA         |
| VCCO_PSIO0_500  |       3.300 |     0.001 |       0.000 |      0.001 | Unspecified | NA         |
| VCCO_PSIO1_501  |       3.300 |     0.001 |       0.000 |      0.001 | Unspecified | NA         |
| VCCO_PSIO2_502  |       3.300 |     0.001 |       0.000 |      0.001 | Unspecified | NA         |
| VCCO_PSIO3_503  |       3.300 |     0.001 |       0.000 |      0.001 | Unspecified | NA         |
| VCC_PSADC       |       1.800 |     0.002 |       0.000 |      0.002 | Unspecified | NA         |
+-----------------+-------------+-----------+-------------+------------+-------------+------------+


1.3 Confidence Level
--------------------

+-----------------------------+------------+------------------------------------------------+------------------------------------------------------------------------------------------------------------+
| User Input Data             | Confidence | Details                                        | Action                                                                                                     |
+-----------------------------+------------+------------------------------------------------+------------------------------------------------------------------------------------------------------------+
| Design implementation state | High       | Design is routed                               |                                                                                                            |
| Clock nodes activity        | High       | User specified more than 95% of clocks         |                                                                                                            |
| I/O nodes activity          | High       | User specified more than 95% of inputs         |                                                                                                            |
| Internal nodes activity     | Medium     | User specified less than 25% of internal nodes | Provide missing internal nodes activity with simulation results or by editing the "By Resource Type" views |
| Device models               | High       | Device models are Production                   |                                                                                                            |
|                             |            |                                                |                                                                                                            |
| Overall confidence level    | Medium     |                                                |                                                                                                            |
+-----------------------------+------------+------------------------------------------------+------------------------------------------------------------------------------------------------------------+


2. Settings
-----------

2.1 Environment
---------------

+-----------------------+--------------------------+
| Ambient Temp (C)      | 25.0                     |
| ThetaJA (C/W)         | 2.7                      |
| Airflow (LFM)         | 250                      |
| Heat Sink             | medium (Medium Profile)  |
| ThetaSA (C/W)         | 8.8                      |
| Board Selection       | medium (10"x10")         |
| # of Board Layers     | 12to15 (12 to 15 Layers) |
| Board Temperature (C) | 25.0                     |
+-----------------------+--------------------------+


2.2 Clock Constraints
---------------------

+----------+--------------------------------------------------------+-----------------+
| Clock    | Domain                                                 | Constraint (ns) |
+----------+--------------------------------------------------------+-----------------+
| clk_pl_0 | design_1_i/zynq_ultra_ps_e_0/inst/pl_clk_unbuffered[0] |             3.3 |
+----------+--------------------------------------------------------+-----------------+


3. Detailed Reports
-------------------

3.1 By Hierarchy
----------------

+-----------------------+-----------+
| Name                  | Power (W) |
+-----------------------+-----------+
| design_1_wrapper      |     6.091 |
|   design_1_i          |     6.091 |
|     SkyNet_0          |     4.157 |
|       inst            |     4.106 |
|     axi_smc           |     0.045 |
|       inst            |     0.045 |
|     axi_smc_1         |     0.129 |
|       inst            |     0.129 |
|     axi_smc_2         |     0.083 |
|       inst            |     0.083 |
|     axi_smc_3         |     0.035 |
|       inst            |     0.035 |
|     ps8_0_axi_periph  |     0.022 |
|       s00_couplers    |     0.022 |
|     zynq_ultra_ps_e_0 |     1.619 |
|       inst            |     1.619 |
+-----------------------+-----------+


