Copyright 1986-2019 Xilinx, Inc. All Rights Reserved.
-----------------------------------------------------------------------------------------------------------------------------
| Tool Version : Vivado v.2019.2.1 (win64) Build 2729669 Thu Dec  5 04:49:17 MST 2019
| Date         : Sun Sep  6 14:07:43 2020
| Host         : DESKTOP-APERTURE running 64-bit major release  (build 9200)
| Command      : report_utilization -file design_1_wrapper_utilization_placed.rpt -pb design_1_wrapper_utilization_placed.pb
| Design       : design_1_wrapper
| Device       : xczu3egsbva484-1
| Design State : Fully Placed
-----------------------------------------------------------------------------------------------------------------------------

Utilization Design Information

Table of Contents
-----------------
1. CLB Logic
1.1 Summary of Registers by Type
2. CLB Logic Distribution
3. BLOCKRAM
4. ARITHMETIC
5. I/O
6. CLOCK
7. ADVANCED
8. CONFIGURATION
9. Primitives
10. Black Boxes
11. Instantiated Netlists

1. CLB Logic
------------

+----------------------------+-------+-------+-----------+-------+
|          Site Type         |  Used | Fixed | Available | Util% |
+----------------------------+-------+-------+-----------+-------+
| CLB LUTs                   | 57022 |     0 |     70560 | 80.81 |
|   LUT as Logic             | 53858 |     0 |     70560 | 76.33 |
|   LUT as Memory            |  3164 |     0 |     28800 | 10.99 |
|     LUT as Distributed RAM |  2576 |     0 |           |       |
|     LUT as Shift Register  |   588 |     0 |           |       |
| CLB Registers              | 56950 |     0 |    141120 | 40.36 |
|   Register as Flip Flop    | 56950 |     0 |    141120 | 40.36 |
|   Register as Latch        |     0 |     0 |    141120 |  0.00 |
| CARRY8                     |  2315 |     0 |      8820 | 26.25 |
| F7 Muxes                   |    50 |     0 |     35280 |  0.14 |
| F8 Muxes                   |     6 |     0 |     17640 |  0.03 |
| F9 Muxes                   |     0 |     0 |      8820 |  0.00 |
+----------------------------+-------+-------+-----------+-------+


1.1 Summary of Registers by Type
--------------------------------

+-------+--------------+-------------+--------------+
| Total | Clock Enable | Synchronous | Asynchronous |
+-------+--------------+-------------+--------------+
| 0     |            _ |           - |            - |
| 0     |            _ |           - |          Set |
| 0     |            _ |           - |        Reset |
| 0     |            _ |         Set |            - |
| 0     |            _ |       Reset |            - |
| 0     |          Yes |           - |            - |
| 33    |          Yes |           - |          Set |
| 69    |          Yes |           - |        Reset |
| 1741  |          Yes |         Set |            - |
| 55107 |          Yes |       Reset |            - |
+-------+--------------+-------------+--------------+


2. CLB Logic Distribution
-------------------------

+--------------------------------------------+-------+-------+-----------+-------+
|                  Site Type                 |  Used | Fixed | Available | Util% |
+--------------------------------------------+-------+-------+-----------+-------+
| CLB                                        |  8702 |     0 |      8820 | 98.66 |
|   CLBL                                     |  5122 |     0 |           |       |
|   CLBM                                     |  3580 |     0 |           |       |
| LUT as Logic                               | 53858 |     0 |     70560 | 76.33 |
|   using O5 output only                     |   793 |       |           |       |
|   using O6 output only                     | 44242 |       |           |       |
|   using O5 and O6                          |  8823 |       |           |       |
| LUT as Memory                              |  3164 |     0 |     28800 | 10.99 |
|   LUT as Distributed RAM                   |  2576 |     0 |           |       |
|     using O5 output only                   |     0 |       |           |       |
|     using O6 output only                   |     0 |       |           |       |
|     using O5 and O6                        |  2576 |       |           |       |
|   LUT as Shift Register                    |   588 |     0 |           |       |
|     using O5 output only                   |     0 |       |           |       |
|     using O6 output only                   |   389 |       |           |       |
|     using O5 and O6                        |   199 |       |           |       |
| CLB Registers                              | 56950 |     0 |    141120 | 40.36 |
|   Register driven from within the CLB      | 30722 |       |           |       |
|   Register driven from outside the CLB     | 26228 |       |           |       |
|     LUT in front of the register is unused |  5955 |       |           |       |
|     LUT in front of the register is used   | 20273 |       |           |       |
| Unique Control Sets                        |  1417 |       |     17640 |  8.03 |
+--------------------------------------------+-------+-------+-----------+-------+
* Note: Available Control Sets calculated as CLB Registers / 8, Review the Control Sets Report for more information regarding control sets.


3. BLOCKRAM
-----------

+-------------------+------+-------+-----------+-------+
|     Site Type     | Used | Fixed | Available | Util% |
+-------------------+------+-------+-----------+-------+
| Block RAM Tile    |  209 |     0 |       216 | 96.76 |
|   RAMB36/FIFO*    |  175 |     0 |       216 | 81.02 |
|     RAMB36E2 only |  175 |       |           |       |
|   RAMB18          |   68 |     0 |       432 | 15.74 |
|     RAMB18E2 only |   68 |       |           |       |
+-------------------+------+-------+-----------+-------+
* Note: Each Block RAM Tile only has one FIFO logic available and therefore can accommodate only one FIFO36E2 or one FIFO18E2. However, if a FIFO18E2 occupies a Block RAM Tile, that tile can still accommodate a RAMB18E2


4. ARITHMETIC
-------------

+----------------+------+-------+-----------+--------+
|    Site Type   | Used | Fixed | Available |  Util% |
+----------------+------+-------+-----------+--------+
| DSPs           |  360 |     0 |       360 | 100.00 |
|   DSP48E2 only |  360 |       |           |        |
+----------------+------+-------+-----------+--------+


5. I/O
------

+------------------+------+-------+-----------+-------+
|     Site Type    | Used | Fixed | Available | Util% |
+------------------+------+-------+-----------+-------+
| Bonded IOB       |    0 |     0 |        82 |  0.00 |
| HPIOB_M          |    0 |     0 |        26 |  0.00 |
| HPIOB_S          |    0 |     0 |        26 |  0.00 |
| HDIOB_M          |    0 |     0 |        12 |  0.00 |
| HDIOB_S          |    0 |     0 |        12 |  0.00 |
| HPIOB_SNGL       |    0 |     0 |         6 |  0.00 |
| HPIOBDIFFINBUF   |    0 |     0 |        72 |  0.00 |
| HPIOBDIFFOUTBUF  |    0 |     0 |        72 |  0.00 |
| HDIOBDIFFINBUF   |    0 |     0 |        48 |  0.00 |
| BITSLICE_CONTROL |    0 |     0 |        24 |  0.00 |
| BITSLICE_RX_TX   |    0 |     0 |       156 |  0.00 |
| BITSLICE_TX      |    0 |     0 |        24 |  0.00 |
| RIU_OR           |    0 |     0 |        12 |  0.00 |
+------------------+------+-------+-----------+-------+


6. CLOCK
--------

+----------------------+------+-------+-----------+-------+
|       Site Type      | Used | Fixed | Available | Util% |
+----------------------+------+-------+-----------+-------+
| GLOBAL CLOCK BUFFERs |    1 |     0 |       196 |  0.51 |
|   BUFGCE             |    0 |     0 |        88 |  0.00 |
|   BUFGCE_DIV         |    0 |     0 |        12 |  0.00 |
|   BUFG_PS            |    1 |     0 |        72 |  1.39 |
|   BUFGCTRL*          |    0 |     0 |        24 |  0.00 |
| PLL                  |    0 |     0 |         6 |  0.00 |
| MMCM                 |    0 |     0 |         3 |  0.00 |
+----------------------+------+-------+-----------+-------+
* Note: Each used BUFGCTRL counts as two GLOBAL CLOCK BUFFERs. This table does not include global clocking resources, only buffer cell usage. See the Clock Utilization Report (report_clock_utilization) for detailed accounting of global clocking resource availability.


7. ADVANCED
-----------

+-----------+------+-------+-----------+--------+
| Site Type | Used | Fixed | Available |  Util% |
+-----------+------+-------+-----------+--------+
| PS8       |    1 |     0 |         1 | 100.00 |
| SYSMONE4  |    0 |     0 |         1 |   0.00 |
+-----------+------+-------+-----------+--------+


8. CONFIGURATION
----------------

+-------------+------+-------+-----------+-------+
|  Site Type  | Used | Fixed | Available | Util% |
+-------------+------+-------+-----------+-------+
| BSCANE2     |    0 |     0 |         4 |  0.00 |
| DNA_PORTE2  |    0 |     0 |         1 |  0.00 |
| EFUSE_USR   |    0 |     0 |         1 |  0.00 |
| FRAME_ECCE4 |    0 |     0 |         1 |  0.00 |
| ICAPE3      |    0 |     0 |         2 |  0.00 |
| MASTER_JTAG |    0 |     0 |         1 |  0.00 |
| STARTUPE3   |    0 |     0 |         1 |  0.00 |
+-------------+------+-------+-----------+-------+


9. Primitives
-------------

+----------+-------+---------------------+
| Ref Name |  Used | Functional Category |
+----------+-------+---------------------+
| FDRE     | 55107 |            Register |
| LUT6     | 15280 |                 CLB |
| LUT5     | 13925 |                 CLB |
| LUT4     | 12034 |                 CLB |
| LUT3     | 10075 |                 CLB |
| LUT2     |  8197 |                 CLB |
| RAMD32   |  4376 |                 CLB |
| LUT1     |  3170 |                 CLB |
| CARRY8   |  2315 |                 CLB |
| FDSE     |  1741 |            Register |
| RAMS32   |   776 |                 CLB |
| SRL16E   |   741 |                 CLB |
| DSP48E2  |   360 |          Arithmetic |
| RAMB36E2 |   175 |           Block Ram |
| FDCE     |    69 |            Register |
| RAMB18E2 |    68 |           Block Ram |
| MUXF7    |    50 |                 CLB |
| SRLC32E  |    46 |                 CLB |
| FDPE     |    33 |            Register |
| MUXF8    |     6 |                 CLB |
| PS8      |     1 |            Advanced |
| BUFG_PS  |     1 |               Clock |
+----------+-------+---------------------+


10. Black Boxes
---------------

+----------+------+
| Ref Name | Used |
+----------+------+


11. Instantiated Netlists
-------------------------

+----------+------+
| Ref Name | Used |
+----------+------+


